#
# A fatal error has been detected by the Java Runtime Environment:
#
#  EXCEPTION_ILLEGAL_INSTRUCTION (0xc000001d) at pc=0x00000206459fc19c, pid=17368, tid=13400
#
# JRE version: Java(TM) SE Runtime Environment (11.0.2+9) (build 11.0.2+9-LTS)
# Java VM: Java HotSpot(TM) 64-Bit Server VM (11.0.2+9-LTS, mixed mode, tiered, compressed oops, g1 gc, windows-amd64)
# Problematic frame:
# J 8264 c2 java.util.LinkedList.removeLast()Ljava/lang/Object; java.base@11.0.2 (23 bytes) @ 0x00000206459fc19c [0x00000206459fc0a0+0x00000000000000fc]
#
# No core dump will be written. Minidumps are not enabled by default on client versions of Windows
#
# If you would like to submit a bug report, please visit:
#   http://bugreport.java.com/bugreport/crash.jsp
#

---------------  S U M M A R Y ------------

Command Line: -agentlib:jdwp=transport=dt_socket,address=127.0.0.1:57165,suspend=y,server=n -javaagent:C:\Users\novac.stoica\.IdeaIC2019.1\system\captureAgent\debugger-agent.jar -Dfile.encoding=UTF-8 com.example.notificationservice.notificationservice.NotificationServiceApplication

Host: AMD FX(tm)-8320 Eight-Core Processor           , 8 cores, 15G,  Windows 10 , 64 bit Build 17763 (10.0.17763.475)
Time: Tue Jul  9 17:23:15 2019 GTB Daylight Time elapsed time: 4260 seconds (0d 1h 11m 0s)

---------------  T H R E A D  ---------------

Current thread (0x000002065e4c2800):  JavaThread "DiscoveryClient-HeartbeatExecutor-0" daemon [_thread_in_Java, id=13400, stack(0x0000001aab200000,0x0000001aab300000)]

Stack: [0x0000001aab200000,0x0000001aab300000],  sp=0x0000001aab2fee90,  free space=1019k
Native frames: (J=compiled Java code, j=interpreted, Vv=VM code, C=native code)
C  0x00000206459fc19c


siginfo: EXCEPTION_ILLEGAL_INSTRUCTION (0xc000001d)


Register to memory mapping:

RIP=0x00000206459fc19c is at entry_point+252 in (nmethod*)0x00000206459fbf10
RAX=0x0000000800083138 is a pointer to class: 
java.util.LinkedList {0x0000000800083140}
RBX=0x0 is NULL
RCX=0x0000020660ec0e30 points into unknown readable memory: c8 bd f7 1a 07 00 00 00
RDX=0x00000007148b61f0 is an oop: java.util.LinkedList 
{0x00000007148b61f0} - klass: 'java/util/LinkedList'
RSP=0x0000001aab2fee90 is pointing into the stack for thread: 0x000002065e4c2800
RBP=3816372582 is a compressed pointer to object: com.intellij.rt.debugger.agent.CaptureStorage$DeepCapturedStack 
{0x000000071bc9cb30} - klass: 'com/intellij/rt/debugger/agent/CaptureStorage$DeepCapturedStack'
RSI=0x00000007148b61f0 is an oop: java.util.LinkedList 
{0x00000007148b61f0} - klass: 'java/util/LinkedList'
RDI=0x0000020663185758 is pointing into metadata
R8 =0x0000000000000010 is an unknown value
R9 =0x0000001aab2fed00 is pointing into the stack for thread: 0x000002065e4c2800
R10=0x0000000000007148 is an unknown value
R11=0x00000007148b61f0 is an oop: java.util.LinkedList 
{0x00000007148b61f0} - klass: 'java/util/LinkedList'
R12=0x0 is NULL
R13=3814647831 is a compressed pointer to object: java.util.LinkedList$Node 
{0x000000071af740b8} - klass: 'java/util/LinkedList$Node'
R14=0x00000007148b61f0 is an oop: java.util.LinkedList 
{0x00000007148b61f0} - klass: 'java/util/LinkedList'
R15=0x000002065e4c2800 is a thread


Registers:
RAX=0x0000000800083138, RBX=0x0000000000000000, RCX=0x0000020660ec0e30, RDX=0x00000007148b61f0
RSP=0x0000001aab2fee90, RBP=0x00000000e3793966, RSI=0x00000007148b61f0, RDI=0x0000020663185758
R8 =0x0000000000000010, R9 =0x0000001aab2fed00, R10=0x0000000000007148, R11=0x00000007148b61f0
R12=0x0000000000000000, R13=0x00000000e35ee817, R14=0x00000007148b61f0, R15=0x000002065e4c2800
RIP=0x00000206459fc19c, EFLAGS=0x0000000000010246

Top of Stack: (sp=0x0000001aab2fee90)
0x0000001aab2fee90:   0000000800006b08 00000007148b5a38
0x0000001aab2feea0:   00000007148b6168 000002063f3e106c
0x0000001aab2feeb0:   000000080003c1a0 00000007148b61f0
0x0000001aab2feec0:   0000020660ec0e30 0000000708dc7c70
0x0000001aab2feed0:   0000000800083138 000002063e57494f
0x0000001aab2feee0:   0000001aab2ff0c8 000002063e574acc
0x0000001aab2feef0:   000002065e4c2800 0000000000000246
0x0000001aab2fef00:   0000000000000002 000002063e698eb4
0x0000001aab2fef10:   0000000000000001 0000000000668040
0x0000001aab2fef20:   0000000000000000 0000000000000000
0x0000001aab2fef30:   000000000000116e 00000007148b61f0
0x0000001aab2fef40:   0000001aab2fef80 0000001aab2fef70
0x0000001aab2fef50:   0000020663a93c50 00000007148b5c60
0x0000001aab2fef60:   00000000e2916b8c 00007ffd9924910f
0x0000001aab2fef70:   0000000000000002 00007ffd9924910f
0x0000001aab2fef80:   000000071af740a0 000000071bc9c840 

Instructions: (pc=0x00000206459fc19c)
0x00000206459fc17c:   f8 4d 89 57 70 85 db 0f 85 08 01 00 00 41 80 7f
0x00000206459fc18c:   30 00 0f 85 ca 00 00 00 41 ff 46 0c 41 ff 4e 10
0x00000206459fc19c:   41 c7 67 14 00 00 00 00 48 8b c5 48 c1 e0 03 48
0x00000206459fc1ac:   83 c4 50 5d 4d 8b 97 08 01 00 00 41 85 02 c3 47 


Stack slot to memory mapping:
stack at sp + 0 slots: 0x0000000800006b08 is a pointer to class: 
java.lang.Thread {0x0000000800006b10}
stack at sp + 1 slots: 0x00000007148b5a38 is an oop: java.lang.Thread 
{0x00000007148b5a38} - klass: 'java/lang/Thread'
stack at sp + 2 slots: 0x00000007148b6168 is an oop: java.lang.ThreadLocal$ThreadLocalMap 
{0x00000007148b6168} - klass: 'java/lang/ThreadLocal$ThreadLocalMap'
stack at sp + 3 slots: 0x000002063f3e106c is at entry_point+5964 in (nmethod*)0x000002063f3df410
stack at sp + 4 slots: 0x000000080003c1a0 is a pointer to class: 
java.util.Deque {0x000000080003c1a8}
stack at sp + 5 slots: 0x00000007148b61f0 is an oop: java.util.LinkedList 
{0x00000007148b61f0} - klass: 'java/util/LinkedList'
stack at sp + 6 slots: 0x0000020660ec0e30 points into unknown readable memory: c8 bd f7 1a 07 00 00 00
stack at sp + 7 slots: 0x0000000708dc7c70 is an oop: com.intellij.rt.debugger.agent.CaptureStorage$1 
{0x0000000708dc7c70} - klass: 'com/intellij/rt/debugger/agent/CaptureStorage$1'



---------------  P R O C E S S  ---------------

Threads class SMR info:
_java_thread_list=0x0000020668080a20, length=46, elements={
0x0000020659878000, 0x0000020659882000, 0x00000206598e7800, 0x00000206598e9800,
0x00000206598eb000, 0x0000020659898000, 0x000002065989a800, 0x0000020658d6d000,
0x0000020659ce4000, 0x0000020659caf800, 0x0000020659da3800, 0x000002065a1f8800,
0x000002065d21f800, 0x000002065f9ba000, 0x0000020660953000, 0x0000020660d87800,
0x0000020660e5e800, 0x000002065f58a800, 0x000002065a6c8000, 0x000002065a6cd800,
0x000002065a6c9800, 0x000002065a6cc000, 0x000002065a6ca800, 0x000002065a6ce800,
0x000002065a6cb000, 0x000002065f787800, 0x000002065f783800, 0x000002065f784000,
0x000002065f788000, 0x000002065f785800, 0x000002065f789000, 0x000002065f785000,
0x000002065f78a000, 0x000002065f786800, 0x000002065e4bc000, 0x000002065e4c0800,
0x000002065e4bb000, 0x000002065e4c1800, 0x000002065e4be000, 0x000002065e4c2800,
0x000002065e4bc800, 0x000002065e4c0000, 0x000002065e4c3000, 0x000002065e4bd800,
0x000002065e4c4000, 0x000002065e4c4800
}

Java Threads: ( => current thread )
  0x0000020659878000 JavaThread "Reference Handler" daemon [_thread_blocked, id=5788, stack(0x0000001aa8000000,0x0000001aa8100000)]
  0x0000020659882000 JavaThread "Finalizer" daemon [_thread_blocked, id=17252, stack(0x0000001aa8100000,0x0000001aa8200000)]
  0x00000206598e7800 JavaThread "Signal Dispatcher" daemon [_thread_blocked, id=16244, stack(0x0000001aa8200000,0x0000001aa8300000)]
  0x00000206598e9800 JavaThread "Attach Listener" daemon [_thread_blocked, id=12444, stack(0x0000001aa8300000,0x0000001aa8400000)]
  0x00000206598eb000 JavaThread "C2 CompilerThread0" daemon [_thread_blocked, id=17116, stack(0x0000001aa8400000,0x0000001aa8500000)]
  0x0000020659898000 JavaThread "C1 CompilerThread0" daemon [_thread_blocked, id=12244, stack(0x0000001aa8500000,0x0000001aa8600000)]
  0x000002065989a800 JavaThread "Sweeper thread" daemon [_thread_blocked, id=17268, stack(0x0000001aa8600000,0x0000001aa8700000)]
  0x0000020658d6d000 JavaThread "Common-Cleaner" daemon [_thread_blocked, id=7828, stack(0x0000001aa8700000,0x0000001aa8800000)]
  0x0000020659ce4000 JavaThread "JDWP Transport Listener: dt_socket" daemon [_thread_blocked, id=11324, stack(0x0000001aa8800000,0x0000001aa8900000)]
  0x0000020659caf800 JavaThread "JDWP Event Helper Thread" daemon [_thread_blocked, id=12784, stack(0x0000001aa8900000,0x0000001aa8a00000)]
  0x0000020659da3800 JavaThread "JDWP Command Reader" daemon [_thread_in_native, id=16624, stack(0x0000001aa8a00000,0x0000001aa8b00000)]
  0x000002065a1f8800 JavaThread "Service Thread" daemon [_thread_blocked, id=6232, stack(0x0000001aa8c00000,0x0000001aa8d00000)]
  0x000002065d21f800 JavaThread "mysql-cj-abandoned-connection-cleanup" daemon [_thread_blocked, id=16496, stack(0x0000001aa9700000,0x0000001aa9800000)]
  0x000002065f9ba000 JavaThread "spring.cloud.inetutils" daemon [_thread_blocked, id=6740, stack(0x0000001aa9800000,0x0000001aa9900000)]
  0x0000020660953000 JavaThread "Catalina-utility-1" [_thread_blocked, id=3016, stack(0x0000001aa9900000,0x0000001aa9a00000)]
  0x0000020660d87800 JavaThread "Catalina-utility-2" [_thread_blocked, id=4060, stack(0x0000001aa9a00000,0x0000001aa9b00000)]
  0x0000020660e5e800 JavaThread "container-0" [_thread_blocked, id=14492, stack(0x0000001aa9b00000,0x0000001aa9c00000)]
  0x000002065f58a800 JavaThread "HikariPool-1 housekeeper" daemon [_thread_blocked, id=14344, stack(0x0000001aa9d00000,0x0000001aa9e00000)]
  0x000002065a6c8000 JavaThread "java-sdk-http-connection-reaper" daemon [_thread_blocked, id=9840, stack(0x0000001aa9f00000,0x0000001aaa000000)]
  0x000002065a6cd800 JavaThread "Eureka-JerseyClient-Conn-Cleaner2" daemon [_thread_blocked, id=15160, stack(0x0000001aaa000000,0x0000001aaa100000)]
  0x000002065a6c9800 JavaThread "AsyncResolver-bootstrap-0" daemon [_thread_blocked, id=12232, stack(0x0000001aa8e00000,0x0000001aa8f00000)]
  0x000002065a6cc000 JavaThread "DiscoveryClient-0" daemon [_thread_blocked, id=17404, stack(0x0000001aa9e00000,0x0000001aa9f00000)]
  0x000002065a6ca800 JavaThread "DiscoveryClient-1" daemon [_thread_in_Java, id=4492, stack(0x0000001aaa100000,0x0000001aaa200000)]
  0x000002065a6ce800 JavaThread "DiscoveryClient-InstanceInfoReplicator-0" daemon [_thread_blocked, id=8688, stack(0x0000001aaa200000,0x0000001aaa300000)]
  0x000002065a6cb000 JavaThread "http-nio-8082-BlockPoller" daemon [_thread_in_native, id=16348, stack(0x0000001aaa300000,0x0000001aaa400000)]
  0x000002065f787800 JavaThread "http-nio-8082-exec-1" daemon [_thread_blocked, id=12380, stack(0x0000001aaa400000,0x0000001aaa500000)]
  0x000002065f783800 JavaThread "http-nio-8082-exec-2" daemon [_thread_blocked, id=17200, stack(0x0000001aaa500000,0x0000001aaa600000)]
  0x000002065f784000 JavaThread "http-nio-8082-exec-3" daemon [_thread_blocked, id=14784, stack(0x0000001aaa600000,0x0000001aaa700000)]
  0x000002065f788000 JavaThread "http-nio-8082-exec-4" daemon [_thread_blocked, id=11116, stack(0x0000001aaa700000,0x0000001aaa800000)]
  0x000002065f785800 JavaThread "http-nio-8082-exec-5" daemon [_thread_blocked, id=4396, stack(0x0000001aaa800000,0x0000001aaa900000)]
  0x000002065f789000 JavaThread "http-nio-8082-exec-6" daemon [_thread_blocked, id=17048, stack(0x0000001aaa900000,0x0000001aaaa00000)]
  0x000002065f785000 JavaThread "http-nio-8082-exec-7" daemon [_thread_blocked, id=4452, stack(0x0000001aaaa00000,0x0000001aaab00000)]
  0x000002065f78a000 JavaThread "http-nio-8082-exec-8" daemon [_thread_blocked, id=10132, stack(0x0000001aaab00000,0x0000001aaac00000)]
  0x000002065f786800 JavaThread "http-nio-8082-exec-9" daemon [_thread_blocked, id=16984, stack(0x0000001aaac00000,0x0000001aaad00000)]
  0x000002065e4bc000 JavaThread "http-nio-8082-exec-10" daemon [_thread_blocked, id=4084, stack(0x0000001aaad00000,0x0000001aaae00000)]
  0x000002065e4c0800 JavaThread "http-nio-8082-ClientPoller" daemon [_thread_in_native, id=7928, stack(0x0000001aaae00000,0x0000001aaaf00000)]
  0x000002065e4bb000 JavaThread "http-nio-8082-Acceptor" daemon [_thread_in_native, id=15568, stack(0x0000001aaaf00000,0x0000001aab000000)]
  0x000002065e4c1800 JavaThread "DestroyJavaVM" [_thread_blocked, id=1216, stack(0x0000001aa7900000,0x0000001aa7a00000)]
  0x000002065e4be000 JavaThread "DiscoveryClient-CacheRefreshExecutor-0" daemon [_thread_blocked, id=2644, stack(0x0000001aab100000,0x0000001aab200000)]
=>0x000002065e4c2800 JavaThread "DiscoveryClient-HeartbeatExecutor-0" daemon [_thread_in_Java, id=13400, stack(0x0000001aab200000,0x0000001aab300000)]
  0x000002065e4bc800 JavaThread "RibbonApacheHttpClientConfiguration.connectionManagerTimer" daemon [_thread_blocked, id=16640, stack(0x0000001aa7600000,0x0000001aa7700000)]
  0x000002065e4c0000 JavaThread "NFLoadBalancer-PingTimer-customer-service" daemon [_thread_blocked, id=9620, stack(0x0000001aa7700000,0x0000001aa7800000)]
  0x000002065e4c3000 JavaThread "PollingServerListUpdater-0" daemon [_thread_blocked, id=14212, stack(0x0000001aa7800000,0x0000001aa7900000)]
  0x000002065e4bd800 JavaThread "DataPublisher" daemon [_thread_blocked, id=3292, stack(0x0000001aa8b00000,0x0000001aa8c00000)]
  0x000002065e4c4000 JavaThread "PollingServerListUpdater-1" daemon [_thread_blocked, id=1324, stack(0x0000001aab000000,0x0000001aab100000)]
  0x000002065e4c4800 JavaThread "AsyncResolver-bootstrap-executor-0" daemon [_thread_blocked, id=17236, stack(0x0000001aab600000,0x0000001aab700000)]

Other Threads:
  0x0000020659851800 VMThread "VM Thread" [stack: 0x0000001aa7f00000,0x0000001aa8000000] [id=15120]
  0x000002065a1f9800 WatcherThread [stack: 0x0000001aa8d00000,0x0000001aa8e00000] [id=10508]
  0x0000020635ae5800 GCTaskThread "GC Thread#0" [stack: 0x0000001aa7a00000,0x0000001aa7b00000] [id=16616]
  0x000002065aa11800 GCTaskThread "GC Thread#1" [stack: 0x0000001aa8f00000,0x0000001aa9000000] [id=3312]
  0x000002065a5cc000 GCTaskThread "GC Thread#2" [stack: 0x0000001aa9000000,0x0000001aa9100000] [id=9984]
  0x000002065ab9e800 GCTaskThread "GC Thread#3" [stack: 0x0000001aa9100000,0x0000001aa9200000] [id=1356]
  0x000002065aac1000 GCTaskThread "GC Thread#4" [stack: 0x0000001aa9200000,0x0000001aa9300000] [id=12548]
  0x000002066113b800 GCTaskThread "GC Thread#5" [stack: 0x0000001aa9500000,0x0000001aa9600000] [id=4560]
  0x000002065e218800 GCTaskThread "GC Thread#6" [stack: 0x0000001aa9600000,0x0000001aa9700000] [id=11700]
  0x000002065f97a800 GCTaskThread "GC Thread#7" [stack: 0x0000001aa9c00000,0x0000001aa9d00000] [id=12824]
  0x0000020635b3f800 ConcurrentGCThread "G1 Main Marker" [stack: 0x0000001aa7b00000,0x0000001aa7c00000] [id=15080]
  0x0000020635b41000 ConcurrentGCThread "G1 Conc#0" [stack: 0x0000001aa7c00000,0x0000001aa7d00000] [id=16108]
  0x000002065b248000 ConcurrentGCThread "G1 Conc#1" [stack: 0x0000001aa9400000,0x0000001aa9500000] [id=13520]
  0x0000020658c9c000 ConcurrentGCThread "G1 Refine#0" [stack: 0x0000001aa7d00000,0x0000001aa7e00000] [id=14472]
  0x000002065c668000 ConcurrentGCThread "G1 Refine#1" [stack: 0x0000001aab300000,0x0000001aab400000] [id=11456]
  0x0000020658c9d000 ConcurrentGCThread "G1 Young RemSet Sampling" [stack: 0x0000001aa7e00000,0x0000001aa7f00000] [id=6236]

Threads with active compile tasks:

VM state:not at safepoint (normal execution)

VM Mutex/Monitor currently owned by a thread: None

Heap address: 0x0000000708400000, size: 3964 MB, Compressed Oops mode: Zero based, Oop shift amount: 3
Narrow klass base: 0x0000000800000000, Narrow klass shift: 0
Compressed class space size: 1073741824 Address: 0x0000000800000000

Heap:
 garbage-first heap   total 366592K, used 107454K [0x0000000708400000, 0x0000000800000000)
  region size 1024K, 71 young (72704K), 12 survivors (12288K)
 Metaspace       used 102401K, capacity 104488K, committed 104784K, reserved 1140736K
  class space    used 12952K, capacity 13762K, committed 13824K, reserved 1048576K
Heap Regions: E=young(eden), S=young(survivor), O=old, HS=humongous(starts), HC=humongous(continues), CS=collection set, F=free, A=archive, TAMS=top-at-mark-start (previous, next)
|   0|0x0000000708400000, 0x0000000708500000, 0x0000000708500000|100%|HS|  |TAMS 0x0000000708500000, 0x0000000708400000| Complete 
|   1|0x0000000708500000, 0x0000000708600000, 0x0000000708600000|100%| O|  |TAMS 0x0000000708600000, 0x0000000708500000| Untracked 
|   2|0x0000000708600000, 0x0000000708700000, 0x0000000708700000|100%| O|  |TAMS 0x0000000708700000, 0x0000000708600000| Untracked 
|   3|0x0000000708700000, 0x0000000708800000, 0x0000000708800000|100%| O|  |TAMS 0x0000000708800000, 0x0000000708700000| Untracked 
|   4|0x0000000708800000, 0x0000000708900000, 0x0000000708900000|100%| O|  |TAMS 0x0000000708900000, 0x0000000708800000| Untracked 
|   5|0x0000000708900000, 0x0000000708a00000, 0x0000000708a00000|100%| O|  |TAMS 0x0000000708a00000, 0x0000000708900000| Untracked 
|   6|0x0000000708a00000, 0x0000000708b00000, 0x0000000708b00000|100%| O|  |TAMS 0x0000000708b00000, 0x0000000708a00000| Untracked 
|   7|0x0000000708b00000, 0x0000000708c00000, 0x0000000708c00000|100%| O|  |TAMS 0x0000000708c00000, 0x0000000708b00000| Untracked 
|   8|0x0000000708c00000, 0x0000000708d00000, 0x0000000708d00000|100%| O|  |TAMS 0x0000000708d00000, 0x0000000708c00000| Untracked 
|   9|0x0000000708d00000, 0x0000000708e00000, 0x0000000708e00000|100%| O|  |TAMS 0x0000000708e00000, 0x0000000708d00000| Untracked 
|  10|0x0000000708e00000, 0x0000000708f00000, 0x0000000708f00000|100%| O|  |TAMS 0x0000000708f00000, 0x0000000708e00000| Untracked 
|  11|0x0000000708f00000, 0x0000000709000000, 0x0000000709000000|100%| O|  |TAMS 0x0000000709000000, 0x0000000708f00000| Untracked 
|  12|0x0000000709000000, 0x0000000709100000, 0x0000000709100000|100%| O|  |TAMS 0x0000000709100000, 0x0000000709000000| Untracked 
|  13|0x0000000709100000, 0x0000000709200000, 0x0000000709200000|100%| O|  |TAMS 0x0000000709200000, 0x0000000709100000| Untracked 
|  14|0x0000000709200000, 0x0000000709300000, 0x0000000709300000|100%| O|  |TAMS 0x0000000709300000, 0x0000000709200000| Untracked 
|  15|0x0000000709300000, 0x0000000709400000, 0x0000000709400000|100%| O|  |TAMS 0x0000000709400000, 0x0000000709300000| Untracked 
|  16|0x0000000709400000, 0x0000000709500000, 0x0000000709500000|100%| O|  |TAMS 0x0000000709500000, 0x0000000709400000| Untracked 
|  17|0x0000000709500000, 0x0000000709600000, 0x0000000709600000|100%| O|  |TAMS 0x0000000709600000, 0x0000000709500000| Untracked 
|  18|0x0000000709600000, 0x0000000709700000, 0x0000000709700000|100%| O|  |TAMS 0x0000000709700000, 0x0000000709600000| Untracked 
|  19|0x0000000709700000, 0x0000000709800000, 0x0000000709800000|100%| O|  |TAMS 0x0000000709800000, 0x0000000709700000| Untracked 
|  20|0x0000000709800000, 0x0000000709900000, 0x0000000709900000|100%| O|  |TAMS 0x0000000709900000, 0x0000000709800000| Untracked 
|  21|0x0000000709900000, 0x0000000709a00000, 0x0000000709a00000|100%| O|  |TAMS 0x0000000709a00000, 0x0000000709900000| Untracked 
|  22|0x0000000709a00000, 0x0000000709b00000, 0x0000000709b00000|100%| O|  |TAMS 0x0000000709b00000, 0x0000000709a00000| Untracked 
|  23|0x0000000709b00000, 0x0000000709c00000, 0x0000000709c00000|100%| O|  |TAMS 0x0000000709c00000, 0x0000000709b00000| Untracked 
|  24|0x0000000709c00000, 0x0000000709d00000, 0x0000000709d00000|100%| O|  |TAMS 0x0000000709d00000, 0x0000000709c00000| Untracked 
|  25|0x0000000709d00000, 0x0000000709e00000, 0x0000000709e00000|100%| O|  |TAMS 0x0000000709e00000, 0x0000000709d00000| Untracked 
|  26|0x0000000709e00000, 0x0000000709f00000, 0x0000000709f00000|100%| O|  |TAMS 0x0000000709f00000, 0x0000000709e00000| Untracked 
|  27|0x0000000709f00000, 0x000000070a000000, 0x000000070a000000|100%| O|  |TAMS 0x000000070a000000, 0x0000000709f00000| Untracked 
|  28|0x000000070a000000, 0x000000070a100000, 0x000000070a100000|100%| O|  |TAMS 0x000000070a100000, 0x000000070a000000| Untracked 
|  29|0x000000070a100000, 0x000000070a200000, 0x000000070a200000|100%| O|  |TAMS 0x000000070a200000, 0x000000070a100000| Untracked 
|  30|0x000000070a200000, 0x000000070a300000, 0x000000070a300000|100%| O|  |TAMS 0x000000070a300000, 0x000000070a200000| Untracked 
|  31|0x000000070a300000, 0x000000070a400000, 0x000000070a400000|100%| O|  |TAMS 0x000000070a400000, 0x000000070a300000| Untracked 
|  32|0x000000070a400000, 0x000000070a500000, 0x000000070a500000|100%| O|  |TAMS 0x000000070a500000, 0x000000070a400000| Untracked 
|  33|0x000000070a500000, 0x000000070a600000, 0x000000070a600000|100%| O|  |TAMS 0x000000070a600000, 0x000000070a500000| Untracked 
|  34|0x000000070a600000, 0x000000070a700000, 0x000000070a700000|100%| O|  |TAMS 0x000000070a700000, 0x000000070a600000| Untracked 
|  35|0x000000070a700000, 0x000000070a73aa00, 0x000000070a800000| 22%| O|  |TAMS 0x000000070a73aa00, 0x000000070a700000| Untracked 
|  36|0x000000070a800000, 0x000000070a800000, 0x000000070a900000|  0%| F|  |TAMS 0x000000070a800000, 0x000000070a800000| Untracked 
|  37|0x000000070a900000, 0x000000070a900000, 0x000000070aa00000|  0%| F|  |TAMS 0x000000070a900000, 0x000000070a900000| Untracked 
|  38|0x000000070aa00000, 0x000000070aa00000, 0x000000070ab00000|  0%| F|  |TAMS 0x000000070aa00000, 0x000000070aa00000| Untracked 
|  39|0x000000070ab00000, 0x000000070ab00000, 0x000000070ac00000|  0%| F|  |TAMS 0x000000070ab00000, 0x000000070ab00000| Untracked 
|  40|0x000000070ac00000, 0x000000070ac00000, 0x000000070ad00000|  0%| F|  |TAMS 0x000000070ac00000, 0x000000070ac00000| Untracked 
|  41|0x000000070ad00000, 0x000000070ad00000, 0x000000070ae00000|  0%| F|  |TAMS 0x000000070ad00000, 0x000000070ad00000| Untracked 
|  42|0x000000070ae00000, 0x000000070ae00000, 0x000000070af00000|  0%| F|  |TAMS 0x000000070ae00000, 0x000000070ae00000| Untracked 
|  43|0x000000070af00000, 0x000000070af00000, 0x000000070b000000|  0%| F|  |TAMS 0x000000070af00000, 0x000000070af00000| Untracked 
|  44|0x000000070b000000, 0x000000070b000000, 0x000000070b100000|  0%| F|  |TAMS 0x000000070b000000, 0x000000070b000000| Untracked 
|  45|0x000000070b100000, 0x000000070b100000, 0x000000070b200000|  0%| F|  |TAMS 0x000000070b100000, 0x000000070b100000| Untracked 
|  46|0x000000070b200000, 0x000000070b200000, 0x000000070b300000|  0%| F|  |TAMS 0x000000070b200000, 0x000000070b200000| Untracked 
|  47|0x000000070b300000, 0x000000070b300000, 0x000000070b400000|  0%| F|  |TAMS 0x000000070b300000, 0x000000070b300000| Untracked 
|  48|0x000000070b400000, 0x000000070b400000, 0x000000070b500000|  0%| F|  |TAMS 0x000000070b400000, 0x000000070b400000| Untracked 
|  49|0x000000070b500000, 0x000000070b500000, 0x000000070b600000|  0%| F|  |TAMS 0x000000070b500000, 0x000000070b500000| Untracked 
|  50|0x000000070b600000, 0x000000070b600000, 0x000000070b700000|  0%| F|  |TAMS 0x000000070b600000, 0x000000070b600000| Untracked 
|  51|0x000000070b700000, 0x000000070b700000, 0x000000070b800000|  0%| F|  |TAMS 0x000000070b700000, 0x000000070b700000| Untracked 
|  52|0x000000070b800000, 0x000000070b800000, 0x000000070b900000|  0%| F|  |TAMS 0x000000070b800000, 0x000000070b800000| Untracked 
|  53|0x000000070b900000, 0x000000070b900000, 0x000000070ba00000|  0%| F|  |TAMS 0x000000070b900000, 0x000000070b900000| Untracked 
|  54|0x000000070ba00000, 0x000000070ba00000, 0x000000070bb00000|  0%| F|  |TAMS 0x000000070ba00000, 0x000000070ba00000| Untracked 
|  55|0x000000070bb00000, 0x000000070bb00000, 0x000000070bc00000|  0%| F|  |TAMS 0x000000070bb00000, 0x000000070bb00000| Untracked 
|  56|0x000000070bc00000, 0x000000070bc00000, 0x000000070bd00000|  0%| F|  |TAMS 0x000000070bc00000, 0x000000070bc00000| Untracked 
|  57|0x000000070bd00000, 0x000000070bd00000, 0x000000070be00000|  0%| F|  |TAMS 0x000000070bd00000, 0x000000070bd00000| Untracked 
|  58|0x000000070be00000, 0x000000070be00000, 0x000000070bf00000|  0%| F|  |TAMS 0x000000070be00000, 0x000000070be00000| Untracked 
|  59|0x000000070bf00000, 0x000000070bf00000, 0x000000070c000000|  0%| F|  |TAMS 0x000000070bf00000, 0x000000070bf00000| Untracked 
|  60|0x000000070c000000, 0x000000070c000000, 0x000000070c100000|  0%| F|  |TAMS 0x000000070c000000, 0x000000070c000000| Untracked 
|  61|0x000000070c100000, 0x000000070c100000, 0x000000070c200000|  0%| F|  |TAMS 0x000000070c100000, 0x000000070c100000| Untracked 
|  62|0x000000070c200000, 0x000000070c200000, 0x000000070c300000|  0%| F|  |TAMS 0x000000070c200000, 0x000000070c200000| Untracked 
|  63|0x000000070c300000, 0x000000070c300000, 0x000000070c400000|  0%| F|  |TAMS 0x000000070c300000, 0x000000070c300000| Untracked 
|  64|0x000000070c400000, 0x000000070c400000, 0x000000070c500000|  0%| F|  |TAMS 0x000000070c400000, 0x000000070c400000| Untracked 
|  65|0x000000070c500000, 0x000000070c500000, 0x000000070c600000|  0%| F|  |TAMS 0x000000070c500000, 0x000000070c500000| Untracked 
|  66|0x000000070c600000, 0x000000070c600000, 0x000000070c700000|  0%| F|  |TAMS 0x000000070c600000, 0x000000070c600000| Untracked 
|  67|0x000000070c700000, 0x000000070c700000, 0x000000070c800000|  0%| F|  |TAMS 0x000000070c700000, 0x000000070c700000| Untracked 
|  68|0x000000070c800000, 0x000000070c800000, 0x000000070c900000|  0%| F|  |TAMS 0x000000070c800000, 0x000000070c800000| Untracked 
|  69|0x000000070c900000, 0x000000070c900000, 0x000000070ca00000|  0%| F|  |TAMS 0x000000070c900000, 0x000000070c900000| Untracked 
|  70|0x000000070ca00000, 0x000000070ca00000, 0x000000070cb00000|  0%| F|  |TAMS 0x000000070ca00000, 0x000000070ca00000| Untracked 
|  71|0x000000070cb00000, 0x000000070cb00000, 0x000000070cc00000|  0%| F|  |TAMS 0x000000070cb00000, 0x000000070cb00000| Untracked 
|  72|0x000000070cc00000, 0x000000070cc00000, 0x000000070cd00000|  0%| F|  |TAMS 0x000000070cc00000, 0x000000070cc00000| Untracked 
|  73|0x000000070cd00000, 0x000000070cd00000, 0x000000070ce00000|  0%| F|  |TAMS 0x000000070cd00000, 0x000000070cd00000| Untracked 
|  74|0x000000070ce00000, 0x000000070ce00000, 0x000000070cf00000|  0%| F|  |TAMS 0x000000070ce00000, 0x000000070ce00000| Untracked 
|  75|0x000000070cf00000, 0x000000070cf00000, 0x000000070d000000|  0%| F|  |TAMS 0x000000070cf00000, 0x000000070cf00000| Untracked 
|  76|0x000000070d000000, 0x000000070d000000, 0x000000070d100000|  0%| F|  |TAMS 0x000000070d000000, 0x000000070d000000| Untracked 
|  77|0x000000070d100000, 0x000000070d100000, 0x000000070d200000|  0%| F|  |TAMS 0x000000070d100000, 0x000000070d100000| Untracked 
|  78|0x000000070d200000, 0x000000070d200000, 0x000000070d300000|  0%| F|  |TAMS 0x000000070d200000, 0x000000070d200000| Untracked 
|  79|0x000000070d300000, 0x000000070d300000, 0x000000070d400000|  0%| F|  |TAMS 0x000000070d300000, 0x000000070d300000| Untracked 
|  80|0x000000070d400000, 0x000000070d400000, 0x000000070d500000|  0%| F|  |TAMS 0x000000070d400000, 0x000000070d400000| Untracked 
|  81|0x000000070d500000, 0x000000070d500000, 0x000000070d600000|  0%| F|  |TAMS 0x000000070d500000, 0x000000070d500000| Untracked 
|  82|0x000000070d600000, 0x000000070d600000, 0x000000070d700000|  0%| F|  |TAMS 0x000000070d600000, 0x000000070d600000| Untracked 
|  83|0x000000070d700000, 0x000000070d700000, 0x000000070d800000|  0%| F|  |TAMS 0x000000070d700000, 0x000000070d700000| Untracked 
|  84|0x000000070d800000, 0x000000070d800000, 0x000000070d900000|  0%| F|  |TAMS 0x000000070d800000, 0x000000070d800000| Untracked 
|  85|0x000000070d900000, 0x000000070d900000, 0x000000070da00000|  0%| F|  |TAMS 0x000000070d900000, 0x000000070d900000| Untracked 
|  86|0x000000070da00000, 0x000000070da00000, 0x000000070db00000|  0%| F|  |TAMS 0x000000070da00000, 0x000000070da00000| Untracked 
|  87|0x000000070db00000, 0x000000070db00000, 0x000000070dc00000|  0%| F|  |TAMS 0x000000070db00000, 0x000000070db00000| Untracked 
|  88|0x000000070dc00000, 0x000000070dc00000, 0x000000070dd00000|  0%| F|  |TAMS 0x000000070dc00000, 0x000000070dc00000| Untracked 
|  89|0x000000070dd00000, 0x000000070dd00000, 0x000000070de00000|  0%| F|  |TAMS 0x000000070dd00000, 0x000000070dd00000| Untracked 
|  90|0x000000070de00000, 0x000000070de00000, 0x000000070df00000|  0%| F|  |TAMS 0x000000070de00000, 0x000000070de00000| Untracked 
|  91|0x000000070df00000, 0x000000070df00000, 0x000000070e000000|  0%| F|  |TAMS 0x000000070df00000, 0x000000070df00000| Untracked 
|  92|0x000000070e000000, 0x000000070e000000, 0x000000070e100000|  0%| F|  |TAMS 0x000000070e000000, 0x000000070e000000| Untracked 
|  93|0x000000070e100000, 0x000000070e100000, 0x000000070e200000|  0%| F|  |TAMS 0x000000070e100000, 0x000000070e100000| Untracked 
|  94|0x000000070e200000, 0x000000070e200000, 0x000000070e300000|  0%| F|  |TAMS 0x000000070e200000, 0x000000070e200000| Untracked 
|  95|0x000000070e300000, 0x000000070e300000, 0x000000070e400000|  0%| F|  |TAMS 0x000000070e300000, 0x000000070e300000| Untracked 
|  96|0x000000070e400000, 0x000000070e400000, 0x000000070e500000|  0%| F|  |TAMS 0x000000070e400000, 0x000000070e400000| Untracked 
|  97|0x000000070e500000, 0x000000070e500000, 0x000000070e600000|  0%| F|  |TAMS 0x000000070e500000, 0x000000070e500000| Untracked 
|  98|0x000000070e600000, 0x000000070e600000, 0x000000070e700000|  0%| F|  |TAMS 0x000000070e600000, 0x000000070e600000| Untracked 
|  99|0x000000070e700000, 0x000000070e700000, 0x000000070e800000|  0%| F|  |TAMS 0x000000070e700000, 0x000000070e700000| Untracked 
| 100|0x000000070e800000, 0x000000070e800000, 0x000000070e900000|  0%| F|  |TAMS 0x000000070e800000, 0x000000070e800000| Untracked 
| 101|0x000000070e900000, 0x000000070e900000, 0x000000070ea00000|  0%| F|  |TAMS 0x000000070e900000, 0x000000070e900000| Untracked 
| 102|0x000000070ea00000, 0x000000070ea00000, 0x000000070eb00000|  0%| F|  |TAMS 0x000000070ea00000, 0x000000070ea00000| Untracked 
| 103|0x000000070eb00000, 0x000000070eb00000, 0x000000070ec00000|  0%| F|  |TAMS 0x000000070eb00000, 0x000000070eb00000| Untracked 
| 104|0x000000070ec00000, 0x000000070ec00000, 0x000000070ed00000|  0%| F|  |TAMS 0x000000070ec00000, 0x000000070ec00000| Untracked 
| 105|0x000000070ed00000, 0x000000070ed00000, 0x000000070ee00000|  0%| F|  |TAMS 0x000000070ed00000, 0x000000070ed00000| Untracked 
| 106|0x000000070ee00000, 0x000000070ee00000, 0x000000070ef00000|  0%| F|  |TAMS 0x000000070ee00000, 0x000000070ee00000| Untracked 
| 107|0x000000070ef00000, 0x000000070ef00000, 0x000000070f000000|  0%| F|  |TAMS 0x000000070ef00000, 0x000000070ef00000| Untracked 
| 108|0x000000070f000000, 0x000000070f000000, 0x000000070f100000|  0%| F|  |TAMS 0x000000070f000000, 0x000000070f000000| Untracked 
| 109|0x000000070f100000, 0x000000070f100000, 0x000000070f200000|  0%| F|  |TAMS 0x000000070f100000, 0x000000070f100000| Untracked 
| 110|0x000000070f200000, 0x000000070f200000, 0x000000070f300000|  0%| F|  |TAMS 0x000000070f200000, 0x000000070f200000| Untracked 
| 111|0x000000070f300000, 0x000000070f300000, 0x000000070f400000|  0%| F|  |TAMS 0x000000070f300000, 0x000000070f300000| Untracked 
| 112|0x000000070f400000, 0x000000070f400000, 0x000000070f500000|  0%| F|  |TAMS 0x000000070f400000, 0x000000070f400000| Untracked 
| 113|0x000000070f500000, 0x000000070f500000, 0x000000070f600000|  0%| F|  |TAMS 0x000000070f500000, 0x000000070f500000| Untracked 
| 114|0x000000070f600000, 0x000000070f600000, 0x000000070f700000|  0%| F|  |TAMS 0x000000070f600000, 0x000000070f600000| Untracked 
| 115|0x000000070f700000, 0x000000070f700000, 0x000000070f800000|  0%| F|  |TAMS 0x000000070f700000, 0x000000070f700000| Untracked 
| 116|0x000000070f800000, 0x000000070f800000, 0x000000070f900000|  0%| F|  |TAMS 0x000000070f800000, 0x000000070f800000| Untracked 
| 117|0x000000070f900000, 0x000000070f900000, 0x000000070fa00000|  0%| F|  |TAMS 0x000000070f900000, 0x000000070f900000| Untracked 
| 118|0x000000070fa00000, 0x000000070fa00000, 0x000000070fb00000|  0%| F|  |TAMS 0x000000070fa00000, 0x000000070fa00000| Untracked 
| 119|0x000000070fb00000, 0x000000070fb00000, 0x000000070fc00000|  0%| F|  |TAMS 0x000000070fb00000, 0x000000070fb00000| Untracked 
| 120|0x000000070fc00000, 0x000000070fc00000, 0x000000070fd00000|  0%| F|  |TAMS 0x000000070fc00000, 0x000000070fc00000| Untracked 
| 121|0x000000070fd00000, 0x000000070fd00000, 0x000000070fe00000|  0%| F|  |TAMS 0x000000070fd00000, 0x000000070fd00000| Untracked 
| 122|0x000000070fe00000, 0x000000070fe00000, 0x000000070ff00000|  0%| F|  |TAMS 0x000000070fe00000, 0x000000070fe00000| Untracked 
| 123|0x000000070ff00000, 0x000000070ff00000, 0x0000000710000000|  0%| F|  |TAMS 0x000000070ff00000, 0x000000070ff00000| Untracked 
| 124|0x0000000710000000, 0x0000000710000000, 0x0000000710100000|  0%| F|  |TAMS 0x0000000710000000, 0x0000000710000000| Untracked 
| 125|0x0000000710100000, 0x0000000710100000, 0x0000000710200000|  0%| F|  |TAMS 0x0000000710100000, 0x0000000710100000| Untracked 
| 126|0x0000000710200000, 0x0000000710200000, 0x0000000710300000|  0%| F|  |TAMS 0x0000000710200000, 0x0000000710200000| Untracked 
| 127|0x0000000710300000, 0x0000000710300000, 0x0000000710400000|  0%| F|  |TAMS 0x0000000710300000, 0x0000000710300000| Untracked 
| 128|0x0000000710400000, 0x0000000710400000, 0x0000000710500000|  0%| F|  |TAMS 0x0000000710400000, 0x0000000710400000| Untracked 
| 129|0x0000000710500000, 0x0000000710500000, 0x0000000710600000|  0%| F|  |TAMS 0x0000000710500000, 0x0000000710500000| Untracked 
| 130|0x0000000710600000, 0x0000000710600000, 0x0000000710700000|  0%| F|  |TAMS 0x0000000710600000, 0x0000000710600000| Untracked 
| 131|0x0000000710700000, 0x0000000710700000, 0x0000000710800000|  0%| F|  |TAMS 0x0000000710700000, 0x0000000710700000| Untracked 
| 132|0x0000000710800000, 0x0000000710800000, 0x0000000710900000|  0%| F|  |TAMS 0x0000000710800000, 0x0000000710800000| Untracked 
| 133|0x0000000710900000, 0x0000000710900000, 0x0000000710a00000|  0%| F|  |TAMS 0x0000000710900000, 0x0000000710900000| Untracked 
| 134|0x0000000710a00000, 0x0000000710a00000, 0x0000000710b00000|  0%| F|  |TAMS 0x0000000710a00000, 0x0000000710a00000| Untracked 
| 135|0x0000000710b00000, 0x0000000710b00000, 0x0000000710c00000|  0%| F|  |TAMS 0x0000000710b00000, 0x0000000710b00000| Untracked 
| 136|0x0000000710c00000, 0x0000000710c00000, 0x0000000710d00000|  0%| F|  |TAMS 0x0000000710c00000, 0x0000000710c00000| Untracked 
| 137|0x0000000710d00000, 0x0000000710d00000, 0x0000000710e00000|  0%| F|  |TAMS 0x0000000710d00000, 0x0000000710d00000| Untracked 
| 138|0x0000000710e00000, 0x0000000710e00000, 0x0000000710f00000|  0%| F|  |TAMS 0x0000000710e00000, 0x0000000710e00000| Untracked 
| 139|0x0000000710f00000, 0x0000000710f00000, 0x0000000711000000|  0%| F|  |TAMS 0x0000000710f00000, 0x0000000710f00000| Untracked 
| 140|0x0000000711000000, 0x0000000711000000, 0x0000000711100000|  0%| F|  |TAMS 0x0000000711000000, 0x0000000711000000| Untracked 
| 141|0x0000000711100000, 0x0000000711100000, 0x0000000711200000|  0%| F|  |TAMS 0x0000000711100000, 0x0000000711100000| Untracked 
| 142|0x0000000711200000, 0x0000000711200000, 0x0000000711300000|  0%| F|  |TAMS 0x0000000711200000, 0x0000000711200000| Untracked 
| 143|0x0000000711300000, 0x0000000711300000, 0x0000000711400000|  0%| F|  |TAMS 0x0000000711300000, 0x0000000711300000| Untracked 
| 144|0x0000000711400000, 0x0000000711400000, 0x0000000711500000|  0%| F|  |TAMS 0x0000000711400000, 0x0000000711400000| Untracked 
| 145|0x0000000711500000, 0x0000000711500000, 0x0000000711600000|  0%| F|  |TAMS 0x0000000711500000, 0x0000000711500000| Untracked 
| 146|0x0000000711600000, 0x0000000711600000, 0x0000000711700000|  0%| F|  |TAMS 0x0000000711600000, 0x0000000711600000| Untracked 
| 147|0x0000000711700000, 0x0000000711700000, 0x0000000711800000|  0%| F|  |TAMS 0x0000000711700000, 0x0000000711700000| Untracked 
| 148|0x0000000711800000, 0x0000000711800000, 0x0000000711900000|  0%| F|  |TAMS 0x0000000711800000, 0x0000000711800000| Untracked 
| 149|0x0000000711900000, 0x0000000711900000, 0x0000000711a00000|  0%| F|  |TAMS 0x0000000711900000, 0x0000000711900000| Untracked 
| 150|0x0000000711a00000, 0x0000000711a00000, 0x0000000711b00000|  0%| F|  |TAMS 0x0000000711a00000, 0x0000000711a00000| Untracked 
| 151|0x0000000711b00000, 0x0000000711b00000, 0x0000000711c00000|  0%| F|  |TAMS 0x0000000711b00000, 0x0000000711b00000| Untracked 
| 152|0x0000000711c00000, 0x0000000711c00000, 0x0000000711d00000|  0%| F|  |TAMS 0x0000000711c00000, 0x0000000711c00000| Untracked 
| 153|0x0000000711d00000, 0x0000000711d00000, 0x0000000711e00000|  0%| F|  |TAMS 0x0000000711d00000, 0x0000000711d00000| Untracked 
| 154|0x0000000711e00000, 0x0000000711e00000, 0x0000000711f00000|  0%| F|  |TAMS 0x0000000711e00000, 0x0000000711e00000| Untracked 
| 155|0x0000000711f00000, 0x0000000711f00000, 0x0000000712000000|  0%| F|  |TAMS 0x0000000711f00000, 0x0000000711f00000| Untracked 
| 156|0x0000000712000000, 0x0000000712000000, 0x0000000712100000|  0%| F|  |TAMS 0x0000000712000000, 0x0000000712000000| Untracked 
| 157|0x0000000712100000, 0x0000000712100000, 0x0000000712200000|  0%| F|  |TAMS 0x0000000712100000, 0x0000000712100000| Untracked 
| 158|0x0000000712200000, 0x0000000712200000, 0x0000000712300000|  0%| F|  |TAMS 0x0000000712200000, 0x0000000712200000| Untracked 
| 159|0x0000000712300000, 0x0000000712300000, 0x0000000712400000|  0%| F|  |TAMS 0x0000000712300000, 0x0000000712300000| Untracked 
| 160|0x0000000712400000, 0x0000000712400000, 0x0000000712500000|  0%| F|  |TAMS 0x0000000712400000, 0x0000000712400000| Untracked 
| 161|0x0000000712500000, 0x0000000712500000, 0x0000000712600000|  0%| F|  |TAMS 0x0000000712500000, 0x0000000712500000| Untracked 
| 162|0x0000000712600000, 0x0000000712600000, 0x0000000712700000|  0%| F|  |TAMS 0x0000000712600000, 0x0000000712600000| Untracked 
| 163|0x0000000712700000, 0x0000000712700000, 0x0000000712800000|  0%| F|  |TAMS 0x0000000712700000, 0x0000000712700000| Untracked 
| 164|0x0000000712800000, 0x0000000712800000, 0x0000000712900000|  0%| F|  |TAMS 0x0000000712800000, 0x0000000712800000| Untracked 
| 165|0x0000000712900000, 0x0000000712900000, 0x0000000712a00000|  0%| F|  |TAMS 0x0000000712900000, 0x0000000712900000| Untracked 
| 166|0x0000000712a00000, 0x0000000712a00000, 0x0000000712b00000|  0%| F|  |TAMS 0x0000000712a00000, 0x0000000712a00000| Untracked 
| 167|0x0000000712b00000, 0x0000000712b00000, 0x0000000712c00000|  0%| F|  |TAMS 0x0000000712b00000, 0x0000000712b00000| Untracked 
| 168|0x0000000712c00000, 0x0000000712c00000, 0x0000000712d00000|  0%| F|  |TAMS 0x0000000712c00000, 0x0000000712c00000| Untracked 
| 169|0x0000000712d00000, 0x0000000712d00000, 0x0000000712e00000|  0%| F|  |TAMS 0x0000000712d00000, 0x0000000712d00000| Untracked 
| 170|0x0000000712e00000, 0x0000000712e00000, 0x0000000712f00000|  0%| F|  |TAMS 0x0000000712e00000, 0x0000000712e00000| Untracked 
| 171|0x0000000712f00000, 0x0000000712f00000, 0x0000000713000000|  0%| F|  |TAMS 0x0000000712f00000, 0x0000000712f00000| Untracked 
| 172|0x0000000713000000, 0x0000000713000000, 0x0000000713100000|  0%| F|  |TAMS 0x0000000713000000, 0x0000000713000000| Untracked 
| 173|0x0000000713100000, 0x0000000713100000, 0x0000000713200000|  0%| F|  |TAMS 0x0000000713100000, 0x0000000713100000| Untracked 
| 174|0x0000000713200000, 0x0000000713200000, 0x0000000713300000|  0%| F|  |TAMS 0x0000000713200000, 0x0000000713200000| Untracked 
| 175|0x0000000713300000, 0x0000000713300000, 0x0000000713400000|  0%| F|  |TAMS 0x0000000713300000, 0x0000000713300000| Untracked 
| 176|0x0000000713400000, 0x0000000713400000, 0x0000000713500000|  0%| F|  |TAMS 0x0000000713400000, 0x0000000713400000| Untracked 
| 177|0x0000000713500000, 0x0000000713500000, 0x0000000713600000|  0%| F|  |TAMS 0x0000000713500000, 0x0000000713500000| Untracked 
| 178|0x0000000713600000, 0x0000000713600000, 0x0000000713700000|  0%| F|  |TAMS 0x0000000713600000, 0x0000000713600000| Untracked 
| 179|0x0000000713700000, 0x0000000713700000, 0x0000000713800000|  0%| F|  |TAMS 0x0000000713700000, 0x0000000713700000| Untracked 
| 180|0x0000000713800000, 0x0000000713800000, 0x0000000713900000|  0%| F|  |TAMS 0x0000000713800000, 0x0000000713800000| Untracked 
| 181|0x0000000713900000, 0x0000000713900000, 0x0000000713a00000|  0%| F|  |TAMS 0x0000000713900000, 0x0000000713900000| Untracked 
| 182|0x0000000713a00000, 0x0000000713a00000, 0x0000000713b00000|  0%| F|  |TAMS 0x0000000713a00000, 0x0000000713a00000| Untracked 
| 183|0x0000000713b00000, 0x0000000713b00000, 0x0000000713c00000|  0%| F|  |TAMS 0x0000000713b00000, 0x0000000713b00000| Untracked 
| 184|0x0000000713c00000, 0x0000000713c00000, 0x0000000713d00000|  0%| F|  |TAMS 0x0000000713c00000, 0x0000000713c00000| Untracked 
| 185|0x0000000713d00000, 0x0000000713d00000, 0x0000000713e00000|  0%| F|  |TAMS 0x0000000713d00000, 0x0000000713d00000| Untracked 
| 186|0x0000000713e00000, 0x0000000713eb4f70, 0x0000000713f00000| 70%| S|CS|TAMS 0x0000000713e00000, 0x0000000713e00000| Complete 
| 187|0x0000000713f00000, 0x0000000714000000, 0x0000000714000000|100%| S|CS|TAMS 0x0000000713f00000, 0x0000000713f00000| Complete 
| 188|0x0000000714000000, 0x0000000714100000, 0x0000000714100000|100%| S|CS|TAMS 0x0000000714000000, 0x0000000714000000| Complete 
| 189|0x0000000714100000, 0x0000000714200000, 0x0000000714200000|100%| S|CS|TAMS 0x0000000714100000, 0x0000000714100000| Complete 
| 190|0x0000000714200000, 0x0000000714300000, 0x0000000714300000|100%| S|CS|TAMS 0x0000000714200000, 0x0000000714200000| Complete 
| 191|0x0000000714300000, 0x0000000714400000, 0x0000000714400000|100%| S|CS|TAMS 0x0000000714300000, 0x0000000714300000| Complete 
| 192|0x0000000714400000, 0x0000000714500000, 0x0000000714500000|100%| S|CS|TAMS 0x0000000714400000, 0x0000000714400000| Complete 
| 193|0x0000000714500000, 0x0000000714600000, 0x0000000714600000|100%| S|CS|TAMS 0x0000000714500000, 0x0000000714500000| Complete 
| 194|0x0000000714600000, 0x0000000714700000, 0x0000000714700000|100%| S|CS|TAMS 0x0000000714600000, 0x0000000714600000| Complete 
| 195|0x0000000714700000, 0x0000000714800000, 0x0000000714800000|100%| S|CS|TAMS 0x0000000714700000, 0x0000000714700000| Complete 
| 196|0x0000000714800000, 0x0000000714900000, 0x0000000714900000|100%| S|CS|TAMS 0x0000000714800000, 0x0000000714800000| Complete 
| 197|0x0000000714900000, 0x0000000714a00000, 0x0000000714a00000|100%| S|CS|TAMS 0x0000000714900000, 0x0000000714900000| Complete 
| 198|0x0000000714a00000, 0x0000000714a00000, 0x0000000714b00000|  0%| F|  |TAMS 0x0000000714a00000, 0x0000000714a00000| Untracked 
| 199|0x0000000714b00000, 0x0000000714b00000, 0x0000000714c00000|  0%| F|  |TAMS 0x0000000714b00000, 0x0000000714b00000| Untracked 
| 200|0x0000000714c00000, 0x0000000714c00000, 0x0000000714d00000|  0%| F|  |TAMS 0x0000000714c00000, 0x0000000714c00000| Untracked 
| 201|0x0000000714d00000, 0x0000000714d00000, 0x0000000714e00000|  0%| F|  |TAMS 0x0000000714d00000, 0x0000000714d00000| Untracked 
| 202|0x0000000714e00000, 0x0000000714e00000, 0x0000000714f00000|  0%| F|  |TAMS 0x0000000714e00000, 0x0000000714e00000| Untracked 
| 203|0x0000000714f00000, 0x0000000714f00000, 0x0000000715000000|  0%| F|  |TAMS 0x0000000714f00000, 0x0000000714f00000| Untracked 
| 204|0x0000000715000000, 0x0000000715000000, 0x0000000715100000|  0%| F|  |TAMS 0x0000000715000000, 0x0000000715000000| Untracked 
| 205|0x0000000715100000, 0x0000000715100000, 0x0000000715200000|  0%| F|  |TAMS 0x0000000715100000, 0x0000000715100000| Untracked 
| 206|0x0000000715200000, 0x0000000715200000, 0x0000000715300000|  0%| F|  |TAMS 0x0000000715200000, 0x0000000715200000| Untracked 
| 207|0x0000000715300000, 0x0000000715300000, 0x0000000715400000|  0%| F|  |TAMS 0x0000000715300000, 0x0000000715300000| Untracked 
| 208|0x0000000715400000, 0x0000000715400000, 0x0000000715500000|  0%| F|  |TAMS 0x0000000715400000, 0x0000000715400000| Untracked 
| 209|0x0000000715500000, 0x0000000715500000, 0x0000000715600000|  0%| F|  |TAMS 0x0000000715500000, 0x0000000715500000| Untracked 
| 210|0x0000000715600000, 0x0000000715600000, 0x0000000715700000|  0%| F|  |TAMS 0x0000000715600000, 0x0000000715600000| Untracked 
| 211|0x0000000715700000, 0x0000000715700000, 0x0000000715800000|  0%| F|  |TAMS 0x0000000715700000, 0x0000000715700000| Untracked 
| 212|0x0000000715800000, 0x0000000715800000, 0x0000000715900000|  0%| F|  |TAMS 0x0000000715800000, 0x0000000715800000| Untracked 
| 213|0x0000000715900000, 0x0000000715900000, 0x0000000715a00000|  0%| F|  |TAMS 0x0000000715900000, 0x0000000715900000| Untracked 
| 214|0x0000000715a00000, 0x0000000715a00000, 0x0000000715b00000|  0%| F|  |TAMS 0x0000000715a00000, 0x0000000715a00000| Untracked 
| 215|0x0000000715b00000, 0x0000000715b00000, 0x0000000715c00000|  0%| F|  |TAMS 0x0000000715b00000, 0x0000000715b00000| Untracked 
| 216|0x0000000715c00000, 0x0000000715c00000, 0x0000000715d00000|  0%| F|  |TAMS 0x0000000715c00000, 0x0000000715c00000| Untracked 
| 217|0x0000000715d00000, 0x0000000715d00000, 0x0000000715e00000|  0%| F|  |TAMS 0x0000000715d00000, 0x0000000715d00000| Untracked 
| 218|0x0000000715e00000, 0x0000000715e00000, 0x0000000715f00000|  0%| F|  |TAMS 0x0000000715e00000, 0x0000000715e00000| Untracked 
| 219|0x0000000715f00000, 0x0000000715f00000, 0x0000000716000000|  0%| F|  |TAMS 0x0000000715f00000, 0x0000000715f00000| Untracked 
| 220|0x0000000716000000, 0x0000000716000000, 0x0000000716100000|  0%| F|  |TAMS 0x0000000716000000, 0x0000000716000000| Untracked 
| 221|0x0000000716100000, 0x0000000716100000, 0x0000000716200000|  0%| F|  |TAMS 0x0000000716100000, 0x0000000716100000| Untracked 
| 222|0x0000000716200000, 0x0000000716200000, 0x0000000716300000|  0%| F|  |TAMS 0x0000000716200000, 0x0000000716200000| Untracked 
| 223|0x0000000716300000, 0x0000000716300000, 0x0000000716400000|  0%| F|  |TAMS 0x0000000716300000, 0x0000000716300000| Untracked 
| 224|0x0000000716400000, 0x0000000716400000, 0x0000000716500000|  0%| F|  |TAMS 0x0000000716400000, 0x0000000716400000| Untracked 
| 225|0x0000000716500000, 0x0000000716500000, 0x0000000716600000|  0%| F|  |TAMS 0x0000000716500000, 0x0000000716500000| Untracked 
| 226|0x0000000716600000, 0x0000000716600000, 0x0000000716700000|  0%| F|  |TAMS 0x0000000716600000, 0x0000000716600000| Untracked 
| 227|0x0000000716700000, 0x0000000716700000, 0x0000000716800000|  0%| F|  |TAMS 0x0000000716700000, 0x0000000716700000| Untracked 
| 228|0x0000000716800000, 0x0000000716800000, 0x0000000716900000|  0%| F|  |TAMS 0x0000000716800000, 0x0000000716800000| Untracked 
| 229|0x0000000716900000, 0x0000000716900000, 0x0000000716a00000|  0%| F|  |TAMS 0x0000000716900000, 0x0000000716900000| Untracked 
| 230|0x0000000716a00000, 0x0000000716a00000, 0x0000000716b00000|  0%| F|  |TAMS 0x0000000716a00000, 0x0000000716a00000| Untracked 
| 231|0x0000000716b00000, 0x0000000716b00000, 0x0000000716c00000|  0%| F|  |TAMS 0x0000000716b00000, 0x0000000716b00000| Untracked 
| 232|0x0000000716c00000, 0x0000000716c00000, 0x0000000716d00000|  0%| F|  |TAMS 0x0000000716c00000, 0x0000000716c00000| Untracked 
| 233|0x0000000716d00000, 0x0000000716d00000, 0x0000000716e00000|  0%| F|  |TAMS 0x0000000716d00000, 0x0000000716d00000| Untracked 
| 234|0x0000000716e00000, 0x0000000716e00000, 0x0000000716f00000|  0%| F|  |TAMS 0x0000000716e00000, 0x0000000716e00000| Untracked 
| 235|0x0000000716f00000, 0x0000000716f00000, 0x0000000717000000|  0%| F|  |TAMS 0x0000000716f00000, 0x0000000716f00000| Untracked 
| 236|0x0000000717000000, 0x0000000717000000, 0x0000000717100000|  0%| F|  |TAMS 0x0000000717000000, 0x0000000717000000| Untracked 
| 237|0x0000000717100000, 0x0000000717100000, 0x0000000717200000|  0%| F|  |TAMS 0x0000000717100000, 0x0000000717100000| Untracked 
| 238|0x0000000717200000, 0x0000000717200000, 0x0000000717300000|  0%| F|  |TAMS 0x0000000717200000, 0x0000000717200000| Untracked 
| 239|0x0000000717300000, 0x0000000717300000, 0x0000000717400000|  0%| F|  |TAMS 0x0000000717300000, 0x0000000717300000| Untracked 
| 240|0x0000000717400000, 0x0000000717400000, 0x0000000717500000|  0%| F|  |TAMS 0x0000000717400000, 0x0000000717400000| Untracked 
| 241|0x0000000717500000, 0x0000000717500000, 0x0000000717600000|  0%| F|  |TAMS 0x0000000717500000, 0x0000000717500000| Untracked 
| 242|0x0000000717600000, 0x0000000717600000, 0x0000000717700000|  0%| F|  |TAMS 0x0000000717600000, 0x0000000717600000| Untracked 
| 243|0x0000000717700000, 0x0000000717700000, 0x0000000717800000|  0%| F|  |TAMS 0x0000000717700000, 0x0000000717700000| Untracked 
| 244|0x0000000717800000, 0x0000000717800000, 0x0000000717900000|  0%| F|  |TAMS 0x0000000717800000, 0x0000000717800000| Untracked 
| 245|0x0000000717900000, 0x0000000717900000, 0x0000000717a00000|  0%| F|  |TAMS 0x0000000717900000, 0x0000000717900000| Untracked 
| 246|0x0000000717a00000, 0x0000000717a00000, 0x0000000717b00000|  0%| F|  |TAMS 0x0000000717a00000, 0x0000000717a00000| Untracked 
| 247|0x0000000717b00000, 0x0000000717b00000, 0x0000000717c00000|  0%| F|  |TAMS 0x0000000717b00000, 0x0000000717b00000| Untracked 
| 248|0x0000000717c00000, 0x0000000717c00000, 0x0000000717d00000|  0%| F|  |TAMS 0x0000000717c00000, 0x0000000717c00000| Untracked 
| 249|0x0000000717d00000, 0x0000000717d00000, 0x0000000717e00000|  0%| F|  |TAMS 0x0000000717d00000, 0x0000000717d00000| Untracked 
| 250|0x0000000717e00000, 0x0000000717e00000, 0x0000000717f00000|  0%| F|  |TAMS 0x0000000717e00000, 0x0000000717e00000| Untracked 
| 251|0x0000000717f00000, 0x0000000717f00000, 0x0000000718000000|  0%| F|  |TAMS 0x0000000717f00000, 0x0000000717f00000| Untracked 
| 252|0x0000000718000000, 0x0000000718000000, 0x0000000718100000|  0%| F|  |TAMS 0x0000000718000000, 0x0000000718000000| Untracked 
| 253|0x0000000718100000, 0x0000000718100000, 0x0000000718200000|  0%| F|  |TAMS 0x0000000718100000, 0x0000000718100000| Untracked 
| 254|0x0000000718200000, 0x0000000718200000, 0x0000000718300000|  0%| F|  |TAMS 0x0000000718200000, 0x0000000718200000| Untracked 
| 255|0x0000000718300000, 0x0000000718300000, 0x0000000718400000|  0%| F|  |TAMS 0x0000000718300000, 0x0000000718300000| Untracked 
| 256|0x0000000718400000, 0x0000000718400000, 0x0000000718500000|  0%| F|  |TAMS 0x0000000718400000, 0x0000000718400000| Untracked 
| 257|0x0000000718500000, 0x0000000718500000, 0x0000000718600000|  0%| F|  |TAMS 0x0000000718500000, 0x0000000718500000| Untracked 
| 258|0x0000000718600000, 0x0000000718600000, 0x0000000718700000|  0%| F|  |TAMS 0x0000000718600000, 0x0000000718600000| Untracked 
| 259|0x0000000718700000, 0x0000000718700000, 0x0000000718800000|  0%| F|  |TAMS 0x0000000718700000, 0x0000000718700000| Untracked 
| 260|0x0000000718800000, 0x0000000718800000, 0x0000000718900000|  0%| F|  |TAMS 0x0000000718800000, 0x0000000718800000| Untracked 
| 261|0x0000000718900000, 0x0000000718900000, 0x0000000718a00000|  0%| F|  |TAMS 0x0000000718900000, 0x0000000718900000| Untracked 
| 262|0x0000000718a00000, 0x0000000718a00000, 0x0000000718b00000|  0%| F|  |TAMS 0x0000000718a00000, 0x0000000718a00000| Untracked 
| 263|0x0000000718b00000, 0x0000000718b00000, 0x0000000718c00000|  0%| F|  |TAMS 0x0000000718b00000, 0x0000000718b00000| Untracked 
| 264|0x0000000718c00000, 0x0000000718c00000, 0x0000000718d00000|  0%| F|  |TAMS 0x0000000718c00000, 0x0000000718c00000| Untracked 
| 265|0x0000000718d00000, 0x0000000718d00000, 0x0000000718e00000|  0%| F|  |TAMS 0x0000000718d00000, 0x0000000718d00000| Untracked 
| 266|0x0000000718e00000, 0x0000000718e00000, 0x0000000718f00000|  0%| F|  |TAMS 0x0000000718e00000, 0x0000000718e00000| Untracked 
| 267|0x0000000718f00000, 0x0000000718f00000, 0x0000000719000000|  0%| F|  |TAMS 0x0000000718f00000, 0x0000000718f00000| Untracked 
| 268|0x0000000719000000, 0x0000000719000000, 0x0000000719100000|  0%| F|  |TAMS 0x0000000719000000, 0x0000000719000000| Untracked 
| 269|0x0000000719100000, 0x0000000719100000, 0x0000000719200000|  0%| F|  |TAMS 0x0000000719100000, 0x0000000719100000| Untracked 
| 270|0x0000000719200000, 0x0000000719200000, 0x0000000719300000|  0%| F|  |TAMS 0x0000000719200000, 0x0000000719200000| Untracked 
| 271|0x0000000719300000, 0x0000000719300000, 0x0000000719400000|  0%| F|  |TAMS 0x0000000719300000, 0x0000000719300000| Untracked 
| 272|0x0000000719400000, 0x0000000719400000, 0x0000000719500000|  0%| F|  |TAMS 0x0000000719400000, 0x0000000719400000| Untracked 
| 273|0x0000000719500000, 0x0000000719500000, 0x0000000719600000|  0%| F|  |TAMS 0x0000000719500000, 0x0000000719500000| Untracked 
| 274|0x0000000719600000, 0x0000000719600000, 0x0000000719700000|  0%| F|  |TAMS 0x0000000719600000, 0x0000000719600000| Untracked 
| 275|0x0000000719700000, 0x0000000719700000, 0x0000000719800000|  0%| F|  |TAMS 0x0000000719700000, 0x0000000719700000| Untracked 
| 276|0x0000000719800000, 0x0000000719800000, 0x0000000719900000|  0%| F|  |TAMS 0x0000000719800000, 0x0000000719800000| Untracked 
| 277|0x0000000719900000, 0x0000000719900000, 0x0000000719a00000|  0%| F|  |TAMS 0x0000000719900000, 0x0000000719900000| Untracked 
| 278|0x0000000719a00000, 0x0000000719a00000, 0x0000000719b00000|  0%| F|  |TAMS 0x0000000719a00000, 0x0000000719a00000| Untracked 
| 279|0x0000000719b00000, 0x0000000719b00000, 0x0000000719c00000|  0%| F|  |TAMS 0x0000000719b00000, 0x0000000719b00000| Untracked 
| 280|0x0000000719c00000, 0x0000000719c00000, 0x0000000719d00000|  0%| F|  |TAMS 0x0000000719c00000, 0x0000000719c00000| Untracked 
| 281|0x0000000719d00000, 0x0000000719d00000, 0x0000000719e00000|  0%| F|  |TAMS 0x0000000719d00000, 0x0000000719d00000| Untracked 
| 282|0x0000000719e00000, 0x0000000719e00000, 0x0000000719f00000|  0%| F|  |TAMS 0x0000000719e00000, 0x0000000719e00000| Untracked 
| 283|0x0000000719f00000, 0x0000000719f00000, 0x000000071a000000|  0%| F|  |TAMS 0x0000000719f00000, 0x0000000719f00000| Untracked 
| 284|0x000000071a000000, 0x000000071a000000, 0x000000071a100000|  0%| F|  |TAMS 0x000000071a000000, 0x000000071a000000| Untracked 
| 285|0x000000071a100000, 0x000000071a100000, 0x000000071a200000|  0%| F|  |TAMS 0x000000071a100000, 0x000000071a100000| Untracked 
| 286|0x000000071a200000, 0x000000071a200000, 0x000000071a300000|  0%| F|  |TAMS 0x000000071a200000, 0x000000071a200000| Untracked 
| 287|0x000000071a300000, 0x000000071a300000, 0x000000071a400000|  0%| F|  |TAMS 0x000000071a300000, 0x000000071a300000| Untracked 
| 288|0x000000071a400000, 0x000000071a400000, 0x000000071a500000|  0%| F|  |TAMS 0x000000071a400000, 0x000000071a400000| Untracked 
| 289|0x000000071a500000, 0x000000071a500000, 0x000000071a600000|  0%| F|  |TAMS 0x000000071a500000, 0x000000071a500000| Untracked 
| 290|0x000000071a600000, 0x000000071a600000, 0x000000071a700000|  0%| F|  |TAMS 0x000000071a600000, 0x000000071a600000| Untracked 
| 291|0x000000071a700000, 0x000000071a700000, 0x000000071a800000|  0%| F|  |TAMS 0x000000071a700000, 0x000000071a700000| Untracked 
| 292|0x000000071a800000, 0x000000071a800000, 0x000000071a900000|  0%| F|  |TAMS 0x000000071a800000, 0x000000071a800000| Untracked 
| 293|0x000000071a900000, 0x000000071a900000, 0x000000071aa00000|  0%| F|  |TAMS 0x000000071a900000, 0x000000071a900000| Untracked 
| 294|0x000000071aa00000, 0x000000071aa00000, 0x000000071ab00000|  0%| F|  |TAMS 0x000000071aa00000, 0x000000071aa00000| Untracked 
| 295|0x000000071ab00000, 0x000000071ab00000, 0x000000071ac00000|  0%| F|  |TAMS 0x000000071ab00000, 0x000000071ab00000| Untracked 
| 296|0x000000071ac00000, 0x000000071ac00000, 0x000000071ad00000|  0%| F|  |TAMS 0x000000071ac00000, 0x000000071ac00000| Untracked 
| 297|0x000000071ad00000, 0x000000071ad00000, 0x000000071ae00000|  0%| F|  |TAMS 0x000000071ad00000, 0x000000071ad00000| Untracked 
| 298|0x000000071ae00000, 0x000000071ae00000, 0x000000071af00000|  0%| F|  |TAMS 0x000000071ae00000, 0x000000071ae00000| Untracked 
| 299|0x000000071af00000, 0x000000071b000000, 0x000000071b000000|100%| E|  |TAMS 0x000000071af00000, 0x000000071af00000| Complete 
| 300|0x000000071b000000, 0x000000071b100000, 0x000000071b100000|100%| E|CS|TAMS 0x000000071b000000, 0x000000071b000000| Complete 
| 301|0x000000071b100000, 0x000000071b200000, 0x000000071b200000|100%| E|CS|TAMS 0x000000071b100000, 0x000000071b100000| Complete 
| 302|0x000000071b200000, 0x000000071b300000, 0x000000071b300000|100%| E|CS|TAMS 0x000000071b200000, 0x000000071b200000| Complete 
| 303|0x000000071b300000, 0x000000071b400000, 0x000000071b400000|100%| E|CS|TAMS 0x000000071b300000, 0x000000071b300000| Complete 
| 304|0x000000071b400000, 0x000000071b500000, 0x000000071b500000|100%| E|CS|TAMS 0x000000071b400000, 0x000000071b400000| Complete 
| 305|0x000000071b500000, 0x000000071b600000, 0x000000071b600000|100%| E|CS|TAMS 0x000000071b500000, 0x000000071b500000| Complete 
| 306|0x000000071b600000, 0x000000071b700000, 0x000000071b700000|100%| E|CS|TAMS 0x000000071b600000, 0x000000071b600000| Complete 
| 307|0x000000071b700000, 0x000000071b800000, 0x000000071b800000|100%| E|CS|TAMS 0x000000071b700000, 0x000000071b700000| Complete 
| 308|0x000000071b800000, 0x000000071b900000, 0x000000071b900000|100%| E|CS|TAMS 0x000000071b800000, 0x000000071b800000| Complete 
| 309|0x000000071b900000, 0x000000071ba00000, 0x000000071ba00000|100%| E|CS|TAMS 0x000000071b900000, 0x000000071b900000| Complete 
| 310|0x000000071ba00000, 0x000000071bb00000, 0x000000071bb00000|100%| E|CS|TAMS 0x000000071ba00000, 0x000000071ba00000| Complete 
| 311|0x000000071bb00000, 0x000000071bc00000, 0x000000071bc00000|100%| E|CS|TAMS 0x000000071bb00000, 0x000000071bb00000| Complete 
| 312|0x000000071bc00000, 0x000000071bd00000, 0x000000071bd00000|100%| E|CS|TAMS 0x000000071bc00000, 0x000000071bc00000| Complete 
| 313|0x000000071bd00000, 0x000000071be00000, 0x000000071be00000|100%| E|CS|TAMS 0x000000071bd00000, 0x000000071bd00000| Complete 
| 314|0x000000071be00000, 0x000000071bf00000, 0x000000071bf00000|100%| E|CS|TAMS 0x000000071be00000, 0x000000071be00000| Complete 
| 315|0x000000071bf00000, 0x000000071c000000, 0x000000071c000000|100%| E|CS|TAMS 0x000000071bf00000, 0x000000071bf00000| Complete 
| 316|0x000000071c000000, 0x000000071c100000, 0x000000071c100000|100%| E|CS|TAMS 0x000000071c000000, 0x000000071c000000| Complete 
| 317|0x000000071c100000, 0x000000071c200000, 0x000000071c200000|100%| E|CS|TAMS 0x000000071c100000, 0x000000071c100000| Complete 
| 318|0x000000071c200000, 0x000000071c300000, 0x000000071c300000|100%| E|CS|TAMS 0x000000071c200000, 0x000000071c200000| Complete 
| 319|0x000000071c300000, 0x000000071c400000, 0x000000071c400000|100%| E|CS|TAMS 0x000000071c300000, 0x000000071c300000| Complete 
| 320|0x000000071c400000, 0x000000071c500000, 0x000000071c500000|100%| E|CS|TAMS 0x000000071c400000, 0x000000071c400000| Complete 
| 321|0x000000071c500000, 0x000000071c600000, 0x000000071c600000|100%| E|CS|TAMS 0x000000071c500000, 0x000000071c500000| Complete 
| 322|0x000000071c600000, 0x000000071c700000, 0x000000071c700000|100%| E|CS|TAMS 0x000000071c600000, 0x000000071c600000| Complete 
| 323|0x000000071c700000, 0x000000071c800000, 0x000000071c800000|100%| E|CS|TAMS 0x000000071c700000, 0x000000071c700000| Complete 
| 324|0x000000071c800000, 0x000000071c900000, 0x000000071c900000|100%| E|CS|TAMS 0x000000071c800000, 0x000000071c800000| Complete 
| 325|0x000000071c900000, 0x000000071ca00000, 0x000000071ca00000|100%| E|CS|TAMS 0x000000071c900000, 0x000000071c900000| Complete 
| 326|0x000000071ca00000, 0x000000071cb00000, 0x000000071cb00000|100%| E|CS|TAMS 0x000000071ca00000, 0x000000071ca00000| Complete 
| 327|0x000000071cb00000, 0x000000071cc00000, 0x000000071cc00000|100%| E|CS|TAMS 0x000000071cb00000, 0x000000071cb00000| Complete 
| 328|0x000000071cc00000, 0x000000071cd00000, 0x000000071cd00000|100%| E|CS|TAMS 0x000000071cc00000, 0x000000071cc00000| Complete 
| 329|0x000000071cd00000, 0x000000071ce00000, 0x000000071ce00000|100%| E|CS|TAMS 0x000000071cd00000, 0x000000071cd00000| Complete 
| 330|0x000000071ce00000, 0x000000071cf00000, 0x000000071cf00000|100%| E|CS|TAMS 0x000000071ce00000, 0x000000071ce00000| Complete 
| 331|0x000000071cf00000, 0x000000071d000000, 0x000000071d000000|100%| E|CS|TAMS 0x000000071cf00000, 0x000000071cf00000| Complete 
| 332|0x000000071d000000, 0x000000071d100000, 0x000000071d100000|100%| E|CS|TAMS 0x000000071d000000, 0x000000071d000000| Complete 
| 333|0x000000071d100000, 0x000000071d200000, 0x000000071d200000|100%| E|CS|TAMS 0x000000071d100000, 0x000000071d100000| Complete 
| 334|0x000000071d200000, 0x000000071d300000, 0x000000071d300000|100%| E|CS|TAMS 0x000000071d200000, 0x000000071d200000| Complete 
| 335|0x000000071d300000, 0x000000071d400000, 0x000000071d400000|100%| E|CS|TAMS 0x000000071d300000, 0x000000071d300000| Complete 
| 336|0x000000071d400000, 0x000000071d500000, 0x000000071d500000|100%| E|CS|TAMS 0x000000071d400000, 0x000000071d400000| Complete 
| 337|0x000000071d500000, 0x000000071d600000, 0x000000071d600000|100%| E|CS|TAMS 0x000000071d500000, 0x000000071d500000| Complete 
| 338|0x000000071d600000, 0x000000071d700000, 0x000000071d700000|100%| E|CS|TAMS 0x000000071d600000, 0x000000071d600000| Complete 
| 339|0x000000071d700000, 0x000000071d800000, 0x000000071d800000|100%| E|CS|TAMS 0x000000071d700000, 0x000000071d700000| Complete 
| 340|0x000000071d800000, 0x000000071d900000, 0x000000071d900000|100%| E|CS|TAMS 0x000000071d800000, 0x000000071d800000| Complete 
| 341|0x000000071d900000, 0x000000071da00000, 0x000000071da00000|100%| E|CS|TAMS 0x000000071d900000, 0x000000071d900000| Complete 
| 342|0x000000071da00000, 0x000000071db00000, 0x000000071db00000|100%| E|CS|TAMS 0x000000071da00000, 0x000000071da00000| Complete 
| 343|0x000000071db00000, 0x000000071dc00000, 0x000000071dc00000|100%| E|CS|TAMS 0x000000071db00000, 0x000000071db00000| Complete 
| 344|0x000000071dc00000, 0x000000071dd00000, 0x000000071dd00000|100%| E|CS|TAMS 0x000000071dc00000, 0x000000071dc00000| Complete 
| 345|0x000000071dd00000, 0x000000071de00000, 0x000000071de00000|100%| E|CS|TAMS 0x000000071dd00000, 0x000000071dd00000| Complete 
| 346|0x000000071de00000, 0x000000071df00000, 0x000000071df00000|100%| E|CS|TAMS 0x000000071de00000, 0x000000071de00000| Complete 
| 347|0x000000071df00000, 0x000000071e000000, 0x000000071e000000|100%| E|CS|TAMS 0x000000071df00000, 0x000000071df00000| Complete 
| 348|0x000000071e000000, 0x000000071e100000, 0x000000071e100000|100%| E|CS|TAMS 0x000000071e000000, 0x000000071e000000| Complete 
| 349|0x000000071e100000, 0x000000071e200000, 0x000000071e200000|100%| E|CS|TAMS 0x000000071e100000, 0x000000071e100000| Complete 
| 350|0x000000071e200000, 0x000000071e300000, 0x000000071e300000|100%| E|CS|TAMS 0x000000071e200000, 0x000000071e200000| Complete 
| 351|0x000000071e300000, 0x000000071e400000, 0x000000071e400000|100%| E|CS|TAMS 0x000000071e300000, 0x000000071e300000| Complete 
| 352|0x000000071e400000, 0x000000071e500000, 0x000000071e500000|100%| E|CS|TAMS 0x000000071e400000, 0x000000071e400000| Complete 
| 353|0x000000071e500000, 0x000000071e600000, 0x000000071e600000|100%| E|CS|TAMS 0x000000071e500000, 0x000000071e500000| Complete 
| 354|0x000000071e600000, 0x000000071e700000, 0x000000071e700000|100%| E|CS|TAMS 0x000000071e600000, 0x000000071e600000| Complete 
| 355|0x000000071e700000, 0x000000071e800000, 0x000000071e800000|100%| E|CS|TAMS 0x000000071e700000, 0x000000071e700000| Complete 
| 356|0x000000071e800000, 0x000000071e900000, 0x000000071e900000|100%| E|CS|TAMS 0x000000071e800000, 0x000000071e800000| Complete 
| 357|0x000000071e900000, 0x000000071ea00000, 0x000000071ea00000|100%| E|CS|TAMS 0x000000071e900000, 0x000000071e900000| Complete 

Card table byte_map: [0x000002064d8c0000,0x000002064e080000] _byte_map_base: 0x000002064a07e000

Marking Bits (Prev, Next): (CMBitMap*) 0x0000020635b2f608, (CMBitMap*) 0x0000020635b2f640
 Prev Bits: [0x000002064e840000, 0x0000020652630000)
 Next Bits: [0x0000020652630000, 0x0000020656420000)

Polling page: 0x0000020633c30000

Metaspace:

Usage:
  Non-class:     88.60 MB capacity,    87.35 MB ( 99%) used,   998.55 KB (  1%) free+waste,   278.06 KB ( <1%) overhead. 
      Class:     13.44 MB capacity,    12.65 MB ( 94%) used,   684.83 KB (  5%) free+waste,   124.38 KB ( <1%) overhead. 
       Both:    102.04 MB capacity,   100.00 MB ( 98%) used,     1.64 MB (  2%) free+waste,   402.44 KB ( <1%) overhead. 

Virtual space:
  Non-class space:       90.00 MB reserved,      88.83 MB ( 99%) committed 
      Class space:        1.00 GB reserved,      13.50 MB (  1%) committed 
             Both:        1.09 GB reserved,     102.33 MB (  9%) committed 

Chunk freelists:
   Non-Class:  5.25 KB
       Class:  0 bytes
        Both:  5.25 KB

CodeHeap 'non-profiled nmethods': size=120000Kb used=5442Kb max_used=7029Kb free=114557Kb
 bounds [0x00000206458a0000, 0x0000020645f90000, 0x000002064cdd0000]
CodeHeap 'profiled nmethods': size=120000Kb used=17596Kb max_used=18988Kb free=102403Kb
 bounds [0x000002063e370000, 0x000002063f610000, 0x00000206458a0000]
CodeHeap 'non-nmethods': size=5760Kb used=1384Kb max_used=1447Kb free=4375Kb
 bounds [0x000002063ddd0000, 0x000002063e040000, 0x000002063e370000]
 total_blobs=11953 nmethods=7540 adapters=610
 compilation: enabled
              stopped_count=0, restarted_count=0
 full_count=0

Compilation events (10 events):
Event: 4170.776 Thread 0x0000020659898000 9141   !   3       jdk.internal.reflect.GeneratedMethodAccessor98::invoke (63 bytes)
Event: 4170.777 Thread 0x0000020659898000 nmethod 9141 0x000002063edc3990 code [0x000002063edc3be0, 0x000002063edc43c0]
Event: 4200.745 Thread 0x00000206598eb000 9142       4       org.apache.http.client.utils.URLEncodedUtils::urlDecode (183 bytes)
Event: 4200.781 Thread 0x0000020659898000 9143       3       com.fasterxml.jackson.core.JsonStreamContext::inArray (14 bytes)
Event: 4200.781 Thread 0x0000020659898000 nmethod 9143 0x000002063e423710 code [0x000002063e4238c0, 0x000002063e423a78]
Event: 4200.858 Thread 0x00000206598eb000 nmethod 9142 0x0000020645b92510 code [0x0000020645b928e0, 0x0000020645b96230]
Event: 4230.785 Thread 0x0000020659898000 9144       3       com.fasterxml.jackson.core.json.UTF8StreamJsonParser::_closeArrayScope (34 bytes)
Event: 4230.785 Thread 0x0000020659898000 nmethod 9144 0x000002063e422e10 code [0x000002063e423000, 0x000002063e4234f0]
Event: 4260.753 Thread 0x0000020659898000 9145       3       org.apache.http.impl.io.AbstractSessionOutputBuffer::flushBuffer (45 bytes)
Event: 4260.753 Thread 0x0000020659898000 nmethod 9145 0x000002063ed9a010 code [0x000002063ed9a1e0, 0x000002063ed9a5b0]

GC Heap History (10 events):
Event: 11.226 GC heap before
{Heap before GC invocations=8 (full 0):
 garbage-first heap   total 305152K, used 192947K [0x0000000708400000, 0x0000000800000000)
  region size 1024K, 178 young (182272K), 13 survivors (13312K)
 Metaspace       used 54872K, capacity 56130K, committed 56400K, reserved 1099776K
  class space    used 6380K, capacity 6876K, committed 6912K, reserved 1048576K
}
Event: 11.256 GC heap after
{Heap after GC invocations=9 (full 0):
 garbage-first heap   total 305152K, used 31053K [0x0000000708400000, 0x0000000800000000)
  region size 1024K, 19 young (19456K), 19 survivors (19456K)
 Metaspace       used 54872K, capacity 56130K, committed 56400K, reserved 1099776K
  class space    used 6380K, capacity 6876K, committed 6912K, reserved 1048576K
}
Event: 11.613 GC heap before
{Heap before GC invocations=9 (full 0):
 garbage-first heap   total 305152K, used 48461K [0x0000000708400000, 0x0000000800000000)
  region size 1024K, 37 young (37888K), 19 survivors (19456K)
 Metaspace       used 58907K, capacity 60168K, committed 60240K, reserved 1101824K
  class space    used 6874K, capacity 7385K, committed 7424K, reserved 1048576K
}
Event: 11.651 GC heap after
{Heap after GC invocations=10 (full 0):
 garbage-first heap   total 305152K, used 33108K [0x0000000708400000, 0x0000000800000000)
  region size 1024K, 10 young (10240K), 10 survivors (10240K)
 Metaspace       used 58907K, capacity 60168K, committed 60240K, reserved 1101824K
  class space    used 6874K, capacity 7385K, committed 7424K, reserved 1048576K
}
Event: 13.661 GC heap before
{Heap before GC invocations=11 (full 0):
 garbage-first heap   total 305152K, used 205140K [0x0000000708400000, 0x0000000800000000)
  region size 1024K, 178 young (182272K), 10 survivors (10240K)
 Metaspace       used 77113K, capacity 78539K, committed 78672K, reserved 1118208K
  class space    used 9658K, capacity 10173K, committed 10240K, reserved 1048576K
}
Event: 13.676 GC heap after
{Heap after GC invocations=12 (full 0):
 garbage-first heap   total 305152K, used 37208K [0x0000000708400000, 0x0000000800000000)
  region size 1024K, 14 young (14336K), 14 survivors (14336K)
 Metaspace       used 77113K, capacity 78539K, committed 78672K, reserved 1118208K
  class space    used 9658K, capacity 10173K, committed 10240K, reserved 1048576K
}
Event: 16.164 GC heap before
{Heap before GC invocations=12 (full 0):
 garbage-first heap   total 305152K, used 205144K [0x0000000708400000, 0x0000000800000000)
  region size 1024K, 178 young (182272K), 14 survivors (14336K)
 Metaspace       used 88722K, capacity 90511K, committed 90704K, reserved 1128448K
  class space    used 11226K, capacity 11919K, committed 12032K, reserved 1048576K
}
Event: 16.183 GC heap after
{Heap after GC invocations=13 (full 0):
 garbage-first heap   total 305152K, used 45832K [0x0000000708400000, 0x0000000800000000)
  region size 1024K, 16 young (16384K), 16 survivors (16384K)
 Metaspace       used 88722K, capacity 90511K, committed 90704K, reserved 1128448K
  class space    used 11226K, capacity 11919K, committed 12032K, reserved 1048576K
}
Event: 272.797 GC heap before
{Heap before GC invocations=13 (full 0):
 garbage-first heap   total 305152K, used 147208K [0x0000000708400000, 0x0000000800000000)
  region size 1024K, 116 young (118784K), 16 survivors (16384K)
 Metaspace       used 98803K, capacity 100733K, committed 100816K, reserved 1136640K
  class space    used 12610K, capacity 13377K, committed 13440K, reserved 1048576K
}
Event: 272.827 GC heap after
{Heap after GC invocations=14 (full 0):
 garbage-first heap   total 366592K, used 48062K [0x0000000708400000, 0x0000000800000000)
  region size 1024K, 12 young (12288K), 12 survivors (12288K)
 Metaspace       used 98803K, capacity 100733K, committed 100816K, reserved 1136640K
  class space    used 12610K, capacity 13377K, committed 13440K, reserved 1048576K
}

Deoptimization events (10 events):
Event: 417.246 Thread 0x000002065f784000 Uncommon trap: reason=unstable_if action=reinterpret pc=0x0000020645c10e10 method=java.util.ArrayList.toArray([Ljava/lang/Object;)[Ljava/lang/Object; @ 45 c2
Event: 1702.354 Thread 0x000002065e4bd800 Uncommon trap: reason=unstable_if action=reinterpret pc=0x0000020645a9198c method=java.util.concurrent.locks.AbstractQueuedSynchronizer$ConditionObject.awaitNanos(J)J @ 79 c2
Event: 1785.211 Thread 0x000002065e4c6800 Uncommon trap: reason=intrinsic_or_type_checked_inlining action=make_not_entrant pc=0x0000020645a5ac0c method=java.util.ArrayList$SubList.toArray([Ljava/lang/Object;)[Ljava/lang/Object; @ 58 c2
Event: 1805.887 Thread 0x000002065e4c8000 Uncommon trap: reason=unstable_if action=reinterpret pc=0x0000020645cf9888 method=java.math.BigInteger.addOne([IIII)I @ 55 c2
Event: 2790.573 Thread 0x000002065e4be000 Uncommon trap: reason=bimorphic_or_optimized_type_check action=maybe_recompile pc=0x0000020645ad8914 method=java.util.HashMap.computeIfAbsent(Ljava/lang/Object;Ljava/util/function/Function;)Ljava/lang/Object; @ 286 c2
Event: 2790.573 Thread 0x000002065e4be000 Uncommon trap: reason=bimorphic_or_optimized_type_check action=maybe_recompile pc=0x0000020645ad8914 method=java.util.HashMap.computeIfAbsent(Ljava/lang/Object;Ljava/util/function/Function;)Ljava/lang/Object; @ 286 c2
Event: 2790.573 Thread 0x000002065e4be000 Uncommon trap: reason=class_check action=maybe_recompile pc=0x0000020645ad86b8 method=java.util.HashMap.computeIfAbsent(Ljava/lang/Object;Ljava/util/function/Function;)Ljava/lang/Object; @ 188 c2
Event: 2790.573 Thread 0x000002065e4be000 Uncommon trap: reason=class_check action=maybe_recompile pc=0x0000020645ad86b8 method=java.util.HashMap.computeIfAbsent(Ljava/lang/Object;Ljava/util/function/Function;)Ljava/lang/Object; @ 188 c2
Event: 2790.573 Thread 0x000002065e4be000 Uncommon trap: reason=bimorphic_or_optimized_type_check action=maybe_recompile pc=0x0000020645ad8914 method=java.util.HashMap.computeIfAbsent(Ljava/lang/Object;Ljava/util/function/Function;)Ljava/lang/Object; @ 286 c2
Event: 2790.573 Thread 0x000002065e4be000 Uncommon trap: reason=bimorphic_or_optimized_type_check action=maybe_recompile pc=0x0000020645ad8914 method=java.util.HashMap.computeIfAbsent(Ljava/lang/Object;Ljava/util/function/Function;)Ljava/lang/Object; @ 286 c2

Classes redefined (0 events):
No events

Internal exceptions (10 events):
Event: 4110.767 Thread 0x000002065e4be000 Exception <a 'java/net/SocketTimeoutException'{0x000000071b0e4f90}: Read timed out> (0x000000071b0e4f90) thrown at [t:/workspace/open/src/hotspot/share/prims/jni.cpp, line 636]
Event: 4140.738 Thread 0x000002065e4c2800 Exception <a 'java/net/SocketTimeoutException'{0x000000071b09da10}: Read timed out> (0x000000071b09da10) thrown at [t:/workspace/open/src/hotspot/share/prims/jni.cpp, line 636]
Event: 4140.771 Thread 0x000002065e4be000 Exception <a 'java/net/SocketTimeoutException'{0x000000071b0eec60}: Read timed out> (0x000000071b0eec60) thrown at [t:/workspace/open/src/hotspot/share/prims/jni.cpp, line 636]
Event: 4170.742 Thread 0x000002065e4c2800 Exception <a 'java/net/SocketTimeoutException'{0x000000071af58058}: Read timed out> (0x000000071af58058) thrown at [t:/workspace/open/src/hotspot/share/prims/jni.cpp, line 636]
Event: 4170.775 Thread 0x000002065e4be000 Exception <a 'java/net/SocketTimeoutException'{0x000000071afa86a8}: Read timed out> (0x000000071afa86a8) thrown at [t:/workspace/open/src/hotspot/share/prims/jni.cpp, line 636]
Event: 4200.745 Thread 0x000002065e4c2800 Exception <a 'java/net/SocketTimeoutException'{0x000000071af62110}: Read timed out> (0x000000071af62110) thrown at [t:/workspace/open/src/hotspot/share/prims/jni.cpp, line 636]
Event: 4200.779 Thread 0x000002065e4be000 Exception <a 'java/net/SocketTimeoutException'{0x000000071afb2378}: Read timed out> (0x000000071afb2378) thrown at [t:/workspace/open/src/hotspot/share/prims/jni.cpp, line 636]
Event: 4230.748 Thread 0x000002065e4c2800 Exception <a 'java/net/SocketTimeoutException'{0x000000071af6c358}: Read timed out> (0x000000071af6c358) thrown at [t:/workspace/open/src/hotspot/share/prims/jni.cpp, line 636]
Event: 4230.784 Thread 0x000002065e4be000 Exception <a 'java/net/SocketTimeoutException'{0x000000071afbc048}: Read timed out> (0x000000071afbc048) thrown at [t:/workspace/open/src/hotspot/share/prims/jni.cpp, line 636]
Event: 4260.752 Thread 0x000002065e4c2800 Exception <a 'java/net/SocketTimeoutException'{0x000000071af76410}: Read timed out> (0x000000071af76410) thrown at [t:/workspace/open/src/hotspot/share/prims/jni.cpp, line 636]

Events (10 events):
Event: 4230.784 Thread 0x000002065e4be000 DEOPT UNPACKING pc=0x000002063de0d1ce sp=0x0000001aab1fd510 mode 1
Event: 4230.794 Thread 0x000002065989a800 flushing nmethod 0x000002063f5dce10
Event: 4260.752 Thread 0x000002065e4c2800 DEOPT PACKING pc=0x000002063f1d3a74 sp=0x0000001aab2fdbe0
Event: 4260.752 Thread 0x000002065e4c2800 DEOPT UNPACKING pc=0x000002063de0d1ce sp=0x0000001aab2fd0c8 mode 1
Event: 4260.752 Thread 0x000002065e4c2800 DEOPT PACKING pc=0x000002063f1d27b4 sp=0x0000001aab2fdd30
Event: 4260.752 Thread 0x000002065e4c2800 DEOPT UNPACKING pc=0x000002063de0d1ce sp=0x0000001aab2fd1e8 mode 1
Event: 4260.752 Thread 0x000002065e4c2800 DEOPT PACKING pc=0x000002063e9c23fc sp=0x0000001aab2fdda0
Event: 4260.752 Thread 0x000002065e4c2800 DEOPT UNPACKING pc=0x000002063de0d1ce sp=0x0000001aab2fd278 mode 1
Event: 4260.752 Thread 0x000002065e4c2800 DEOPT PACKING pc=0x000002063e88ff5c sp=0x0000001aab2fde30
Event: 4260.752 Thread 0x000002065e4c2800 DEOPT UNPACKING pc=0x000002063de0d1ce sp=0x0000001aab2fd2d0 mode 1


Dynamic libraries:
0x00007ff771910000 - 0x00007ff771957000 	C:\Program Files\Java\jdk-11.0.2\bin\java.exe
0x00007ffdcddc0000 - 0x00007ffdcdfad000 	C:\Windows\SYSTEM32\ntdll.dll
0x00007ffdcb1f0000 - 0x00007ffdcb2a3000 	C:\Windows\System32\KERNEL32.DLL
0x00007ffdc9f10000 - 0x00007ffdca1a3000 	C:\Windows\System32\KERNELBASE.dll
0x00007ffdcbc70000 - 0x00007ffdcbd13000 	C:\Windows\System32\ADVAPI32.dll
0x00007ffdcb150000 - 0x00007ffdcb1ee000 	C:\Windows\System32\msvcrt.dll
0x00007ffdcbee0000 - 0x00007ffdcbf7e000 	C:\Windows\System32\sechost.dll
0x00007ffdcbf80000 - 0x00007ffdcc0a2000 	C:\Windows\System32\RPCRT4.dll
0x00007ffdcb740000 - 0x00007ffdcb8d7000 	C:\Windows\System32\USER32.dll
0x00007ffdcacd0000 - 0x00007ffdcacf0000 	C:\Windows\System32\win32u.dll
0x00007ffdcdcd0000 - 0x00007ffdcdcf9000 	C:\Windows\System32\GDI32.dll
0x00007ffdcab30000 - 0x00007ffdcacca000 	C:\Windows\System32\gdi32full.dll
0x00007ffdcaef0000 - 0x00007ffdcaf90000 	C:\Windows\System32\msvcp_win.dll
0x00007ffdca290000 - 0x00007ffdca38a000 	C:\Windows\System32\ucrtbase.dll
0x00007ffdbd130000 - 0x00007ffdbd3a9000 	C:\Windows\WinSxS\amd64_microsoft.windows.common-controls_6595b64144ccf1df_6.0.17763.557_none_05b63f68071e5b9f\COMCTL32.dll
0x00007ffdc3750000 - 0x00007ffdc375a000 	C:\Windows\SYSTEM32\VERSION.dll
0x00007ffdcb940000 - 0x00007ffdcbc6c000 	C:\Windows\System32\combase.dll
0x00007ffdca210000 - 0x00007ffdca28e000 	C:\Windows\System32\bcryptPrimitives.dll
0x00007ffdcb040000 - 0x00007ffdcb06e000 	C:\Windows\System32\IMM32.DLL
0x00007ffd9c810000 - 0x00007ffd9c826000 	C:\Program Files\Java\jdk-11.0.2\bin\vcruntime140.dll
0x00007ffd99bf0000 - 0x00007ffd99c9a000 	C:\Program Files\Java\jdk-11.0.2\bin\msvcp140.dll
0x00007ffd990c0000 - 0x00007ffd99be7000 	C:\Program Files\Java\jdk-11.0.2\bin\server\jvm.dll
0x00007ffdcb490000 - 0x00007ffdcb498000 	C:\Windows\System32\PSAPI.DLL
0x00007ffdc4640000 - 0x00007ffdc4649000 	C:\Windows\SYSTEM32\WSOCK32.dll
0x00007ffdcc0b0000 - 0x00007ffdcc11d000 	C:\Windows\System32\WS2_32.dll
0x00007ffdc8000000 - 0x00007ffdc8024000 	C:\Windows\SYSTEM32\WINMM.dll
0x00007ffdc7fd0000 - 0x00007ffdc7ffd000 	C:\Windows\SYSTEM32\winmmbase.dll
0x00007ffdca390000 - 0x00007ffdca3da000 	C:\Windows\System32\cfgmgr32.dll
0x00007ffdc9db0000 - 0x00007ffdc9dc1000 	C:\Windows\System32\kernel.appcore.dll
0x00007ffd9c7f0000 - 0x00007ffd9c801000 	C:\Program Files\Java\jdk-11.0.2\bin\verify.dll
0x00007ffdbf780000 - 0x00007ffdbf96d000 	C:\Windows\SYSTEM32\DBGHELP.DLL
0x00007ffdbf680000 - 0x00007ffdbf6aa000 	C:\Windows\SYSTEM32\dbgcore.DLL
0x00007ffd9c7c0000 - 0x00007ffd9c7e9000 	C:\Program Files\Java\jdk-11.0.2\bin\java.dll
0x00007ffdbdd70000 - 0x00007ffdbdda7000 	C:\Program Files\Java\jdk-11.0.2\bin\jdwp.dll
0x00007ffdbb560000 - 0x00007ffdbb58f000 	C:\Program Files\Java\jdk-11.0.2\bin\instrument.dll
0x00007ffd990a0000 - 0x00007ffd990b6000 	C:\Program Files\Java\jdk-11.0.2\bin\zip.dll
0x00007ffd9fae0000 - 0x00007ffd9faea000 	C:\Program Files\Java\jdk-11.0.2\bin\jimage.dll
0x00007ffdcc700000 - 0x00007ffdcdbf0000 	C:\Windows\System32\SHELL32.dll
0x00007ffdcbe30000 - 0x00007ffdcbed8000 	C:\Windows\System32\shcore.dll
0x00007ffdca3e0000 - 0x00007ffdcab2a000 	C:\Windows\System32\windows.storage.dll
0x00007ffdc9dd0000 - 0x00007ffdc9df4000 	C:\Windows\System32\profapi.dll
0x00007ffdc9e00000 - 0x00007ffdc9e5d000 	C:\Windows\System32\powrprof.dll
0x00007ffdcdc70000 - 0x00007ffdcdcc2000 	C:\Windows\System32\shlwapi.dll
0x00007ffdcaed0000 - 0x00007ffdcaee7000 	C:\Windows\System32\cryptsp.dll
0x00007ffdc7ca0000 - 0x00007ffdc7caa000 	C:\Program Files\Java\jdk-11.0.2\bin\dt_socket.dll
0x00007ffdc9610000 - 0x00007ffdc9677000 	C:\Windows\system32\mswsock.dll
0x00007ffd99080000 - 0x00007ffd99099000 	C:\Program Files\Java\jdk-11.0.2\bin\net.dll
0x00007ffdc5a40000 - 0x00007ffdc5b31000 	C:\Windows\SYSTEM32\WINHTTP.dll
0x00007ffdc1800000 - 0x00007ffdc19d7000 	C:\Windows\SYSTEM32\urlmon.dll
0x00007ffdc03b0000 - 0x00007ffdc0658000 	C:\Windows\SYSTEM32\iertutil.dll
0x00007ffdc97e0000 - 0x00007ffdc97ec000 	C:\Windows\SYSTEM32\CRYPTBASE.DLL
0x00007ffd99060000 - 0x00007ffd99073000 	C:\Program Files\Java\jdk-11.0.2\bin\nio.dll
0x00007ffdc9360000 - 0x00007ffdc939d000 	C:\Windows\SYSTEM32\IPHLPAPI.DLL
0x00007ffdcb070000 - 0x00007ffdcb078000 	C:\Windows\System32\NSI.dll
0x00007ffdc5a10000 - 0x00007ffdc5a26000 	C:\Windows\SYSTEM32\dhcpcsvc6.DLL
0x00007ffdc57f0000 - 0x00007ffdc580c000 	C:\Windows\SYSTEM32\dhcpcsvc.DLL
0x00007ffdc93b0000 - 0x00007ffdc9476000 	C:\Windows\SYSTEM32\DNSAPI.dll
0x00007ffdc22c0000 - 0x00007ffdc22ca000 	C:\Windows\System32\rasadhlp.dll
0x00007ffdc5b40000 - 0x00007ffdc5bb9000 	C:\Windows\System32\fwpuclnt.dll
0x00007ffdcaf90000 - 0x00007ffdcafb6000 	C:\Windows\System32\bcrypt.dll
0x00007ffdc4ed0000 - 0x00007ffdc4ed9000 	C:\Program Files\Java\jdk-11.0.2\bin\management.dll
0x00007ffdc4ec0000 - 0x00007ffdc4ecc000 	C:\Program Files\Java\jdk-11.0.2\bin\management_ext.dll
0x00007ffdbad70000 - 0x00007ffdbad86000 	C:\Windows\system32\napinsp.dll
0x00007ffdbad90000 - 0x00007ffdbadaa000 	C:\Windows\system32\pnrpnsp.dll
0x00007ffdbadd0000 - 0x00007ffdbadde000 	C:\Windows\System32\winrnr.dll
0x00007ffdc7b60000 - 0x00007ffdc7b7b000 	C:\Windows\system32\NLAapi.dll
0x00007ffdbade0000 - 0x00007ffdbadf5000 	C:\Windows\system32\wshbth.dll
0x00007ffdc9170000 - 0x00007ffdc91a3000 	C:\Windows\system32\rsaenh.dll
0x00007ffdc9cc0000 - 0x00007ffdc9ce8000 	C:\Windows\SYSTEM32\USERENV.dll
0x00007ffdbb460000 - 0x00007ffdbb487000 	C:\Program Files\Java\jdk-11.0.2\bin\sunec.dll
0x00007ffdbb500000 - 0x00007ffdbb50d000 	C:\Program Files\Java\jdk-11.0.2\bin\sunmscapi.dll
0x00007ffdcacf0000 - 0x00007ffdcaecb000 	C:\Windows\System32\CRYPT32.dll
0x00007ffdc9d90000 - 0x00007ffdc9da2000 	C:\Windows\System32\MSASN1.dll
0x00007ffdc98e0000 - 0x00007ffdc9906000 	C:\Windows\SYSTEM32\ncrypt.dll
0x00007ffdc98a0000 - 0x00007ffdc98dc000 	C:\Windows\SYSTEM32\NTASN1.dll

dbghelp: loaded successfully - version: 4.0.5 - missing functions: none
symbol engine: initialized successfully - sym options: 0x614 - pdb path: .;C:\Program Files\Java\jdk-11.0.2\bin;C:\Windows\SYSTEM32;C:\Windows\WinSxS\amd64_microsoft.windows.common-controls_6595b64144ccf1df_6.0.17763.557_none_05b63f68071e5b9f;C:\Program Files\Java\jdk-11.0.2\bin\server

VM Arguments:
jvm_args: -agentlib:jdwp=transport=dt_socket,address=127.0.0.1:57165,suspend=y,server=n -javaagent:C:\Users\novac.stoica\.IdeaIC2019.1\system\captureAgent\debugger-agent.jar -Dfile.encoding=UTF-8 
java_command: com.example.notificationservice.notificationservice.NotificationServiceApplication
java_class_path (initial): E:\new\notification-service\target\classes;C:\Users\novac.stoica\.m2\repository\org\springframework\boot\spring-boot-starter-web\2.1.6.RELEASE\spring-boot-starter-web-2.1.6.RELEASE.jar;C:\Users\novac.stoica\.m2\repository\org\springframework\boot\spring-boot-starter\2.1.6.RELEASE\spring-boot-starter-2.1.6.RELEASE.jar;C:\Users\novac.stoica\.m2\repository\org\springframework\boot\spring-boot\2.1.6.RELEASE\spring-boot-2.1.6.RELEASE.jar;C:\Users\novac.stoica\.m2\repository\org\springframework\boot\spring-boot-autoconfigure\2.1.6.RELEASE\spring-boot-autoconfigure-2.1.6.RELEASE.jar;C:\Users\novac.stoica\.m2\repository\org\springframework\boot\spring-boot-starter-logging\2.1.6.RELEASE\spring-boot-starter-logging-2.1.6.RELEASE.jar;C:\Users\novac.stoica\.m2\repository\ch\qos\logback\logback-classic\1.2.3\logback-classic-1.2.3.jar;C:\Users\novac.stoica\.m2\repository\ch\qos\logback\logback-core\1.2.3\logback-core-1.2.3.jar;C:\Users\novac.stoica\.m2\repository\org\apache\logging\log4j\log4j-to-slf4j\2.11.2\log4j-to-slf4j-2.11.2.jar;C:\Users\novac.stoica\.m2\repository\org\apache\logging\log4j\log4j-api\2.11.2\log4j-api-2.11.2.jar;C:\Users\novac.stoica\.m2\repository\org\slf4j\jul-to-slf4j\1.7.26\jul-to-slf4j-1.7.26.jar;C:\Users\novac.stoica\.m2\repository\javax\annotation\javax.annotation-api\1.3.2\javax.annotation-api-1.3.2.jar;C:\Users\novac.stoica\.m2\repository\org\yaml\snakeyaml\1.23\snakeyaml-1.23.jar;C:\Users\novac.stoica\.m2\repository\org\springframework\boot\spring-boot-starter-json\2.1.6.RELEASE\spring-boot-starter-json-2.1.6.RELEASE.jar;C:\Users\novac.stoica\.m2\repository\com\fasterxml\jackson\core\jackson-databind\2.9.9\jackson-databind-2.9.9.jar;C:\Users\novac.stoica\.m2\repository\com\fasterxml\jackson\core\jackson-annotations\2.9.0\jackson-annotations-2.9.0.jar;C:\Users\novac.stoica\.m2\repository\com\fasterxml\jackson\core\jackson-core\2.9.9\jackson-core-2.9.9.jar;C:\Users\novac.stoica\.m2\repository\com\fasterxml\jackson\datatype
Launcher Type: SUN_STANDARD

[Global flags]
     intx CICompilerCount                          = 4                                         {product} {ergonomic}
     uint ConcGCThreads                            = 2                                         {product} {ergonomic}
     uint G1ConcRefinementThreads                  = 8                                         {product} {ergonomic}
   size_t G1HeapRegionSize                         = 1048576                                   {product} {ergonomic}
    uintx GCDrainStackTargetSize                   = 64                                        {product} {ergonomic}
   size_t InitialHeapSize                          = 260046848                                 {product} {ergonomic}
   size_t MarkStackSize                            = 4194304                                   {product} {ergonomic}
   size_t MaxHeapSize                              = 4156555264                                {product} {ergonomic}
   size_t MaxNewSize                               = 2493513728                                {product} {ergonomic}
   size_t MinHeapDeltaBytes                        = 1048576                                   {product} {ergonomic}
    uintx NonNMethodCodeHeapSize                   = 5835340                                {pd product} {ergonomic}
    uintx NonProfiledCodeHeapSize                  = 122911450                              {pd product} {ergonomic}
    uintx ProfiledCodeHeapSize                     = 122911450                              {pd product} {ergonomic}
    uintx ReservedCodeCacheSize                    = 251658240                              {pd product} {ergonomic}
     bool SegmentedCodeCache                       = true                                      {product} {ergonomic}
     bool UseCompressedClassPointers               = true                                 {lp64_product} {ergonomic}
     bool UseCompressedOops                        = true                                 {lp64_product} {ergonomic}
     bool UseG1GC                                  = true                                      {product} {ergonomic}
     bool UseLargePagesIndividualAllocation        = false                                  {pd product} {ergonomic}

Logging:
Log output configuration:
 #0: stdout all=warning uptime,level,tags
 #1: stderr all=off uptime,level,tags

Environment Variables:
JAVA_HOME=C:\Program Files\Java\jdk-11.0.2
PATH=C:\Windows\system32;C:\Windows;C:\Windows\System32\Wbem;C:\Windows\System32\WindowsPowerShell\v1.0\;C:\Windows\System32\OpenSSH\;C:\Program Files\Git\cmd;C:\Program Files\nodejs\;E:\apache-maven-3.6.1\bin;C:\Users\novac.stoica\AppData\Local\Microsoft\WindowsApps;C:\Users\novac.stoica\AppData\Roaming\npm
USERNAME=novac.stoica
OS=Windows_NT
PROCESSOR_IDENTIFIER=AMD64 Family 21 Model 2 Stepping 0, AuthenticAMD



---------------  S Y S T E M  ---------------

OS: Windows 10 , 64 bit Build 17763 (10.0.17763.475)

CPU:total 8 (initial active 8) (8 cores per cpu, 1 threads per core) family 21 model 2 stepping 0, cmov, cx8, fxsr, mmx, sse, sse2, sse3, ssse3, sse4.1, sse4.2, popcnt, avx, aes, clmul, mmxext, 3dnowpref, lzcnt, sse4a, tsc, tscinvbit, tscinv, bmi1, fma

Memory: 4k page, system-wide physical 15853M (7318M free)
TotalPageFile size 18285M (AvailPageFile size 3716M)
current process WorkingSet (physical memory assigned to process): 164M, peak: 527M
current process commit charge ("private bytes"): 626M, peak: 675M

vm_info: Java HotSpot(TM) 64-Bit Server VM (11.0.2+9-LTS) for windows-amd64 JRE (11.0.2+9-LTS), built on Jan 18 2019 05:24:10 by "mach5one" with MS VC++ 15.5 (VS2017)

END.
