#
# A fatal error has been detected by the Java Runtime Environment:
#
#  EXCEPTION_ACCESS_VIOLATION (0xc0000005) at pc=0x00007ff96c837971, pid=13476, tid=13700
#
# JRE version: Java(TM) SE Runtime Environment (11.0.2+9) (build 11.0.2+9-LTS)
# Java VM: Java HotSpot(TM) 64-Bit Server VM (11.0.2+9-LTS, mixed mode, tiered, compressed oops, g1 gc, windows-amd64)
# Problematic frame:
# V  [jvm.dll+0x177971]
#
# No core dump will be written. Minidumps are not enabled by default on client versions of Windows
#
# If you would like to submit a bug report, please visit:
#   http://bugreport.java.com/bugreport/crash.jsp
#

---------------  S U M M A R Y ------------

Command Line: -javaagent:C:\Program Files\JetBrains\IntelliJ IDEA Community Edition 2019.1\lib\idea_rt.jar=50782:C:\Program Files\JetBrains\IntelliJ IDEA Community Edition 2019.1\bin -Dfile.encoding=UTF-8 com.example.scheduleservice.scheduleservice.ScheduleServiceApplication

Host: AMD FX(tm)-8320 Eight-Core Processor           , 8 cores, 15G,  Windows 10 , 64 bit Build 17763 (10.0.17763.475)
Time: Thu Jul  4 12:04:23 2019 GTB Daylight Time elapsed time: 6 seconds (0d 0h 0m 6s)

---------------  T H R E A D  ---------------

Current thread (0x0000017ea335f800):  JavaThread "C1 CompilerThread0" daemon [_thread_in_native, id=13700, stack(0x0000002846000000,0x0000002846100000)]


Current CompileTask:
C1:   6897 2808       3       org.springframework.asm.ClassReader::readCode (5085 bytes)

Stack: [0x0000002846000000,0x0000002846100000],  sp=0x00000028460fe160,  free space=1016k
Native frames: (J=compiled Java code, j=interpreted, Vv=VM code, C=native code)
V  [jvm.dll+0x177971]
V  [jvm.dll+0x179861]
V  [jvm.dll+0x12ce9f]
V  [jvm.dll+0x12c6a9]
V  [jvm.dll+0x12c8df]
V  [jvm.dll+0x12ba57]
V  [jvm.dll+0x12daf7]
V  [jvm.dll+0x2263af]
V  [jvm.dll+0x2249b8]
V  [jvm.dll+0x738a9d]
V  [jvm.dll+0x6347f2]
C  [ucrtbase.dll+0x21ffa]
C  [KERNEL32.DLL+0x17974]
C  [ntdll.dll+0x6a271]


siginfo: EXCEPTION_ACCESS_VIOLATION (0xc0000005), reading address 0xffffffffffffffff


Register to memory mapping:

RIP=0x00007ff96c837971 jvm.dll
RAX=0x0000017ea43473a0 points into unknown readable memory: 00 a1 40 a3 7e 01 00 00
RBX=0x0000017ea360adf0 points into unknown readable memory: 40 2c f0 6c f9 7f 00 00
RCX=0x0020017ea428bcb0 is an unknown value
RDX=0x0000017ea3b864b0 points into unknown readable memory: 00 00 00 00 00 00 00 00
RSP=0x00000028460fe160 is pointing into the stack for thread: 0x0000017ea335f800
RBP=0x00000028460fe260 is pointing into the stack for thread: 0x0000017ea335f800
RSI=0x0000000000000d5e is an unknown value
RDI=0x0000000000f6d00b is an unknown value
R8 =0x000000000000002e is an unknown value
R9 =0x0000000000000d60 is an unknown value
R10=0x00000000000003db is an unknown value
R11=0x0000017ea66e98f0 points into unknown readable memory: e0 ed 0f 46 28 00 00 00
R12=0x0 is NULL
R13=0x0000017ea66e98f0 points into unknown readable memory: e0 ed 0f 46 28 00 00 00
R14=0x0 is NULL
R15=0x0000000000000001 is an unknown value


Registers:
RAX=0x0000017ea43473a0, RBX=0x0000017ea360adf0, RCX=0x0020017ea428bcb0, RDX=0x0000017ea3b864b0
RSP=0x00000028460fe160, RBP=0x00000028460fe260, RSI=0x0000000000000d5e, RDI=0x0000000000f6d00b
R8 =0x000000000000002e, R9 =0x0000000000000d60, R10=0x00000000000003db, R11=0x0000017ea66e98f0
R12=0x0000000000000000, R13=0x0000017ea66e98f0, R14=0x0000000000000000, R15=0x0000000000000001
RIP=0x00007ff96c837971, EFLAGS=0x0000000000010216

Top of Stack: (sp=0x00000028460fe160)
0x00000028460fe160:   0000017ea360adf0 00000028460fe260
0x00000028460fe170:   0000000000000d5e 0000017ea360ae30
0x00000028460fe180:   0000000000000003 0000000000000000
0x00000028460fe190:   0000002800000d5e 0000017ea360adf0
0x00000028460fe1a0:   0000017ea66e98f0 00007ff900000ba4
0x00000028460fe1b0:   0000000000000000 0000000000000cc0
0x00000028460fe1c0:   0000000000000007 0000017ea43ab120
0x00000028460fe1d0:   000000000000000b 0000000000000000
0x00000028460fe1e0:   00000000000000dd 0000017ea49e4470
0x00000028460fe1f0:   0000000000000023 00000028460fe230
0x00000028460fe200:   0000017ea360adf0 0000000000000001
0x00000028460fe210:   0000000000000001 0000017ea360ae20
0x00000028460fe220:   0000017ea360b0b0 0000017ea360b2c0
0x00000028460fe230:   0000017ea4997ea8 0000017ea4997eb0
0x00000028460fe240:   0000017ea657dae8 0000000000000cc0
0x00000028460fe250:   0000017ea6368800 0000000000010878 

Instructions: (pc=0x00007ff96c837971)
0x00007ff96c837951:   e0 07 48 83 e8 03 48 a9 fd ff ff ff 75 25 49 8b
0x00007ff96c837961:   85 c8 00 00 00 48 63 4b 20 48 d1 f9 48 8b 0c c8
0x00007ff96c837971:   8b 81 84 00 00 00 d1 e8 a8 01 74 07 be 02 00 00
0x00007ff96c837981:   00 eb 35 48 8b c7 25 07 10 00 00 48 2d 03 10 00 


Stack slot to memory mapping:
stack at sp + 0 slots: 0x0000017ea360adf0 points into unknown readable memory: 40 2c f0 6c f9 7f 00 00
stack at sp + 1 slots: 0x00000028460fe260 is pointing into the stack for thread: 0x0000017ea335f800
stack at sp + 2 slots: 0x0000000000000d5e is an unknown value
stack at sp + 3 slots: 0x0000017ea360ae30 points into unknown readable memory: 10 2e f0 6c f9 7f 00 00
stack at sp + 4 slots: 0x0000000000000003 is an unknown value
stack at sp + 5 slots: 0x0 is NULL
stack at sp + 6 slots: 0x0000002800000d5e is an unknown value
stack at sp + 7 slots: 0x0000017ea360adf0 points into unknown readable memory: 40 2c f0 6c f9 7f 00 00


---------------  P R O C E S S  ---------------

Threads class SMR info:
_java_thread_list=0x0000017ea5f502c0, length=14, elements={
0x0000017efd601800, 0x0000017ea2a97800, 0x0000017ea2a98800, 0x0000017ea335a000,
0x0000017ea335b800, 0x0000017ea335c800, 0x0000017ea335f800, 0x0000017ea3362800,
0x0000017ea3547000, 0x0000017ea3b1e000, 0x0000017ea3b20800, 0x0000017ea4b13000,
0x0000017ea6584800, 0x0000017ea5f13800
}

Java Threads: ( => current thread )
  0x0000017efd601800 JavaThread "main" [_thread_in_Java, id=13612, stack(0x0000002845400000,0x0000002845500000)]
  0x0000017ea2a97800 JavaThread "Reference Handler" daemon [_thread_blocked, id=13660, stack(0x0000002845b00000,0x0000002845c00000)]
  0x0000017ea2a98800 JavaThread "Finalizer" daemon [_thread_blocked, id=13664, stack(0x0000002845c00000,0x0000002845d00000)]
  0x0000017ea335a000 JavaThread "Signal Dispatcher" daemon [_thread_blocked, id=13688, stack(0x0000002845d00000,0x0000002845e00000)]
  0x0000017ea335b800 JavaThread "Attach Listener" daemon [_thread_blocked, id=13692, stack(0x0000002845e00000,0x0000002845f00000)]
  0x0000017ea335c800 JavaThread "C2 CompilerThread0" daemon [_thread_blocked, id=13696, stack(0x0000002845f00000,0x0000002846000000)]
=>0x0000017ea335f800 JavaThread "C1 CompilerThread0" daemon [_thread_in_native, id=13700, stack(0x0000002846000000,0x0000002846100000)]
  0x0000017ea3362800 JavaThread "Sweeper thread" daemon [_thread_blocked, id=13704, stack(0x0000002846100000,0x0000002846200000)]
  0x0000017ea3547000 JavaThread "Common-Cleaner" daemon [_thread_blocked, id=13724, stack(0x0000002846200000,0x0000002846300000)]
  0x0000017ea3b1e000 JavaThread "Monitor Ctrl-Break" daemon [_thread_in_native, id=13728, stack(0x0000002846300000,0x0000002846400000)]
  0x0000017ea3b20800 JavaThread "Service Thread" daemon [_thread_blocked, id=13732, stack(0x0000002846400000,0x0000002846500000)]
  0x0000017ea4b13000 JavaThread "spring.cloud.inetutils" daemon [_thread_in_native, id=13836, stack(0x0000002846600000,0x0000002846700000)]
  0x0000017ea6584800 JavaThread "spring.cloud.inetutils" daemon [_thread_in_native, id=13924, stack(0x0000002846d00000,0x0000002846e00000)]
  0x0000017ea5f13800 JavaThread "C2 CompilerThread1" daemon [_thread_blocked, id=13968, stack(0x0000002846800000,0x0000002846900000)]

Other Threads:
  0x0000017ea2a94000 VMThread "VM Thread" [stack: 0x0000002845a00000,0x0000002845b00000] [id=13656]
  0x0000017ea3b21800 WatcherThread [stack: 0x0000002846500000,0x0000002846600000] [id=13736]
  0x0000017efd61c800 GCTaskThread "GC Thread#0" [stack: 0x0000002845500000,0x0000002845600000] [id=13624]
  0x0000017ea4268800 GCTaskThread "GC Thread#1" [stack: 0x0000002846900000,0x0000002846a00000] [id=13768]
  0x0000017ea487b800 GCTaskThread "GC Thread#2" [stack: 0x0000002846a00000,0x0000002846b00000] [id=13772]
  0x0000017ea4d9c000 GCTaskThread "GC Thread#3" [stack: 0x0000002846b00000,0x0000002846c00000] [id=13776]
  0x0000017ea4a0c800 GCTaskThread "GC Thread#4" [stack: 0x0000002846c00000,0x0000002846d00000] [id=13780]
  0x0000017efd677000 ConcurrentGCThread "G1 Main Marker" [stack: 0x0000002845600000,0x0000002845700000] [id=13628]
  0x0000017efd678800 ConcurrentGCThread "G1 Conc#0" [stack: 0x0000002845700000,0x0000002845800000] [id=13632]
  0x0000017ea4b32800 ConcurrentGCThread "G1 Conc#1" [stack: 0x0000002846700000,0x0000002846800000] [id=13840]
  0x0000017ea2979800 ConcurrentGCThread "G1 Refine#0" [stack: 0x0000002845800000,0x0000002845900000] [id=13636]
  0x0000017ea297a800 ConcurrentGCThread "G1 Young RemSet Sampling" [stack: 0x0000002845900000,0x0000002845a00000] [id=13640]

Threads with active compile tasks:
C1 CompilerThread02808       3       org.springframework.asm.ClassReader::readCode (5085 bytes)

VM state:not at safepoint (normal execution)

VM Mutex/Monitor currently owned by a thread: None

Heap address: 0x0000000708400000, size: 3964 MB, Compressed Oops mode: Zero based, Oop shift amount: 3
Narrow klass base: 0x0000000800000000, Narrow klass shift: 0
Compressed class space size: 1073741824 Address: 0x0000000800000000

Heap:
 garbage-first heap   total 253952K, used 79732K [0x0000000708400000, 0x0000000800000000)
  region size 1024K, 70 young (71680K), 2 survivors (2048K)
 Metaspace       used 32477K, capacity 33201K, committed 33456K, reserved 1079296K
  class space    used 3795K, capacity 4076K, committed 4096K, reserved 1048576K
Heap Regions: E=young(eden), S=young(survivor), O=old, HS=humongous(starts), HC=humongous(continues), CS=collection set, F=free, A=archive, TAMS=top-at-mark-start (previous, next)
|   0|0x0000000708400000, 0x0000000708500000, 0x0000000708500000|100%|HS|  |TAMS 0x0000000708500000, 0x0000000708400000| Complete 
|   1|0x0000000708500000, 0x0000000708600000, 0x0000000708600000|100%| O|  |TAMS 0x0000000708600000, 0x0000000708500000| Untracked 
|   2|0x0000000708600000, 0x0000000708700000, 0x0000000708700000|100%| O|  |TAMS 0x0000000708700000, 0x0000000708600000| Untracked 
|   3|0x0000000708700000, 0x0000000708800000, 0x0000000708800000|100%| O|  |TAMS 0x0000000708800000, 0x0000000708700000| Untracked 
|   4|0x0000000708800000, 0x0000000708900000, 0x0000000708900000|100%| O|  |TAMS 0x0000000708900000, 0x0000000708800000| Untracked 
|   5|0x0000000708900000, 0x0000000708a00000, 0x0000000708a00000|100%| O|  |TAMS 0x0000000708a00000, 0x0000000708900000| Untracked 
|   6|0x0000000708a00000, 0x0000000708b00000, 0x0000000708b00000|100%| O|  |TAMS 0x0000000708b00000, 0x0000000708a00000| Untracked 
|   7|0x0000000708b00000, 0x0000000708c00000, 0x0000000708c00000|100%| O|  |TAMS 0x0000000708c00000, 0x0000000708b00000| Untracked 
|   8|0x0000000708c00000, 0x0000000708d00000, 0x0000000708d00000|100%| O|  |TAMS 0x0000000708d00000, 0x0000000708c00000| Untracked 
|   9|0x0000000708d00000, 0x0000000708d00000, 0x0000000708e00000|  0%| F|  |TAMS 0x0000000708d00000, 0x0000000708d00000| Untracked 
|  10|0x0000000708e00000, 0x0000000708e00000, 0x0000000708f00000|  0%| F|  |TAMS 0x0000000708e00000, 0x0000000708e00000| Untracked 
|  11|0x0000000708f00000, 0x0000000708f00000, 0x0000000709000000|  0%| F|  |TAMS 0x0000000708f00000, 0x0000000708f00000| Untracked 
|  12|0x0000000709000000, 0x0000000709000000, 0x0000000709100000|  0%| F|  |TAMS 0x0000000709000000, 0x0000000709000000| Untracked 
|  13|0x0000000709100000, 0x0000000709100000, 0x0000000709200000|  0%| F|  |TAMS 0x0000000709100000, 0x0000000709100000| Untracked 
|  14|0x0000000709200000, 0x0000000709200000, 0x0000000709300000|  0%| F|  |TAMS 0x0000000709200000, 0x0000000709200000| Untracked 
|  15|0x0000000709300000, 0x0000000709300000, 0x0000000709400000|  0%| F|  |TAMS 0x0000000709300000, 0x0000000709300000| Untracked 
|  16|0x0000000709400000, 0x0000000709400000, 0x0000000709500000|  0%| F|  |TAMS 0x0000000709400000, 0x0000000709400000| Untracked 
|  17|0x0000000709500000, 0x0000000709500000, 0x0000000709600000|  0%| F|  |TAMS 0x0000000709500000, 0x0000000709500000| Untracked 
|  18|0x0000000709600000, 0x0000000709600000, 0x0000000709700000|  0%| F|  |TAMS 0x0000000709600000, 0x0000000709600000| Untracked 
|  19|0x0000000709700000, 0x0000000709700000, 0x0000000709800000|  0%| F|  |TAMS 0x0000000709700000, 0x0000000709700000| Untracked 
|  20|0x0000000709800000, 0x0000000709800000, 0x0000000709900000|  0%| F|  |TAMS 0x0000000709800000, 0x0000000709800000| Untracked 
|  21|0x0000000709900000, 0x0000000709900000, 0x0000000709a00000|  0%| F|  |TAMS 0x0000000709900000, 0x0000000709900000| Untracked 
|  22|0x0000000709a00000, 0x0000000709a00000, 0x0000000709b00000|  0%| F|  |TAMS 0x0000000709a00000, 0x0000000709a00000| Untracked 
|  23|0x0000000709b00000, 0x0000000709b00000, 0x0000000709c00000|  0%| F|  |TAMS 0x0000000709b00000, 0x0000000709b00000| Untracked 
|  24|0x0000000709c00000, 0x0000000709c00000, 0x0000000709d00000|  0%| F|  |TAMS 0x0000000709c00000, 0x0000000709c00000| Untracked 
|  25|0x0000000709d00000, 0x0000000709d00000, 0x0000000709e00000|  0%| F|  |TAMS 0x0000000709d00000, 0x0000000709d00000| Untracked 
|  26|0x0000000709e00000, 0x0000000709e00000, 0x0000000709f00000|  0%| F|  |TAMS 0x0000000709e00000, 0x0000000709e00000| Untracked 
|  27|0x0000000709f00000, 0x0000000709f00000, 0x000000070a000000|  0%| F|  |TAMS 0x0000000709f00000, 0x0000000709f00000| Untracked 
|  28|0x000000070a000000, 0x000000070a000000, 0x000000070a100000|  0%| F|  |TAMS 0x000000070a000000, 0x000000070a000000| Untracked 
|  29|0x000000070a100000, 0x000000070a100000, 0x000000070a200000|  0%| F|  |TAMS 0x000000070a100000, 0x000000070a100000| Untracked 
|  30|0x000000070a200000, 0x000000070a200000, 0x000000070a300000|  0%| F|  |TAMS 0x000000070a200000, 0x000000070a200000| Untracked 
|  31|0x000000070a300000, 0x000000070a300000, 0x000000070a400000|  0%| F|  |TAMS 0x000000070a300000, 0x000000070a300000| Untracked 
|  32|0x000000070a400000, 0x000000070a400000, 0x000000070a500000|  0%| F|  |TAMS 0x000000070a400000, 0x000000070a400000| Untracked 
|  33|0x000000070a500000, 0x000000070a500000, 0x000000070a600000|  0%| F|  |TAMS 0x000000070a500000, 0x000000070a500000| Untracked 
|  34|0x000000070a600000, 0x000000070a600000, 0x000000070a700000|  0%| F|  |TAMS 0x000000070a600000, 0x000000070a600000| Untracked 
|  35|0x000000070a700000, 0x000000070a700000, 0x000000070a800000|  0%| F|  |TAMS 0x000000070a700000, 0x000000070a700000| Untracked 
|  36|0x000000070a800000, 0x000000070a800000, 0x000000070a900000|  0%| F|  |TAMS 0x000000070a800000, 0x000000070a800000| Untracked 
|  37|0x000000070a900000, 0x000000070a900000, 0x000000070aa00000|  0%| F|  |TAMS 0x000000070a900000, 0x000000070a900000| Untracked 
|  38|0x000000070aa00000, 0x000000070aa00000, 0x000000070ab00000|  0%| F|  |TAMS 0x000000070aa00000, 0x000000070aa00000| Untracked 
|  39|0x000000070ab00000, 0x000000070ab00000, 0x000000070ac00000|  0%| F|  |TAMS 0x000000070ab00000, 0x000000070ab00000| Untracked 
|  40|0x000000070ac00000, 0x000000070ac00000, 0x000000070ad00000|  0%| F|  |TAMS 0x000000070ac00000, 0x000000070ac00000| Untracked 
|  41|0x000000070ad00000, 0x000000070ad00000, 0x000000070ae00000|  0%| F|  |TAMS 0x000000070ad00000, 0x000000070ad00000| Untracked 
|  42|0x000000070ae00000, 0x000000070ae00000, 0x000000070af00000|  0%| F|  |TAMS 0x000000070ae00000, 0x000000070ae00000| Untracked 
|  43|0x000000070af00000, 0x000000070af00000, 0x000000070b000000|  0%| F|  |TAMS 0x000000070af00000, 0x000000070af00000| Untracked 
|  44|0x000000070b000000, 0x000000070b000000, 0x000000070b100000|  0%| F|  |TAMS 0x000000070b000000, 0x000000070b000000| Untracked 
|  45|0x000000070b100000, 0x000000070b100000, 0x000000070b200000|  0%| F|  |TAMS 0x000000070b100000, 0x000000070b100000| Untracked 
|  46|0x000000070b200000, 0x000000070b200000, 0x000000070b300000|  0%| F|  |TAMS 0x000000070b200000, 0x000000070b200000| Untracked 
|  47|0x000000070b300000, 0x000000070b300000, 0x000000070b400000|  0%| F|  |TAMS 0x000000070b300000, 0x000000070b300000| Untracked 
|  48|0x000000070b400000, 0x000000070b400000, 0x000000070b500000|  0%| F|  |TAMS 0x000000070b400000, 0x000000070b400000| Untracked 
|  49|0x000000070b500000, 0x000000070b500000, 0x000000070b600000|  0%| F|  |TAMS 0x000000070b500000, 0x000000070b500000| Untracked 
|  50|0x000000070b600000, 0x000000070b600000, 0x000000070b700000|  0%| F|  |TAMS 0x000000070b600000, 0x000000070b600000| Untracked 
|  51|0x000000070b700000, 0x000000070b700000, 0x000000070b800000|  0%| F|  |TAMS 0x000000070b700000, 0x000000070b700000| Untracked 
|  52|0x000000070b800000, 0x000000070b800000, 0x000000070b900000|  0%| F|  |TAMS 0x000000070b800000, 0x000000070b800000| Untracked 
|  53|0x000000070b900000, 0x000000070b900000, 0x000000070ba00000|  0%| F|  |TAMS 0x000000070b900000, 0x000000070b900000| Untracked 
|  54|0x000000070ba00000, 0x000000070ba00000, 0x000000070bb00000|  0%| F|  |TAMS 0x000000070ba00000, 0x000000070ba00000| Untracked 
|  55|0x000000070bb00000, 0x000000070bb00000, 0x000000070bc00000|  0%| F|  |TAMS 0x000000070bb00000, 0x000000070bb00000| Untracked 
|  56|0x000000070bc00000, 0x000000070bc00000, 0x000000070bd00000|  0%| F|  |TAMS 0x000000070bc00000, 0x000000070bc00000| Untracked 
|  57|0x000000070bd00000, 0x000000070bd00000, 0x000000070be00000|  0%| F|  |TAMS 0x000000070bd00000, 0x000000070bd00000| Untracked 
|  58|0x000000070be00000, 0x000000070be00000, 0x000000070bf00000|  0%| F|  |TAMS 0x000000070be00000, 0x000000070be00000| Untracked 
|  59|0x000000070bf00000, 0x000000070bf00000, 0x000000070c000000|  0%| F|  |TAMS 0x000000070bf00000, 0x000000070bf00000| Untracked 
|  60|0x000000070c000000, 0x000000070c000000, 0x000000070c100000|  0%| F|  |TAMS 0x000000070c000000, 0x000000070c000000| Untracked 
|  61|0x000000070c100000, 0x000000070c100000, 0x000000070c200000|  0%| F|  |TAMS 0x000000070c100000, 0x000000070c100000| Untracked 
|  62|0x000000070c200000, 0x000000070c200000, 0x000000070c300000|  0%| F|  |TAMS 0x000000070c200000, 0x000000070c200000| Untracked 
|  63|0x000000070c300000, 0x000000070c300000, 0x000000070c400000|  0%| F|  |TAMS 0x000000070c300000, 0x000000070c300000| Untracked 
|  64|0x000000070c400000, 0x000000070c400000, 0x000000070c500000|  0%| F|  |TAMS 0x000000070c400000, 0x000000070c400000| Untracked 
|  65|0x000000070c500000, 0x000000070c500000, 0x000000070c600000|  0%| F|  |TAMS 0x000000070c500000, 0x000000070c500000| Untracked 
|  66|0x000000070c600000, 0x000000070c600000, 0x000000070c700000|  0%| F|  |TAMS 0x000000070c600000, 0x000000070c600000| Untracked 
|  67|0x000000070c700000, 0x000000070c700000, 0x000000070c800000|  0%| F|  |TAMS 0x000000070c700000, 0x000000070c700000| Untracked 
|  68|0x000000070c800000, 0x000000070c800000, 0x000000070c900000|  0%| F|  |TAMS 0x000000070c800000, 0x000000070c800000| Untracked 
|  69|0x000000070c900000, 0x000000070c900000, 0x000000070ca00000|  0%| F|  |TAMS 0x000000070c900000, 0x000000070c900000| Untracked 
|  70|0x000000070ca00000, 0x000000070ca00000, 0x000000070cb00000|  0%| F|  |TAMS 0x000000070ca00000, 0x000000070ca00000| Untracked 
|  71|0x000000070cb00000, 0x000000070cb00000, 0x000000070cc00000|  0%| F|  |TAMS 0x000000070cb00000, 0x000000070cb00000| Untracked 
|  72|0x000000070cc00000, 0x000000070cc00000, 0x000000070cd00000|  0%| F|  |TAMS 0x000000070cc00000, 0x000000070cc00000| Untracked 
|  73|0x000000070cd00000, 0x000000070cd00000, 0x000000070ce00000|  0%| F|  |TAMS 0x000000070cd00000, 0x000000070cd00000| Untracked 
|  74|0x000000070ce00000, 0x000000070ce00000, 0x000000070cf00000|  0%| F|  |TAMS 0x000000070ce00000, 0x000000070ce00000| Untracked 
|  75|0x000000070cf00000, 0x000000070cf00000, 0x000000070d000000|  0%| F|  |TAMS 0x000000070cf00000, 0x000000070cf00000| Untracked 
|  76|0x000000070d000000, 0x000000070d000000, 0x000000070d100000|  0%| F|  |TAMS 0x000000070d000000, 0x000000070d000000| Untracked 
|  77|0x000000070d100000, 0x000000070d100000, 0x000000070d200000|  0%| F|  |TAMS 0x000000070d100000, 0x000000070d100000| Untracked 
|  78|0x000000070d200000, 0x000000070d200000, 0x000000070d300000|  0%| F|  |TAMS 0x000000070d200000, 0x000000070d200000| Untracked 
|  79|0x000000070d300000, 0x000000070d300000, 0x000000070d400000|  0%| F|  |TAMS 0x000000070d300000, 0x000000070d300000| Untracked 
|  80|0x000000070d400000, 0x000000070d400000, 0x000000070d500000|  0%| F|  |TAMS 0x000000070d400000, 0x000000070d400000| Untracked 
|  81|0x000000070d500000, 0x000000070d500000, 0x000000070d600000|  0%| F|  |TAMS 0x000000070d500000, 0x000000070d500000| Untracked 
|  82|0x000000070d600000, 0x000000070d600000, 0x000000070d700000|  0%| F|  |TAMS 0x000000070d600000, 0x000000070d600000| Untracked 
|  83|0x000000070d700000, 0x000000070d700000, 0x000000070d800000|  0%| F|  |TAMS 0x000000070d700000, 0x000000070d700000| Untracked 
|  84|0x000000070d800000, 0x000000070d800000, 0x000000070d900000|  0%| F|  |TAMS 0x000000070d800000, 0x000000070d800000| Untracked 
|  85|0x000000070d900000, 0x000000070d900000, 0x000000070da00000|  0%| F|  |TAMS 0x000000070d900000, 0x000000070d900000| Untracked 
|  86|0x000000070da00000, 0x000000070da00000, 0x000000070db00000|  0%| F|  |TAMS 0x000000070da00000, 0x000000070da00000| Untracked 
|  87|0x000000070db00000, 0x000000070db00000, 0x000000070dc00000|  0%| F|  |TAMS 0x000000070db00000, 0x000000070db00000| Untracked 
|  88|0x000000070dc00000, 0x000000070dc00000, 0x000000070dd00000|  0%| F|  |TAMS 0x000000070dc00000, 0x000000070dc00000| Untracked 
|  89|0x000000070dd00000, 0x000000070dd00000, 0x000000070de00000|  0%| F|  |TAMS 0x000000070dd00000, 0x000000070dd00000| Untracked 
|  90|0x000000070de00000, 0x000000070de00000, 0x000000070df00000|  0%| F|  |TAMS 0x000000070de00000, 0x000000070de00000| Untracked 
|  91|0x000000070df00000, 0x000000070df00000, 0x000000070e000000|  0%| F|  |TAMS 0x000000070df00000, 0x000000070df00000| Untracked 
|  92|0x000000070e000000, 0x000000070e000000, 0x000000070e100000|  0%| F|  |TAMS 0x000000070e000000, 0x000000070e000000| Untracked 
|  93|0x000000070e100000, 0x000000070e100000, 0x000000070e200000|  0%| F|  |TAMS 0x000000070e100000, 0x000000070e100000| Untracked 
|  94|0x000000070e200000, 0x000000070e200000, 0x000000070e300000|  0%| F|  |TAMS 0x000000070e200000, 0x000000070e200000| Untracked 
|  95|0x000000070e300000, 0x000000070e300000, 0x000000070e400000|  0%| F|  |TAMS 0x000000070e300000, 0x000000070e300000| Untracked 
|  96|0x000000070e400000, 0x000000070e400000, 0x000000070e500000|  0%| F|  |TAMS 0x000000070e400000, 0x000000070e400000| Untracked 
|  97|0x000000070e500000, 0x000000070e500000, 0x000000070e600000|  0%| F|  |TAMS 0x000000070e500000, 0x000000070e500000| Untracked 
|  98|0x000000070e600000, 0x000000070e600000, 0x000000070e700000|  0%| F|  |TAMS 0x000000070e600000, 0x000000070e600000| Untracked 
|  99|0x000000070e700000, 0x000000070e700000, 0x000000070e800000|  0%| F|  |TAMS 0x000000070e700000, 0x000000070e700000| Untracked 
| 100|0x000000070e800000, 0x000000070e800000, 0x000000070e900000|  0%| F|  |TAMS 0x000000070e800000, 0x000000070e800000| Untracked 
| 101|0x000000070e900000, 0x000000070e900000, 0x000000070ea00000|  0%| F|  |TAMS 0x000000070e900000, 0x000000070e900000| Untracked 
| 102|0x000000070ea00000, 0x000000070ea00000, 0x000000070eb00000|  0%| F|  |TAMS 0x000000070ea00000, 0x000000070ea00000| Untracked 
| 103|0x000000070eb00000, 0x000000070eb00000, 0x000000070ec00000|  0%| F|  |TAMS 0x000000070eb00000, 0x000000070eb00000| Untracked 
| 104|0x000000070ec00000, 0x000000070ec00000, 0x000000070ed00000|  0%| F|  |TAMS 0x000000070ec00000, 0x000000070ec00000| Untracked 
| 105|0x000000070ed00000, 0x000000070ed00000, 0x000000070ee00000|  0%| F|  |TAMS 0x000000070ed00000, 0x000000070ed00000| Untracked 
| 106|0x000000070ee00000, 0x000000070ee00000, 0x000000070ef00000|  0%| F|  |TAMS 0x000000070ee00000, 0x000000070ee00000| Untracked 
| 107|0x000000070ef00000, 0x000000070ef00000, 0x000000070f000000|  0%| F|  |TAMS 0x000000070ef00000, 0x000000070ef00000| Untracked 
| 108|0x000000070f000000, 0x000000070f000000, 0x000000070f100000|  0%| F|  |TAMS 0x000000070f000000, 0x000000070f000000| Untracked 
| 109|0x000000070f100000, 0x000000070f100000, 0x000000070f200000|  0%| F|  |TAMS 0x000000070f100000, 0x000000070f100000| Untracked 
| 110|0x000000070f200000, 0x000000070f200000, 0x000000070f300000|  0%| F|  |TAMS 0x000000070f200000, 0x000000070f200000| Untracked 
| 111|0x000000070f300000, 0x000000070f300000, 0x000000070f400000|  0%| F|  |TAMS 0x000000070f300000, 0x000000070f300000| Untracked 
| 112|0x000000070f400000, 0x000000070f400000, 0x000000070f500000|  0%| F|  |TAMS 0x000000070f400000, 0x000000070f400000| Untracked 
| 113|0x000000070f500000, 0x000000070f500000, 0x000000070f600000|  0%| F|  |TAMS 0x000000070f500000, 0x000000070f500000| Untracked 
| 114|0x000000070f600000, 0x000000070f600000, 0x000000070f700000|  0%| F|  |TAMS 0x000000070f600000, 0x000000070f600000| Untracked 
| 115|0x000000070f700000, 0x000000070f700000, 0x000000070f800000|  0%| F|  |TAMS 0x000000070f700000, 0x000000070f700000| Untracked 
| 116|0x000000070f800000, 0x000000070f800000, 0x000000070f900000|  0%| F|  |TAMS 0x000000070f800000, 0x000000070f800000| Untracked 
| 117|0x000000070f900000, 0x000000070f900000, 0x000000070fa00000|  0%| F|  |TAMS 0x000000070f900000, 0x000000070f900000| Untracked 
| 118|0x000000070fa00000, 0x000000070fa00000, 0x000000070fb00000|  0%| F|  |TAMS 0x000000070fa00000, 0x000000070fa00000| Untracked 
| 119|0x000000070fb00000, 0x000000070fb00000, 0x000000070fc00000|  0%| F|  |TAMS 0x000000070fb00000, 0x000000070fb00000| Untracked 
| 120|0x000000070fc00000, 0x000000070fc00000, 0x000000070fd00000|  0%| F|  |TAMS 0x000000070fc00000, 0x000000070fc00000| Untracked 
| 121|0x000000070fd00000, 0x000000070fd00000, 0x000000070fe00000|  0%| F|  |TAMS 0x000000070fd00000, 0x000000070fd00000| Untracked 
| 122|0x000000070fe00000, 0x000000070fe00000, 0x000000070ff00000|  0%| F|  |TAMS 0x000000070fe00000, 0x000000070fe00000| Untracked 
| 123|0x000000070ff00000, 0x000000070ff00000, 0x0000000710000000|  0%| F|  |TAMS 0x000000070ff00000, 0x000000070ff00000| Untracked 
| 124|0x0000000710000000, 0x0000000710000000, 0x0000000710100000|  0%| F|  |TAMS 0x0000000710000000, 0x0000000710000000| Untracked 
| 125|0x0000000710100000, 0x0000000710100000, 0x0000000710200000|  0%| F|  |TAMS 0x0000000710100000, 0x0000000710100000| Untracked 
| 126|0x0000000710200000, 0x0000000710200000, 0x0000000710300000|  0%| F|  |TAMS 0x0000000710200000, 0x0000000710200000| Untracked 
| 127|0x0000000710300000, 0x0000000710300000, 0x0000000710400000|  0%| F|  |TAMS 0x0000000710300000, 0x0000000710300000| Untracked 
| 128|0x0000000710400000, 0x0000000710400000, 0x0000000710500000|  0%| F|  |TAMS 0x0000000710400000, 0x0000000710400000| Untracked 
| 129|0x0000000710500000, 0x0000000710500000, 0x0000000710600000|  0%| F|  |TAMS 0x0000000710500000, 0x0000000710500000| Untracked 
| 130|0x0000000710600000, 0x0000000710600000, 0x0000000710700000|  0%| F|  |TAMS 0x0000000710600000, 0x0000000710600000| Untracked 
| 131|0x0000000710700000, 0x0000000710700000, 0x0000000710800000|  0%| F|  |TAMS 0x0000000710700000, 0x0000000710700000| Untracked 
| 132|0x0000000710800000, 0x0000000710800000, 0x0000000710900000|  0%| F|  |TAMS 0x0000000710800000, 0x0000000710800000| Untracked 
| 133|0x0000000710900000, 0x0000000710900000, 0x0000000710a00000|  0%| F|  |TAMS 0x0000000710900000, 0x0000000710900000| Untracked 
| 134|0x0000000710a00000, 0x0000000710a00000, 0x0000000710b00000|  0%| F|  |TAMS 0x0000000710a00000, 0x0000000710a00000| Untracked 
| 135|0x0000000710b00000, 0x0000000710b00000, 0x0000000710c00000|  0%| F|  |TAMS 0x0000000710b00000, 0x0000000710b00000| Untracked 
| 136|0x0000000710c00000, 0x0000000710c00000, 0x0000000710d00000|  0%| F|  |TAMS 0x0000000710c00000, 0x0000000710c00000| Untracked 
| 137|0x0000000710d00000, 0x0000000710d00000, 0x0000000710e00000|  0%| F|  |TAMS 0x0000000710d00000, 0x0000000710d00000| Untracked 
| 138|0x0000000710e00000, 0x0000000710e00000, 0x0000000710f00000|  0%| F|  |TAMS 0x0000000710e00000, 0x0000000710e00000| Untracked 
| 139|0x0000000710f00000, 0x0000000710f00000, 0x0000000711000000|  0%| F|  |TAMS 0x0000000710f00000, 0x0000000710f00000| Untracked 
| 140|0x0000000711000000, 0x0000000711000000, 0x0000000711100000|  0%| F|  |TAMS 0x0000000711000000, 0x0000000711000000| Untracked 
| 141|0x0000000711100000, 0x0000000711100000, 0x0000000711200000|  0%| F|  |TAMS 0x0000000711100000, 0x0000000711100000| Untracked 
| 142|0x0000000711200000, 0x0000000711200000, 0x0000000711300000|  0%| F|  |TAMS 0x0000000711200000, 0x0000000711200000| Untracked 
| 143|0x0000000711300000, 0x0000000711300000, 0x0000000711400000|  0%| F|  |TAMS 0x0000000711300000, 0x0000000711300000| Untracked 
| 144|0x0000000711400000, 0x0000000711400000, 0x0000000711500000|  0%| F|  |TAMS 0x0000000711400000, 0x0000000711400000| Untracked 
| 145|0x0000000711500000, 0x0000000711500000, 0x0000000711600000|  0%| F|  |TAMS 0x0000000711500000, 0x0000000711500000| Untracked 
| 146|0x0000000711600000, 0x0000000711600000, 0x0000000711700000|  0%| F|  |TAMS 0x0000000711600000, 0x0000000711600000| Untracked 
| 147|0x0000000711700000, 0x0000000711700000, 0x0000000711800000|  0%| F|  |TAMS 0x0000000711700000, 0x0000000711700000| Untracked 
| 148|0x0000000711800000, 0x0000000711800000, 0x0000000711900000|  0%| F|  |TAMS 0x0000000711800000, 0x0000000711800000| Untracked 
| 149|0x0000000711900000, 0x0000000711900000, 0x0000000711a00000|  0%| F|  |TAMS 0x0000000711900000, 0x0000000711900000| Untracked 
| 150|0x0000000711a00000, 0x0000000711a00000, 0x0000000711b00000|  0%| F|  |TAMS 0x0000000711a00000, 0x0000000711a00000| Untracked 
| 151|0x0000000711b00000, 0x0000000711b00000, 0x0000000711c00000|  0%| F|  |TAMS 0x0000000711b00000, 0x0000000711b00000| Untracked 
| 152|0x0000000711c00000, 0x0000000711c00000, 0x0000000711d00000|  0%| F|  |TAMS 0x0000000711c00000, 0x0000000711c00000| Untracked 
| 153|0x0000000711d00000, 0x0000000711d00000, 0x0000000711e00000|  0%| F|  |TAMS 0x0000000711d00000, 0x0000000711d00000| Untracked 
| 154|0x0000000711e00000, 0x0000000711e00000, 0x0000000711f00000|  0%| F|  |TAMS 0x0000000711e00000, 0x0000000711e00000| Untracked 
| 155|0x0000000711f00000, 0x0000000711f00000, 0x0000000712000000|  0%| F|  |TAMS 0x0000000711f00000, 0x0000000711f00000| Untracked 
| 156|0x0000000712000000, 0x0000000712000000, 0x0000000712100000|  0%| F|  |TAMS 0x0000000712000000, 0x0000000712000000| Untracked 
| 157|0x0000000712100000, 0x0000000712100000, 0x0000000712200000|  0%| F|  |TAMS 0x0000000712100000, 0x0000000712100000| Untracked 
| 158|0x0000000712200000, 0x0000000712200000, 0x0000000712300000|  0%| F|  |TAMS 0x0000000712200000, 0x0000000712200000| Untracked 
| 159|0x0000000712300000, 0x0000000712300000, 0x0000000712400000|  0%| F|  |TAMS 0x0000000712300000, 0x0000000712300000| Untracked 
| 160|0x0000000712400000, 0x0000000712400000, 0x0000000712500000|  0%| F|  |TAMS 0x0000000712400000, 0x0000000712400000| Untracked 
| 161|0x0000000712500000, 0x0000000712500000, 0x0000000712600000|  0%| F|  |TAMS 0x0000000712500000, 0x0000000712500000| Untracked 
| 162|0x0000000712600000, 0x0000000712600000, 0x0000000712700000|  0%| F|  |TAMS 0x0000000712600000, 0x0000000712600000| Untracked 
| 163|0x0000000712700000, 0x0000000712700000, 0x0000000712800000|  0%| F|  |TAMS 0x0000000712700000, 0x0000000712700000| Untracked 
| 164|0x0000000712800000, 0x0000000712800000, 0x0000000712900000|  0%| F|  |TAMS 0x0000000712800000, 0x0000000712800000| Untracked 
| 165|0x0000000712900000, 0x0000000712900000, 0x0000000712a00000|  0%| F|  |TAMS 0x0000000712900000, 0x0000000712900000| Untracked 
| 166|0x0000000712a00000, 0x0000000712a00000, 0x0000000712b00000|  0%| F|  |TAMS 0x0000000712a00000, 0x0000000712a00000| Untracked 
| 167|0x0000000712b00000, 0x0000000712b00000, 0x0000000712c00000|  0%| F|  |TAMS 0x0000000712b00000, 0x0000000712b00000| Untracked 
| 168|0x0000000712c00000, 0x0000000712c00000, 0x0000000712d00000|  0%| F|  |TAMS 0x0000000712c00000, 0x0000000712c00000| Untracked 
| 169|0x0000000712d00000, 0x0000000712d00000, 0x0000000712e00000|  0%| F|  |TAMS 0x0000000712d00000, 0x0000000712d00000| Untracked 
| 170|0x0000000712e00000, 0x0000000712e00000, 0x0000000712f00000|  0%| F|  |TAMS 0x0000000712e00000, 0x0000000712e00000| Untracked 
| 171|0x0000000712f00000, 0x0000000712f00000, 0x0000000713000000|  0%| F|  |TAMS 0x0000000712f00000, 0x0000000712f00000| Untracked 
| 172|0x0000000713000000, 0x0000000713000000, 0x0000000713100000|  0%| F|  |TAMS 0x0000000713000000, 0x0000000713000000| Untracked 
| 173|0x0000000713100000, 0x0000000713100000, 0x0000000713200000|  0%| F|  |TAMS 0x0000000713100000, 0x0000000713100000| Untracked 
| 174|0x0000000713200000, 0x0000000713200000, 0x0000000713300000|  0%| F|  |TAMS 0x0000000713200000, 0x0000000713200000| Untracked 
| 175|0x0000000713300000, 0x0000000713300000, 0x0000000713400000|  0%| F|  |TAMS 0x0000000713300000, 0x0000000713300000| Untracked 
| 176|0x0000000713400000, 0x0000000713400000, 0x0000000713500000|  0%| F|  |TAMS 0x0000000713400000, 0x0000000713400000| Untracked 
| 177|0x0000000713500000, 0x0000000713580800, 0x0000000713600000| 50%| E|  |TAMS 0x0000000713500000, 0x0000000713500000| Complete 
| 178|0x0000000713600000, 0x0000000713700000, 0x0000000713700000|100%| E|CS|TAMS 0x0000000713600000, 0x0000000713600000| Complete 
| 179|0x0000000713700000, 0x0000000713800000, 0x0000000713800000|100%| E|CS|TAMS 0x0000000713700000, 0x0000000713700000| Complete 
| 180|0x0000000713800000, 0x0000000713900000, 0x0000000713900000|100%| E|CS|TAMS 0x0000000713800000, 0x0000000713800000| Complete 
| 181|0x0000000713900000, 0x0000000713a00000, 0x0000000713a00000|100%| E|CS|TAMS 0x0000000713900000, 0x0000000713900000| Complete 
| 182|0x0000000713a00000, 0x0000000713b00000, 0x0000000713b00000|100%| E|CS|TAMS 0x0000000713a00000, 0x0000000713a00000| Complete 
| 183|0x0000000713b00000, 0x0000000713c00000, 0x0000000713c00000|100%| E|CS|TAMS 0x0000000713b00000, 0x0000000713b00000| Complete 
| 184|0x0000000713c00000, 0x0000000713d00000, 0x0000000713d00000|100%| E|CS|TAMS 0x0000000713c00000, 0x0000000713c00000| Complete 
| 185|0x0000000713d00000, 0x0000000713e00000, 0x0000000713e00000|100%| E|CS|TAMS 0x0000000713d00000, 0x0000000713d00000| Complete 
| 186|0x0000000713e00000, 0x0000000713f00000, 0x0000000713f00000|100%| E|CS|TAMS 0x0000000713e00000, 0x0000000713e00000| Complete 
| 187|0x0000000713f00000, 0x0000000714000000, 0x0000000714000000|100%| E|CS|TAMS 0x0000000713f00000, 0x0000000713f00000| Complete 
| 188|0x0000000714000000, 0x0000000714100000, 0x0000000714100000|100%| E|CS|TAMS 0x0000000714000000, 0x0000000714000000| Complete 
| 189|0x0000000714100000, 0x0000000714200000, 0x0000000714200000|100%| E|CS|TAMS 0x0000000714100000, 0x0000000714100000| Complete 
| 190|0x0000000714200000, 0x0000000714300000, 0x0000000714300000|100%| E|CS|TAMS 0x0000000714200000, 0x0000000714200000| Complete 
| 191|0x0000000714300000, 0x0000000714400000, 0x0000000714400000|100%| E|CS|TAMS 0x0000000714300000, 0x0000000714300000| Complete 
| 192|0x0000000714400000, 0x0000000714500000, 0x0000000714500000|100%| E|CS|TAMS 0x0000000714400000, 0x0000000714400000| Complete 
| 193|0x0000000714500000, 0x0000000714600000, 0x0000000714600000|100%| E|CS|TAMS 0x0000000714500000, 0x0000000714500000| Complete 
| 194|0x0000000714600000, 0x0000000714700000, 0x0000000714700000|100%| E|CS|TAMS 0x0000000714600000, 0x0000000714600000| Complete 
| 195|0x0000000714700000, 0x0000000714800000, 0x0000000714800000|100%| E|CS|TAMS 0x0000000714700000, 0x0000000714700000| Complete 
| 196|0x0000000714800000, 0x0000000714900000, 0x0000000714900000|100%| E|CS|TAMS 0x0000000714800000, 0x0000000714800000| Complete 
| 197|0x0000000714900000, 0x0000000714a00000, 0x0000000714a00000|100%| E|CS|TAMS 0x0000000714900000, 0x0000000714900000| Complete 
| 198|0x0000000714a00000, 0x0000000714b00000, 0x0000000714b00000|100%| E|CS|TAMS 0x0000000714a00000, 0x0000000714a00000| Complete 
| 199|0x0000000714b00000, 0x0000000714c00000, 0x0000000714c00000|100%| E|CS|TAMS 0x0000000714b00000, 0x0000000714b00000| Complete 
| 200|0x0000000714c00000, 0x0000000714d00000, 0x0000000714d00000|100%| E|CS|TAMS 0x0000000714c00000, 0x0000000714c00000| Complete 
| 201|0x0000000714d00000, 0x0000000714e00000, 0x0000000714e00000|100%| E|CS|TAMS 0x0000000714d00000, 0x0000000714d00000| Complete 
| 202|0x0000000714e00000, 0x0000000714f00000, 0x0000000714f00000|100%| E|CS|TAMS 0x0000000714e00000, 0x0000000714e00000| Complete 
| 203|0x0000000714f00000, 0x0000000715000000, 0x0000000715000000|100%| E|CS|TAMS 0x0000000714f00000, 0x0000000714f00000| Complete 
| 204|0x0000000715000000, 0x0000000715100000, 0x0000000715100000|100%| E|CS|TAMS 0x0000000715000000, 0x0000000715000000| Complete 
| 205|0x0000000715100000, 0x0000000715200000, 0x0000000715200000|100%| E|CS|TAMS 0x0000000715100000, 0x0000000715100000| Complete 
| 206|0x0000000715200000, 0x0000000715300000, 0x0000000715300000|100%| E|CS|TAMS 0x0000000715200000, 0x0000000715200000| Complete 
| 207|0x0000000715300000, 0x0000000715400000, 0x0000000715400000|100%| E|CS|TAMS 0x0000000715300000, 0x0000000715300000| Complete 
| 208|0x0000000715400000, 0x0000000715500000, 0x0000000715500000|100%| E|CS|TAMS 0x0000000715400000, 0x0000000715400000| Complete 
| 209|0x0000000715500000, 0x0000000715600000, 0x0000000715600000|100%| E|CS|TAMS 0x0000000715500000, 0x0000000715500000| Complete 
| 210|0x0000000715600000, 0x0000000715700000, 0x0000000715700000|100%| E|CS|TAMS 0x0000000715600000, 0x0000000715600000| Complete 
| 211|0x0000000715700000, 0x0000000715800000, 0x0000000715800000|100%| E|CS|TAMS 0x0000000715700000, 0x0000000715700000| Complete 
| 212|0x0000000715800000, 0x0000000715900000, 0x0000000715900000|100%| E|CS|TAMS 0x0000000715800000, 0x0000000715800000| Complete 
| 213|0x0000000715900000, 0x0000000715a00000, 0x0000000715a00000|100%| E|CS|TAMS 0x0000000715900000, 0x0000000715900000| Complete 
| 214|0x0000000715a00000, 0x0000000715b00000, 0x0000000715b00000|100%| E|CS|TAMS 0x0000000715a00000, 0x0000000715a00000| Complete 
| 215|0x0000000715b00000, 0x0000000715c00000, 0x0000000715c00000|100%| E|CS|TAMS 0x0000000715b00000, 0x0000000715b00000| Complete 
| 216|0x0000000715c00000, 0x0000000715cdd368, 0x0000000715d00000| 86%| S|CS|TAMS 0x0000000715c00000, 0x0000000715c00000| Complete 
| 217|0x0000000715d00000, 0x0000000715e00000, 0x0000000715e00000|100%| S|CS|TAMS 0x0000000715d00000, 0x0000000715d00000| Complete 
| 218|0x0000000715e00000, 0x0000000715f00000, 0x0000000715f00000|100%| E|CS|TAMS 0x0000000715e00000, 0x0000000715e00000| Complete 
| 219|0x0000000715f00000, 0x0000000716000000, 0x0000000716000000|100%| E|CS|TAMS 0x0000000715f00000, 0x0000000715f00000| Complete 
| 220|0x0000000716000000, 0x0000000716100000, 0x0000000716100000|100%| E|CS|TAMS 0x0000000716000000, 0x0000000716000000| Complete 
| 221|0x0000000716100000, 0x0000000716200000, 0x0000000716200000|100%| E|CS|TAMS 0x0000000716100000, 0x0000000716100000| Complete 
| 222|0x0000000716200000, 0x0000000716300000, 0x0000000716300000|100%| E|CS|TAMS 0x0000000716200000, 0x0000000716200000| Complete 
| 223|0x0000000716300000, 0x0000000716400000, 0x0000000716400000|100%| E|CS|TAMS 0x0000000716300000, 0x0000000716300000| Complete 
| 224|0x0000000716400000, 0x0000000716500000, 0x0000000716500000|100%| E|CS|TAMS 0x0000000716400000, 0x0000000716400000| Complete 
| 225|0x0000000716500000, 0x0000000716600000, 0x0000000716600000|100%| E|CS|TAMS 0x0000000716500000, 0x0000000716500000| Complete 
| 226|0x0000000716600000, 0x0000000716700000, 0x0000000716700000|100%| E|CS|TAMS 0x0000000716600000, 0x0000000716600000| Complete 
| 227|0x0000000716700000, 0x0000000716800000, 0x0000000716800000|100%| E|CS|TAMS 0x0000000716700000, 0x0000000716700000| Complete 
| 228|0x0000000716800000, 0x0000000716900000, 0x0000000716900000|100%| E|CS|TAMS 0x0000000716800000, 0x0000000716800000| Complete 
| 229|0x0000000716900000, 0x0000000716a00000, 0x0000000716a00000|100%| E|CS|TAMS 0x0000000716900000, 0x0000000716900000| Complete 
| 230|0x0000000716a00000, 0x0000000716b00000, 0x0000000716b00000|100%| E|CS|TAMS 0x0000000716a00000, 0x0000000716a00000| Complete 
| 231|0x0000000716b00000, 0x0000000716c00000, 0x0000000716c00000|100%| E|CS|TAMS 0x0000000716b00000, 0x0000000716b00000| Complete 
| 232|0x0000000716c00000, 0x0000000716d00000, 0x0000000716d00000|100%| E|CS|TAMS 0x0000000716c00000, 0x0000000716c00000| Complete 
| 233|0x0000000716d00000, 0x0000000716e00000, 0x0000000716e00000|100%| E|CS|TAMS 0x0000000716d00000, 0x0000000716d00000| Complete 
| 234|0x0000000716e00000, 0x0000000716f00000, 0x0000000716f00000|100%| E|CS|TAMS 0x0000000716e00000, 0x0000000716e00000| Complete 
| 235|0x0000000716f00000, 0x0000000717000000, 0x0000000717000000|100%| E|CS|TAMS 0x0000000716f00000, 0x0000000716f00000| Complete 
| 236|0x0000000717000000, 0x0000000717100000, 0x0000000717100000|100%| E|CS|TAMS 0x0000000717000000, 0x0000000717000000| Complete 
| 237|0x0000000717100000, 0x0000000717200000, 0x0000000717200000|100%| E|CS|TAMS 0x0000000717100000, 0x0000000717100000| Complete 
| 238|0x0000000717200000, 0x0000000717300000, 0x0000000717300000|100%| E|CS|TAMS 0x0000000717200000, 0x0000000717200000| Complete 
| 239|0x0000000717300000, 0x0000000717400000, 0x0000000717400000|100%| E|CS|TAMS 0x0000000717300000, 0x0000000717300000| Complete 
| 240|0x0000000717400000, 0x0000000717500000, 0x0000000717500000|100%| E|CS|TAMS 0x0000000717400000, 0x0000000717400000| Complete 
| 241|0x0000000717500000, 0x0000000717600000, 0x0000000717600000|100%| E|CS|TAMS 0x0000000717500000, 0x0000000717500000| Complete 
| 242|0x0000000717600000, 0x0000000717700000, 0x0000000717700000|100%| E|CS|TAMS 0x0000000717600000, 0x0000000717600000| Complete 
| 243|0x0000000717700000, 0x0000000717800000, 0x0000000717800000|100%| E|CS|TAMS 0x0000000717700000, 0x0000000717700000| Complete 
| 244|0x0000000717800000, 0x0000000717900000, 0x0000000717900000|100%| E|CS|TAMS 0x0000000717800000, 0x0000000717800000| Complete 
| 245|0x0000000717900000, 0x0000000717a00000, 0x0000000717a00000|100%| E|CS|TAMS 0x0000000717900000, 0x0000000717900000| Complete 
| 246|0x0000000717a00000, 0x0000000717b00000, 0x0000000717b00000|100%| E|CS|TAMS 0x0000000717a00000, 0x0000000717a00000| Complete 
| 247|0x0000000717b00000, 0x0000000717c00000, 0x0000000717c00000|100%| E|CS|TAMS 0x0000000717b00000, 0x0000000717b00000| Complete 

Card table byte_map: [0x0000017e97a10000,0x0000017e981d0000] _byte_map_base: 0x0000017e941ce000

Marking Bits (Prev, Next): (CMBitMap*) 0x0000017efd666c70, (CMBitMap*) 0x0000017efd666c38
 Prev Bits: [0x0000017e9c780000, 0x0000017ea0570000)
 Next Bits: [0x0000017e98990000, 0x0000017e9c780000)

Polling page: 0x0000017efd490000

Metaspace:

Usage:
  Non-class:     28.44 MB capacity,    28.01 MB ( 98%) used,   355.49 KB (  1%) free+waste,    84.25 KB ( <1%) overhead. 
      Class:      3.98 MB capacity,     3.71 MB ( 93%) used,   240.63 KB (  6%) free+waste,    40.19 KB ( <1%) overhead. 
       Both:     32.42 MB capacity,    31.72 MB ( 98%) used,   596.12 KB (  2%) free+waste,   124.44 KB ( <1%) overhead. 

Virtual space:
  Non-class space:       30.00 MB reserved,      28.67 MB ( 96%) committed 
      Class space:        1.00 GB reserved,       4.00 MB ( <1%) committed 
             Both:        1.03 GB reserved,      32.67 MB (  3%) committed 

Chunk freelists:
   Non-Class:  5.38 KB
       Class:  2.50 KB
        Both:  7.88 KB

CodeHeap 'non-profiled nmethods': size=120000Kb used=1313Kb max_used=1313Kb free=118686Kb
 bounds [0x0000017e8fd20000, 0x0000017e8ff90000, 0x0000017e97250000]
CodeHeap 'profiled nmethods': size=120000Kb used=6326Kb max_used=6326Kb free=113673Kb
 bounds [0x0000017e887f0000, 0x0000017e88e20000, 0x0000017e8fd20000]
CodeHeap 'non-nmethods': size=5760Kb used=1159Kb max_used=1198Kb free=4600Kb
 bounds [0x0000017e88250000, 0x0000017e884c0000, 0x0000017e887f0000]
 total_blobs=3959 nmethods=2821 adapters=395
 compilation: enabled
              stopped_count=0, restarted_count=0
 full_count=0

Compilation events (10 events):
Event: 6.872 Thread 0x0000017ea335c800 2811       4       org.springframework.util.ObjectUtils::nullSafeEquals (55 bytes)
Event: 6.873 Thread 0x0000017ea5f13800 2815       4       java.util.LinkedHashMap$LinkedHashIterator::nextNode (54 bytes)
Event: 6.874 Thread 0x0000017ea335c800 nmethod 2811 0x0000017e8fe5f810 code [0x0000017e8fe5f9c0, 0x0000017e8fe5fae8]
Event: 6.876 Thread 0x0000017ea335c800 2816       4       jdk.internal.module.SystemModuleFinders$SystemModuleReader::find (54 bytes)
Event: 6.876 Thread 0x0000017ea5f13800 nmethod 2815 0x0000017e8fe5fc10 code [0x0000017e8fe5fda0, 0x0000017e8fe5fff8]
Event: 6.878 Thread 0x0000017ea335c800 nmethod 2816 0x0000017e8fe60110 code [0x0000017e8fe602c0, 0x0000017e8fe60408]
Event: 6.880 Thread 0x0000017ea5f13800 2818       4       org.springframework.asm.ClassReader::readUtf (44 bytes)
Event: 6.880 Thread 0x0000017ea335c800 2820       4       java.nio.MappedByteBuffer::limit (8 bytes)
Event: 6.882 Thread 0x0000017ea335c800 nmethod 2820 0x0000017e8fe60610 code [0x0000017e8fe607a0, 0x0000017e8fe60898]
Event: 6.883 Thread 0x0000017ea335c800 2822       4       sun.reflect.annotation.AnnotationInvocationHandler::invoke (178 bytes)

GC Heap History (6 events):
Event: 1.107 GC heap before
{Heap before GC invocations=0 (full 0):
 garbage-first heap   total 253952K, used 24576K [0x0000000708400000, 0x0000000800000000)
  region size 1024K, 24 young (24576K), 0 survivors (0K)
 Metaspace       used 11760K, capacity 11961K, committed 12288K, reserved 1060864K
  class space    used 1129K, capacity 1198K, committed 1280K, reserved 1048576K
}
Event: 1.118 GC heap after
{Heap after GC invocations=1 (full 0):
 garbage-first heap   total 253952K, used 8874K [0x0000000708400000, 0x0000000800000000)
  region size 1024K, 3 young (3072K), 3 survivors (3072K)
 Metaspace       used 11760K, capacity 11961K, committed 12288K, reserved 1060864K
  class space    used 1129K, capacity 1198K, committed 1280K, reserved 1048576K
}
Event: 1.544 GC heap before
{Heap before GC invocations=1 (full 0):
 garbage-first heap   total 253952K, used 28330K [0x0000000708400000, 0x0000000800000000)
  region size 1024K, 22 young (22528K), 3 survivors (3072K)
 Metaspace       used 16270K, capacity 16501K, committed 16640K, reserved 1064960K
  class space    used 1666K, capacity 1754K, committed 1792K, reserved 1048576K
}
Event: 1.549 GC heap after
{Heap after GC invocations=2 (full 0):
 garbage-first heap   total 253952K, used 10334K [0x0000000708400000, 0x0000000800000000)
  region size 1024K, 2 young (2048K), 2 survivors (2048K)
 Metaspace       used 16270K, capacity 16501K, committed 16640K, reserved 1064960K
  class space    used 1666K, capacity 1754K, committed 1792K, reserved 1048576K
}
Event: 2.613 GC heap before
{Heap before GC invocations=2 (full 0):
 garbage-first heap   total 253952K, used 37982K [0x0000000708400000, 0x0000000800000000)
  region size 1024K, 30 young (30720K), 2 survivors (2048K)
 Metaspace       used 20883K, capacity 21173K, committed 21296K, reserved 1069056K
  class space    used 2252K, capacity 2401K, committed 2432K, reserved 1048576K
}
Event: 2.617 GC heap after
{Heap after GC invocations=3 (full 0):
 garbage-first heap   total 253952K, used 11124K [0x0000000708400000, 0x0000000800000000)
  region size 1024K, 2 young (2048K), 2 survivors (2048K)
 Metaspace       used 20883K, capacity 21173K, committed 21296K, reserved 1069056K
  class space    used 2252K, capacity 2401K, committed 2432K, reserved 1048576K
}

Deoptimization events (10 events):
Event: 5.205 Thread 0x0000017efd601800 Uncommon trap: reason=bimorphic_or_optimized_type_check action=maybe_recompile pc=0x0000017e8fe3f7b4 method=java.util.HashMap.putVal(ILjava/lang/Object;Ljava/lang/Object;ZZ)Ljava/lang/Object; @ 253 c2
Event: 5.243 Thread 0x0000017efd601800 Uncommon trap: reason=unstable_if action=reinterpret pc=0x0000017e8fd91378 method=org.springframework.util.ConcurrentReferenceHashMap$Segment.clear()V @ 4 c2
Event: 6.625 Thread 0x0000017efd601800 Uncommon trap: reason=profile_predicate action=maybe_recompile pc=0x0000017e8fe26440 method=jdk.internal.jimage.ImageStringsReader.charsFromByteBuffer([CLjava/nio/ByteBuffer;)V @ 6 c2
Event: 6.633 Thread 0x0000017efd601800 Uncommon trap: reason=profile_predicate action=maybe_recompile pc=0x0000017e8fe26440 method=jdk.internal.jimage.ImageStringsReader.charsFromByteBuffer([CLjava/nio/ByteBuffer;)V @ 6 c2
Event: 6.633 Thread 0x0000017efd601800 Uncommon trap: reason=profile_predicate action=maybe_recompile pc=0x0000017e8fe26440 method=jdk.internal.jimage.ImageStringsReader.charsFromByteBuffer([CLjava/nio/ByteBuffer;)V @ 6 c2
Event: 6.633 Thread 0x0000017efd601800 Uncommon trap: reason=profile_predicate action=maybe_recompile pc=0x0000017e8fe26440 method=jdk.internal.jimage.ImageStringsReader.charsFromByteBuffer([CLjava/nio/ByteBuffer;)V @ 6 c2
Event: 6.634 Thread 0x0000017efd601800 Uncommon trap: reason=intrinsic_or_type_checked_inlining action=make_not_entrant pc=0x0000017e8fe4e358 method=java.util.Arrays.copyOf([Ljava/lang/Object;ILjava/lang/Class;)[Ljava/lang/Object; @ 35 c2
Event: 6.708 Thread 0x0000017efd601800 Uncommon trap: reason=unstable_if action=reinterpret pc=0x0000017e8fd7becc method=java.lang.StringBuilder.toString()Ljava/lang/String; @ 4 c2
Event: 6.750 Thread 0x0000017efd601800 Uncommon trap: reason=unstable_if action=reinterpret pc=0x0000017e8fddadf0 method=java.net.URL.<init>(Ljava/net/URL;Ljava/lang/String;Ljava/net/URLStreamHandler;)V @ 347 c2
Event: 6.822 Thread 0x0000017efd601800 Uncommon trap: reason=unstable_if action=reinterpret pc=0x0000017e8fd44bc0 method=java.util.zip.ZipFile$Source.getEntryPos([BZ)I @ 156 c2

Classes redefined (0 events):
No events

Internal exceptions (10 events):
Event: 6.814 Thread 0x0000017efd601800 Exception <a 'java/lang/ClassNotFoundException'{0x0000000713f0fcb8}: org/springframework/beans/factory/support/BeanDefinitionRegistryPostProcessorCustomizer> (0x0000000713f0fcb8) thrown at [t:/workspace/open/src/hotspot/share/classfile/systemDictionary.cp
Event: 6.815 Thread 0x0000017efd601800 Exception <a 'java/lang/ClassNotFoundException'{0x0000000713f21940}: org/springframework/beans/factory/config/BeanFactoryPostProcessorCustomizer> (0x0000000713f21940) thrown at [t:/workspace/open/src/hotspot/share/classfile/systemDictionary.cpp, line 231]
Event: 6.815 Thread 0x0000017efd601800 Exception <a 'java/lang/ClassNotFoundException'{0x0000000713f2f610}: org/springframework/core/PriorityOrderedCustomizer> (0x0000000713f2f610) thrown at [t:/workspace/open/src/hotspot/share/classfile/systemDictionary.cpp, line 231]
Event: 6.815 Thread 0x0000017efd601800 Exception <a 'java/lang/ClassNotFoundException'{0x0000000713f3b580}: org/springframework/core/OrderedCustomizer> (0x0000000713f3b580) thrown at [t:/workspace/open/src/hotspot/share/classfile/systemDictionary.cpp, line 231]
Event: 6.816 Thread 0x0000017efd601800 Exception <a 'java/lang/ClassNotFoundException'{0x0000000713f49d50}: org/springframework/context/ResourceLoaderAwareCustomizer> (0x0000000713f49d50) thrown at [t:/workspace/open/src/hotspot/share/classfile/systemDictionary.cpp, line 231]
Event: 6.816 Thread 0x0000017efd601800 Exception <a 'java/lang/ClassNotFoundException'{0x0000000713f575c0}: org/springframework/beans/factory/AwareCustomizer> (0x0000000713f575c0) thrown at [t:/workspace/open/src/hotspot/share/classfile/systemDictionary.cpp, line 231]
Event: 6.817 Thread 0x0000017efd601800 Exception <a 'java/lang/ClassNotFoundException'{0x0000000713f66410}: org/springframework/beans/factory/BeanClassLoaderAwareCustomizer> (0x0000000713f66410) thrown at [t:/workspace/open/src/hotspot/share/classfile/systemDictionary.cpp, line 231]
Event: 6.817 Thread 0x0000017efd601800 Exception <a 'java/lang/ClassNotFoundException'{0x0000000713f73cd8}: org/springframework/beans/factory/AwareCustomizer> (0x0000000713f73cd8) thrown at [t:/workspace/open/src/hotspot/share/classfile/systemDictionary.cpp, line 231]
Event: 6.818 Thread 0x0000017efd601800 Exception <a 'java/lang/ClassNotFoundException'{0x0000000713f81ae0}: org/springframework/context/EnvironmentAwareCustomizer> (0x0000000713f81ae0) thrown at [t:/workspace/open/src/hotspot/share/classfile/systemDictionary.cpp, line 231]
Event: 6.818 Thread 0x0000017efd601800 Exception <a 'java/lang/ClassNotFoundException'{0x0000000713f8f320}: org/springframework/beans/factory/AwareCustomizer> (0x0000000713f8f320) thrown at [t:/workspace/open/src/hotspot/share/classfile/systemDictionary.cpp, line 231]

Events (10 events):
Event: 6.867 loading class javax/transaction/Transactional$TxType
Event: 6.867 loading class javax/transaction/Transactional$TxType done
Event: 6.867 loading class javax/interceptor/InterceptorBinding
Event: 6.867 loading class javax/interceptor/InterceptorBinding done
Event: 6.869 loading class org/springframework/beans/factory/support/BeanDefinitionResource
Event: 6.869 loading class org/springframework/beans/factory/support/BeanDefinitionResource done
Event: 6.883 loading class org/springframework/boot/autoconfigure/AutoConfigurationImportSelector$AutoConfigurationEntry
Event: 6.883 loading class org/springframework/boot/autoconfigure/AutoConfigurationImportSelector$AutoConfigurationEntry done
Event: 6.885 loading class org/springframework/boot/autoconfigure/AutoConfigurationImportSelector$AutoConfigurationGroup
Event: 6.885 loading class org/springframework/boot/autoconfigure/AutoConfigurationImportSelector$AutoConfigurationGroup done


Dynamic libraries:
0x00007ff6438d0000 - 0x00007ff643917000 	C:\Program Files\Java\jdk-11.0.2\bin\java.exe
0x00007ff9ab490000 - 0x00007ff9ab67d000 	C:\Windows\SYSTEM32\ntdll.dll
0x00007ff9a8790000 - 0x00007ff9a8843000 	C:\Windows\System32\KERNEL32.DLL
0x00007ff9a8330000 - 0x00007ff9a85c3000 	C:\Windows\System32\KERNELBASE.dll
0x00007ff9aae60000 - 0x00007ff9aaf03000 	C:\Windows\System32\ADVAPI32.dll
0x00007ff9ab370000 - 0x00007ff9ab40e000 	C:\Windows\System32\msvcrt.dll
0x00007ff9aaaf0000 - 0x00007ff9aab8e000 	C:\Windows\System32\sechost.dll
0x00007ff9a93a0000 - 0x00007ff9a94c2000 	C:\Windows\System32\RPCRT4.dll
0x00007ff9aab90000 - 0x00007ff9aad27000 	C:\Windows\System32\USER32.dll
0x00007ff9a85d0000 - 0x00007ff9a85f0000 	C:\Windows\System32\win32u.dll
0x00007ff9a8700000 - 0x00007ff9a8729000 	C:\Windows\System32\GDI32.dll
0x00007ff9a7530000 - 0x00007ff9a76ca000 	C:\Windows\System32\gdi32full.dll
0x00007ff9a85f0000 - 0x00007ff9a8690000 	C:\Windows\System32\msvcp_win.dll
0x00007ff9a7f20000 - 0x00007ff9a801a000 	C:\Windows\System32\ucrtbase.dll
0x00007ff99a840000 - 0x00007ff99aab9000 	C:\Windows\WinSxS\amd64_microsoft.windows.common-controls_6595b64144ccf1df_6.0.17763.557_none_05b63f68071e5b9f\COMCTL32.dll
0x00007ff9a0e10000 - 0x00007ff9a0e1a000 	C:\Windows\SYSTEM32\VERSION.dll
0x00007ff9aaf10000 - 0x00007ff9ab23c000 	C:\Windows\System32\combase.dll
0x00007ff9a76d0000 - 0x00007ff9a774e000 	C:\Windows\System32\bcryptPrimitives.dll
0x00007ff9a8850000 - 0x00007ff9a887e000 	C:\Windows\System32\IMM32.DLL
0x00007ff994020000 - 0x00007ff994036000 	C:\Program Files\Java\jdk-11.0.2\bin\vcruntime140.dll
0x00007ff96d1f0000 - 0x00007ff96d29a000 	C:\Program Files\Java\jdk-11.0.2\bin\msvcp140.dll
0x00007ff96c6c0000 - 0x00007ff96d1e7000 	C:\Program Files\Java\jdk-11.0.2\bin\server\jvm.dll
0x00007ff9a8900000 - 0x00007ff9a8908000 	C:\Windows\System32\PSAPI.DLL
0x00007ff9a56d0000 - 0x00007ff9a56f4000 	C:\Windows\SYSTEM32\WINMM.dll
0x00007ff9a12e0000 - 0x00007ff9a12e9000 	C:\Windows\SYSTEM32\WSOCK32.dll
0x00007ff9a8690000 - 0x00007ff9a86fd000 	C:\Windows\System32\WS2_32.dll
0x00007ff9a56a0000 - 0x00007ff9a56cd000 	C:\Windows\SYSTEM32\WINMMBASE.dll
0x00007ff9a8020000 - 0x00007ff9a806a000 	C:\Windows\System32\cfgmgr32.dll
0x00007ff9a7510000 - 0x00007ff9a7521000 	C:\Windows\System32\kernel.appcore.dll
0x00007ff9775a0000 - 0x00007ff9775b1000 	C:\Program Files\Java\jdk-11.0.2\bin\verify.dll
0x00007ff99d020000 - 0x00007ff99d20d000 	C:\Windows\SYSTEM32\DBGHELP.DLL
0x00007ff99c7a0000 - 0x00007ff99c7ca000 	C:\Windows\SYSTEM32\dbgcore.DLL
0x00007ff96c690000 - 0x00007ff96c6b9000 	C:\Program Files\Java\jdk-11.0.2\bin\java.dll
0x00007ff995b10000 - 0x00007ff995b3f000 	C:\Program Files\Java\jdk-11.0.2\bin\instrument.dll
0x00007ff96c670000 - 0x00007ff96c686000 	C:\Program Files\Java\jdk-11.0.2\bin\zip.dll
0x00007ff997330000 - 0x00007ff99733a000 	C:\Program Files\Java\jdk-11.0.2\bin\jimage.dll
0x00007ff9a9600000 - 0x00007ff9aaaf0000 	C:\Windows\System32\SHELL32.dll
0x00007ff9a92f0000 - 0x00007ff9a9398000 	C:\Windows\System32\shcore.dll
0x00007ff9a77d0000 - 0x00007ff9a7f1a000 	C:\Windows\System32\windows.storage.dll
0x00007ff9a7460000 - 0x00007ff9a7484000 	C:\Windows\System32\profapi.dll
0x00007ff9a74b0000 - 0x00007ff9a750d000 	C:\Windows\System32\powrprof.dll
0x00007ff9a95a0000 - 0x00007ff9a95f2000 	C:\Windows\System32\shlwapi.dll
0x00007ff9a7750000 - 0x00007ff9a7767000 	C:\Windows\System32\cryptsp.dll
0x00007ff96c650000 - 0x00007ff96c669000 	C:\Program Files\Java\jdk-11.0.2\bin\net.dll
0x00007ff9a31b0000 - 0x00007ff9a32a1000 	C:\Windows\SYSTEM32\WINHTTP.dll
0x00007ff99f090000 - 0x00007ff99f267000 	C:\Windows\SYSTEM32\urlmon.dll
0x00007ff99bf60000 - 0x00007ff99c208000 	C:\Windows\SYSTEM32\iertutil.dll
0x00007ff9a6eb0000 - 0x00007ff9a6ebc000 	C:\Windows\SYSTEM32\CRYPTBASE.DLL
0x00007ff9a6ce0000 - 0x00007ff9a6d47000 	C:\Windows\system32\mswsock.dll
0x00007ff96c630000 - 0x00007ff96c643000 	C:\Program Files\Java\jdk-11.0.2\bin\nio.dll
0x00007ff9a53f0000 - 0x00007ff9a540a000 	C:\Program Files\JetBrains\IntelliJ IDEA Community Edition 2019.1\bin\breakgen64.dll
0x00007ff9a6a40000 - 0x00007ff9a6a7d000 	C:\Windows\SYSTEM32\IPHLPAPI.DLL
0x00007ff9a8970000 - 0x00007ff9a8978000 	C:\Windows\System32\NSI.dll
0x00007ff9a2f40000 - 0x00007ff9a2f56000 	C:\Windows\SYSTEM32\dhcpcsvc6.DLL
0x00007ff9a2e70000 - 0x00007ff9a2e8c000 	C:\Windows\SYSTEM32\dhcpcsvc.DLL
0x00007ff9a6a80000 - 0x00007ff9a6b46000 	C:\Windows\SYSTEM32\DNSAPI.dll
0x00007ff997040000 - 0x00007ff997049000 	C:\Program Files\Java\jdk-11.0.2\bin\management.dll
0x00007ff972160000 - 0x00007ff97216c000 	C:\Program Files\Java\jdk-11.0.2\bin\management_ext.dll
0x00007ff998370000 - 0x00007ff998386000 	C:\Windows\system32\napinsp.dll
0x00007ff998320000 - 0x00007ff99833a000 	C:\Windows\system32\pnrpnsp.dll
0x00007ff998310000 - 0x00007ff99831e000 	C:\Windows\System32\winrnr.dll
0x00007ff9a5230000 - 0x00007ff9a524b000 	C:\Windows\system32\NLAapi.dll
0x00007ff9982f0000 - 0x00007ff998305000 	C:\Windows\system32\wshbth.dll
0x00007ff99f990000 - 0x00007ff99f99a000 	C:\Windows\System32\rasadhlp.dll
0x00007ff9a3130000 - 0x00007ff9a31a9000 	C:\Windows\System32\fwpuclnt.dll
0x00007ff9a8120000 - 0x00007ff9a8146000 	C:\Windows\System32\bcrypt.dll

dbghelp: loaded successfully - version: 4.0.5 - missing functions: none
symbol engine: initialized successfully - sym options: 0x614 - pdb path: .;C:\Program Files\Java\jdk-11.0.2\bin;C:\Windows\SYSTEM32;C:\Windows\WinSxS\amd64_microsoft.windows.common-controls_6595b64144ccf1df_6.0.17763.557_none_05b63f68071e5b9f;C:\Program Files\Java\jdk-11.0.2\bin\server;C:\Program Files\JetBrains\IntelliJ IDEA Community Edition 2019.1\bin

VM Arguments:
jvm_args: -javaagent:C:\Program Files\JetBrains\IntelliJ IDEA Community Edition 2019.1\lib\idea_rt.jar=50782:C:\Program Files\JetBrains\IntelliJ IDEA Community Edition 2019.1\bin -Dfile.encoding=UTF-8 
java_command: com.example.scheduleservice.scheduleservice.ScheduleServiceApplication
java_class_path (initial): E:\new\schedule-service\target\classes;C:\Users\novac.stoica\.m2\repository\org\springframework\boot\spring-boot-starter-data-jpa\2.1.6.RELEASE\spring-boot-starter-data-jpa-2.1.6.RELEASE.jar;C:\Users\novac.stoica\.m2\repository\org\springframework\boot\spring-boot-starter-aop\2.1.6.RELEASE\spring-boot-starter-aop-2.1.6.RELEASE.jar;C:\Users\novac.stoica\.m2\repository\org\springframework\spring-aop\5.1.8.RELEASE\spring-aop-5.1.8.RELEASE.jar;C:\Users\novac.stoica\.m2\repository\org\aspectj\aspectjweaver\1.9.4\aspectjweaver-1.9.4.jar;C:\Users\novac.stoica\.m2\repository\org\springframework\boot\spring-boot-starter-jdbc\2.1.6.RELEASE\spring-boot-starter-jdbc-2.1.6.RELEASE.jar;C:\Users\novac.stoica\.m2\repository\com\zaxxer\HikariCP\3.2.0\HikariCP-3.2.0.jar;C:\Users\novac.stoica\.m2\repository\org\springframework\spring-jdbc\5.1.8.RELEASE\spring-jdbc-5.1.8.RELEASE.jar;C:\Users\novac.stoica\.m2\repository\javax\transaction\javax.transaction-api\1.3\javax.transaction-api-1.3.jar;C:\Users\novac.stoica\.m2\repository\javax\xml\bind\jaxb-api\2.3.1\jaxb-api-2.3.1.jar;C:\Users\novac.stoica\.m2\repository\javax\activation\javax.activation-api\1.2.0\javax.activation-api-1.2.0.jar;C:\Users\novac.stoica\.m2\repository\org\hibernate\hibernate-core\5.3.10.Final\hibernate-core-5.3.10.Final.jar;C:\Users\novac.stoica\.m2\repository\org\jboss\logging\jboss-logging\3.3.2.Final\jboss-logging-3.3.2.Final.jar;C:\Users\novac.stoica\.m2\repository\javax\persistence\javax.persistence-api\2.2\javax.persistence-api-2.2.jar;C:\Users\novac.stoica\.m2\repository\org\javassist\javassist\3.23.2-GA\javassist-3.23.2-GA.jar;C:\Users\novac.stoica\.m2\repository\net\bytebuddy\byte-buddy\1.9.13\byte-buddy-1.9.13.jar;C:\Users\novac.stoica\.m2\repository\antlr\antlr\2.7.7\antlr-2.7.7.jar;C:\Users\novac.stoica\.m2\repository\org\jboss\jandex\2.0.5.Final\jandex-2.0.5.Final.jar;C:\Users\novac.stoica\.m2\repository\com\fasterxml\classmate\1.4.0\classmate-1.4.0.jar;C:\Users\novac.stoic
Launcher Type: SUN_STANDARD

[Global flags]
     intx CICompilerCount                          = 4                                         {product} {ergonomic}
     uint ConcGCThreads                            = 2                                         {product} {ergonomic}
     uint G1ConcRefinementThreads                  = 8                                         {product} {ergonomic}
   size_t G1HeapRegionSize                         = 1048576                                   {product} {ergonomic}
    uintx GCDrainStackTargetSize                   = 64                                        {product} {ergonomic}
   size_t InitialHeapSize                          = 260046848                                 {product} {ergonomic}
   size_t MarkStackSize                            = 4194304                                   {product} {ergonomic}
   size_t MaxHeapSize                              = 4156555264                                {product} {ergonomic}
   size_t MaxNewSize                               = 2493513728                                {product} {ergonomic}
   size_t MinHeapDeltaBytes                        = 1048576                                   {product} {ergonomic}
    uintx NonNMethodCodeHeapSize                   = 5835340                                {pd product} {ergonomic}
    uintx NonProfiledCodeHeapSize                  = 122911450                              {pd product} {ergonomic}
    uintx ProfiledCodeHeapSize                     = 122911450                              {pd product} {ergonomic}
    uintx ReservedCodeCacheSize                    = 251658240                              {pd product} {ergonomic}
     bool SegmentedCodeCache                       = true                                      {product} {ergonomic}
     bool UseCompressedClassPointers               = true                                 {lp64_product} {ergonomic}
     bool UseCompressedOops                        = true                                 {lp64_product} {ergonomic}
     bool UseG1GC                                  = true                                      {product} {ergonomic}
     bool UseLargePagesIndividualAllocation        = false                                  {pd product} {ergonomic}

Logging:
Log output configuration:
 #0: stdout all=warning uptime,level,tags
 #1: stderr all=off uptime,level,tags

Environment Variables:
JAVA_HOME=C:\Program Files\Java\jdk-11.0.2
PATH=C:\Windows\system32;C:\Windows;C:\Windows\System32\Wbem;C:\Windows\System32\WindowsPowerShell\v1.0\;C:\Windows\System32\OpenSSH\;C:\Program Files\Git\cmd;C:\Program Files\nodejs\;E:\apache-maven-3.6.1\bin;C:\Users\novac.stoica\AppData\Local\Microsoft\WindowsApps;C:\Users\novac.stoica\AppData\Roaming\npm
USERNAME=novac.stoica
OS=Windows_NT
PROCESSOR_IDENTIFIER=AMD64 Family 21 Model 2 Stepping 0, AuthenticAMD



---------------  S Y S T E M  ---------------

OS: Windows 10 , 64 bit Build 17763 (10.0.17763.475)

CPU:total 8 (initial active 8) (8 cores per cpu, 1 threads per core) family 21 model 2 stepping 0, cmov, cx8, fxsr, mmx, sse, sse2, sse3, ssse3, sse4.1, sse4.2, popcnt, avx, aes, clmul, mmxext, 3dnowpref, lzcnt, sse4a, tsc, tscinvbit, tscinv, bmi1, fma

Memory: 4k page, system-wide physical 15853M (6954M free)
TotalPageFile size 18285M (AvailPageFile size 6571M)
current process WorkingSet (physical memory assigned to process): 183M, peak: 183M
current process commit charge ("private bytes"): 394M, peak: 411M

vm_info: Java HotSpot(TM) 64-Bit Server VM (11.0.2+9-LTS) for windows-amd64 JRE (11.0.2+9-LTS), built on Jan 18 2019 05:24:10 by "mach5one" with MS VC++ 15.5 (VS2017)

END.
