#
# A fatal error has been detected by the Java Runtime Environment:
#
#  EXCEPTION_ACCESS_VIOLATION (0xc0000005) at pc=0x00007ffb50d912bc, pid=12052, tid=14996
#
# JRE version: Java(TM) SE Runtime Environment (11.0.2+9) (build 11.0.2+9-LTS)
# Java VM: Java HotSpot(TM) 64-Bit Server VM (11.0.2+9-LTS, mixed mode, tiered, compressed oops, g1 gc, windows-amd64)
# Problematic frame:
# V  [jvm.dll+0x2212bc]
#
# No core dump will be written. Minidumps are not enabled by default on client versions of Windows
#
# If you would like to submit a bug report, please visit:
#   http://bugreport.java.com/bugreport/crash.jsp
#

---------------  S U M M A R Y ------------

Command Line: -agentlib:jdwp=transport=dt_socket,address=127.0.0.1:63170,suspend=y,server=n -javaagent:C:\Users\novac.stoica\.IdeaIC2019.1\system\captureAgent\debugger-agent.jar -Dfile.encoding=UTF-8 com.example.moviesservice.moviesservice.MoviesServiceApplication

Host: AMD FX(tm)-8320 Eight-Core Processor           , 8 cores, 15G,  Windows 10 , 64 bit Build 17763 (10.0.17763.475)
Time: Tue Jul  2 17:02:44 2019 GTB Daylight Time elapsed time: 11 seconds (0d 0h 0m 11s)

---------------  T H R E A D  ---------------

Current thread (0x000001b31fc7b000):  JavaThread "C2 CompilerThread2" daemon [_thread_in_native, id=14996, stack(0x0000008eafd00000,0x0000008eafe00000)]


Current CompileTask:
C2:  11870 5830   !   4       org.springframework.beans.factory.support.DefaultSingletonBeanRegistry::getSingleton (117 bytes)

Stack: [0x0000008eafd00000,0x0000008eafe00000],  sp=0x0000008eafdfdb60,  free space=1014k
Native frames: (J=compiled Java code, j=interpreted, Vv=VM code, C=native code)
V  [jvm.dll+0x2212bc]
V  [jvm.dll+0x6615f3]
V  [jvm.dll+0x217247]
V  [jvm.dll+0x194200]
V  [jvm.dll+0x2263af]
V  [jvm.dll+0x2249b8]
V  [jvm.dll+0x738a9d]
V  [jvm.dll+0x6347f2]
C  [ucrtbase.dll+0x21ffa]
C  [KERNEL32.DLL+0x17974]
C  [ntdll.dll+0x6a271]


siginfo: EXCEPTION_ACCESS_VIOLATION (0xc0000005), reading address 0xffffffffffffffff


Register to memory mapping:

RIP=0x00007ffb50d912bc jvm.dll
RAX=0x0 is NULL
RBX=0x000001b320ddb538 points into unknown readable memory: 20 12 3b 51 fb 7f 00 00
RCX=0x002001b320ddb5a0 is an unknown value
RDX=0x0 is NULL
RSP=0x0000008eafdfdb60 is pointing into the stack for thread: 0x000001b31fc7b000
RBP=0x0000008eafdfddf0 is pointing into the stack for thread: 0x000001b31fc7b000
RSI=0x000001b320ddb5e0 points into unknown readable memory: a0 b5 dd 20 b3 01 20 00
RDI=0x000001b320ddb5e0 points into unknown readable memory: a0 b5 dd 20 b3 01 20 00
R8 =0x0 is NULL
R9 =0x000000000000003c is an unknown value
R10=0x0000000000000002 is an unknown value
R11=0x000000000000000d is an unknown value
R12=0x00007ffb513b4ad8 jvm.dll
R13=0x000001b31c5155a0 points into unknown readable memory: 00 00 00 00 00 00 00 00
R14=0x00000000000006f1 is an unknown value
R15=0x0000008eafdfe8b0 is pointing into the stack for thread: 0x000001b31fc7b000


Registers:
RAX=0x0000000000000000, RBX=0x000001b320ddb538, RCX=0x002001b320ddb5a0, RDX=0x0000000000000000
RSP=0x0000008eafdfdb60, RBP=0x0000008eafdfddf0, RSI=0x000001b320ddb5e0, RDI=0x000001b320ddb5e0
R8 =0x0000000000000000, R9 =0x000000000000003c, R10=0x0000000000000002, R11=0x000000000000000d
R12=0x00007ffb513b4ad8, R13=0x000001b31c5155a0, R14=0x00000000000006f1, R15=0x0000008eafdfe8b0
RIP=0x00007ffb50d912bc, EFLAGS=0x0000000000010202

Top of Stack: (sp=0x0000008eafdfdb60)
0x0000008eafdfdb60:   000001b320ddbaa8 000001b320ddbb50
0x0000008eafdfdb70:   0000008eafdfdcb0 00007ffb513b4ad8
0x0000008eafdfdb80:   0000008eafdfdcb0 0000008eafdfde40
0x0000008eafdfdb90:   000001b31e55e8c0 00007ffb511d15f3
0x0000008eafdfdba0:   000001b31e55e8c0 0000008eafdfdde0
0x0000008eafdfdbb0:   0000000000008000 000001b31c514c60
0x0000008eafdfdbc0:   0000008eafdfe8b0 000001b31c514c60
0x0000008eafdfdbd0:   000001b31e55e8c0 00007ffb50d87247
0x0000008eafdfdbe0:   000001b320f37960 0000000000000008
0x0000008eafdfdbf0:   0000008eafdfdce0 0000000000000001
0x0000008eafdfdc00:   0000000000000000 0000008eafdff158
0x0000008eafdfdc10:   0000000000000008 000001b320334180
0x0000008eafdfdc20:   0000008eafdff308 0000008eafdff320
0x0000008eafdfdc30:   000001b31a80a6a0 0000000000000000
0x0000008eafdfdc40:   0000000000000000 0000000000000002
0x0000008eafdfdc50:   0000000000000000 0000000000000000 

Instructions: (pc=0x00007ffb50d912bc)
0x00007ffb50d9129c:   47 00 44 8b 53 20 33 c0 45 85 d2 7e 5d 0f 1f 80
0x00007ffb50d912ac:   00 00 00 00 48 8b 7b 10 48 8b 0c c7 48 8d 34 c7
0x00007ffb50d912bc:   44 8b 59 28 41 8b d3 c1 ea 05 3b 55 30 73 1e 4c
0x00007ffb50d912cc:   8b 45 38 41 83 e3 1f 44 8b ca 41 0f b6 cb ba 01 


Stack slot to memory mapping:
stack at sp + 0 slots: 0x000001b320ddbaa8 points into unknown readable memory: 10 99 3c 51 fb 7f 00 00
stack at sp + 1 slots: 0x000001b320ddbb50 points into unknown readable memory: 08 bb dd 20 b3 01 00 00
stack at sp + 2 slots: 0x0000008eafdfdcb0 is pointing into the stack for thread: 0x000001b31fc7b000
stack at sp + 3 slots: 0x00007ffb513b4ad8 jvm.dll
stack at sp + 4 slots: 0x0000008eafdfdcb0 is pointing into the stack for thread: 0x000001b31fc7b000
stack at sp + 5 slots: 0x0000008eafdfde40 is pointing into the stack for thread: 0x000001b31fc7b000
stack at sp + 6 slots: 0x000001b31e55e8c0 points into unknown readable memory: 06 00 00 00 00 00 00 00
stack at sp + 7 slots: 0x00007ffb511d15f3 jvm.dll


---------------  P R O C E S S  ---------------

Threads class SMR info:
_java_thread_list=0x000001b31e056c80, length=21, elements={
0x000001b3772da000, 0x000001b31b0fb000, 0x000001b31b104000, 0x000001b31b163800,
0x000001b31b165800, 0x000001b31b166800, 0x000001b31b169800, 0x000001b31b113800,
0x000001b31a807000, 0x000001b31b57f800, 0x000001b31b585000, 0x000001b31b588000,
0x000001b31b89f000, 0x000001b31fe83000, 0x000001b31c6f5000, 0x000001b31e051800,
0x000001b320d44000, 0x000001b32024d800, 0x000001b3226e4000, 0x000001b31b5f5800,
0x000001b31fc7b000
}

Java Threads: ( => current thread )
  0x000001b3772da000 JavaThread "main" [_thread_in_Java, id=2288, stack(0x0000008eae300000,0x0000008eae400000)]
  0x000001b31b0fb000 JavaThread "Reference Handler" daemon [_thread_blocked, id=14652, stack(0x0000008eaea00000,0x0000008eaeb00000)]
  0x000001b31b104000 JavaThread "Finalizer" daemon [_thread_blocked, id=14560, stack(0x0000008eaeb00000,0x0000008eaec00000)]
  0x000001b31b163800 JavaThread "Signal Dispatcher" daemon [_thread_blocked, id=10824, stack(0x0000008eaec00000,0x0000008eaed00000)]
  0x000001b31b165800 JavaThread "Attach Listener" daemon [_thread_blocked, id=14204, stack(0x0000008eaed00000,0x0000008eaee00000)]
  0x000001b31b166800 JavaThread "C2 CompilerThread0" daemon [_thread_in_native, id=16268, stack(0x0000008eaee00000,0x0000008eaef00000)]
  0x000001b31b169800 JavaThread "C1 CompilerThread0" daemon [_thread_in_native, id=14700, stack(0x0000008eaef00000,0x0000008eaf000000)]
  0x000001b31b113800 JavaThread "Sweeper thread" daemon [_thread_blocked, id=15832, stack(0x0000008eaf000000,0x0000008eaf100000)]
  0x000001b31a807000 JavaThread "Common-Cleaner" daemon [_thread_blocked, id=14088, stack(0x0000008eaf100000,0x0000008eaf200000)]
  0x000001b31b57f800 JavaThread "JDWP Transport Listener: dt_socket" daemon [_thread_blocked, id=15104, stack(0x0000008eaf200000,0x0000008eaf300000)]
  0x000001b31b585000 JavaThread "JDWP Event Helper Thread" daemon [_thread_blocked, id=8640, stack(0x0000008eaf300000,0x0000008eaf400000)]
  0x000001b31b588000 JavaThread "JDWP Command Reader" daemon [_thread_in_native, id=12040, stack(0x0000008eaf400000,0x0000008eaf500000)]
  0x000001b31b89f000 JavaThread "Service Thread" daemon [_thread_blocked, id=6736, stack(0x0000008eaf700000,0x0000008eaf800000)]
  0x000001b31fe83000 JavaThread "Catalina-utility-1" [_thread_blocked, id=14620, stack(0x0000008eaf600000,0x0000008eaf700000)]
  0x000001b31c6f5000 JavaThread "Catalina-utility-2" [_thread_blocked, id=14116, stack(0x0000008eafe00000,0x0000008eaff00000)]
  0x000001b31e051800 JavaThread "container-0" [_thread_blocked, id=2024, stack(0x0000008eb0000000,0x0000008eb0100000)]
  0x000001b320d44000 JavaThread "mysql-cj-abandoned-connection-cleanup" daemon [_thread_blocked, id=12572, stack(0x0000008eb0400000,0x0000008eb0500000)]
  0x000001b32024d800 JavaThread "HikariPool-1 housekeeper" daemon [_thread_blocked, id=12816, stack(0x0000008eb0600000,0x0000008eb0700000)]
  0x000001b3226e4000 JavaThread "HikariPool-1 connection adder" daemon [_thread_blocked, id=8568, stack(0x0000008eb0700000,0x0000008eb0800000)]
  0x000001b31b5f5800 JavaThread "C2 CompilerThread1" daemon [_thread_in_native, id=8088, stack(0x0000008eaf500000,0x0000008eaf600000)]
=>0x000001b31fc7b000 JavaThread "C2 CompilerThread2" daemon [_thread_in_native, id=14996, stack(0x0000008eafd00000,0x0000008eafe00000)]

Other Threads:
  0x000001b31b0d6800 VMThread "VM Thread" [stack: 0x0000008eae900000,0x0000008eaea00000] [id=13660]
  0x000001b31bcae000 WatcherThread [stack: 0x0000008eaf800000,0x0000008eaf900000] [id=15440]
  0x000001b3772f1800 GCTaskThread "GC Thread#0" [stack: 0x0000008eae400000,0x0000008eae500000] [id=14472]
  0x000001b31c30f800 GCTaskThread "GC Thread#1" [stack: 0x0000008eaf900000,0x0000008eafa00000] [id=8736]
  0x000001b31c685000 GCTaskThread "GC Thread#2" [stack: 0x0000008eafa00000,0x0000008eafb00000] [id=15880]
  0x000001b31c4a8000 GCTaskThread "GC Thread#3" [stack: 0x0000008eafb00000,0x0000008eafc00000] [id=15976]
  0x000001b31bf27800 GCTaskThread "GC Thread#4" [stack: 0x0000008eafc00000,0x0000008eafd00000] [id=15096]
  0x000001b3204ef800 GCTaskThread "GC Thread#5" [stack: 0x0000008eb0100000,0x0000008eb0200000] [id=12624]
  0x000001b31e050800 GCTaskThread "GC Thread#6" [stack: 0x0000008eb0200000,0x0000008eb0300000] [id=10848]
  0x000001b320221800 GCTaskThread "GC Thread#7" [stack: 0x0000008eb0300000,0x0000008eb0400000] [id=12928]
  0x000001b37734b800 ConcurrentGCThread "G1 Main Marker" [stack: 0x0000008eae500000,0x0000008eae600000] [id=8316]
  0x000001b37734d800 ConcurrentGCThread "G1 Conc#0" [stack: 0x0000008eae600000,0x0000008eae700000] [id=8012]
  0x000001b31cb30800 ConcurrentGCThread "G1 Conc#1" [stack: 0x0000008eaff00000,0x0000008eb0000000] [id=4468]
  0x000001b31a72b800 ConcurrentGCThread "G1 Refine#0" [stack: 0x0000008eae700000,0x0000008eae800000] [id=13760]
  0x000001b31a72c800 ConcurrentGCThread "G1 Young RemSet Sampling" [stack: 0x0000008eae800000,0x0000008eae900000] [id=15296]

Threads with active compile tasks:
C2 CompilerThread05831   !   4       jdk.internal.loader.Resource::getBytes (242 bytes)
C1 CompilerThread05869       3       org.springframework.asm.ClassReader::readCode (5085 bytes)
C2 CompilerThread15800   !   4       org.springframework.core.annotation.AnnotatedElementUtils::searchWithFindSemantics (774 bytes)
C2 CompilerThread25830   !   4       org.springframework.beans.factory.support.DefaultSingletonBeanRegistry::getSingleton (117 bytes)

VM state:not at safepoint (normal execution)

VM Mutex/Monitor currently owned by a thread: None

Heap address: 0x0000000708400000, size: 3964 MB, Compressed Oops mode: Zero based, Oop shift amount: 3
Narrow klass base: 0x0000000800000000, Narrow klass shift: 0
Compressed class space size: 1073741824 Address: 0x0000000800000000

Heap:
 garbage-first heap   total 305152K, used 118404K [0x0000000708400000, 0x0000000800000000)
  region size 1024K, 104 young (106496K), 15 survivors (15360K)
 Metaspace       used 67967K, capacity 69137K, committed 69336K, reserved 1110016K
  class space    used 8501K, capacity 8959K, committed 8960K, reserved 1048576K
Heap Regions: E=young(eden), S=young(survivor), O=old, HS=humongous(starts), HC=humongous(continues), CS=collection set, F=free, A=archive, TAMS=top-at-mark-start (previous, next)
|   0|0x0000000708400000, 0x0000000708500000, 0x0000000708500000|100%|HS|  |TAMS 0x0000000708500000, 0x0000000708400000| Complete 
|   1|0x0000000708500000, 0x0000000708600000, 0x0000000708600000|100%| O|  |TAMS 0x0000000708600000, 0x0000000708500000| Untracked 
|   2|0x0000000708600000, 0x0000000708700000, 0x0000000708700000|100%| O|  |TAMS 0x0000000708700000, 0x0000000708600000| Untracked 
|   3|0x0000000708700000, 0x0000000708800000, 0x0000000708800000|100%| O|  |TAMS 0x0000000708800000, 0x0000000708700000| Untracked 
|   4|0x0000000708800000, 0x0000000708900000, 0x0000000708900000|100%| O|  |TAMS 0x0000000708900000, 0x0000000708800000| Untracked 
|   5|0x0000000708900000, 0x0000000708a00000, 0x0000000708a00000|100%| O|  |TAMS 0x0000000708a00000, 0x0000000708900000| Untracked 
|   6|0x0000000708a00000, 0x0000000708b00000, 0x0000000708b00000|100%| O|  |TAMS 0x0000000708b00000, 0x0000000708a00000| Untracked 
|   7|0x0000000708b00000, 0x0000000708c00000, 0x0000000708c00000|100%| O|  |TAMS 0x0000000708c00000, 0x0000000708b00000| Untracked 
|   8|0x0000000708c00000, 0x0000000708d00000, 0x0000000708d00000|100%| O|  |TAMS 0x0000000708d00000, 0x0000000708c00000| Untracked 
|   9|0x0000000708d00000, 0x0000000708d00000, 0x0000000708e00000|  0%| F|  |TAMS 0x0000000708d00000, 0x0000000708d00000| Untracked 
|  10|0x0000000708e00000, 0x0000000708f00000, 0x0000000708f00000|100%| O|  |TAMS 0x0000000708f00000, 0x0000000708e00000| Untracked 
|  11|0x0000000708f00000, 0x0000000709000000, 0x0000000709000000|100%| O|  |TAMS 0x0000000709000000, 0x0000000708f00000| Untracked 
|  12|0x0000000709000000, 0x0000000709100000, 0x0000000709100000|100%| O|  |TAMS 0x0000000709100000, 0x0000000709000000| Untracked 
|  13|0x0000000709100000, 0x00000007091f0e00, 0x0000000709200000| 94%| O|  |TAMS 0x00000007091f0e00, 0x0000000709100000| Untracked 
|  14|0x0000000709200000, 0x0000000709200000, 0x0000000709300000|  0%| F|  |TAMS 0x0000000709200000, 0x0000000709200000| Untracked 
|  15|0x0000000709300000, 0x0000000709300000, 0x0000000709400000|  0%| F|  |TAMS 0x0000000709300000, 0x0000000709300000| Untracked 
|  16|0x0000000709400000, 0x0000000709400000, 0x0000000709500000|  0%| F|  |TAMS 0x0000000709400000, 0x0000000709400000| Untracked 
|  17|0x0000000709500000, 0x0000000709500000, 0x0000000709600000|  0%| F|  |TAMS 0x0000000709500000, 0x0000000709500000| Untracked 
|  18|0x0000000709600000, 0x0000000709600000, 0x0000000709700000|  0%| F|  |TAMS 0x0000000709600000, 0x0000000709600000| Untracked 
|  19|0x0000000709700000, 0x0000000709700000, 0x0000000709800000|  0%| F|  |TAMS 0x0000000709700000, 0x0000000709700000| Untracked 
|  20|0x0000000709800000, 0x0000000709800000, 0x0000000709900000|  0%| F|  |TAMS 0x0000000709800000, 0x0000000709800000| Untracked 
|  21|0x0000000709900000, 0x0000000709900000, 0x0000000709a00000|  0%| F|  |TAMS 0x0000000709900000, 0x0000000709900000| Untracked 
|  22|0x0000000709a00000, 0x0000000709a00000, 0x0000000709b00000|  0%| F|  |TAMS 0x0000000709a00000, 0x0000000709a00000| Untracked 
|  23|0x0000000709b00000, 0x0000000709b00000, 0x0000000709c00000|  0%| F|  |TAMS 0x0000000709b00000, 0x0000000709b00000| Untracked 
|  24|0x0000000709c00000, 0x0000000709c00000, 0x0000000709d00000|  0%| F|  |TAMS 0x0000000709c00000, 0x0000000709c00000| Untracked 
|  25|0x0000000709d00000, 0x0000000709d00000, 0x0000000709e00000|  0%| F|  |TAMS 0x0000000709d00000, 0x0000000709d00000| Untracked 
|  26|0x0000000709e00000, 0x0000000709e00000, 0x0000000709f00000|  0%| F|  |TAMS 0x0000000709e00000, 0x0000000709e00000| Untracked 
|  27|0x0000000709f00000, 0x0000000709f00000, 0x000000070a000000|  0%| F|  |TAMS 0x0000000709f00000, 0x0000000709f00000| Untracked 
|  28|0x000000070a000000, 0x000000070a000000, 0x000000070a100000|  0%| F|  |TAMS 0x000000070a000000, 0x000000070a000000| Untracked 
|  29|0x000000070a100000, 0x000000070a100000, 0x000000070a200000|  0%| F|  |TAMS 0x000000070a100000, 0x000000070a100000| Untracked 
|  30|0x000000070a200000, 0x000000070a200000, 0x000000070a300000|  0%| F|  |TAMS 0x000000070a200000, 0x000000070a200000| Untracked 
|  31|0x000000070a300000, 0x000000070a300000, 0x000000070a400000|  0%| F|  |TAMS 0x000000070a300000, 0x000000070a300000| Untracked 
|  32|0x000000070a400000, 0x000000070a400000, 0x000000070a500000|  0%| F|  |TAMS 0x000000070a400000, 0x000000070a400000| Untracked 
|  33|0x000000070a500000, 0x000000070a500000, 0x000000070a600000|  0%| F|  |TAMS 0x000000070a500000, 0x000000070a500000| Untracked 
|  34|0x000000070a600000, 0x000000070a600000, 0x000000070a700000|  0%| F|  |TAMS 0x000000070a600000, 0x000000070a600000| Untracked 
|  35|0x000000070a700000, 0x000000070a700000, 0x000000070a800000|  0%| F|  |TAMS 0x000000070a700000, 0x000000070a700000| Untracked 
|  36|0x000000070a800000, 0x000000070a800000, 0x000000070a900000|  0%| F|  |TAMS 0x000000070a800000, 0x000000070a800000| Untracked 
|  37|0x000000070a900000, 0x000000070a900000, 0x000000070aa00000|  0%| F|  |TAMS 0x000000070a900000, 0x000000070a900000| Untracked 
|  38|0x000000070aa00000, 0x000000070aa00000, 0x000000070ab00000|  0%| F|  |TAMS 0x000000070aa00000, 0x000000070aa00000| Untracked 
|  39|0x000000070ab00000, 0x000000070ab00000, 0x000000070ac00000|  0%| F|  |TAMS 0x000000070ab00000, 0x000000070ab00000| Untracked 
|  40|0x000000070ac00000, 0x000000070ac00000, 0x000000070ad00000|  0%| F|  |TAMS 0x000000070ac00000, 0x000000070ac00000| Untracked 
|  41|0x000000070ad00000, 0x000000070ad00000, 0x000000070ae00000|  0%| F|  |TAMS 0x000000070ad00000, 0x000000070ad00000| Untracked 
|  42|0x000000070ae00000, 0x000000070ae00000, 0x000000070af00000|  0%| F|  |TAMS 0x000000070ae00000, 0x000000070ae00000| Untracked 
|  43|0x000000070af00000, 0x000000070af00000, 0x000000070b000000|  0%| F|  |TAMS 0x000000070af00000, 0x000000070af00000| Untracked 
|  44|0x000000070b000000, 0x000000070b000000, 0x000000070b100000|  0%| F|  |TAMS 0x000000070b000000, 0x000000070b000000| Untracked 
|  45|0x000000070b100000, 0x000000070b100000, 0x000000070b200000|  0%| F|  |TAMS 0x000000070b100000, 0x000000070b100000| Untracked 
|  46|0x000000070b200000, 0x000000070b200000, 0x000000070b300000|  0%| F|  |TAMS 0x000000070b200000, 0x000000070b200000| Untracked 
|  47|0x000000070b300000, 0x000000070b300000, 0x000000070b400000|  0%| F|  |TAMS 0x000000070b300000, 0x000000070b300000| Untracked 
|  48|0x000000070b400000, 0x000000070b400000, 0x000000070b500000|  0%| F|  |TAMS 0x000000070b400000, 0x000000070b400000| Untracked 
|  49|0x000000070b500000, 0x000000070b500000, 0x000000070b600000|  0%| F|  |TAMS 0x000000070b500000, 0x000000070b500000| Untracked 
|  50|0x000000070b600000, 0x000000070b600000, 0x000000070b700000|  0%| F|  |TAMS 0x000000070b600000, 0x000000070b600000| Untracked 
|  51|0x000000070b700000, 0x000000070b700000, 0x000000070b800000|  0%| F|  |TAMS 0x000000070b700000, 0x000000070b700000| Untracked 
|  52|0x000000070b800000, 0x000000070b800000, 0x000000070b900000|  0%| F|  |TAMS 0x000000070b800000, 0x000000070b800000| Untracked 
|  53|0x000000070b900000, 0x000000070b900000, 0x000000070ba00000|  0%| F|  |TAMS 0x000000070b900000, 0x000000070b900000| Untracked 
|  54|0x000000070ba00000, 0x000000070ba00000, 0x000000070bb00000|  0%| F|  |TAMS 0x000000070ba00000, 0x000000070ba00000| Untracked 
|  55|0x000000070bb00000, 0x000000070bb00000, 0x000000070bc00000|  0%| F|  |TAMS 0x000000070bb00000, 0x000000070bb00000| Untracked 
|  56|0x000000070bc00000, 0x000000070bc00000, 0x000000070bd00000|  0%| F|  |TAMS 0x000000070bc00000, 0x000000070bc00000| Untracked 
|  57|0x000000070bd00000, 0x000000070bd00000, 0x000000070be00000|  0%| F|  |TAMS 0x000000070bd00000, 0x000000070bd00000| Untracked 
|  58|0x000000070be00000, 0x000000070be00000, 0x000000070bf00000|  0%| F|  |TAMS 0x000000070be00000, 0x000000070be00000| Untracked 
|  59|0x000000070bf00000, 0x000000070bf00000, 0x000000070c000000|  0%| F|  |TAMS 0x000000070bf00000, 0x000000070bf00000| Untracked 
|  60|0x000000070c000000, 0x000000070c000000, 0x000000070c100000|  0%| F|  |TAMS 0x000000070c000000, 0x000000070c000000| Untracked 
|  61|0x000000070c100000, 0x000000070c100000, 0x000000070c200000|  0%| F|  |TAMS 0x000000070c100000, 0x000000070c100000| Untracked 
|  62|0x000000070c200000, 0x000000070c200000, 0x000000070c300000|  0%| F|  |TAMS 0x000000070c200000, 0x000000070c200000| Untracked 
|  63|0x000000070c300000, 0x000000070c300000, 0x000000070c400000|  0%| F|  |TAMS 0x000000070c300000, 0x000000070c300000| Untracked 
|  64|0x000000070c400000, 0x000000070c400000, 0x000000070c500000|  0%| F|  |TAMS 0x000000070c400000, 0x000000070c400000| Untracked 
|  65|0x000000070c500000, 0x000000070c500000, 0x000000070c600000|  0%| F|  |TAMS 0x000000070c500000, 0x000000070c500000| Untracked 
|  66|0x000000070c600000, 0x000000070c600000, 0x000000070c700000|  0%| F|  |TAMS 0x000000070c600000, 0x000000070c600000| Untracked 
|  67|0x000000070c700000, 0x000000070c700000, 0x000000070c800000|  0%| F|  |TAMS 0x000000070c700000, 0x000000070c700000| Untracked 
|  68|0x000000070c800000, 0x000000070c800000, 0x000000070c900000|  0%| F|  |TAMS 0x000000070c800000, 0x000000070c800000| Untracked 
|  69|0x000000070c900000, 0x000000070c900000, 0x000000070ca00000|  0%| F|  |TAMS 0x000000070c900000, 0x000000070c900000| Untracked 
|  70|0x000000070ca00000, 0x000000070ca00000, 0x000000070cb00000|  0%| F|  |TAMS 0x000000070ca00000, 0x000000070ca00000| Untracked 
|  71|0x000000070cb00000, 0x000000070cb00000, 0x000000070cc00000|  0%| F|  |TAMS 0x000000070cb00000, 0x000000070cb00000| Untracked 
|  72|0x000000070cc00000, 0x000000070cc00000, 0x000000070cd00000|  0%| F|  |TAMS 0x000000070cc00000, 0x000000070cc00000| Untracked 
|  73|0x000000070cd00000, 0x000000070cd00000, 0x000000070ce00000|  0%| F|  |TAMS 0x000000070cd00000, 0x000000070cd00000| Untracked 
|  74|0x000000070ce00000, 0x000000070ce00000, 0x000000070cf00000|  0%| F|  |TAMS 0x000000070ce00000, 0x000000070ce00000| Untracked 
|  75|0x000000070cf00000, 0x000000070cf00000, 0x000000070d000000|  0%| F|  |TAMS 0x000000070cf00000, 0x000000070cf00000| Untracked 
|  76|0x000000070d000000, 0x000000070d000000, 0x000000070d100000|  0%| F|  |TAMS 0x000000070d000000, 0x000000070d000000| Untracked 
|  77|0x000000070d100000, 0x000000070d100000, 0x000000070d200000|  0%| F|  |TAMS 0x000000070d100000, 0x000000070d100000| Untracked 
|  78|0x000000070d200000, 0x000000070d200000, 0x000000070d300000|  0%| F|  |TAMS 0x000000070d200000, 0x000000070d200000| Untracked 
|  79|0x000000070d300000, 0x000000070d300000, 0x000000070d400000|  0%| F|  |TAMS 0x000000070d300000, 0x000000070d300000| Untracked 
|  80|0x000000070d400000, 0x000000070d400000, 0x000000070d500000|  0%| F|  |TAMS 0x000000070d400000, 0x000000070d400000| Untracked 
|  81|0x000000070d500000, 0x000000070d500000, 0x000000070d600000|  0%| F|  |TAMS 0x000000070d500000, 0x000000070d500000| Untracked 
|  82|0x000000070d600000, 0x000000070d600000, 0x000000070d700000|  0%| F|  |TAMS 0x000000070d600000, 0x000000070d600000| Untracked 
|  83|0x000000070d700000, 0x000000070d700000, 0x000000070d800000|  0%| F|  |TAMS 0x000000070d700000, 0x000000070d700000| Untracked 
|  84|0x000000070d800000, 0x000000070d800000, 0x000000070d900000|  0%| F|  |TAMS 0x000000070d800000, 0x000000070d800000| Untracked 
|  85|0x000000070d900000, 0x000000070d900000, 0x000000070da00000|  0%| F|  |TAMS 0x000000070d900000, 0x000000070d900000| Untracked 
|  86|0x000000070da00000, 0x000000070da00000, 0x000000070db00000|  0%| F|  |TAMS 0x000000070da00000, 0x000000070da00000| Untracked 
|  87|0x000000070db00000, 0x000000070db00000, 0x000000070dc00000|  0%| F|  |TAMS 0x000000070db00000, 0x000000070db00000| Untracked 
|  88|0x000000070dc00000, 0x000000070dc00000, 0x000000070dd00000|  0%| F|  |TAMS 0x000000070dc00000, 0x000000070dc00000| Untracked 
|  89|0x000000070dd00000, 0x000000070dd00000, 0x000000070de00000|  0%| F|  |TAMS 0x000000070dd00000, 0x000000070dd00000| Untracked 
|  90|0x000000070de00000, 0x000000070de00000, 0x000000070df00000|  0%| F|  |TAMS 0x000000070de00000, 0x000000070de00000| Untracked 
|  91|0x000000070df00000, 0x000000070df00000, 0x000000070e000000|  0%| F|  |TAMS 0x000000070df00000, 0x000000070df00000| Untracked 
|  92|0x000000070e000000, 0x000000070e000000, 0x000000070e100000|  0%| F|  |TAMS 0x000000070e000000, 0x000000070e000000| Untracked 
|  93|0x000000070e100000, 0x000000070e100000, 0x000000070e200000|  0%| F|  |TAMS 0x000000070e100000, 0x000000070e100000| Untracked 
|  94|0x000000070e200000, 0x000000070e200000, 0x000000070e300000|  0%| F|  |TAMS 0x000000070e200000, 0x000000070e200000| Untracked 
|  95|0x000000070e300000, 0x000000070e300000, 0x000000070e400000|  0%| F|  |TAMS 0x000000070e300000, 0x000000070e300000| Untracked 
|  96|0x000000070e400000, 0x000000070e400000, 0x000000070e500000|  0%| F|  |TAMS 0x000000070e400000, 0x000000070e400000| Untracked 
|  97|0x000000070e500000, 0x000000070e500000, 0x000000070e600000|  0%| F|  |TAMS 0x000000070e500000, 0x000000070e500000| Untracked 
|  98|0x000000070e600000, 0x000000070e600000, 0x000000070e700000|  0%| F|  |TAMS 0x000000070e600000, 0x000000070e600000| Untracked 
|  99|0x000000070e700000, 0x000000070e700000, 0x000000070e800000|  0%| F|  |TAMS 0x000000070e700000, 0x000000070e700000| Untracked 
| 100|0x000000070e800000, 0x000000070e800000, 0x000000070e900000|  0%| F|  |TAMS 0x000000070e800000, 0x000000070e800000| Untracked 
| 101|0x000000070e900000, 0x000000070e900000, 0x000000070ea00000|  0%| F|  |TAMS 0x000000070e900000, 0x000000070e900000| Untracked 
| 102|0x000000070ea00000, 0x000000070ea00000, 0x000000070eb00000|  0%| F|  |TAMS 0x000000070ea00000, 0x000000070ea00000| Untracked 
| 103|0x000000070eb00000, 0x000000070eb00000, 0x000000070ec00000|  0%| F|  |TAMS 0x000000070eb00000, 0x000000070eb00000| Untracked 
| 104|0x000000070ec00000, 0x000000070ec00000, 0x000000070ed00000|  0%| F|  |TAMS 0x000000070ec00000, 0x000000070ec00000| Untracked 
| 105|0x000000070ed00000, 0x000000070ed00000, 0x000000070ee00000|  0%| F|  |TAMS 0x000000070ed00000, 0x000000070ed00000| Untracked 
| 106|0x000000070ee00000, 0x000000070ee00000, 0x000000070ef00000|  0%| F|  |TAMS 0x000000070ee00000, 0x000000070ee00000| Untracked 
| 107|0x000000070ef00000, 0x000000070ef00000, 0x000000070f000000|  0%| F|  |TAMS 0x000000070ef00000, 0x000000070ef00000| Untracked 
| 108|0x000000070f000000, 0x000000070f000000, 0x000000070f100000|  0%| F|  |TAMS 0x000000070f000000, 0x000000070f000000| Untracked 
| 109|0x000000070f100000, 0x000000070f100000, 0x000000070f200000|  0%| F|  |TAMS 0x000000070f100000, 0x000000070f100000| Untracked 
| 110|0x000000070f200000, 0x000000070f200000, 0x000000070f300000|  0%| F|  |TAMS 0x000000070f200000, 0x000000070f200000| Untracked 
| 111|0x000000070f300000, 0x000000070f300000, 0x000000070f400000|  0%| F|  |TAMS 0x000000070f300000, 0x000000070f300000| Untracked 
| 112|0x000000070f400000, 0x000000070f400000, 0x000000070f500000|  0%| F|  |TAMS 0x000000070f400000, 0x000000070f400000| Untracked 
| 113|0x000000070f500000, 0x000000070f500000, 0x000000070f600000|  0%| F|  |TAMS 0x000000070f500000, 0x000000070f500000| Untracked 
| 114|0x000000070f600000, 0x000000070f600000, 0x000000070f700000|  0%| F|  |TAMS 0x000000070f600000, 0x000000070f600000| Untracked 
| 115|0x000000070f700000, 0x000000070f700000, 0x000000070f800000|  0%| F|  |TAMS 0x000000070f700000, 0x000000070f700000| Untracked 
| 116|0x000000070f800000, 0x000000070f800000, 0x000000070f900000|  0%| F|  |TAMS 0x000000070f800000, 0x000000070f800000| Untracked 
| 117|0x000000070f900000, 0x000000070f900000, 0x000000070fa00000|  0%| F|  |TAMS 0x000000070f900000, 0x000000070f900000| Untracked 
| 118|0x000000070fa00000, 0x000000070fa00000, 0x000000070fb00000|  0%| F|  |TAMS 0x000000070fa00000, 0x000000070fa00000| Untracked 
| 119|0x000000070fb00000, 0x000000070fb00000, 0x000000070fc00000|  0%| F|  |TAMS 0x000000070fb00000, 0x000000070fb00000| Untracked 
| 120|0x000000070fc00000, 0x000000070fc00000, 0x000000070fd00000|  0%| F|  |TAMS 0x000000070fc00000, 0x000000070fc00000| Untracked 
| 121|0x000000070fd00000, 0x000000070fd00000, 0x000000070fe00000|  0%| F|  |TAMS 0x000000070fd00000, 0x000000070fd00000| Untracked 
| 122|0x000000070fe00000, 0x000000070fe00000, 0x000000070ff00000|  0%| F|  |TAMS 0x000000070fe00000, 0x000000070fe00000| Untracked 
| 123|0x000000070ff00000, 0x000000070ff00000, 0x0000000710000000|  0%| F|  |TAMS 0x000000070ff00000, 0x000000070ff00000| Untracked 
| 124|0x0000000710000000, 0x0000000710000000, 0x0000000710100000|  0%| F|  |TAMS 0x0000000710000000, 0x0000000710000000| Untracked 
| 125|0x0000000710100000, 0x0000000710100000, 0x0000000710200000|  0%| F|  |TAMS 0x0000000710100000, 0x0000000710100000| Untracked 
| 126|0x0000000710200000, 0x0000000710200000, 0x0000000710300000|  0%| F|  |TAMS 0x0000000710200000, 0x0000000710200000| Untracked 
| 127|0x0000000710300000, 0x0000000710300000, 0x0000000710400000|  0%| F|  |TAMS 0x0000000710300000, 0x0000000710300000| Untracked 
| 128|0x0000000710400000, 0x0000000710400000, 0x0000000710500000|  0%| F|  |TAMS 0x0000000710400000, 0x0000000710400000| Untracked 
| 129|0x0000000710500000, 0x0000000710500000, 0x0000000710600000|  0%| F|  |TAMS 0x0000000710500000, 0x0000000710500000| Untracked 
| 130|0x0000000710600000, 0x0000000710600000, 0x0000000710700000|  0%| F|  |TAMS 0x0000000710600000, 0x0000000710600000| Untracked 
| 131|0x0000000710700000, 0x0000000710700000, 0x0000000710800000|  0%| F|  |TAMS 0x0000000710700000, 0x0000000710700000| Untracked 
| 132|0x0000000710800000, 0x0000000710800000, 0x0000000710900000|  0%| F|  |TAMS 0x0000000710800000, 0x0000000710800000| Untracked 
| 133|0x0000000710900000, 0x0000000710900000, 0x0000000710a00000|  0%| F|  |TAMS 0x0000000710900000, 0x0000000710900000| Untracked 
| 134|0x0000000710a00000, 0x0000000710a00000, 0x0000000710b00000|  0%| F|  |TAMS 0x0000000710a00000, 0x0000000710a00000| Untracked 
| 135|0x0000000710b00000, 0x0000000710b00000, 0x0000000710c00000|  0%| F|  |TAMS 0x0000000710b00000, 0x0000000710b00000| Untracked 
| 136|0x0000000710c00000, 0x0000000710c00000, 0x0000000710d00000|  0%| F|  |TAMS 0x0000000710c00000, 0x0000000710c00000| Untracked 
| 137|0x0000000710d00000, 0x0000000710d00000, 0x0000000710e00000|  0%| F|  |TAMS 0x0000000710d00000, 0x0000000710d00000| Untracked 
| 138|0x0000000710e00000, 0x0000000710e00000, 0x0000000710f00000|  0%| F|  |TAMS 0x0000000710e00000, 0x0000000710e00000| Untracked 
| 139|0x0000000710f00000, 0x0000000710f00000, 0x0000000711000000|  0%| F|  |TAMS 0x0000000710f00000, 0x0000000710f00000| Untracked 
| 140|0x0000000711000000, 0x0000000711000000, 0x0000000711100000|  0%| F|  |TAMS 0x0000000711000000, 0x0000000711000000| Untracked 
| 141|0x0000000711100000, 0x0000000711100000, 0x0000000711200000|  0%| F|  |TAMS 0x0000000711100000, 0x0000000711100000| Untracked 
| 142|0x0000000711200000, 0x0000000711200000, 0x0000000711300000|  0%| F|  |TAMS 0x0000000711200000, 0x0000000711200000| Untracked 
| 143|0x0000000711300000, 0x0000000711300000, 0x0000000711400000|  0%| F|  |TAMS 0x0000000711300000, 0x0000000711300000| Untracked 
| 144|0x0000000711400000, 0x0000000711400000, 0x0000000711500000|  0%| F|  |TAMS 0x0000000711400000, 0x0000000711400000| Untracked 
| 145|0x0000000711500000, 0x0000000711500000, 0x0000000711600000|  0%| F|  |TAMS 0x0000000711500000, 0x0000000711500000| Untracked 
| 146|0x0000000711600000, 0x0000000711600000, 0x0000000711700000|  0%| F|  |TAMS 0x0000000711600000, 0x0000000711600000| Untracked 
| 147|0x0000000711700000, 0x0000000711700000, 0x0000000711800000|  0%| F|  |TAMS 0x0000000711700000, 0x0000000711700000| Untracked 
| 148|0x0000000711800000, 0x0000000711800000, 0x0000000711900000|  0%| F|  |TAMS 0x0000000711800000, 0x0000000711800000| Untracked 
| 149|0x0000000711900000, 0x0000000711900000, 0x0000000711a00000|  0%| F|  |TAMS 0x0000000711900000, 0x0000000711900000| Untracked 
| 150|0x0000000711a00000, 0x0000000711a00000, 0x0000000711b00000|  0%| F|  |TAMS 0x0000000711a00000, 0x0000000711a00000| Untracked 
| 151|0x0000000711b00000, 0x0000000711b00000, 0x0000000711c00000|  0%| F|  |TAMS 0x0000000711b00000, 0x0000000711b00000| Untracked 
| 152|0x0000000711c00000, 0x0000000711c00000, 0x0000000711d00000|  0%| F|  |TAMS 0x0000000711c00000, 0x0000000711c00000| Untracked 
| 153|0x0000000711d00000, 0x0000000711d00000, 0x0000000711e00000|  0%| F|  |TAMS 0x0000000711d00000, 0x0000000711d00000| Untracked 
| 154|0x0000000711e00000, 0x0000000711e00000, 0x0000000711f00000|  0%| F|  |TAMS 0x0000000711e00000, 0x0000000711e00000| Untracked 
| 155|0x0000000711f00000, 0x0000000711f00000, 0x0000000712000000|  0%| F|  |TAMS 0x0000000711f00000, 0x0000000711f00000| Untracked 
| 156|0x0000000712000000, 0x0000000712000000, 0x0000000712100000|  0%| F|  |TAMS 0x0000000712000000, 0x0000000712000000| Untracked 
| 157|0x0000000712100000, 0x0000000712100000, 0x0000000712200000|  0%| F|  |TAMS 0x0000000712100000, 0x0000000712100000| Untracked 
| 158|0x0000000712200000, 0x0000000712200000, 0x0000000712300000|  0%| F|  |TAMS 0x0000000712200000, 0x0000000712200000| Untracked 
| 159|0x0000000712300000, 0x0000000712300000, 0x0000000712400000|  0%| F|  |TAMS 0x0000000712300000, 0x0000000712300000| Untracked 
| 160|0x0000000712400000, 0x0000000712400000, 0x0000000712500000|  0%| F|  |TAMS 0x0000000712400000, 0x0000000712400000| Untracked 
| 161|0x0000000712500000, 0x0000000712500000, 0x0000000712600000|  0%| F|  |TAMS 0x0000000712500000, 0x0000000712500000| Untracked 
| 162|0x0000000712600000, 0x0000000712600000, 0x0000000712700000|  0%| F|  |TAMS 0x0000000712600000, 0x0000000712600000| Untracked 
| 163|0x0000000712700000, 0x0000000712700000, 0x0000000712800000|  0%| F|  |TAMS 0x0000000712700000, 0x0000000712700000| Untracked 
| 164|0x0000000712800000, 0x0000000712800000, 0x0000000712900000|  0%| F|  |TAMS 0x0000000712800000, 0x0000000712800000| Untracked 
| 165|0x0000000712900000, 0x0000000712900000, 0x0000000712a00000|  0%| F|  |TAMS 0x0000000712900000, 0x0000000712900000| Untracked 
| 166|0x0000000712a00000, 0x0000000712a00000, 0x0000000712b00000|  0%| F|  |TAMS 0x0000000712a00000, 0x0000000712a00000| Untracked 
| 167|0x0000000712b00000, 0x0000000712b00000, 0x0000000712c00000|  0%| F|  |TAMS 0x0000000712b00000, 0x0000000712b00000| Untracked 
| 168|0x0000000712c00000, 0x0000000712c00000, 0x0000000712d00000|  0%| F|  |TAMS 0x0000000712c00000, 0x0000000712c00000| Untracked 
| 169|0x0000000712d00000, 0x0000000712d00000, 0x0000000712e00000|  0%| F|  |TAMS 0x0000000712d00000, 0x0000000712d00000| Untracked 
| 170|0x0000000712e00000, 0x0000000712e00000, 0x0000000712f00000|  0%| F|  |TAMS 0x0000000712e00000, 0x0000000712e00000| Untracked 
| 171|0x0000000712f00000, 0x0000000712f00000, 0x0000000713000000|  0%| F|  |TAMS 0x0000000712f00000, 0x0000000712f00000| Untracked 
| 172|0x0000000713000000, 0x0000000713000000, 0x0000000713100000|  0%| F|  |TAMS 0x0000000713000000, 0x0000000713000000| Untracked 
| 173|0x0000000713100000, 0x0000000713100000, 0x0000000713200000|  0%| F|  |TAMS 0x0000000713100000, 0x0000000713100000| Untracked 
| 174|0x0000000713200000, 0x0000000713200000, 0x0000000713300000|  0%| F|  |TAMS 0x0000000713200000, 0x0000000713200000| Untracked 
| 175|0x0000000713300000, 0x0000000713300000, 0x0000000713400000|  0%| F|  |TAMS 0x0000000713300000, 0x0000000713300000| Untracked 
| 176|0x0000000713400000, 0x0000000713400000, 0x0000000713500000|  0%| F|  |TAMS 0x0000000713400000, 0x0000000713400000| Untracked 
| 177|0x0000000713500000, 0x0000000713500000, 0x0000000713600000|  0%| F|  |TAMS 0x0000000713500000, 0x0000000713500000| Untracked 
| 178|0x0000000713600000, 0x0000000713600000, 0x0000000713700000|  0%| F|  |TAMS 0x0000000713600000, 0x0000000713600000| Untracked 
| 179|0x0000000713700000, 0x0000000713700000, 0x0000000713800000|  0%| F|  |TAMS 0x0000000713700000, 0x0000000713700000| Untracked 
| 180|0x0000000713800000, 0x0000000713800000, 0x0000000713900000|  0%| F|  |TAMS 0x0000000713800000, 0x0000000713800000| Untracked 
| 181|0x0000000713900000, 0x0000000713900000, 0x0000000713a00000|  0%| F|  |TAMS 0x0000000713900000, 0x0000000713900000| Untracked 
| 182|0x0000000713a00000, 0x0000000713a00000, 0x0000000713b00000|  0%| F|  |TAMS 0x0000000713a00000, 0x0000000713a00000| Untracked 
| 183|0x0000000713b00000, 0x0000000713b00000, 0x0000000713c00000|  0%| F|  |TAMS 0x0000000713b00000, 0x0000000713b00000| Untracked 
| 184|0x0000000713c00000, 0x0000000713c00000, 0x0000000713d00000|  0%| F|  |TAMS 0x0000000713c00000, 0x0000000713c00000| Untracked 
| 185|0x0000000713d00000, 0x0000000713d00000, 0x0000000713e00000|  0%| F|  |TAMS 0x0000000713d00000, 0x0000000713d00000| Untracked 
| 186|0x0000000713e00000, 0x0000000713e00000, 0x0000000713f00000|  0%| F|  |TAMS 0x0000000713e00000, 0x0000000713e00000| Untracked 
| 187|0x0000000713f00000, 0x0000000713f00000, 0x0000000714000000|  0%| F|  |TAMS 0x0000000713f00000, 0x0000000713f00000| Untracked 
| 188|0x0000000714000000, 0x00000007140b0310, 0x0000000714100000| 68%| S|CS|TAMS 0x0000000714000000, 0x0000000714000000| Complete 
| 189|0x0000000714100000, 0x0000000714200000, 0x0000000714200000|100%| S|CS|TAMS 0x0000000714100000, 0x0000000714100000| Complete 
| 190|0x0000000714200000, 0x0000000714300000, 0x0000000714300000|100%| S|CS|TAMS 0x0000000714200000, 0x0000000714200000| Complete 
| 191|0x0000000714300000, 0x0000000714400000, 0x0000000714400000|100%| S|CS|TAMS 0x0000000714300000, 0x0000000714300000| Complete 
| 192|0x0000000714400000, 0x0000000714500000, 0x0000000714500000|100%| S|CS|TAMS 0x0000000714400000, 0x0000000714400000| Complete 
| 193|0x0000000714500000, 0x0000000714600000, 0x0000000714600000|100%| S|CS|TAMS 0x0000000714500000, 0x0000000714500000| Complete 
| 194|0x0000000714600000, 0x0000000714700000, 0x0000000714700000|100%| S|CS|TAMS 0x0000000714600000, 0x0000000714600000| Complete 
| 195|0x0000000714700000, 0x0000000714800000, 0x0000000714800000|100%| S|CS|TAMS 0x0000000714700000, 0x0000000714700000| Complete 
| 196|0x0000000714800000, 0x0000000714900000, 0x0000000714900000|100%| S|CS|TAMS 0x0000000714800000, 0x0000000714800000| Complete 
| 197|0x0000000714900000, 0x0000000714a00000, 0x0000000714a00000|100%| S|CS|TAMS 0x0000000714900000, 0x0000000714900000| Complete 
| 198|0x0000000714a00000, 0x0000000714b00000, 0x0000000714b00000|100%| S|CS|TAMS 0x0000000714a00000, 0x0000000714a00000| Complete 
| 199|0x0000000714b00000, 0x0000000714c00000, 0x0000000714c00000|100%| S|CS|TAMS 0x0000000714b00000, 0x0000000714b00000| Complete 
| 200|0x0000000714c00000, 0x0000000714d00000, 0x0000000714d00000|100%| S|CS|TAMS 0x0000000714c00000, 0x0000000714c00000| Complete 
| 201|0x0000000714d00000, 0x0000000714e00000, 0x0000000714e00000|100%| S|CS|TAMS 0x0000000714d00000, 0x0000000714d00000| Complete 
| 202|0x0000000714e00000, 0x0000000714f00000, 0x0000000714f00000|100%| S|CS|TAMS 0x0000000714e00000, 0x0000000714e00000| Complete 
| 203|0x0000000714f00000, 0x0000000714f00000, 0x0000000715000000|  0%| F|  |TAMS 0x0000000714f00000, 0x0000000714f00000| Untracked 
| 204|0x0000000715000000, 0x0000000715000000, 0x0000000715100000|  0%| F|  |TAMS 0x0000000715000000, 0x0000000715000000| Untracked 
| 205|0x0000000715100000, 0x0000000715100000, 0x0000000715200000|  0%| F|  |TAMS 0x0000000715100000, 0x0000000715100000| Untracked 
| 206|0x0000000715200000, 0x0000000715200000, 0x0000000715300000|  0%| F|  |TAMS 0x0000000715200000, 0x0000000715200000| Untracked 
| 207|0x0000000715300000, 0x0000000715300000, 0x0000000715400000|  0%| F|  |TAMS 0x0000000715300000, 0x0000000715300000| Untracked 
| 208|0x0000000715400000, 0x0000000715400000, 0x0000000715500000|  0%| F|  |TAMS 0x0000000715400000, 0x0000000715400000| Untracked 
| 209|0x0000000715500000, 0x0000000715600000, 0x0000000715600000|100%| E|  |TAMS 0x0000000715500000, 0x0000000715500000| Complete 
| 210|0x0000000715600000, 0x0000000715700000, 0x0000000715700000|100%| E|CS|TAMS 0x0000000715600000, 0x0000000715600000| Complete 
| 211|0x0000000715700000, 0x0000000715800000, 0x0000000715800000|100%| E|CS|TAMS 0x0000000715700000, 0x0000000715700000| Complete 
| 212|0x0000000715800000, 0x0000000715900000, 0x0000000715900000|100%| E|CS|TAMS 0x0000000715800000, 0x0000000715800000| Complete 
| 213|0x0000000715900000, 0x0000000715a00000, 0x0000000715a00000|100%| E|CS|TAMS 0x0000000715900000, 0x0000000715900000| Complete 
| 214|0x0000000715a00000, 0x0000000715b00000, 0x0000000715b00000|100%| E|CS|TAMS 0x0000000715a00000, 0x0000000715a00000| Complete 
| 215|0x0000000715b00000, 0x0000000715c00000, 0x0000000715c00000|100%| E|CS|TAMS 0x0000000715b00000, 0x0000000715b00000| Complete 
| 216|0x0000000715c00000, 0x0000000715d00000, 0x0000000715d00000|100%| E|CS|TAMS 0x0000000715c00000, 0x0000000715c00000| Complete 
| 217|0x0000000715d00000, 0x0000000715e00000, 0x0000000715e00000|100%| E|CS|TAMS 0x0000000715d00000, 0x0000000715d00000| Complete 
| 218|0x0000000715e00000, 0x0000000715f00000, 0x0000000715f00000|100%| E|CS|TAMS 0x0000000715e00000, 0x0000000715e00000| Complete 
| 219|0x0000000715f00000, 0x0000000716000000, 0x0000000716000000|100%| E|CS|TAMS 0x0000000715f00000, 0x0000000715f00000| Complete 
| 220|0x0000000716000000, 0x0000000716100000, 0x0000000716100000|100%| E|CS|TAMS 0x0000000716000000, 0x0000000716000000| Complete 
| 221|0x0000000716100000, 0x0000000716200000, 0x0000000716200000|100%| E|CS|TAMS 0x0000000716100000, 0x0000000716100000| Complete 
| 222|0x0000000716200000, 0x0000000716300000, 0x0000000716300000|100%| E|CS|TAMS 0x0000000716200000, 0x0000000716200000| Complete 
| 223|0x0000000716300000, 0x0000000716400000, 0x0000000716400000|100%| E|CS|TAMS 0x0000000716300000, 0x0000000716300000| Complete 
| 224|0x0000000716400000, 0x0000000716500000, 0x0000000716500000|100%| E|CS|TAMS 0x0000000716400000, 0x0000000716400000| Complete 
| 225|0x0000000716500000, 0x0000000716600000, 0x0000000716600000|100%| E|CS|TAMS 0x0000000716500000, 0x0000000716500000| Complete 
| 226|0x0000000716600000, 0x0000000716700000, 0x0000000716700000|100%| E|CS|TAMS 0x0000000716600000, 0x0000000716600000| Complete 
| 227|0x0000000716700000, 0x0000000716800000, 0x0000000716800000|100%| E|CS|TAMS 0x0000000716700000, 0x0000000716700000| Complete 
| 228|0x0000000716800000, 0x0000000716900000, 0x0000000716900000|100%| E|CS|TAMS 0x0000000716800000, 0x0000000716800000| Complete 
| 229|0x0000000716900000, 0x0000000716a00000, 0x0000000716a00000|100%| E|CS|TAMS 0x0000000716900000, 0x0000000716900000| Complete 
| 230|0x0000000716a00000, 0x0000000716b00000, 0x0000000716b00000|100%| E|CS|TAMS 0x0000000716a00000, 0x0000000716a00000| Complete 
| 231|0x0000000716b00000, 0x0000000716c00000, 0x0000000716c00000|100%| E|CS|TAMS 0x0000000716b00000, 0x0000000716b00000| Complete 
| 232|0x0000000716c00000, 0x0000000716d00000, 0x0000000716d00000|100%| E|CS|TAMS 0x0000000716c00000, 0x0000000716c00000| Complete 
| 233|0x0000000716d00000, 0x0000000716e00000, 0x0000000716e00000|100%| E|CS|TAMS 0x0000000716d00000, 0x0000000716d00000| Complete 
| 234|0x0000000716e00000, 0x0000000716f00000, 0x0000000716f00000|100%| E|CS|TAMS 0x0000000716e00000, 0x0000000716e00000| Complete 
| 235|0x0000000716f00000, 0x0000000717000000, 0x0000000717000000|100%| E|CS|TAMS 0x0000000716f00000, 0x0000000716f00000| Complete 
| 236|0x0000000717000000, 0x0000000717100000, 0x0000000717100000|100%| E|CS|TAMS 0x0000000717000000, 0x0000000717000000| Complete 
| 237|0x0000000717100000, 0x0000000717200000, 0x0000000717200000|100%| E|CS|TAMS 0x0000000717100000, 0x0000000717100000| Complete 
| 238|0x0000000717200000, 0x0000000717300000, 0x0000000717300000|100%| E|CS|TAMS 0x0000000717200000, 0x0000000717200000| Complete 
| 239|0x0000000717300000, 0x0000000717400000, 0x0000000717400000|100%| E|CS|TAMS 0x0000000717300000, 0x0000000717300000| Complete 
| 240|0x0000000717400000, 0x0000000717500000, 0x0000000717500000|100%| E|CS|TAMS 0x0000000717400000, 0x0000000717400000| Complete 
| 241|0x0000000717500000, 0x0000000717600000, 0x0000000717600000|100%| E|CS|TAMS 0x0000000717500000, 0x0000000717500000| Complete 
| 242|0x0000000717600000, 0x0000000717700000, 0x0000000717700000|100%| E|CS|TAMS 0x0000000717600000, 0x0000000717600000| Complete 
| 243|0x0000000717700000, 0x0000000717800000, 0x0000000717800000|100%| E|CS|TAMS 0x0000000717700000, 0x0000000717700000| Complete 
| 244|0x0000000717800000, 0x0000000717900000, 0x0000000717900000|100%| E|CS|TAMS 0x0000000717800000, 0x0000000717800000| Complete 
| 245|0x0000000717900000, 0x0000000717a00000, 0x0000000717a00000|100%| E|CS|TAMS 0x0000000717900000, 0x0000000717900000| Complete 
| 246|0x0000000717a00000, 0x0000000717b00000, 0x0000000717b00000|100%| E|CS|TAMS 0x0000000717a00000, 0x0000000717a00000| Complete 
| 247|0x0000000717b00000, 0x0000000717c00000, 0x0000000717c00000|100%| E|CS|TAMS 0x0000000717b00000, 0x0000000717b00000| Complete 
| 248|0x0000000717c00000, 0x0000000717d00000, 0x0000000717d00000|100%| E|CS|TAMS 0x0000000717c00000, 0x0000000717c00000| Complete 
| 249|0x0000000717d00000, 0x0000000717e00000, 0x0000000717e00000|100%| E|CS|TAMS 0x0000000717d00000, 0x0000000717d00000| Complete 
| 250|0x0000000717e00000, 0x0000000717f00000, 0x0000000717f00000|100%| E|CS|TAMS 0x0000000717e00000, 0x0000000717e00000| Complete 
| 251|0x0000000717f00000, 0x0000000718000000, 0x0000000718000000|100%| E|CS|TAMS 0x0000000717f00000, 0x0000000717f00000| Complete 
| 252|0x0000000718000000, 0x0000000718100000, 0x0000000718100000|100%| E|CS|TAMS 0x0000000718000000, 0x0000000718000000| Complete 
| 253|0x0000000718100000, 0x0000000718200000, 0x0000000718200000|100%| E|CS|TAMS 0x0000000718100000, 0x0000000718100000| Complete 
| 254|0x0000000718200000, 0x0000000718300000, 0x0000000718300000|100%| E|CS|TAMS 0x0000000718200000, 0x0000000718200000| Complete 
| 255|0x0000000718300000, 0x0000000718400000, 0x0000000718400000|100%| E|CS|TAMS 0x0000000718300000, 0x0000000718300000| Complete 
| 256|0x0000000718400000, 0x0000000718500000, 0x0000000718500000|100%| E|CS|TAMS 0x0000000718400000, 0x0000000718400000| Complete 
| 257|0x0000000718500000, 0x0000000718600000, 0x0000000718600000|100%| E|CS|TAMS 0x0000000718500000, 0x0000000718500000| Complete 
| 258|0x0000000718600000, 0x0000000718700000, 0x0000000718700000|100%| E|CS|TAMS 0x0000000718600000, 0x0000000718600000| Complete 
| 259|0x0000000718700000, 0x0000000718800000, 0x0000000718800000|100%| E|CS|TAMS 0x0000000718700000, 0x0000000718700000| Complete 
| 260|0x0000000718800000, 0x0000000718900000, 0x0000000718900000|100%| E|CS|TAMS 0x0000000718800000, 0x0000000718800000| Complete 
| 261|0x0000000718900000, 0x0000000718a00000, 0x0000000718a00000|100%| E|CS|TAMS 0x0000000718900000, 0x0000000718900000| Complete 
| 262|0x0000000718a00000, 0x0000000718b00000, 0x0000000718b00000|100%| E|CS|TAMS 0x0000000718a00000, 0x0000000718a00000| Complete 
| 263|0x0000000718b00000, 0x0000000718c00000, 0x0000000718c00000|100%| E|CS|TAMS 0x0000000718b00000, 0x0000000718b00000| Complete 
| 264|0x0000000718c00000, 0x0000000718d00000, 0x0000000718d00000|100%| E|CS|TAMS 0x0000000718c00000, 0x0000000718c00000| Complete 
| 265|0x0000000718d00000, 0x0000000718e00000, 0x0000000718e00000|100%| E|CS|TAMS 0x0000000718d00000, 0x0000000718d00000| Complete 
| 266|0x0000000718e00000, 0x0000000718f00000, 0x0000000718f00000|100%| E|CS|TAMS 0x0000000718e00000, 0x0000000718e00000| Complete 
| 267|0x0000000718f00000, 0x0000000719000000, 0x0000000719000000|100%| E|CS|TAMS 0x0000000718f00000, 0x0000000718f00000| Complete 
| 268|0x0000000719000000, 0x0000000719100000, 0x0000000719100000|100%| E|CS|TAMS 0x0000000719000000, 0x0000000719000000| Complete 
| 269|0x0000000719100000, 0x0000000719200000, 0x0000000719200000|100%| E|CS|TAMS 0x0000000719100000, 0x0000000719100000| Complete 
| 270|0x0000000719200000, 0x0000000719300000, 0x0000000719300000|100%| E|CS|TAMS 0x0000000719200000, 0x0000000719200000| Complete 
| 271|0x0000000719300000, 0x0000000719400000, 0x0000000719400000|100%| E|CS|TAMS 0x0000000719300000, 0x0000000719300000| Complete 
| 272|0x0000000719400000, 0x0000000719500000, 0x0000000719500000|100%| E|CS|TAMS 0x0000000719400000, 0x0000000719400000| Complete 
| 273|0x0000000719500000, 0x0000000719600000, 0x0000000719600000|100%| E|CS|TAMS 0x0000000719500000, 0x0000000719500000| Complete 
| 274|0x0000000719600000, 0x0000000719700000, 0x0000000719700000|100%| E|CS|TAMS 0x0000000719600000, 0x0000000719600000| Complete 
| 275|0x0000000719700000, 0x0000000719800000, 0x0000000719800000|100%| E|CS|TAMS 0x0000000719700000, 0x0000000719700000| Complete 
| 276|0x0000000719800000, 0x0000000719900000, 0x0000000719900000|100%| E|CS|TAMS 0x0000000719800000, 0x0000000719800000| Complete 
| 277|0x0000000719900000, 0x0000000719a00000, 0x0000000719a00000|100%| E|CS|TAMS 0x0000000719900000, 0x0000000719900000| Complete 
| 278|0x0000000719a00000, 0x0000000719b00000, 0x0000000719b00000|100%| E|CS|TAMS 0x0000000719a00000, 0x0000000719a00000| Complete 
| 279|0x0000000719b00000, 0x0000000719c00000, 0x0000000719c00000|100%| E|CS|TAMS 0x0000000719b00000, 0x0000000719b00000| Complete 
| 280|0x0000000719c00000, 0x0000000719d00000, 0x0000000719d00000|100%| E|CS|TAMS 0x0000000719c00000, 0x0000000719c00000| Complete 
| 281|0x0000000719d00000, 0x0000000719e00000, 0x0000000719e00000|100%| E|CS|TAMS 0x0000000719d00000, 0x0000000719d00000| Complete 
| 282|0x0000000719e00000, 0x0000000719f00000, 0x0000000719f00000|100%| E|CS|TAMS 0x0000000719e00000, 0x0000000719e00000| Complete 
| 283|0x0000000719f00000, 0x000000071a000000, 0x000000071a000000|100%| E|CS|TAMS 0x0000000719f00000, 0x0000000719f00000| Complete 
| 284|0x000000071a000000, 0x000000071a100000, 0x000000071a100000|100%| E|CS|TAMS 0x000000071a000000, 0x000000071a000000| Complete 
| 285|0x000000071a100000, 0x000000071a200000, 0x000000071a200000|100%| E|CS|TAMS 0x000000071a100000, 0x000000071a100000| Complete 
| 286|0x000000071a200000, 0x000000071a300000, 0x000000071a300000|100%| E|CS|TAMS 0x000000071a200000, 0x000000071a200000| Complete 
| 287|0x000000071a300000, 0x000000071a400000, 0x000000071a400000|100%| E|CS|TAMS 0x000000071a300000, 0x000000071a300000| Complete 
| 288|0x000000071a400000, 0x000000071a500000, 0x000000071a500000|100%| E|CS|TAMS 0x000000071a400000, 0x000000071a400000| Complete 
| 289|0x000000071a500000, 0x000000071a600000, 0x000000071a600000|100%| E|CS|TAMS 0x000000071a500000, 0x000000071a500000| Complete 
| 290|0x000000071a600000, 0x000000071a700000, 0x000000071a700000|100%| E|CS|TAMS 0x000000071a600000, 0x000000071a600000| Complete 
| 291|0x000000071a700000, 0x000000071a800000, 0x000000071a800000|100%| E|CS|TAMS 0x000000071a700000, 0x000000071a700000| Complete 
| 292|0x000000071a800000, 0x000000071a900000, 0x000000071a900000|100%| E|CS|TAMS 0x000000071a800000, 0x000000071a800000| Complete 
| 293|0x000000071a900000, 0x000000071aa00000, 0x000000071aa00000|100%| E|CS|TAMS 0x000000071a900000, 0x000000071a900000| Complete 
| 294|0x000000071aa00000, 0x000000071ab00000, 0x000000071ab00000|100%| E|CS|TAMS 0x000000071aa00000, 0x000000071aa00000| Complete 
| 295|0x000000071ab00000, 0x000000071ac00000, 0x000000071ac00000|100%| E|CS|TAMS 0x000000071ab00000, 0x000000071ab00000| Complete 
| 296|0x000000071ac00000, 0x000000071ad00000, 0x000000071ad00000|100%| E|CS|TAMS 0x000000071ac00000, 0x000000071ac00000| Complete 
| 297|0x000000071ad00000, 0x000000071ae00000, 0x000000071ae00000|100%| E|CS|TAMS 0x000000071ad00000, 0x000000071ad00000| Complete 

Card table byte_map: [0x000001b30f7c0000,0x000001b30ff80000] _byte_map_base: 0x000001b30bf7e000

Marking Bits (Prev, Next): (CMBitMap*) 0x000001b37733b380, (CMBitMap*) 0x000001b37733b348
 Prev Bits: [0x000001b314530000, 0x000001b318320000)
 Next Bits: [0x000001b310740000, 0x000001b314530000)

Polling page: 0x000001b3752a0000

Metaspace:

Usage:
  Non-class:     58.89 MB capacity,    58.11 MB ( 99%) used,   644.04 KB (  1%) free+waste,   162.13 KB ( <1%) overhead. 
      Class:      8.78 MB capacity,     8.31 MB ( 95%) used,   411.93 KB (  5%) free+waste,    72.31 KB ( <1%) overhead. 
       Both:     67.68 MB capacity,    66.42 MB ( 98%) used,     1.03 MB (  2%) free+waste,   234.44 KB ( <1%) overhead. 

Virtual space:
  Non-class space:       60.00 MB reserved,      58.96 MB ( 98%) committed 
      Class space:        1.00 GB reserved,       8.88 MB ( <1%) committed 
             Both:        1.06 GB reserved,      67.84 MB (  6%) committed 

Chunk freelists:
   Non-Class:  512 bytes
       Class:  0 bytes
        Both:  512 bytes

CodeHeap 'non-profiled nmethods': size=120000Kb used=4528Kb max_used=4528Kb free=115471Kb
 bounds [0x000001b307ad0000, 0x000001b307f40000, 0x000001b30f000000]
CodeHeap 'profiled nmethods': size=120000Kb used=15086Kb max_used=15086Kb free=104914Kb
 bounds [0x000001b3005a0000, 0x000001b301460000, 0x000001b307ad0000]
CodeHeap 'non-nmethods': size=5760Kb used=1345Kb max_used=1354Kb free=4414Kb
 bounds [0x000001b300000000, 0x000001b300270000, 0x000001b3005a0000]
 total_blobs=8061 nmethods=5835 adapters=525
 compilation: enabled
              stopped_count=0, restarted_count=0
 full_count=0

Compilation events (10 events):
Event: 11.843 Thread 0x000001b31fc7b000 nmethod 5805 0x000001b307f33f90 code [0x000001b307f34120, 0x000001b307f34198]
Event: 11.843 Thread 0x000001b31fc7b000 5796       4       ch.qos.logback.classic.pattern.LoggerConverter::getFullyQualifiedName (7 bytes)
Event: 11.844 Thread 0x000001b31fc7b000 nmethod 5796 0x000001b307f34290 code [0x000001b307f34420, 0x000001b307f344d8]
Event: 11.844 Thread 0x000001b31fc7b000 5797       4       ch.qos.logback.classic.pattern.MessageConverter::convert (9 bytes)
Event: 11.846 Thread 0x000001b31b169800 5829   !   3       java.lang.reflect.ProxyGenerator::generateClassFile (691 bytes)
Event: 11.847 Thread 0x000001b31b169800 

Event: 11.849 Thread 0x000001b31fc7b000 nmethod 5797 0x000001b307f34590 code [0x000001b307f34740, 0x000001b307f34b18]
Event: 11.849 Thread 0x000001b31fc7b000 5798       4       ch.qos.logback.classic.pattern.LineSeparatorConverter::convert (9 bytes)
Event: 11.850 Thread 0x000001b31fc7b000 nmethod 5798 0x000001b307f34d90 code [0x000001b307f34f20, 0x000001b307f34fb8]
Event: 11.850 Thread 0x000001b31fc7b000 5830   !   4       org.springframework.beans.factory.support.DefaultSingletonBeanRegistry::getSingleton (117 bytes)

GC Heap History (10 events):
Event: 3.892 GC heap before
{Heap before GC invocations=4 (full 0):
 garbage-first heap   total 253952K, used 71690K [0x0000000708400000, 0x0000000800000000)
  region size 1024K, 62 young (63488K), 3 survivors (3072K)
 Metaspace       used 29964K, capacity 30644K, committed 30848K, reserved 1077248K
  class space    used 3416K, capacity 3665K, committed 3712K, reserved 1048576K
}
Event: 3.899 GC heap after
{Heap after GC invocations=5 (full 0):
 garbage-first heap   total 253952K, used 13637K [0x0000000708400000, 0x0000000800000000)
  region size 1024K, 5 young (5120K), 5 survivors (5120K)
 Metaspace       used 29964K, capacity 30644K, committed 30848K, reserved 1077248K
  class space    used 3416K, capacity 3665K, committed 3712K, reserved 1048576K
}
Event: 6.038 GC heap before
{Heap before GC invocations=5 (full 0):
 garbage-first heap   total 253952K, used 117061K [0x0000000708400000, 0x0000000800000000)
  region size 1024K, 108 young (110592K), 5 survivors (5120K)
 Metaspace       used 34694K, capacity 35484K, committed 35584K, reserved 1081344K
  class space    used 3996K, capacity 4305K, committed 4352K, reserved 1048576K
}
Event: 6.056 GC heap after
{Heap after GC invocations=6 (full 0):
 garbage-first heap   total 253952K, used 17305K [0x0000000708400000, 0x0000000800000000)
  region size 1024K, 8 young (8192K), 8 survivors (8192K)
 Metaspace       used 34694K, capacity 35484K, committed 35584K, reserved 1081344K
  class space    used 3996K, capacity 4305K, committed 4352K, reserved 1048576K
}
Event: 8.148 GC heap before
{Heap before GC invocations=7 (full 0):
 garbage-first heap   total 253952K, used 157593K [0x0000000708400000, 0x0000000800000000)
  region size 1024K, 145 young (148480K), 8 survivors (8192K)
 Metaspace       used 42906K, capacity 43899K, committed 44160K, reserved 1087488K
  class space    used 5066K, capacity 5472K, committed 5504K, reserved 1048576K
}
Event: 8.163 GC heap after
{Heap after GC invocations=8 (full 0):
 garbage-first heap   total 253952K, used 21669K [0x0000000708400000, 0x0000000800000000)
  region size 1024K, 13 young (13312K), 13 survivors (13312K)
 Metaspace       used 42906K, capacity 43899K, committed 44160K, reserved 1087488K
  class space    used 5066K, capacity 5472K, committed 5504K, reserved 1048576K
}
Event: 9.229 GC heap before
{Heap before GC invocations=8 (full 0):
 garbage-first heap   total 253952K, used 159909K [0x0000000708400000, 0x0000000800000000)
  region size 1024K, 148 young (151552K), 13 survivors (13312K)
 Metaspace       used 44919K, capacity 45964K, committed 46208K, reserved 1089536K
  class space    used 5283K, capacity 5711K, committed 5760K, reserved 1048576K
}
Event: 9.249 GC heap after
{Heap after GC invocations=9 (full 0):
 garbage-first heap   total 305152K, used 22999K [0x0000000708400000, 0x0000000800000000)
  region size 1024K, 10 young (10240K), 10 survivors (10240K)
 Metaspace       used 44919K, capacity 45964K, committed 46208K, reserved 1089536K
  class space    used 5283K, capacity 5711K, committed 5760K, reserved 1048576K
}
Event: 10.727 GC heap before
{Heap before GC invocations=9 (full 0):
 garbage-first heap   total 305152K, used 119255K [0x0000000708400000, 0x0000000800000000)
  region size 1024K, 105 young (107520K), 10 survivors (10240K)
 Metaspace       used 58548K, capacity 59665K, committed 59736K, reserved 1101824K
  class space    used 7117K, capacity 7538K, committed 7552K, reserved 1048576K
}
Event: 10.754 GC heap after
{Heap after GC invocations=10 (full 0):
 garbage-first heap   total 305152K, used 28292K [0x0000000708400000, 0x0000000800000000)
  region size 1024K, 15 young (15360K), 15 survivors (15360K)
 Metaspace       used 58548K, capacity 59665K, committed 59736K, reserved 1101824K
  class space    used 7117K, capacity 7538K, committed 7552K, reserved 1048576K
}

Deoptimization events (10 events):
Event: 11.788 Thread 0x000001b3772da000 Uncommon trap: reason=profile_predicate action=maybe_recompile pc=0x000001b307e4f598 method=org.springframework.core.annotation.AnnotatedElementUtils.searchWithFindSemantics(Ljava/lang/reflect/AnnotatedElement;Ljava/util/Set;Ljava/lang/String;Ljava/lang/C
Event: 11.788 Thread 0x000001b3772da000 Uncommon trap: reason=profile_predicate action=maybe_recompile pc=0x000001b307e4f598 method=org.springframework.core.annotation.AnnotatedElementUtils.searchWithFindSemantics(Ljava/lang/reflect/AnnotatedElement;Ljava/util/Set;Ljava/lang/String;Ljava/lang/C
Event: 11.826 Thread 0x000001b3772da000 Uncommon trap: reason=unstable_if action=reinterpret pc=0x000001b307e199f0 method=org.springframework.asm.MethodWriter.computeAllFrames()V @ 369 c2
Event: 11.843 Thread 0x000001b3772da000 Uncommon trap: reason=speculate_class_check action=maybe_recompile pc=0x000001b307f081f8 method=jdk.internal.loader.Resource.cachedInputStream()Ljava/io/InputStream; @ 9 c2
Event: 11.843 Thread 0x000001b3772da000 Uncommon trap: reason=speculate_class_check action=maybe_recompile pc=0x000001b307eb30f8 method=jdk.internal.loader.Resource.getBytes()[B @ 10 c2
Event: 11.850 Thread 0x000001b3772da000 Uncommon trap: reason=speculate_class_check action=maybe_recompile pc=0x000001b307f081f8 method=jdk.internal.loader.Resource.cachedInputStream()Ljava/io/InputStream; @ 9 c2
Event: 11.850 Thread 0x000001b3772da000 Uncommon trap: reason=speculate_class_check action=maybe_recompile pc=0x000001b307eb30f8 method=jdk.internal.loader.Resource.getBytes()[B @ 10 c2
Event: 11.851 Thread 0x000001b3772da000 Uncommon trap: reason=speculate_class_check action=maybe_recompile pc=0x000001b307f081f8 method=jdk.internal.loader.Resource.cachedInputStream()Ljava/io/InputStream; @ 9 c2
Event: 11.851 Thread 0x000001b3772da000 Uncommon trap: reason=speculate_class_check action=maybe_recompile pc=0x000001b307eb30f8 method=jdk.internal.loader.Resource.getBytes()[B @ 10 c2
Event: 11.852 Thread 0x000001b3772da000 Uncommon trap: reason=speculate_class_check action=maybe_recompile pc=0x000001b307f081f8 method=jdk.internal.loader.Resource.cachedInputStream()Ljava/io/InputStream; @ 9 c2

Classes redefined (0 events):
No events

Internal exceptions (10 events):
Event: 11.812 Thread 0x000001b3772da000 Exception <a 'java/lang/ClassNotFoundException'{0x0000000715d669b8}: org/springframework/aop/framework/ProxyConfigCustomizer> (0x0000000715d669b8) thrown at [t:/workspace/open/src/hotspot/share/classfile/systemDictionary.cpp, line 231]
Event: 11.813 Thread 0x000001b3772da000 Exception <a 'java/lang/ClassNotFoundException'{0x0000000715d81af8}: org/springframework/aop/scope/ScopedProxyFactoryBeanCustomizer> (0x0000000715d81af8) thrown at [t:/workspace/open/src/hotspot/share/classfile/systemDictionary.cpp, line 231]
Event: 11.814 Thread 0x000001b3772da000 Exception <a 'java/lang/ClassNotFoundException'{0x0000000715da0408}: org/springframework/cloud/context/scope/GenericScope$LockedScopedProxyFactoryBeanCustomizer> (0x0000000715da0408) thrown at [t:/workspace/open/src/hotspot/share/classfile/systemDictionar
Event: 11.816 Thread 0x000001b3772da000 Exception <a 'java/lang/ClassNotFoundException'{0x0000000715dc1ed8}: org/aopalliance/intercept/MethodInterceptorCustomizer> (0x0000000715dc1ed8) thrown at [t:/workspace/open/src/hotspot/share/classfile/systemDictionary.cpp, line 231]
Event: 11.817 Thread 0x000001b3772da000 Exception <a 'java/lang/ClassNotFoundException'{0x0000000715dd45e0}: org/aopalliance/intercept/InterceptorCustomizer> (0x0000000715dd45e0) thrown at [t:/workspace/open/src/hotspot/share/classfile/systemDictionary.cpp, line 231]
Event: 11.817 Thread 0x000001b3772da000 Exception <a 'java/lang/ClassNotFoundException'{0x0000000715de48c8}: org/aopalliance/aop/AdviceCustomizer> (0x0000000715de48c8) thrown at [t:/workspace/open/src/hotspot/share/classfile/systemDictionary.cpp, line 231]
Event: 11.818 Thread 0x000001b3772da000 Exception <a 'java/lang/ClassNotFoundException'{0x0000000715df7de0}: org/springframework/beans/factory/FactoryBeanCustomizer> (0x0000000715df7de0) thrown at [t:/workspace/open/src/hotspot/share/classfile/systemDictionary.cpp, line 231]
Event: 11.819 Thread 0x000001b3772da000 Exception <a 'java/lang/ClassNotFoundException'{0x0000000715c0f2e0}: org/springframework/beans/factory/BeanFactoryAwareCustomizer> (0x0000000715c0f2e0) thrown at [t:/workspace/open/src/hotspot/share/classfile/systemDictionary.cpp, line 231]
Event: 11.819 Thread 0x000001b3772da000 Exception <a 'java/lang/ClassNotFoundException'{0x0000000715c223b0}: org/springframework/beans/factory/AwareCustomizer> (0x0000000715c223b0) thrown at [t:/workspace/open/src/hotspot/share/classfile/systemDictionary.cpp, line 231]
Event: 11.820 Thread 0x000001b3772da000 Exception <a 'java/lang/ClassNotFoundException'{0x0000000715c36df0}: org/springframework/aop/framework/AopInfrastructureBeanCustomizer> (0x0000000715c36df0) thrown at [t:/workspace/open/src/hotspot/share/classfile/systemDictionary.cpp, line 231]

Events (10 events):
Event: 11.859 loading class org/modelmapper/internal/converter/ConverterStore
Event: 11.859 loading class org/modelmapper/internal/converter/ConverterStore done
Event: 11.860 loading class org/modelmapper/internal/converter/ArrayConverter
Event: 11.860 loading class org/modelmapper/internal/converter/ArrayConverter done
Event: 11.860 loading class org/modelmapper/internal/converter/MergingCollectionConverter
Event: 11.860 loading class org/modelmapper/internal/converter/MergingCollectionConverter done
Event: 11.861 loading class org/modelmapper/internal/converter/MapConverter
Event: 11.861 loading class org/modelmapper/internal/converter/MapConverter done
Event: 11.861 loading class org/modelmapper/internal/converter/AssignableConverter
Event: 11.861 loading class org/modelmapper/internal/converter/AssignableConverter done


Dynamic libraries:
0x00007ff68dc00000 - 0x00007ff68dc47000 	C:\Program Files\Java\jdk-11.0.2\bin\java.exe
0x00007ffb820d0000 - 0x00007ffb822bd000 	C:\Windows\SYSTEM32\ntdll.dll
0x00007ffb7fbb0000 - 0x00007ffb7fc63000 	C:\Windows\System32\KERNEL32.DLL
0x00007ffb7e3e0000 - 0x00007ffb7e673000 	C:\Windows\System32\KERNELBASE.dll
0x00007ffb7f4d0000 - 0x00007ffb7f573000 	C:\Windows\System32\ADVAPI32.dll
0x00007ffb80690000 - 0x00007ffb8072e000 	C:\Windows\System32\msvcrt.dll
0x00007ffb807e0000 - 0x00007ffb8087e000 	C:\Windows\System32\sechost.dll
0x00007ffb81f40000 - 0x00007ffb82062000 	C:\Windows\System32\RPCRT4.dll
0x00007ffb7f6e0000 - 0x00007ffb7f877000 	C:\Windows\System32\USER32.dll
0x00007ffb7e830000 - 0x00007ffb7e850000 	C:\Windows\System32\win32u.dll
0x00007ffb7f2d0000 - 0x00007ffb7f2f9000 	C:\Windows\System32\GDI32.dll
0x00007ffb7e190000 - 0x00007ffb7e32a000 	C:\Windows\System32\gdi32full.dll
0x00007ffb7e900000 - 0x00007ffb7e9a0000 	C:\Windows\System32\msvcp_win.dll
0x00007ffb7e680000 - 0x00007ffb7e77a000 	C:\Windows\System32\ucrtbase.dll
0x00007ffb71190000 - 0x00007ffb71409000 	C:\Windows\WinSxS\amd64_microsoft.windows.common-controls_6595b64144ccf1df_6.0.17763.557_none_05b63f68071e5b9f\COMCTL32.dll
0x00007ffb802e0000 - 0x00007ffb8060c000 	C:\Windows\System32\combase.dll
0x00007ffb77aa0000 - 0x00007ffb77aaa000 	C:\Windows\SYSTEM32\VERSION.dll
0x00007ffb7e780000 - 0x00007ffb7e7fe000 	C:\Windows\System32\bcryptPrimitives.dll
0x00007ffb807a0000 - 0x00007ffb807ce000 	C:\Windows\System32\IMM32.DLL
0x00007ffb52cd0000 - 0x00007ffb52ce6000 	C:\Program Files\Java\jdk-11.0.2\bin\vcruntime140.dll
0x00007ffb516a0000 - 0x00007ffb5174a000 	C:\Program Files\Java\jdk-11.0.2\bin\msvcp140.dll
0x00007ffb50b70000 - 0x00007ffb51697000 	C:\Program Files\Java\jdk-11.0.2\bin\server\jvm.dll
0x00007ffb807d0000 - 0x00007ffb807d8000 	C:\Windows\System32\PSAPI.DLL
0x00007ffb788b0000 - 0x00007ffb788b9000 	C:\Windows\SYSTEM32\WSOCK32.dll
0x00007ffb7fce0000 - 0x00007ffb7fd4d000 	C:\Windows\System32\WS2_32.dll
0x00007ffb7c310000 - 0x00007ffb7c334000 	C:\Windows\SYSTEM32\WINMM.dll
0x00007ffb7c2e0000 - 0x00007ffb7c30d000 	C:\Windows\SYSTEM32\winmmbase.dll
0x00007ffb7e330000 - 0x00007ffb7e37a000 	C:\Windows\System32\cfgmgr32.dll
0x00007ffb7e150000 - 0x00007ffb7e161000 	C:\Windows\System32\kernel.appcore.dll
0x00007ffb50b50000 - 0x00007ffb50b61000 	C:\Program Files\Java\jdk-11.0.2\bin\verify.dll
0x00007ffb73cd0000 - 0x00007ffb73ebd000 	C:\Windows\SYSTEM32\DBGHELP.DLL
0x00007ffb739d0000 - 0x00007ffb739fa000 	C:\Windows\SYSTEM32\dbgcore.DLL
0x00007ffb50b20000 - 0x00007ffb50b49000 	C:\Program Files\Java\jdk-11.0.2\bin\java.dll
0x00007ffb5a2e0000 - 0x00007ffb5a317000 	C:\Program Files\Java\jdk-11.0.2\bin\jdwp.dll
0x00007ffb59e50000 - 0x00007ffb59e7f000 	C:\Program Files\Java\jdk-11.0.2\bin\instrument.dll
0x00007ffb50b00000 - 0x00007ffb50b16000 	C:\Program Files\Java\jdk-11.0.2\bin\zip.dll
0x00007ffb79290000 - 0x00007ffb7929a000 	C:\Program Files\Java\jdk-11.0.2\bin\jimage.dll
0x00007ffb80900000 - 0x00007ffb81df0000 	C:\Windows\System32\SHELL32.dll
0x00007ffb7fb00000 - 0x00007ffb7fba8000 	C:\Windows\System32\shcore.dll
0x00007ffb7eb80000 - 0x00007ffb7f2ca000 	C:\Windows\System32\windows.storage.dll
0x00007ffb7e0a0000 - 0x00007ffb7e0c4000 	C:\Windows\System32\profapi.dll
0x00007ffb7e0d0000 - 0x00007ffb7e12d000 	C:\Windows\System32\powrprof.dll
0x00007ffb80730000 - 0x00007ffb80782000 	C:\Windows\System32\shlwapi.dll
0x00007ffb7e170000 - 0x00007ffb7e187000 	C:\Windows\System32\cryptsp.dll
0x00007ffb6aa60000 - 0x00007ffb6aa6a000 	C:\Program Files\Java\jdk-11.0.2\bin\dt_socket.dll
0x00007ffb7d920000 - 0x00007ffb7d987000 	C:\Windows\system32\mswsock.dll
0x00007ffb50ae0000 - 0x00007ffb50af9000 	C:\Program Files\Java\jdk-11.0.2\bin\net.dll
0x00007ffb75e10000 - 0x00007ffb75fe7000 	C:\Windows\SYSTEM32\urlmon.dll
0x00007ffb79df0000 - 0x00007ffb79ee1000 	C:\Windows\SYSTEM32\WINHTTP.dll
0x00007ffb73440000 - 0x00007ffb736e8000 	C:\Windows\SYSTEM32\iertutil.dll
0x00007ffb7daf0000 - 0x00007ffb7dafc000 	C:\Windows\SYSTEM32\CRYPTBASE.DLL
0x00007ffb50ac0000 - 0x00007ffb50ad3000 	C:\Program Files\Java\jdk-11.0.2\bin\nio.dll
0x00007ffb7d680000 - 0x00007ffb7d6bd000 	C:\Windows\SYSTEM32\IPHLPAPI.DLL
0x00007ffb7fc70000 - 0x00007ffb7fc78000 	C:\Windows\System32\NSI.dll
0x00007ffb79af0000 - 0x00007ffb79b06000 	C:\Windows\SYSTEM32\dhcpcsvc6.DLL
0x00007ffb79a80000 - 0x00007ffb79a9c000 	C:\Windows\SYSTEM32\dhcpcsvc.DLL
0x00007ffb7d6c0000 - 0x00007ffb7d786000 	C:\Windows\SYSTEM32\DNSAPI.dll
0x00007ffb6aa10000 - 0x00007ffb6aa19000 	C:\Program Files\Java\jdk-11.0.2\bin\management.dll
0x00007ffb6a910000 - 0x00007ffb6a91c000 	C:\Program Files\Java\jdk-11.0.2\bin\management_ext.dll
0x00007ffb6ed20000 - 0x00007ffb6ed36000 	C:\Windows\system32\napinsp.dll
0x00007ffb6ecf0000 - 0x00007ffb6ed0a000 	C:\Windows\system32\pnrpnsp.dll
0x00007ffb6ecc0000 - 0x00007ffb6ecce000 	C:\Windows\System32\winrnr.dll
0x00007ffb7be40000 - 0x00007ffb7be5b000 	C:\Windows\system32\NLAapi.dll
0x00007ffb6eca0000 - 0x00007ffb6ecb5000 	C:\Windows\system32\wshbth.dll
0x00007ffb765c0000 - 0x00007ffb765ca000 	C:\Windows\System32\rasadhlp.dll
0x00007ffb79d70000 - 0x00007ffb79de9000 	C:\Windows\System32\fwpuclnt.dll
0x00007ffb7e800000 - 0x00007ffb7e826000 	C:\Windows\System32\bcrypt.dll
0x00007ffb7d480000 - 0x00007ffb7d4b3000 	C:\Windows\system32\rsaenh.dll
0x00007ffb7dfd0000 - 0x00007ffb7dff8000 	C:\Windows\SYSTEM32\USERENV.dll
0x00007ffb59dd0000 - 0x00007ffb59df7000 	C:\Program Files\Java\jdk-11.0.2\bin\sunec.dll
0x00007ffb6ed10000 - 0x00007ffb6ed1d000 	C:\Program Files\Java\jdk-11.0.2\bin\sunmscapi.dll
0x00007ffb7e9a0000 - 0x00007ffb7eb7b000 	C:\Windows\System32\CRYPT32.dll
0x00007ffb7e130000 - 0x00007ffb7e142000 	C:\Windows\System32\MSASN1.dll
0x00007ffb7dbf0000 - 0x00007ffb7dc16000 	C:\Windows\SYSTEM32\ncrypt.dll
0x00007ffb7dbb0000 - 0x00007ffb7dbec000 	C:\Windows\SYSTEM32\NTASN1.dll

dbghelp: loaded successfully - version: 4.0.5 - missing functions: none
symbol engine: initialized successfully - sym options: 0x614 - pdb path: .;C:\Program Files\Java\jdk-11.0.2\bin;C:\Windows\SYSTEM32;C:\Windows\WinSxS\amd64_microsoft.windows.common-controls_6595b64144ccf1df_6.0.17763.557_none_05b63f68071e5b9f;C:\Program Files\Java\jdk-11.0.2\bin\server

VM Arguments:
jvm_args: -agentlib:jdwp=transport=dt_socket,address=127.0.0.1:63170,suspend=y,server=n -javaagent:C:\Users\novac.stoica\.IdeaIC2019.1\system\captureAgent\debugger-agent.jar -Dfile.encoding=UTF-8 
java_command: com.example.moviesservice.moviesservice.MoviesServiceApplication
java_class_path (initial): E:\new\movies-service\target\classes;C:\Users\novac.stoica\.m2\repository\org\springframework\boot\spring-boot-starter-data-jpa\2.1.6.RELEASE\spring-boot-starter-data-jpa-2.1.6.RELEASE.jar;C:\Users\novac.stoica\.m2\repository\org\springframework\boot\spring-boot-starter-aop\2.1.6.RELEASE\spring-boot-starter-aop-2.1.6.RELEASE.jar;C:\Users\novac.stoica\.m2\repository\org\springframework\spring-aop\5.1.8.RELEASE\spring-aop-5.1.8.RELEASE.jar;C:\Users\novac.stoica\.m2\repository\org\aspectj\aspectjweaver\1.9.4\aspectjweaver-1.9.4.jar;C:\Users\novac.stoica\.m2\repository\org\springframework\boot\spring-boot-starter-jdbc\2.1.6.RELEASE\spring-boot-starter-jdbc-2.1.6.RELEASE.jar;C:\Users\novac.stoica\.m2\repository\com\zaxxer\HikariCP\3.2.0\HikariCP-3.2.0.jar;C:\Users\novac.stoica\.m2\repository\org\springframework\spring-jdbc\5.1.8.RELEASE\spring-jdbc-5.1.8.RELEASE.jar;C:\Users\novac.stoica\.m2\repository\javax\transaction\javax.transaction-api\1.3\javax.transaction-api-1.3.jar;C:\Users\novac.stoica\.m2\repository\javax\xml\bind\jaxb-api\2.3.1\jaxb-api-2.3.1.jar;C:\Users\novac.stoica\.m2\repository\org\springframework\data\spring-data-jpa\2.1.9.RELEASE\spring-data-jpa-2.1.9.RELEASE.jar;C:\Users\novac.stoica\.m2\repository\org\springframework\data\spring-data-commons\2.1.9.RELEASE\spring-data-commons-2.1.9.RELEASE.jar;C:\Users\novac.stoica\.m2\repository\org\springframework\spring-orm\5.1.8.RELEASE\spring-orm-5.1.8.RELEASE.jar;C:\Users\novac.stoica\.m2\repository\org\springframework\spring-aspects\5.1.8.RELEASE\spring-aspects-5.1.8.RELEASE.jar;C:\Users\novac.stoica\.m2\repository\org\springframework\boot\spring-boot-starter-web\2.1.6.RELEASE\spring-boot-starter-web-2.1.6.RELEASE.jar;C:\Users\novac.stoica\.m2\repository\org\springframework\boot\spring-boot-starter\2.1.6.RELEASE\spring-boot-starter-2.1.6.RELEASE.jar;C:\Users\novac.stoica\.m2\repository\org\springframework\boot\spring-boot\2.1.6.RELEASE\spring-boot-2.1.6.RELEASE.jar;C:\Users\novac.s
Launcher Type: SUN_STANDARD

[Global flags]
     intx CICompilerCount                          = 4                                         {product} {ergonomic}
     uint ConcGCThreads                            = 2                                         {product} {ergonomic}
     uint G1ConcRefinementThreads                  = 8                                         {product} {ergonomic}
   size_t G1HeapRegionSize                         = 1048576                                   {product} {ergonomic}
    uintx GCDrainStackTargetSize                   = 64                                        {product} {ergonomic}
   size_t InitialHeapSize                          = 260046848                                 {product} {ergonomic}
   size_t MarkStackSize                            = 4194304                                   {product} {ergonomic}
   size_t MaxHeapSize                              = 4156555264                                {product} {ergonomic}
   size_t MaxNewSize                               = 2493513728                                {product} {ergonomic}
   size_t MinHeapDeltaBytes                        = 1048576                                   {product} {ergonomic}
    uintx NonNMethodCodeHeapSize                   = 5835340                                {pd product} {ergonomic}
    uintx NonProfiledCodeHeapSize                  = 122911450                              {pd product} {ergonomic}
    uintx ProfiledCodeHeapSize                     = 122911450                              {pd product} {ergonomic}
    uintx ReservedCodeCacheSize                    = 251658240                              {pd product} {ergonomic}
     bool SegmentedCodeCache                       = true                                      {product} {ergonomic}
     bool UseCompressedClassPointers               = true                                 {lp64_product} {ergonomic}
     bool UseCompressedOops                        = true                                 {lp64_product} {ergonomic}
     bool UseG1GC                                  = true                                      {product} {ergonomic}
     bool UseLargePagesIndividualAllocation        = false                                  {pd product} {ergonomic}

Logging:
Log output configuration:
 #0: stdout all=warning uptime,level,tags
 #1: stderr all=off uptime,level,tags

Environment Variables:
JAVA_HOME=C:\Program Files\Java\jdk-11.0.2
PATH=C:\Windows\system32;C:\Windows;C:\Windows\System32\Wbem;C:\Windows\System32\WindowsPowerShell\v1.0\;C:\Windows\System32\OpenSSH\;C:\Program Files\Git\cmd;C:\Program Files\nodejs\;E:\apache-maven-3.6.1\bin;C:\Users\novac.stoica\AppData\Local\Microsoft\WindowsApps;C:\Users\novac.stoica\AppData\Roaming\npm
USERNAME=novac.stoica
OS=Windows_NT
PROCESSOR_IDENTIFIER=AMD64 Family 21 Model 2 Stepping 0, AuthenticAMD



---------------  S Y S T E M  ---------------

OS: Windows 10 , 64 bit Build 17763 (10.0.17763.475)

CPU:total 8 (initial active 8) (8 cores per cpu, 1 threads per core) family 21 model 2 stepping 0, cmov, cx8, fxsr, mmx, sse, sse2, sse3, ssse3, sse4.1, sse4.2, popcnt, avx, aes, clmul, mmxext, 3dnowpref, lzcnt, sse4a, tsc, tscinvbit, tscinv, bmi1, fma

Memory: 4k page, system-wide physical 15853M (7219M free)
TotalPageFile size 18285M (AvailPageFile size 5342M)
current process WorkingSet (physical memory assigned to process): 418M, peak: 434M
current process commit charge ("private bytes"): 536M, peak: 553M

vm_info: Java HotSpot(TM) 64-Bit Server VM (11.0.2+9-LTS) for windows-amd64 JRE (11.0.2+9-LTS), built on Jan 18 2019 05:24:10 by "mach5one" with MS VC++ 15.5 (VS2017)

END.
