#
# A fatal error has been detected by the Java Runtime Environment:
#
#  EXCEPTION_ACCESS_VIOLATION (0xc0000005) at pc=0x00007ffe6d10dc31, pid=13752, tid=13528
#
# JRE version: Java(TM) SE Runtime Environment (11.0.2+9) (build 11.0.2+9-LTS)
# Java VM: Java HotSpot(TM) 64-Bit Server VM (11.0.2+9-LTS, mixed mode, tiered, compressed oops, g1 gc, windows-amd64)
# Problematic frame:
# V  [jvm.dll+0x19dc31]
#
# No core dump will be written. Minidumps are not enabled by default on client versions of Windows
#
# If you would like to submit a bug report, please visit:
#   http://bugreport.java.com/bugreport/crash.jsp
#

---------------  S U M M A R Y ------------

Command Line: -javaagent:C:\Program Files\JetBrains\IntelliJ IDEA Community Edition 2019.1\lib\idea_rt.jar=61365:C:\Program Files\JetBrains\IntelliJ IDEA Community Edition 2019.1\bin -Dfile.encoding=UTF-8 com.example.moviesservice.moviesservice.MoviesServiceApplication

Host: AMD FX(tm)-8320 Eight-Core Processor           , 8 cores, 15G,  Windows 10 , 64 bit Build 17763 (10.0.17763.475)
Time: Mon Jul  1 14:25:59 2019 GTB Daylight Time elapsed time: 1 seconds (0d 0h 0m 1s)

---------------  T H R E A D  ---------------

Current thread (0x000002721a123800):  ConcurrentGCThread "G1 Conc#1" [stack: 0x000000ce18400000,0x000000ce18500000] [id=13528]

Stack: [0x000000ce18400000,0x000000ce18500000],  sp=0x000000ce184ff628,  free space=1021k
Native frames: (J=compiled Java code, j=interpreted, Vv=VM code, C=native code)
V  [jvm.dll+0x19dc31]


siginfo: EXCEPTION_ACCESS_VIOLATION (0xc0000005), reading address 0x000000000000c110


Register to memory mapping:

RIP=0x00007ffe6d10dc31 jvm.dll
RAX=0x000000000000c000 is an unknown value
RBX=0x0 is NULL
RCX=0x0000000800000000 is pointing into metadata
RDX=0x0000000708bd65f0 is pointing into object: java.lang.ref.SoftReference 
{0x0000000708bd65e0} - klass: 'java/lang/ref/SoftReference'
RSP=0x000000ce184ff628 points into unknown readable memory: eb 7a 17 6d fe 7f 00 00
RBP=0x000000ce184ff801 points into unknown readable memory: 39 3e c2 ff 2f d5 01
RSI=0x0000000708bd65f0 is pointing into object: java.lang.ref.SoftReference 
{0x0000000708bd65e0} - klass: 'java/lang/ref/SoftReference'
RDI=0x4000000000000000 is an unknown value
R8 =0x0 is NULL
R9 =0x0000000800000000 is pointing into metadata
R10=0x00000272741a35c0 points into unknown readable memory: 70 81 7f 6d fe 7f 00 00
R11=0x346dc5d63886594b is an unknown value
R12=0x0000000000000001 is an unknown value
R13=0x0000027274164270 points into unknown readable memory: 00 48 17 74 72 02 00 00
R14=0x0000027212e0f590 points into unknown readable memory: 02 41 44 08 22 42 10 51
R15=0x0 is NULL


Registers:
RAX=0x000000000000c000, RBX=0x0000000000000000, RCX=0x0000000800000000, RDX=0x0000000708bd65f0
RSP=0x000000ce184ff628, RBP=0x000000ce184ff801, RSI=0x0000000708bd65f0, RDI=0x4000000000000000
R8 =0x0000000000000000, R9 =0x0000000800000000, R10=0x00000272741a35c0, R11=0x346dc5d63886594b
R12=0x0000000000000001, R13=0x0000027274164270, R14=0x0000027212e0f590, R15=0x0000000000000000
RIP=0x00007ffe6d10dc31, EFLAGS=0x0000000000010246

Top of Stack: (sp=0x000000ce184ff628)
0x000000ce184ff628:   00007ffe6d177aeb 0000000708ad5b00
0x000000ce184ff638:   0000000000000000 000000080001a150
0x000000ce184ff648:   0000000708ad6560 00000272741642c0
0x000000ce184ff658:   00000272184e4c01 0000000000000000
0x000000ce184ff668:   0000027274181570 0000000708ad65f0
0x000000ce184ff678:   00007ffe6d1778d2 0000027274181430
0x000000ce184ff688:   000000ce184ff818 0000000708bd65f0
0x000000ce184ff698:   00007ffe6d175f1d 000000ce184ff818
0x000000ce184ff6a8:   00007ffe6d17623d 000000000000000a
0x000000ce184ff6b8:   0000000708ad65dc 00000272184e4c01
0x000000ce184ff6c8:   00000272741642c0 000000080001b9c0
0x000000ce184ff6d8:   00007ffe6d175731 000000000000000a
0x000000ce184ff6e8:   0000000708ad65a0 0000000708ad6560
0x000000ce184ff6f8:   0000027274181430 0000027274181430
0x000000ce184ff708:   00007ffe6d26d1ee 0000000708ad65a0
0x000000ce184ff718:   000000ce184ff7d0 000000ce184ff7d0 

Instructions: (pc=0x00007ffe6d10dc31)
0x00007ffe6d10dc11:   10 0f b6 c1 49 8d 0c 11 49 f7 d1 48 03 c1 49 c1
0x00007ffe6d10dc21:   e9 03 48 c1 e8 03 41 23 c1 c3 49 8b 01 49 8b c9
0x00007ffe6d10dc31:   48 ff a0 10 01 00 00 cc cc cc cc cc cc cc cc 48
0x00007ffe6d10dc41:   83 ec 38 48 8b 02 48 8b 49 38 48 89 44 24 20 48 


Stack slot to memory mapping:
stack at sp + 0 slots: 0x00007ffe6d177aeb jvm.dll
stack at sp + 1 slots: 0x0000000708ad5b00 is an oop: java.lang.ref.SoftReference 
{0x0000000708ad5b00} - klass: 'java/lang/ref/SoftReference'
stack at sp + 2 slots: 0x0 is NULL
stack at sp + 3 slots: 0x000000080001a150 is a pointer to class: 
java.lang.Runtime {0x000000080001a158}
stack at sp + 4 slots: 0x0000000708ad6560 is an oop: java.util.concurrent.ConcurrentHashMap 
{0x0000000708ad6560} - klass: 'java/util/concurrent/ConcurrentHashMap'
stack at sp + 5 slots: 0x00000272741642c0 points into unknown readable memory: 00 00 40 08 07 00 00 00
stack at sp + 6 slots: 0x00000272184e4c01 points into unknown readable memory: 00 00 00 00 00 00 00
stack at sp + 7 slots: 0x0 is NULL


---------------  P R O C E S S  ---------------

Threads class SMR info:
_java_thread_list=0x0000027218f947e0, length=14, elements={
0x0000027274103000, 0x0000027217654800, 0x0000027217f05000, 0x0000027217f6b800,
0x0000027217f6c800, 0x0000027217f6e800, 0x0000027217f72800, 0x0000027217f26000,
0x000002721760d000, 0x0000027218369800, 0x000002721862b800, 0x00000272185f4000,
0x0000027218ee3000, 0x0000027219a9a800
}

Java Threads: ( => current thread )
  0x0000027274103000 JavaThread "main" [_thread_blocked, id=4848, stack(0x000000ce16b00000,0x000000ce16c00000)]
  0x0000027217654800 JavaThread "Reference Handler" daemon [_thread_blocked, id=13536, stack(0x000000ce17200000,0x000000ce17300000)]
  0x0000027217f05000 JavaThread "Finalizer" daemon [_thread_blocked, id=2164, stack(0x000000ce17300000,0x000000ce17400000)]
  0x0000027217f6b800 JavaThread "Signal Dispatcher" daemon [_thread_blocked, id=14628, stack(0x000000ce17400000,0x000000ce17500000)]
  0x0000027217f6c800 JavaThread "Attach Listener" daemon [_thread_blocked, id=1120, stack(0x000000ce17500000,0x000000ce17600000)]
  0x0000027217f6e800 JavaThread "C2 CompilerThread0" daemon [_thread_in_native, id=4564, stack(0x000000ce17600000,0x000000ce17700000)]
  0x0000027217f72800 JavaThread "C1 CompilerThread0" daemon [_thread_blocked, id=13724, stack(0x000000ce17700000,0x000000ce17800000)]
  0x0000027217f26000 JavaThread "Sweeper thread" daemon [_thread_blocked, id=3588, stack(0x000000ce17800000,0x000000ce17900000)]
  0x000002721760d000 JavaThread "Common-Cleaner" daemon [_thread_blocked, id=15096, stack(0x000000ce17900000,0x000000ce17a00000)]
  0x0000027218369800 JavaThread "C2 CompilerThread1" daemon [_thread_blocked, id=14820, stack(0x000000ce17a00000,0x000000ce17b00000)]
  0x000002721862b800 JavaThread "Monitor Ctrl-Break" daemon [_thread_in_native, id=14348, stack(0x000000ce17b00000,0x000000ce17c00000)]
  0x00000272185f4000 JavaThread "Service Thread" daemon [_thread_blocked, id=11928, stack(0x000000ce17c00000,0x000000ce17d00000)]
  0x0000027218ee3000 JavaThread "C2 CompilerThread2" daemon [_thread_in_native, id=10244, stack(0x000000ce17e00000,0x000000ce17f00000)]
  0x0000027219a9a800 JavaThread "background-preinit" [_thread_blocked, id=7792, stack(0x000000ce17f00000,0x000000ce18000000)]

Other Threads:
  0x000002721764f800 VMThread "VM Thread" [stack: 0x000000ce17100000,0x000000ce17200000] [id=13880]
  0x00000272185f5800 WatcherThread [stack: 0x000000ce17d00000,0x000000ce17e00000] [id=10392]
  0x000002727411a800 GCTaskThread "GC Thread#0" [stack: 0x000000ce16c00000,0x000000ce16d00000] [id=7760]
  0x00000272190df800 GCTaskThread "GC Thread#1" [stack: 0x000000ce18000000,0x000000ce18100000] [id=1884]
  0x0000027219eed800 GCTaskThread "GC Thread#2" [stack: 0x000000ce18100000,0x000000ce18200000] [id=11948]
  0x00000272194ea000 GCTaskThread "GC Thread#3" [stack: 0x000000ce18200000,0x000000ce18300000] [id=8896]
  0x00000272194eb000 GCTaskThread "GC Thread#4" [stack: 0x000000ce18300000,0x000000ce18400000] [id=15092]
  0x0000027274174800 ConcurrentGCThread "G1 Main Marker" [stack: 0x000000ce16d00000,0x000000ce16e00000] [id=11260]
  0x0000027274176000 ConcurrentGCThread "G1 Conc#0" [stack: 0x000000ce16e00000,0x000000ce16f00000] [id=6792]
=>0x000002721a123800 ConcurrentGCThread "G1 Conc#1" [stack: 0x000000ce18400000,0x000000ce18500000] [id=13528]
  0x0000027217538000 ConcurrentGCThread "G1 Refine#0" [stack: 0x000000ce16f00000,0x000000ce17000000] [id=8936]
  0x0000027217539000 ConcurrentGCThread "G1 Young RemSet Sampling" [stack: 0x000000ce17000000,0x000000ce17100000] [id=7072]

Threads with active compile tasks:
C2 CompilerThread01547   !   4       java.net.URL::<init> (543 bytes)
C2 CompilerThread21565       4       jdk.internal.org.objectweb.asm.Frame::execute (2264 bytes)

VM state:not at safepoint (normal execution)

VM Mutex/Monitor currently owned by a thread:  ([mutex/lock_event])
[0x0000027274102130] Heap_lock - owner thread: 0x0000027219a9a800

Heap address: 0x0000000708400000, size: 3964 MB, Compressed Oops mode: Zero based, Oop shift amount: 3
Narrow klass base: 0x0000000800000000, Narrow klass shift: 0
Compressed class space size: 1073741824 Address: 0x0000000800000000

Heap:
 garbage-first heap   total 253952K, used 11501K [0x0000000708400000, 0x0000000800000000)
  region size 1024K, 5 young (5120K), 3 survivors (3072K)
 Metaspace       used 21119K, capacity 21492K, committed 21628K, reserved 1069056K
  class space    used 2312K, capacity 2493K, committed 2560K, reserved 1048576K
Heap Regions: E=young(eden), S=young(survivor), O=old, HS=humongous(starts), HC=humongous(continues), CS=collection set, F=free, A=archive, TAMS=top-at-mark-start (previous, next)
|   0|0x0000000708400000, 0x0000000708500000, 0x0000000708500000|100%|HS|  |TAMS 0x0000000708400000, 0x0000000708500000| Complete 
|   1|0x0000000708500000, 0x0000000708600000, 0x0000000708600000|100%| O|  |TAMS 0x0000000708500000, 0x0000000708600000| Untracked 
|   2|0x0000000708600000, 0x0000000708700000, 0x0000000708700000|100%| O|  |TAMS 0x0000000708600000, 0x0000000708700000| Untracked 
|   3|0x0000000708700000, 0x0000000708800000, 0x0000000708800000|100%| O|  |TAMS 0x0000000708700000, 0x0000000708800000| Untracked 
|   4|0x0000000708800000, 0x0000000708900000, 0x0000000708900000|100%| O|  |TAMS 0x0000000708800000, 0x0000000708900000| Untracked 
|   5|0x0000000708900000, 0x0000000708a00000, 0x0000000708a00000|100%| O|  |TAMS 0x0000000708900000, 0x0000000708a00000| Untracked 
|   6|0x0000000708a00000, 0x0000000708b00000, 0x0000000708b00000|100%| O|  |TAMS 0x0000000708a00000, 0x0000000708b00000| Untracked 
|   7|0x0000000708b00000, 0x0000000708c00000, 0x0000000708c00000|100%| O|  |TAMS 0x0000000708b00000, 0x0000000708c00000| Untracked 
|   8|0x0000000708c00000, 0x0000000708c11a00, 0x0000000708d00000|  6%| O|  |TAMS 0x0000000708c00000, 0x0000000708c11a00| Untracked 
|   9|0x0000000708d00000, 0x0000000708d00000, 0x0000000708e00000|  0%| F|  |TAMS 0x0000000708d00000, 0x0000000708d00000| Untracked 
|  10|0x0000000708e00000, 0x0000000708e00000, 0x0000000708f00000|  0%| F|  |TAMS 0x0000000708e00000, 0x0000000708e00000| Untracked 
|  11|0x0000000708f00000, 0x0000000708f00000, 0x0000000709000000|  0%| F|  |TAMS 0x0000000708f00000, 0x0000000708f00000| Untracked 
|  12|0x0000000709000000, 0x0000000709000000, 0x0000000709100000|  0%| F|  |TAMS 0x0000000709000000, 0x0000000709000000| Untracked 
|  13|0x0000000709100000, 0x0000000709100000, 0x0000000709200000|  0%| F|  |TAMS 0x0000000709100000, 0x0000000709100000| Untracked 
|  14|0x0000000709200000, 0x0000000709200000, 0x0000000709300000|  0%| F|  |TAMS 0x0000000709200000, 0x0000000709200000| Untracked 
|  15|0x0000000709300000, 0x0000000709300000, 0x0000000709400000|  0%| F|  |TAMS 0x0000000709300000, 0x0000000709300000| Untracked 
|  16|0x0000000709400000, 0x0000000709400000, 0x0000000709500000|  0%| F|  |TAMS 0x0000000709400000, 0x0000000709400000| Untracked 
|  17|0x0000000709500000, 0x0000000709500000, 0x0000000709600000|  0%| F|  |TAMS 0x0000000709500000, 0x0000000709500000| Untracked 
|  18|0x0000000709600000, 0x0000000709600000, 0x0000000709700000|  0%| F|  |TAMS 0x0000000709600000, 0x0000000709600000| Untracked 
|  19|0x0000000709700000, 0x0000000709700000, 0x0000000709800000|  0%| F|  |TAMS 0x0000000709700000, 0x0000000709700000| Untracked 
|  20|0x0000000709800000, 0x0000000709800000, 0x0000000709900000|  0%| F|  |TAMS 0x0000000709800000, 0x0000000709800000| Untracked 
|  21|0x0000000709900000, 0x0000000709900000, 0x0000000709a00000|  0%| F|  |TAMS 0x0000000709900000, 0x0000000709900000| Untracked 
|  22|0x0000000709a00000, 0x0000000709a00000, 0x0000000709b00000|  0%| F|  |TAMS 0x0000000709a00000, 0x0000000709a00000| Untracked 
|  23|0x0000000709b00000, 0x0000000709b00000, 0x0000000709c00000|  0%| F|  |TAMS 0x0000000709b00000, 0x0000000709b00000| Untracked 
|  24|0x0000000709c00000, 0x0000000709c00000, 0x0000000709d00000|  0%| F|  |TAMS 0x0000000709c00000, 0x0000000709c00000| Untracked 
|  25|0x0000000709d00000, 0x0000000709d00000, 0x0000000709e00000|  0%| F|  |TAMS 0x0000000709d00000, 0x0000000709d00000| Untracked 
|  26|0x0000000709e00000, 0x0000000709e00000, 0x0000000709f00000|  0%| F|  |TAMS 0x0000000709e00000, 0x0000000709e00000| Untracked 
|  27|0x0000000709f00000, 0x0000000709f00000, 0x000000070a000000|  0%| F|  |TAMS 0x0000000709f00000, 0x0000000709f00000| Untracked 
|  28|0x000000070a000000, 0x000000070a000000, 0x000000070a100000|  0%| F|  |TAMS 0x000000070a000000, 0x000000070a000000| Untracked 
|  29|0x000000070a100000, 0x000000070a100000, 0x000000070a200000|  0%| F|  |TAMS 0x000000070a100000, 0x000000070a100000| Untracked 
|  30|0x000000070a200000, 0x000000070a200000, 0x000000070a300000|  0%| F|  |TAMS 0x000000070a200000, 0x000000070a200000| Untracked 
|  31|0x000000070a300000, 0x000000070a300000, 0x000000070a400000|  0%| F|  |TAMS 0x000000070a300000, 0x000000070a300000| Untracked 
|  32|0x000000070a400000, 0x000000070a400000, 0x000000070a500000|  0%| F|  |TAMS 0x000000070a400000, 0x000000070a400000| Untracked 
|  33|0x000000070a500000, 0x000000070a500000, 0x000000070a600000|  0%| F|  |TAMS 0x000000070a500000, 0x000000070a500000| Untracked 
|  34|0x000000070a600000, 0x000000070a600000, 0x000000070a700000|  0%| F|  |TAMS 0x000000070a600000, 0x000000070a600000| Untracked 
|  35|0x000000070a700000, 0x000000070a700000, 0x000000070a800000|  0%| F|  |TAMS 0x000000070a700000, 0x000000070a700000| Untracked 
|  36|0x000000070a800000, 0x000000070a800000, 0x000000070a900000|  0%| F|  |TAMS 0x000000070a800000, 0x000000070a800000| Untracked 
|  37|0x000000070a900000, 0x000000070a900000, 0x000000070aa00000|  0%| F|  |TAMS 0x000000070a900000, 0x000000070a900000| Untracked 
|  38|0x000000070aa00000, 0x000000070aa00000, 0x000000070ab00000|  0%| F|  |TAMS 0x000000070aa00000, 0x000000070aa00000| Untracked 
|  39|0x000000070ab00000, 0x000000070ab00000, 0x000000070ac00000|  0%| F|  |TAMS 0x000000070ab00000, 0x000000070ab00000| Untracked 
|  40|0x000000070ac00000, 0x000000070ac00000, 0x000000070ad00000|  0%| F|  |TAMS 0x000000070ac00000, 0x000000070ac00000| Untracked 
|  41|0x000000070ad00000, 0x000000070ad00000, 0x000000070ae00000|  0%| F|  |TAMS 0x000000070ad00000, 0x000000070ad00000| Untracked 
|  42|0x000000070ae00000, 0x000000070ae00000, 0x000000070af00000|  0%| F|  |TAMS 0x000000070ae00000, 0x000000070ae00000| Untracked 
|  43|0x000000070af00000, 0x000000070af00000, 0x000000070b000000|  0%| F|  |TAMS 0x000000070af00000, 0x000000070af00000| Untracked 
|  44|0x000000070b000000, 0x000000070b000000, 0x000000070b100000|  0%| F|  |TAMS 0x000000070b000000, 0x000000070b000000| Untracked 
|  45|0x000000070b100000, 0x000000070b100000, 0x000000070b200000|  0%| F|  |TAMS 0x000000070b100000, 0x000000070b100000| Untracked 
|  46|0x000000070b200000, 0x000000070b200000, 0x000000070b300000|  0%| F|  |TAMS 0x000000070b200000, 0x000000070b200000| Untracked 
|  47|0x000000070b300000, 0x000000070b300000, 0x000000070b400000|  0%| F|  |TAMS 0x000000070b300000, 0x000000070b300000| Untracked 
|  48|0x000000070b400000, 0x000000070b400000, 0x000000070b500000|  0%| F|  |TAMS 0x000000070b400000, 0x000000070b400000| Untracked 
|  49|0x000000070b500000, 0x000000070b500000, 0x000000070b600000|  0%| F|  |TAMS 0x000000070b500000, 0x000000070b500000| Untracked 
|  50|0x000000070b600000, 0x000000070b600000, 0x000000070b700000|  0%| F|  |TAMS 0x000000070b600000, 0x000000070b600000| Untracked 
|  51|0x000000070b700000, 0x000000070b700000, 0x000000070b800000|  0%| F|  |TAMS 0x000000070b700000, 0x000000070b700000| Untracked 
|  52|0x000000070b800000, 0x000000070b800000, 0x000000070b900000|  0%| F|  |TAMS 0x000000070b800000, 0x000000070b800000| Untracked 
|  53|0x000000070b900000, 0x000000070b900000, 0x000000070ba00000|  0%| F|  |TAMS 0x000000070b900000, 0x000000070b900000| Untracked 
|  54|0x000000070ba00000, 0x000000070ba00000, 0x000000070bb00000|  0%| F|  |TAMS 0x000000070ba00000, 0x000000070ba00000| Untracked 
|  55|0x000000070bb00000, 0x000000070bb00000, 0x000000070bc00000|  0%| F|  |TAMS 0x000000070bb00000, 0x000000070bb00000| Untracked 
|  56|0x000000070bc00000, 0x000000070bc00000, 0x000000070bd00000|  0%| F|  |TAMS 0x000000070bc00000, 0x000000070bc00000| Untracked 
|  57|0x000000070bd00000, 0x000000070bd00000, 0x000000070be00000|  0%| F|  |TAMS 0x000000070bd00000, 0x000000070bd00000| Untracked 
|  58|0x000000070be00000, 0x000000070be00000, 0x000000070bf00000|  0%| F|  |TAMS 0x000000070be00000, 0x000000070be00000| Untracked 
|  59|0x000000070bf00000, 0x000000070bf00000, 0x000000070c000000|  0%| F|  |TAMS 0x000000070bf00000, 0x000000070bf00000| Untracked 
|  60|0x000000070c000000, 0x000000070c000000, 0x000000070c100000|  0%| F|  |TAMS 0x000000070c000000, 0x000000070c000000| Untracked 
|  61|0x000000070c100000, 0x000000070c100000, 0x000000070c200000|  0%| F|  |TAMS 0x000000070c100000, 0x000000070c100000| Untracked 
|  62|0x000000070c200000, 0x000000070c200000, 0x000000070c300000|  0%| F|  |TAMS 0x000000070c200000, 0x000000070c200000| Untracked 
|  63|0x000000070c300000, 0x000000070c300000, 0x000000070c400000|  0%| F|  |TAMS 0x000000070c300000, 0x000000070c300000| Untracked 
|  64|0x000000070c400000, 0x000000070c400000, 0x000000070c500000|  0%| F|  |TAMS 0x000000070c400000, 0x000000070c400000| Untracked 
|  65|0x000000070c500000, 0x000000070c500000, 0x000000070c600000|  0%| F|  |TAMS 0x000000070c500000, 0x000000070c500000| Untracked 
|  66|0x000000070c600000, 0x000000070c600000, 0x000000070c700000|  0%| F|  |TAMS 0x000000070c600000, 0x000000070c600000| Untracked 
|  67|0x000000070c700000, 0x000000070c700000, 0x000000070c800000|  0%| F|  |TAMS 0x000000070c700000, 0x000000070c700000| Untracked 
|  68|0x000000070c800000, 0x000000070c800000, 0x000000070c900000|  0%| F|  |TAMS 0x000000070c800000, 0x000000070c800000| Untracked 
|  69|0x000000070c900000, 0x000000070c900000, 0x000000070ca00000|  0%| F|  |TAMS 0x000000070c900000, 0x000000070c900000| Untracked 
|  70|0x000000070ca00000, 0x000000070ca00000, 0x000000070cb00000|  0%| F|  |TAMS 0x000000070ca00000, 0x000000070ca00000| Untracked 
|  71|0x000000070cb00000, 0x000000070cb00000, 0x000000070cc00000|  0%| F|  |TAMS 0x000000070cb00000, 0x000000070cb00000| Untracked 
|  72|0x000000070cc00000, 0x000000070cc00000, 0x000000070cd00000|  0%| F|  |TAMS 0x000000070cc00000, 0x000000070cc00000| Untracked 
|  73|0x000000070cd00000, 0x000000070cd00000, 0x000000070ce00000|  0%| F|  |TAMS 0x000000070cd00000, 0x000000070cd00000| Untracked 
|  74|0x000000070ce00000, 0x000000070ce00000, 0x000000070cf00000|  0%| F|  |TAMS 0x000000070ce00000, 0x000000070ce00000| Untracked 
|  75|0x000000070cf00000, 0x000000070cf00000, 0x000000070d000000|  0%| F|  |TAMS 0x000000070cf00000, 0x000000070cf00000| Untracked 
|  76|0x000000070d000000, 0x000000070d000000, 0x000000070d100000|  0%| F|  |TAMS 0x000000070d000000, 0x000000070d000000| Untracked 
|  77|0x000000070d100000, 0x000000070d100000, 0x000000070d200000|  0%| F|  |TAMS 0x000000070d100000, 0x000000070d100000| Untracked 
|  78|0x000000070d200000, 0x000000070d200000, 0x000000070d300000|  0%| F|  |TAMS 0x000000070d200000, 0x000000070d200000| Untracked 
|  79|0x000000070d300000, 0x000000070d300000, 0x000000070d400000|  0%| F|  |TAMS 0x000000070d300000, 0x000000070d300000| Untracked 
|  80|0x000000070d400000, 0x000000070d400000, 0x000000070d500000|  0%| F|  |TAMS 0x000000070d400000, 0x000000070d400000| Untracked 
|  81|0x000000070d500000, 0x000000070d500000, 0x000000070d600000|  0%| F|  |TAMS 0x000000070d500000, 0x000000070d500000| Untracked 
|  82|0x000000070d600000, 0x000000070d600000, 0x000000070d700000|  0%| F|  |TAMS 0x000000070d600000, 0x000000070d600000| Untracked 
|  83|0x000000070d700000, 0x000000070d700000, 0x000000070d800000|  0%| F|  |TAMS 0x000000070d700000, 0x000000070d700000| Untracked 
|  84|0x000000070d800000, 0x000000070d800000, 0x000000070d900000|  0%| F|  |TAMS 0x000000070d800000, 0x000000070d800000| Untracked 
|  85|0x000000070d900000, 0x000000070d900000, 0x000000070da00000|  0%| F|  |TAMS 0x000000070d900000, 0x000000070d900000| Untracked 
|  86|0x000000070da00000, 0x000000070da00000, 0x000000070db00000|  0%| F|  |TAMS 0x000000070da00000, 0x000000070da00000| Untracked 
|  87|0x000000070db00000, 0x000000070db00000, 0x000000070dc00000|  0%| F|  |TAMS 0x000000070db00000, 0x000000070db00000| Untracked 
|  88|0x000000070dc00000, 0x000000070dc00000, 0x000000070dd00000|  0%| F|  |TAMS 0x000000070dc00000, 0x000000070dc00000| Untracked 
|  89|0x000000070dd00000, 0x000000070dd00000, 0x000000070de00000|  0%| F|  |TAMS 0x000000070dd00000, 0x000000070dd00000| Untracked 
|  90|0x000000070de00000, 0x000000070de00000, 0x000000070df00000|  0%| F|  |TAMS 0x000000070de00000, 0x000000070de00000| Untracked 
|  91|0x000000070df00000, 0x000000070df00000, 0x000000070e000000|  0%| F|  |TAMS 0x000000070df00000, 0x000000070df00000| Untracked 
|  92|0x000000070e000000, 0x000000070e000000, 0x000000070e100000|  0%| F|  |TAMS 0x000000070e000000, 0x000000070e000000| Untracked 
|  93|0x000000070e100000, 0x000000070e100000, 0x000000070e200000|  0%| F|  |TAMS 0x000000070e100000, 0x000000070e100000| Untracked 
|  94|0x000000070e200000, 0x000000070e200000, 0x000000070e300000|  0%| F|  |TAMS 0x000000070e200000, 0x000000070e200000| Untracked 
|  95|0x000000070e300000, 0x000000070e300000, 0x000000070e400000|  0%| F|  |TAMS 0x000000070e300000, 0x000000070e300000| Untracked 
|  96|0x000000070e400000, 0x000000070e400000, 0x000000070e500000|  0%| F|  |TAMS 0x000000070e400000, 0x000000070e400000| Untracked 
|  97|0x000000070e500000, 0x000000070e500000, 0x000000070e600000|  0%| F|  |TAMS 0x000000070e500000, 0x000000070e500000| Untracked 
|  98|0x000000070e600000, 0x000000070e600000, 0x000000070e700000|  0%| F|  |TAMS 0x000000070e600000, 0x000000070e600000| Untracked 
|  99|0x000000070e700000, 0x000000070e700000, 0x000000070e800000|  0%| F|  |TAMS 0x000000070e700000, 0x000000070e700000| Untracked 
| 100|0x000000070e800000, 0x000000070e800000, 0x000000070e900000|  0%| F|  |TAMS 0x000000070e800000, 0x000000070e800000| Untracked 
| 101|0x000000070e900000, 0x000000070e900000, 0x000000070ea00000|  0%| F|  |TAMS 0x000000070e900000, 0x000000070e900000| Untracked 
| 102|0x000000070ea00000, 0x000000070ea00000, 0x000000070eb00000|  0%| F|  |TAMS 0x000000070ea00000, 0x000000070ea00000| Untracked 
| 103|0x000000070eb00000, 0x000000070eb00000, 0x000000070ec00000|  0%| F|  |TAMS 0x000000070eb00000, 0x000000070eb00000| Untracked 
| 104|0x000000070ec00000, 0x000000070ec00000, 0x000000070ed00000|  0%| F|  |TAMS 0x000000070ec00000, 0x000000070ec00000| Untracked 
| 105|0x000000070ed00000, 0x000000070ed00000, 0x000000070ee00000|  0%| F|  |TAMS 0x000000070ed00000, 0x000000070ed00000| Untracked 
| 106|0x000000070ee00000, 0x000000070ee00000, 0x000000070ef00000|  0%| F|  |TAMS 0x000000070ee00000, 0x000000070ee00000| Untracked 
| 107|0x000000070ef00000, 0x000000070ef00000, 0x000000070f000000|  0%| F|  |TAMS 0x000000070ef00000, 0x000000070ef00000| Untracked 
| 108|0x000000070f000000, 0x000000070f000000, 0x000000070f100000|  0%| F|  |TAMS 0x000000070f000000, 0x000000070f000000| Untracked 
| 109|0x000000070f100000, 0x000000070f100000, 0x000000070f200000|  0%| F|  |TAMS 0x000000070f100000, 0x000000070f100000| Untracked 
| 110|0x000000070f200000, 0x000000070f200000, 0x000000070f300000|  0%| F|  |TAMS 0x000000070f200000, 0x000000070f200000| Untracked 
| 111|0x000000070f300000, 0x000000070f300000, 0x000000070f400000|  0%| F|  |TAMS 0x000000070f300000, 0x000000070f300000| Untracked 
| 112|0x000000070f400000, 0x000000070f400000, 0x000000070f500000|  0%| F|  |TAMS 0x000000070f400000, 0x000000070f400000| Untracked 
| 113|0x000000070f500000, 0x000000070f500000, 0x000000070f600000|  0%| F|  |TAMS 0x000000070f500000, 0x000000070f500000| Untracked 
| 114|0x000000070f600000, 0x000000070f600000, 0x000000070f700000|  0%| F|  |TAMS 0x000000070f600000, 0x000000070f600000| Untracked 
| 115|0x000000070f700000, 0x000000070f700000, 0x000000070f800000|  0%| F|  |TAMS 0x000000070f700000, 0x000000070f700000| Untracked 
| 116|0x000000070f800000, 0x000000070f800000, 0x000000070f900000|  0%| F|  |TAMS 0x000000070f800000, 0x000000070f800000| Untracked 
| 117|0x000000070f900000, 0x000000070f900000, 0x000000070fa00000|  0%| F|  |TAMS 0x000000070f900000, 0x000000070f900000| Untracked 
| 118|0x000000070fa00000, 0x000000070fa00000, 0x000000070fb00000|  0%| F|  |TAMS 0x000000070fa00000, 0x000000070fa00000| Untracked 
| 119|0x000000070fb00000, 0x000000070fb00000, 0x000000070fc00000|  0%| F|  |TAMS 0x000000070fb00000, 0x000000070fb00000| Untracked 
| 120|0x000000070fc00000, 0x000000070fc00000, 0x000000070fd00000|  0%| F|  |TAMS 0x000000070fc00000, 0x000000070fc00000| Untracked 
| 121|0x000000070fd00000, 0x000000070fd00000, 0x000000070fe00000|  0%| F|  |TAMS 0x000000070fd00000, 0x000000070fd00000| Untracked 
| 122|0x000000070fe00000, 0x000000070fe00000, 0x000000070ff00000|  0%| F|  |TAMS 0x000000070fe00000, 0x000000070fe00000| Untracked 
| 123|0x000000070ff00000, 0x000000070ff00000, 0x0000000710000000|  0%| F|  |TAMS 0x000000070ff00000, 0x000000070ff00000| Untracked 
| 124|0x0000000710000000, 0x0000000710000000, 0x0000000710100000|  0%| F|  |TAMS 0x0000000710000000, 0x0000000710000000| Untracked 
| 125|0x0000000710100000, 0x0000000710100000, 0x0000000710200000|  0%| F|  |TAMS 0x0000000710100000, 0x0000000710100000| Untracked 
| 126|0x0000000710200000, 0x0000000710200000, 0x0000000710300000|  0%| F|  |TAMS 0x0000000710200000, 0x0000000710200000| Untracked 
| 127|0x0000000710300000, 0x0000000710300000, 0x0000000710400000|  0%| F|  |TAMS 0x0000000710300000, 0x0000000710300000| Untracked 
| 128|0x0000000710400000, 0x0000000710400000, 0x0000000710500000|  0%| F|  |TAMS 0x0000000710400000, 0x0000000710400000| Untracked 
| 129|0x0000000710500000, 0x0000000710500000, 0x0000000710600000|  0%| F|  |TAMS 0x0000000710500000, 0x0000000710500000| Untracked 
| 130|0x0000000710600000, 0x0000000710600000, 0x0000000710700000|  0%| F|  |TAMS 0x0000000710600000, 0x0000000710600000| Untracked 
| 131|0x0000000710700000, 0x0000000710700000, 0x0000000710800000|  0%| F|  |TAMS 0x0000000710700000, 0x0000000710700000| Untracked 
| 132|0x0000000710800000, 0x0000000710800000, 0x0000000710900000|  0%| F|  |TAMS 0x0000000710800000, 0x0000000710800000| Untracked 
| 133|0x0000000710900000, 0x0000000710900000, 0x0000000710a00000|  0%| F|  |TAMS 0x0000000710900000, 0x0000000710900000| Untracked 
| 134|0x0000000710a00000, 0x0000000710a00000, 0x0000000710b00000|  0%| F|  |TAMS 0x0000000710a00000, 0x0000000710a00000| Untracked 
| 135|0x0000000710b00000, 0x0000000710b00000, 0x0000000710c00000|  0%| F|  |TAMS 0x0000000710b00000, 0x0000000710b00000| Untracked 
| 136|0x0000000710c00000, 0x0000000710c00000, 0x0000000710d00000|  0%| F|  |TAMS 0x0000000710c00000, 0x0000000710c00000| Untracked 
| 137|0x0000000710d00000, 0x0000000710d00000, 0x0000000710e00000|  0%| F|  |TAMS 0x0000000710d00000, 0x0000000710d00000| Untracked 
| 138|0x0000000710e00000, 0x0000000710e00000, 0x0000000710f00000|  0%| F|  |TAMS 0x0000000710e00000, 0x0000000710e00000| Untracked 
| 139|0x0000000710f00000, 0x0000000710f00000, 0x0000000711000000|  0%| F|  |TAMS 0x0000000710f00000, 0x0000000710f00000| Untracked 
| 140|0x0000000711000000, 0x0000000711000000, 0x0000000711100000|  0%| F|  |TAMS 0x0000000711000000, 0x0000000711000000| Untracked 
| 141|0x0000000711100000, 0x0000000711100000, 0x0000000711200000|  0%| F|  |TAMS 0x0000000711100000, 0x0000000711100000| Untracked 
| 142|0x0000000711200000, 0x0000000711200000, 0x0000000711300000|  0%| F|  |TAMS 0x0000000711200000, 0x0000000711200000| Untracked 
| 143|0x0000000711300000, 0x0000000711300000, 0x0000000711400000|  0%| F|  |TAMS 0x0000000711300000, 0x0000000711300000| Untracked 
| 144|0x0000000711400000, 0x0000000711400000, 0x0000000711500000|  0%| F|  |TAMS 0x0000000711400000, 0x0000000711400000| Untracked 
| 145|0x0000000711500000, 0x0000000711500000, 0x0000000711600000|  0%| F|  |TAMS 0x0000000711500000, 0x0000000711500000| Untracked 
| 146|0x0000000711600000, 0x0000000711600000, 0x0000000711700000|  0%| F|  |TAMS 0x0000000711600000, 0x0000000711600000| Untracked 
| 147|0x0000000711700000, 0x0000000711700000, 0x0000000711800000|  0%| F|  |TAMS 0x0000000711700000, 0x0000000711700000| Untracked 
| 148|0x0000000711800000, 0x0000000711800000, 0x0000000711900000|  0%| F|  |TAMS 0x0000000711800000, 0x0000000711800000| Untracked 
| 149|0x0000000711900000, 0x0000000711900000, 0x0000000711a00000|  0%| F|  |TAMS 0x0000000711900000, 0x0000000711900000| Untracked 
| 150|0x0000000711a00000, 0x0000000711a00000, 0x0000000711b00000|  0%| F|  |TAMS 0x0000000711a00000, 0x0000000711a00000| Untracked 
| 151|0x0000000711b00000, 0x0000000711b00000, 0x0000000711c00000|  0%| F|  |TAMS 0x0000000711b00000, 0x0000000711b00000| Untracked 
| 152|0x0000000711c00000, 0x0000000711c00000, 0x0000000711d00000|  0%| F|  |TAMS 0x0000000711c00000, 0x0000000711c00000| Untracked 
| 153|0x0000000711d00000, 0x0000000711d00000, 0x0000000711e00000|  0%| F|  |TAMS 0x0000000711d00000, 0x0000000711d00000| Untracked 
| 154|0x0000000711e00000, 0x0000000711e00000, 0x0000000711f00000|  0%| F|  |TAMS 0x0000000711e00000, 0x0000000711e00000| Untracked 
| 155|0x0000000711f00000, 0x0000000711f00000, 0x0000000712000000|  0%| F|  |TAMS 0x0000000711f00000, 0x0000000711f00000| Untracked 
| 156|0x0000000712000000, 0x0000000712000000, 0x0000000712100000|  0%| F|  |TAMS 0x0000000712000000, 0x0000000712000000| Untracked 
| 157|0x0000000712100000, 0x0000000712100000, 0x0000000712200000|  0%| F|  |TAMS 0x0000000712100000, 0x0000000712100000| Untracked 
| 158|0x0000000712200000, 0x0000000712200000, 0x0000000712300000|  0%| F|  |TAMS 0x0000000712200000, 0x0000000712200000| Untracked 
| 159|0x0000000712300000, 0x0000000712300000, 0x0000000712400000|  0%| F|  |TAMS 0x0000000712300000, 0x0000000712300000| Untracked 
| 160|0x0000000712400000, 0x0000000712400000, 0x0000000712500000|  0%| F|  |TAMS 0x0000000712400000, 0x0000000712400000| Untracked 
| 161|0x0000000712500000, 0x0000000712500000, 0x0000000712600000|  0%| F|  |TAMS 0x0000000712500000, 0x0000000712500000| Untracked 
| 162|0x0000000712600000, 0x0000000712600000, 0x0000000712700000|  0%| F|  |TAMS 0x0000000712600000, 0x0000000712600000| Untracked 
| 163|0x0000000712700000, 0x0000000712700000, 0x0000000712800000|  0%| F|  |TAMS 0x0000000712700000, 0x0000000712700000| Untracked 
| 164|0x0000000712800000, 0x0000000712800000, 0x0000000712900000|  0%| F|  |TAMS 0x0000000712800000, 0x0000000712800000| Untracked 
| 165|0x0000000712900000, 0x0000000712900000, 0x0000000712a00000|  0%| F|  |TAMS 0x0000000712900000, 0x0000000712900000| Untracked 
| 166|0x0000000712a00000, 0x0000000712a00000, 0x0000000712b00000|  0%| F|  |TAMS 0x0000000712a00000, 0x0000000712a00000| Untracked 
| 167|0x0000000712b00000, 0x0000000712b00000, 0x0000000712c00000|  0%| F|  |TAMS 0x0000000712b00000, 0x0000000712b00000| Untracked 
| 168|0x0000000712c00000, 0x0000000712c00000, 0x0000000712d00000|  0%| F|  |TAMS 0x0000000712c00000, 0x0000000712c00000| Untracked 
| 169|0x0000000712d00000, 0x0000000712d00000, 0x0000000712e00000|  0%| F|  |TAMS 0x0000000712d00000, 0x0000000712d00000| Untracked 
| 170|0x0000000712e00000, 0x0000000712e00000, 0x0000000712f00000|  0%| F|  |TAMS 0x0000000712e00000, 0x0000000712e00000| Untracked 
| 171|0x0000000712f00000, 0x0000000712f00000, 0x0000000713000000|  0%| F|  |TAMS 0x0000000712f00000, 0x0000000712f00000| Untracked 
| 172|0x0000000713000000, 0x0000000713000000, 0x0000000713100000|  0%| F|  |TAMS 0x0000000713000000, 0x0000000713000000| Untracked 
| 173|0x0000000713100000, 0x0000000713100000, 0x0000000713200000|  0%| F|  |TAMS 0x0000000713100000, 0x0000000713100000| Untracked 
| 174|0x0000000713200000, 0x0000000713200000, 0x0000000713300000|  0%| F|  |TAMS 0x0000000713200000, 0x0000000713200000| Untracked 
| 175|0x0000000713300000, 0x0000000713300000, 0x0000000713400000|  0%| F|  |TAMS 0x0000000713300000, 0x0000000713300000| Untracked 
| 176|0x0000000713400000, 0x0000000713400000, 0x0000000713500000|  0%| F|  |TAMS 0x0000000713400000, 0x0000000713400000| Untracked 
| 177|0x0000000713500000, 0x0000000713500000, 0x0000000713600000|  0%| F|  |TAMS 0x0000000713500000, 0x0000000713500000| Untracked 
| 178|0x0000000713600000, 0x0000000713600000, 0x0000000713700000|  0%| F|  |TAMS 0x0000000713600000, 0x0000000713600000| Untracked 
| 179|0x0000000713700000, 0x0000000713700000, 0x0000000713800000|  0%| F|  |TAMS 0x0000000713700000, 0x0000000713700000| Untracked 
| 180|0x0000000713800000, 0x0000000713800000, 0x0000000713900000|  0%| F|  |TAMS 0x0000000713800000, 0x0000000713800000| Untracked 
| 181|0x0000000713900000, 0x0000000713900000, 0x0000000713a00000|  0%| F|  |TAMS 0x0000000713900000, 0x0000000713900000| Untracked 
| 182|0x0000000713a00000, 0x0000000713a00000, 0x0000000713b00000|  0%| F|  |TAMS 0x0000000713a00000, 0x0000000713a00000| Untracked 
| 183|0x0000000713b00000, 0x0000000713b00000, 0x0000000713c00000|  0%| F|  |TAMS 0x0000000713b00000, 0x0000000713b00000| Untracked 
| 184|0x0000000713c00000, 0x0000000713c00000, 0x0000000713d00000|  0%| F|  |TAMS 0x0000000713c00000, 0x0000000713c00000| Untracked 
| 185|0x0000000713d00000, 0x0000000713d00000, 0x0000000713e00000|  0%| F|  |TAMS 0x0000000713d00000, 0x0000000713d00000| Untracked 
| 186|0x0000000713e00000, 0x0000000713e00000, 0x0000000713f00000|  0%| F|  |TAMS 0x0000000713e00000, 0x0000000713e00000| Untracked 
| 187|0x0000000713f00000, 0x0000000713f00000, 0x0000000714000000|  0%| F|  |TAMS 0x0000000713f00000, 0x0000000713f00000| Untracked 
| 188|0x0000000714000000, 0x0000000714000000, 0x0000000714100000|  0%| F|  |TAMS 0x0000000714000000, 0x0000000714000000| Untracked 
| 189|0x0000000714100000, 0x0000000714100000, 0x0000000714200000|  0%| F|  |TAMS 0x0000000714100000, 0x0000000714100000| Untracked 
| 190|0x0000000714200000, 0x0000000714200000, 0x0000000714300000|  0%| F|  |TAMS 0x0000000714200000, 0x0000000714200000| Untracked 
| 191|0x0000000714300000, 0x0000000714300000, 0x0000000714400000|  0%| F|  |TAMS 0x0000000714300000, 0x0000000714300000| Untracked 
| 192|0x0000000714400000, 0x0000000714400000, 0x0000000714500000|  0%| F|  |TAMS 0x0000000714400000, 0x0000000714400000| Untracked 
| 193|0x0000000714500000, 0x0000000714500000, 0x0000000714600000|  0%| F|  |TAMS 0x0000000714500000, 0x0000000714500000| Untracked 
| 194|0x0000000714600000, 0x0000000714600000, 0x0000000714700000|  0%| F|  |TAMS 0x0000000714600000, 0x0000000714600000| Untracked 
| 195|0x0000000714700000, 0x0000000714700000, 0x0000000714800000|  0%| F|  |TAMS 0x0000000714700000, 0x0000000714700000| Untracked 
| 196|0x0000000714800000, 0x0000000714800000, 0x0000000714900000|  0%| F|  |TAMS 0x0000000714800000, 0x0000000714800000| Untracked 
| 197|0x0000000714900000, 0x0000000714900000, 0x0000000714a00000|  0%| F|  |TAMS 0x0000000714900000, 0x0000000714900000| Untracked 
| 198|0x0000000714a00000, 0x0000000714a00000, 0x0000000714b00000|  0%| F|  |TAMS 0x0000000714a00000, 0x0000000714a00000| Untracked 
| 199|0x0000000714b00000, 0x0000000714b00000, 0x0000000714c00000|  0%| F|  |TAMS 0x0000000714b00000, 0x0000000714b00000| Untracked 
| 200|0x0000000714c00000, 0x0000000714c00000, 0x0000000714d00000|  0%| F|  |TAMS 0x0000000714c00000, 0x0000000714c00000| Untracked 
| 201|0x0000000714d00000, 0x0000000714d00000, 0x0000000714e00000|  0%| F|  |TAMS 0x0000000714d00000, 0x0000000714d00000| Untracked 
| 202|0x0000000714e00000, 0x0000000714e00000, 0x0000000714f00000|  0%| F|  |TAMS 0x0000000714e00000, 0x0000000714e00000| Untracked 
| 203|0x0000000714f00000, 0x0000000714f00000, 0x0000000715000000|  0%| F|  |TAMS 0x0000000714f00000, 0x0000000714f00000| Untracked 
| 204|0x0000000715000000, 0x0000000715000000, 0x0000000715100000|  0%| F|  |TAMS 0x0000000715000000, 0x0000000715000000| Untracked 
| 205|0x0000000715100000, 0x0000000715100000, 0x0000000715200000|  0%| F|  |TAMS 0x0000000715100000, 0x0000000715100000| Untracked 
| 206|0x0000000715200000, 0x0000000715200000, 0x0000000715300000|  0%| F|  |TAMS 0x0000000715200000, 0x0000000715200000| Untracked 
| 207|0x0000000715300000, 0x0000000715300000, 0x0000000715400000|  0%| F|  |TAMS 0x0000000715300000, 0x0000000715300000| Untracked 
| 208|0x0000000715400000, 0x0000000715400000, 0x0000000715500000|  0%| F|  |TAMS 0x0000000715400000, 0x0000000715400000| Untracked 
| 209|0x0000000715500000, 0x0000000715500000, 0x0000000715600000|  0%| F|  |TAMS 0x0000000715500000, 0x0000000715500000| Untracked 
| 210|0x0000000715600000, 0x0000000715600000, 0x0000000715700000|  0%| F|  |TAMS 0x0000000715600000, 0x0000000715600000| Untracked 
| 211|0x0000000715700000, 0x0000000715700000, 0x0000000715800000|  0%| F|  |TAMS 0x0000000715700000, 0x0000000715700000| Untracked 
| 212|0x0000000715800000, 0x0000000715800000, 0x0000000715900000|  0%| F|  |TAMS 0x0000000715800000, 0x0000000715800000| Untracked 
| 213|0x0000000715900000, 0x0000000715900000, 0x0000000715a00000|  0%| F|  |TAMS 0x0000000715900000, 0x0000000715900000| Untracked 
| 214|0x0000000715a00000, 0x0000000715a00000, 0x0000000715b00000|  0%| F|  |TAMS 0x0000000715a00000, 0x0000000715a00000| Untracked 
| 215|0x0000000715b00000, 0x0000000715b00000, 0x0000000715c00000|  0%| F|  |TAMS 0x0000000715b00000, 0x0000000715b00000| Untracked 
| 216|0x0000000715c00000, 0x0000000715c00000, 0x0000000715d00000|  0%| F|  |TAMS 0x0000000715c00000, 0x0000000715c00000| Untracked 
| 217|0x0000000715d00000, 0x0000000715d00000, 0x0000000715e00000|  0%| F|  |TAMS 0x0000000715d00000, 0x0000000715d00000| Untracked 
| 218|0x0000000715e00000, 0x0000000715e00000, 0x0000000715f00000|  0%| F|  |TAMS 0x0000000715e00000, 0x0000000715e00000| Untracked 
| 219|0x0000000715f00000, 0x0000000715f00000, 0x0000000716000000|  0%| F|  |TAMS 0x0000000715f00000, 0x0000000715f00000| Untracked 
| 220|0x0000000716000000, 0x0000000716029bf8, 0x0000000716100000| 16%| S|CS|TAMS 0x0000000716000000, 0x0000000716000000| Complete 
| 221|0x0000000716100000, 0x0000000716200000, 0x0000000716200000|100%| S|CS|TAMS 0x0000000716100000, 0x0000000716100000| Complete 
| 222|0x0000000716200000, 0x0000000716300000, 0x0000000716300000|100%| S|CS|TAMS 0x0000000716200000, 0x0000000716200000| Complete 
| 223|0x0000000716300000, 0x0000000716300000, 0x0000000716400000|  0%| F|  |TAMS 0x0000000716300000, 0x0000000716300000| Untracked 
| 224|0x0000000716400000, 0x0000000716400000, 0x0000000716500000|  0%| F|  |TAMS 0x0000000716400000, 0x0000000716400000| Untracked 
| 225|0x0000000716500000, 0x0000000716500000, 0x0000000716600000|  0%| F|  |TAMS 0x0000000716500000, 0x0000000716500000| Untracked 
| 226|0x0000000716600000, 0x0000000716600000, 0x0000000716700000|  0%| F|  |TAMS 0x0000000716600000, 0x0000000716600000| Untracked 
| 227|0x0000000716700000, 0x0000000716700000, 0x0000000716800000|  0%| F|  |TAMS 0x0000000716700000, 0x0000000716700000| Untracked 
| 228|0x0000000716800000, 0x0000000716800000, 0x0000000716900000|  0%| F|  |TAMS 0x0000000716800000, 0x0000000716800000| Untracked 
| 229|0x0000000716900000, 0x0000000716900000, 0x0000000716a00000|  0%| F|  |TAMS 0x0000000716900000, 0x0000000716900000| Untracked 
| 230|0x0000000716a00000, 0x0000000716a00000, 0x0000000716b00000|  0%| F|  |TAMS 0x0000000716a00000, 0x0000000716a00000| Untracked 
| 231|0x0000000716b00000, 0x0000000716b00000, 0x0000000716c00000|  0%| F|  |TAMS 0x0000000716b00000, 0x0000000716b00000| Untracked 
| 232|0x0000000716c00000, 0x0000000716c00000, 0x0000000716d00000|  0%| F|  |TAMS 0x0000000716c00000, 0x0000000716c00000| Untracked 
| 233|0x0000000716d00000, 0x0000000716d00000, 0x0000000716e00000|  0%| F|  |TAMS 0x0000000716d00000, 0x0000000716d00000| Untracked 
| 234|0x0000000716e00000, 0x0000000716e00000, 0x0000000716f00000|  0%| F|  |TAMS 0x0000000716e00000, 0x0000000716e00000| Untracked 
| 235|0x0000000716f00000, 0x0000000716f00000, 0x0000000717000000|  0%| F|  |TAMS 0x0000000716f00000, 0x0000000716f00000| Untracked 
| 236|0x0000000717000000, 0x0000000717000000, 0x0000000717100000|  0%| F|  |TAMS 0x0000000717000000, 0x0000000717000000| Untracked 
| 237|0x0000000717100000, 0x0000000717100000, 0x0000000717200000|  0%| F|  |TAMS 0x0000000717100000, 0x0000000717100000| Untracked 
| 238|0x0000000717200000, 0x0000000717200000, 0x0000000717300000|  0%| F|  |TAMS 0x0000000717200000, 0x0000000717200000| Untracked 
| 239|0x0000000717300000, 0x0000000717300000, 0x0000000717400000|  0%| F|  |TAMS 0x0000000717300000, 0x0000000717300000| Untracked 
| 240|0x0000000717400000, 0x0000000717400000, 0x0000000717500000|  0%| F|  |TAMS 0x0000000717400000, 0x0000000717400000| Untracked 
| 241|0x0000000717500000, 0x0000000717500000, 0x0000000717600000|  0%| F|  |TAMS 0x0000000717500000, 0x0000000717500000| Untracked 
| 242|0x0000000717600000, 0x0000000717600000, 0x0000000717700000|  0%| F|  |TAMS 0x0000000717600000, 0x0000000717600000| Untracked 
| 243|0x0000000717700000, 0x0000000717700000, 0x0000000717800000|  0%| F|  |TAMS 0x0000000717700000, 0x0000000717700000| Untracked 
| 244|0x0000000717800000, 0x0000000717800000, 0x0000000717900000|  0%| F|  |TAMS 0x0000000717800000, 0x0000000717800000| Untracked 
| 245|0x0000000717900000, 0x0000000717900000, 0x0000000717a00000|  0%| F|  |TAMS 0x0000000717900000, 0x0000000717900000| Untracked 
| 246|0x0000000717a00000, 0x0000000717b00000, 0x0000000717b00000|100%| E|  |TAMS 0x0000000717a00000, 0x0000000717a00000| Complete 
| 247|0x0000000717b00000, 0x0000000717c00000, 0x0000000717c00000|100%| E|CS|TAMS 0x0000000717b00000, 0x0000000717b00000| Complete 

Card table byte_map: [0x000002727cf00000,0x000002727d6c0000] _byte_map_base: 0x00000272796be000

Marking Bits (Prev, Next): (CMBitMap*) 0x0000027274164288, (CMBitMap*) 0x00000272741642c0
 Prev Bits: [0x000002720f000000, 0x0000027212df0000)
 Next Bits: [0x0000027212df0000, 0x0000027216be0000)

Polling page: 0x0000027272050000

Metaspace:

Usage:
  Non-class:     18.55 MB capacity,    18.37 MB ( 99%) used,   148.71 KB ( <1%) free+waste,    43.50 KB ( <1%) overhead. 
      Class:      2.43 MB capacity,     2.26 MB ( 93%) used,   159.65 KB (  6%) free+waste,    20.88 KB ( <1%) overhead. 
       Both:     20.99 MB capacity,    20.62 MB ( 98%) used,   308.36 KB (  1%) free+waste,    64.38 KB ( <1%) overhead. 

Virtual space:
  Non-class space:       20.00 MB reserved,      18.62 MB ( 93%) committed 
      Class space:        1.00 GB reserved,       2.50 MB ( <1%) committed 
             Both:        1.02 GB reserved,      21.12 MB (  2%) committed 

Chunk freelists:
   Non-Class:  1.13 KB
       Class:  384 bytes
        Both:  1.50 KB

CodeHeap 'non-profiled nmethods': size=120000Kb used=676Kb max_used=676Kb free=119323Kb
 bounds [0x0000027207ad0000, 0x0000027207d40000, 0x000002720f000000]
CodeHeap 'profiled nmethods': size=120000Kb used=3227Kb max_used=3227Kb free=116772Kb
 bounds [0x00000272005a0000, 0x00000272008d0000, 0x0000027207ad0000]
CodeHeap 'non-nmethods': size=5760Kb used=1119Kb max_used=1141Kb free=4640Kb
 bounds [0x0000027200000000, 0x0000027200270000, 0x00000272005a0000]
 total_blobs=2424 nmethods=1618 adapters=347
 compilation: enabled
              stopped_count=0, restarted_count=0
 full_count=0

Compilation events (10 events):
Event: 1.486 Thread 0x0000027217f72800 1611       3       java.util.Vector::add (23 bytes)
Event: 1.486 Thread 0x0000027217f72800 nmethod 1611 0x00000272008c1e90 code [0x00000272008c20a0, 0x00000272008c2680]
Event: 1.487 Thread 0x0000027217f72800 1612  s    3       java.util.Vector::addElement (24 bytes)
Event: 1.487 Thread 0x0000027217f72800 nmethod 1612 0x00000272008c2890 code [0x00000272008c2aa0, 0x00000272008c3280]
Event: 1.491 Thread 0x0000027217f72800 1613       3       java.lang.ClassLoader::addClass (9 bytes)
Event: 1.492 Thread 0x0000027217f72800 nmethod 1613 0x00000272008c3510 code [0x00000272008c3720, 0x00000272008c4020]
Event: 1.493 Thread 0x0000027217f72800 1614       1       jdk.internal.loader.URLClassPath$JarLoader$2::getCodeSourceURL (8 bytes)
Event: 1.493 Thread 0x0000027217f72800 nmethod 1614 0x0000027207b70d90 code [0x0000027207b70f40, 0x0000027207b71078]
Event: 1.501 Thread 0x0000027218369800 nmethod 1573 0x0000027207b71110 code [0x0000027207b712e0, 0x0000027207b72968]
Event: 1.501 Thread 0x0000027218369800 1589       4       java.util.HashMap::getNode (148 bytes)

GC Heap History (6 events):
Event: 0.887 GC heap before
{Heap before GC invocations=0 (full 0):
 garbage-first heap   total 253952K, used 24576K [0x0000000708400000, 0x0000000800000000)
  region size 1024K, 24 young (24576K), 0 survivors (0K)
 Metaspace       used 11897K, capacity 12055K, committed 12288K, reserved 1060864K
  class space    used 1163K, capacity 1214K, committed 1280K, reserved 1048576K
}
Event: 0.895 GC heap after
{Heap after GC invocations=1 (full 0):
 garbage-first heap   total 253952K, used 8166K [0x0000000708400000, 0x0000000800000000)
  region size 1024K, 3 young (3072K), 3 survivors (3072K)
 Metaspace       used 11897K, capacity 12055K, committed 12288K, reserved 1060864K
  class space    used 1163K, capacity 1214K, committed 1280K, reserved 1048576K
}
Event: 1.213 GC heap before
{Heap before GC invocations=1 (full 0):
 garbage-first heap   total 253952K, used 28646K [0x0000000708400000, 0x0000000800000000)
  region size 1024K, 23 young (23552K), 3 survivors (3072K)
 Metaspace       used 16562K, capacity 16813K, committed 17024K, reserved 1064960K
  class space    used 1738K, capacity 1818K, committed 1920K, reserved 1048576K
}
Event: 1.218 GC heap after
{Heap after GC invocations=2 (full 0):
 garbage-first heap   total 253952K, used 9781K [0x0000000708400000, 0x0000000800000000)
  region size 1024K, 2 young (2048K), 2 survivors (2048K)
 Metaspace       used 16562K, capacity 16813K, committed 17024K, reserved 1064960K
  class space    used 1738K, capacity 1818K, committed 1920K, reserved 1048576K
}
Event: 1.494 GC heap before
{Heap before GC invocations=2 (full 0):
 garbage-first heap   total 253952K, used 32309K [0x0000000708400000, 0x0000000800000000)
  region size 1024K, 25 young (25600K), 2 survivors (2048K)
 Metaspace       used 20807K, capacity 21172K, committed 21296K, reserved 1069056K
  class space    used 2273K, capacity 2429K, committed 2432K, reserved 1048576K
}
Event: 1.498 GC heap after
{Heap after GC invocations=3 (full 0):
 garbage-first heap   total 253952K, used 10477K [0x0000000708400000, 0x0000000800000000)
  region size 1024K, 3 young (3072K), 3 survivors (3072K)
 Metaspace       used 20807K, capacity 21172K, committed 21296K, reserved 1069056K
  class space    used 2273K, capacity 2429K, committed 2432K, reserved 1048576K
}

Deoptimization events (10 events):
Event: 1.036 Thread 0x0000027219a9a800 Uncommon trap: reason=unstable_if action=reinterpret pc=0x0000027207b3f99c method=sun.net.www.ParseUtil.firstEncodeIndex(Ljava/lang/String;)I @ 51 c2
Event: 1.036 Thread 0x0000027219a9a800 Uncommon trap: reason=unstable_if action=reinterpret pc=0x0000027207b394c0 method=sun.net.www.ParseUtil.firstEncodeIndex(Ljava/lang/String;)I @ 51 c2
Event: 1.151 Thread 0x0000027219a9a800 Uncommon trap: reason=class_check action=maybe_recompile pc=0x0000027207b42cbc method=java.util.HashMap.putVal(ILjava/lang/Object;Ljava/lang/Object;ZZ)Ljava/lang/Object; @ 253 c2
Event: 1.154 Thread 0x0000027219a9a800 Uncommon trap: reason=class_check action=maybe_recompile pc=0x0000027207b42cbc method=java.util.HashMap.putVal(ILjava/lang/Object;Ljava/lang/Object;ZZ)Ljava/lang/Object; @ 253 c2
Event: 1.155 Thread 0x0000027219a9a800 Uncommon trap: reason=class_check action=maybe_recompile pc=0x0000027207b4741c method=java.util.HashMap.putVal(ILjava/lang/Object;Ljava/lang/Object;ZZ)Ljava/lang/Object; @ 253 c2
Event: 1.243 Thread 0x0000027219a9a800 Uncommon trap: reason=unstable_if action=reinterpret pc=0x0000027207b414a8 method=java.util.HashMap.getNode(ILjava/lang/Object;)Ljava/util/HashMap$Node; @ 129 c2
Event: 1.243 Thread 0x0000027219a9a800 Uncommon trap: reason=unstable_if action=reinterpret pc=0x0000027207b5792c method=java.util.HashMap.putVal(ILjava/lang/Object;Ljava/lang/Object;ZZ)Ljava/lang/Object; @ 181 c2
Event: 1.243 Thread 0x0000027219a9a800 Uncommon trap: reason=unstable_if action=reinterpret pc=0x0000027207b28ab4 method=java.util.HashMap.getNode(ILjava/lang/Object;)Ljava/util/HashMap$Node; @ 129 c2
Event: 1.323 Thread 0x0000027219a9a800 Uncommon trap: reason=unstable_if action=reinterpret pc=0x0000027207b2ef38 method=java.util.concurrent.ConcurrentHashMap.get(Ljava/lang/Object;)Ljava/lang/Object; @ 76 c2
Event: 1.348 Thread 0x0000027219a9a800 Uncommon trap: reason=unstable_if action=reinterpret pc=0x0000027207b45bf4 method=java.util.jar.Manifest$FastInputStream.readLine([BII)I @ 90 c2

Classes redefined (0 events):
No events

Internal exceptions (10 events):
Event: 1.363 Thread 0x0000027219a9a800 Exception <a 'java/lang/NoSuchMethodError'{0x00000007171e4178}: java.lang.invoke.DirectMethodHandle$Holder.invokeStaticInit(Ljava/lang/Object;Ljava/lang/Object;Ljava/lang/Object;Ljava/lang/Object;Ljava/lang/Object;)Ljava/lang/Object;> (0x00000007171e4178)
Event: 1.371 Thread 0x0000027274103000 Exception <a 'java/lang/NoSuchMethodError'{0x00000007178f91b8}: java.lang.invoke.DirectMethodHandle$Holder.invokeStatic(Ljava/lang/Object;Ljava/lang/Object;ILjava/lang/Object;)Ljava/lang/Object;> (0x00000007178f91b8) thrown at [t:/workspace/open/src/hotsp
Event: 1.372 Thread 0x0000027274103000 Exception <a 'java/lang/NoSuchMethodError'{0x00000007178ffc88}: java.lang.invoke.Invokers$Holder.linkToTargetMethod(Ljava/lang/Object;ILjava/lang/Object;Ljava/lang/Object;)Ljava/lang/Object;> (0x00000007178ffc88) thrown at [t:/workspace/open/src/hotspot/s
Event: 1.374 Thread 0x0000027274103000 Exception <a 'java/lang/NoSuchMethodError'{0x000000071708b388}: java.lang.invoke.DirectMethodHandle$Holder.invokeSpecial(Ljava/lang/Object;Ljava/lang/Object;Ljava/lang/Object;Ljava/lang/Object;Ljava/lang/Object;Ljava/lang/Object;)V> (0x000000071708b388) t
Event: 1.375 Thread 0x0000027219a9a800 Exception <a 'java/lang/NoSuchMethodError'{0x0000000717050388}: java.lang.invoke.DirectMethodHandle$Holder.invokeSpecial(Ljava/lang/Object;Ljava/lang/Object;IILjava/lang/Object;Ljava/lang/Object;Ljava/lang/Object;)Ljava/lang/Object;> (0x0000000717050388) 
Event: 1.376 Thread 0x0000027219a9a800 Exception <a 'java/lang/NoSuchMethodError'{0x0000000717053910}: java.lang.invoke.DelegatingMethodHandle$Holder.reinvoke_L(Ljava/lang/Object;IILjava/lang/Object;Ljava/lang/Object;Ljava/lang/Object;)Ljava/lang/Object;> (0x0000000717053910) thrown at [t:/wor
Event: 1.378 Thread 0x0000027219a9a800 Exception <a 'java/lang/NoSuchMethodError'{0x0000000717057b00}: java.lang.invoke.DirectMethodHandle$Holder.invokeStatic(Ljava/lang/Object;Ljava/lang/Object;Ljava/lang/Object;Ljava/lang/Object;I)Ljava/lang/Object;> (0x0000000717057b00) thrown at [t:/worksp
Event: 1.380 Thread 0x0000027274103000 Exception <a 'java/lang/NoSuchMethodError'{0x00000007170c25a0}: java.lang.invoke.Invokers$Holder.linkToTargetMethod(Ljava/lang/Object;Ljava/lang/Object;Ljava/lang/Object;Ljava/lang/Object;Ljava/lang/Object;Ljava/lang/Object;)Ljava/lang/Object;> (0x0000000
Event: 1.381 Thread 0x0000027274103000 Exception <a 'java/lang/NoSuchMethodError'{0x00000007170c6300}: java.lang.invoke.DirectMethodHandle$Holder.invokeSpecial(Ljava/lang/Object;Ljava/lang/Object;Ljava/lang/Object;Ljava/lang/Object;)I> (0x00000007170c6300) thrown at [t:/workspace/open/src/hots
Event: 1.427 Thread 0x0000027274103000 Exception <a 'java/lang/NoSuchMethodError'{0x0000000716ca9940}: java.lang.invoke.DirectMethodHandle$Holder.invokeStaticInit(Ljava/lang/Object;Ljava/lang/Object;)V> (0x0000000716ca9940) thrown at [t:/workspace/open/src/hotspot/share/interpreter/linkResolve

Events (10 events):
Event: 1.503 loading class ch/qos/logback/core/pattern/util/RestrictedEscapeUtil
Event: 1.503 loading class ch/qos/logback/core/pattern/util/RestrictedEscapeUtil done
Event: 1.503 loading class ch/qos/logback/core/pattern/parser/TokenStream$TokenizerState
Event: 1.503 loading class ch/qos/logback/core/pattern/parser/TokenStream$TokenizerState done
Event: 1.503 loading class ch/qos/logback/core/pattern/parser/TokenStream$1
Event: 1.503 loading class ch/qos/logback/core/pattern/parser/TokenStream$1 done
Event: 1.504 loading class com/fasterxml/jackson/databind/cfg/MapperConfigBase
Event: 1.504 loading class com/fasterxml/jackson/databind/cfg/MapperConfigBase done
Event: 1.504 loading class ch/qos/logback/core/pattern/parser/OptionTokenizer
Event: 1.504 loading class ch/qos/logback/core/pattern/parser/OptionTokenizer done


Dynamic libraries:
0x00007ff7cce40000 - 0x00007ff7cce87000 	C:\Program Files\Java\jdk-11.0.2\bin\java.exe
0x00007ffea0990000 - 0x00007ffea0b7d000 	C:\Windows\SYSTEM32\ntdll.dll
0x00007ffea0260000 - 0x00007ffea0313000 	C:\Windows\System32\KERNEL32.DLL
0x00007ffe9cd40000 - 0x00007ffe9cfd3000 	C:\Windows\System32\KERNELBASE.dll
0x00007ffe9f6f0000 - 0x00007ffe9f793000 	C:\Windows\System32\ADVAPI32.dll
0x00007ffe9dbc0000 - 0x00007ffe9dc5e000 	C:\Windows\System32\msvcrt.dll
0x00007ffea0160000 - 0x00007ffea01fe000 	C:\Windows\System32\sechost.dll
0x00007ffe9fcf0000 - 0x00007ffe9fe12000 	C:\Windows\System32\RPCRT4.dll
0x00007ffe9dc60000 - 0x00007ffe9ddf7000 	C:\Windows\System32\USER32.dll
0x00007ffe9cfe0000 - 0x00007ffe9d000000 	C:\Windows\System32\win32u.dll
0x00007ffe9db90000 - 0x00007ffe9dbb9000 	C:\Windows\System32\GDI32.dll
0x00007ffe9d1a0000 - 0x00007ffe9d33a000 	C:\Windows\System32\gdi32full.dll
0x00007ffe9d340000 - 0x00007ffe9d3e0000 	C:\Windows\System32\msvcp_win.dll
0x00007ffe9d0a0000 - 0x00007ffe9d19a000 	C:\Windows\System32\ucrtbase.dll
0x00007ffe90750000 - 0x00007ffe909c9000 	C:\Windows\WinSxS\amd64_microsoft.windows.common-controls_6595b64144ccf1df_6.0.17763.557_none_05b63f68071e5b9f\COMCTL32.dll
0x00007ffe96440000 - 0x00007ffe9644a000 	C:\Windows\SYSTEM32\VERSION.dll
0x00007ffe9f7a0000 - 0x00007ffe9facc000 	C:\Windows\System32\combase.dll
0x00007ffe9cae0000 - 0x00007ffe9cb5e000 	C:\Windows\System32\bcryptPrimitives.dll
0x00007ffe9dfa0000 - 0x00007ffe9dfce000 	C:\Windows\System32\IMM32.DLL
0x00007ffe8d650000 - 0x00007ffe8d666000 	C:\Program Files\Java\jdk-11.0.2\bin\vcruntime140.dll
0x00007ffe89b80000 - 0x00007ffe89c2a000 	C:\Program Files\Java\jdk-11.0.2\bin\msvcp140.dll
0x00007ffe6cf70000 - 0x00007ffe6da97000 	C:\Program Files\Java\jdk-11.0.2\bin\server\jvm.dll
0x00007ffe9dea0000 - 0x00007ffe9dea8000 	C:\Windows\System32\PSAPI.DLL
0x00007ffe9abd0000 - 0x00007ffe9abf4000 	C:\Windows\SYSTEM32\WINMM.dll
0x00007ffe96700000 - 0x00007ffe96709000 	C:\Windows\SYSTEM32\WSOCK32.dll
0x00007ffe9deb0000 - 0x00007ffe9df1d000 	C:\Windows\System32\WS2_32.dll
0x00007ffe9aba0000 - 0x00007ffe9abcd000 	C:\Windows\SYSTEM32\winmmbase.dll
0x00007ffe9d050000 - 0x00007ffe9d09a000 	C:\Windows\System32\cfgmgr32.dll
0x00007ffe9c980000 - 0x00007ffe9c991000 	C:\Windows\System32\kernel.appcore.dll
0x00007ffe8c450000 - 0x00007ffe8c461000 	C:\Program Files\Java\jdk-11.0.2\bin\verify.dll
0x00007ffe92650000 - 0x00007ffe9283d000 	C:\Windows\SYSTEM32\DBGHELP.DLL
0x00007ffe92220000 - 0x00007ffe9224a000 	C:\Windows\SYSTEM32\dbgcore.DLL
0x00007ffe8b520000 - 0x00007ffe8b549000 	C:\Program Files\Java\jdk-11.0.2\bin\java.dll
0x00007ffe9a970000 - 0x00007ffe9a99f000 	C:\Program Files\Java\jdk-11.0.2\bin\instrument.dll
0x00007ffe8b560000 - 0x00007ffe8b576000 	C:\Program Files\Java\jdk-11.0.2\bin\zip.dll
0x00007ffe8d640000 - 0x00007ffe8d64a000 	C:\Program Files\Java\jdk-11.0.2\bin\jimage.dll
0x00007ffe9e200000 - 0x00007ffe9f6f0000 	C:\Windows\System32\SHELL32.dll
0x00007ffe9fae0000 - 0x00007ffe9fb88000 	C:\Windows\System32\shcore.dll
0x00007ffe9d3e0000 - 0x00007ffe9db2a000 	C:\Windows\System32\windows.storage.dll
0x00007ffe9c9a0000 - 0x00007ffe9c9c4000 	C:\Windows\System32\profapi.dll
0x00007ffe9c9d0000 - 0x00007ffe9ca2d000 	C:\Windows\System32\powrprof.dll
0x00007ffe9ff50000 - 0x00007ffe9ffa2000 	C:\Windows\System32\shlwapi.dll
0x00007ffe9d030000 - 0x00007ffe9d047000 	C:\Windows\System32\cryptsp.dll
0x00007ffe8b180000 - 0x00007ffe8b199000 	C:\Program Files\Java\jdk-11.0.2\bin\net.dll
0x00007ffe986a0000 - 0x00007ffe98791000 	C:\Windows\SYSTEM32\WINHTTP.dll
0x00007ffe95090000 - 0x00007ffe95267000 	C:\Windows\SYSTEM32\urlmon.dll
0x00007ffe91c50000 - 0x00007ffe91ef8000 	C:\Windows\SYSTEM32\iertutil.dll
0x00007ffe9c3b0000 - 0x00007ffe9c3bc000 	C:\Windows\SYSTEM32\CRYPTBASE.DLL
0x00007ffe9c1e0000 - 0x00007ffe9c247000 	C:\Windows\system32\mswsock.dll
0x00007ffe8a0b0000 - 0x00007ffe8a0c3000 	C:\Program Files\Java\jdk-11.0.2\bin\nio.dll
0x00007ffe9a950000 - 0x00007ffe9a96a000 	C:\Program Files\JetBrains\IntelliJ IDEA Community Edition 2019.1\bin\breakgen64.dll
0x00007ffe9bf40000 - 0x00007ffe9bf7d000 	C:\Windows\SYSTEM32\IPHLPAPI.DLL
0x00007ffe9fad0000 - 0x00007ffe9fad8000 	C:\Windows\System32\NSI.dll
0x00007ffe98680000 - 0x00007ffe98696000 	C:\Windows\SYSTEM32\dhcpcsvc6.DLL
0x00007ffe98380000 - 0x00007ffe9839c000 	C:\Windows\SYSTEM32\dhcpcsvc.DLL
0x00007ffe9bf80000 - 0x00007ffe9c046000 	C:\Windows\SYSTEM32\DNSAPI.dll
0x00007ffe966f0000 - 0x00007ffe966fa000 	C:\Windows\System32\rasadhlp.dll
0x00007ffe98b40000 - 0x00007ffe98bb9000 	C:\Windows\System32\fwpuclnt.dll
0x00007ffe9d000000 - 0x00007ffe9d026000 	C:\Windows\System32\bcrypt.dll
0x00007ffe8c4c0000 - 0x00007ffe8c4c9000 	C:\Program Files\Java\jdk-11.0.2\bin\management.dll
0x00007ffe8bf70000 - 0x00007ffe8bf7c000 	C:\Program Files\Java\jdk-11.0.2\bin\management_ext.dll
0x00007ffe93f40000 - 0x00007ffe93f56000 	C:\Windows\system32\napinsp.dll
0x00007ffe93f60000 - 0x00007ffe93f7a000 	C:\Windows\system32\pnrpnsp.dll
0x00007ffe94670000 - 0x00007ffe9467e000 	C:\Windows\System32\winrnr.dll
0x00007ffe9a730000 - 0x00007ffe9a74b000 	C:\Windows\system32\NLAapi.dll
0x00007ffe94150000 - 0x00007ffe94165000 	C:\Windows\system32\wshbth.dll

dbghelp: loaded successfully - version: 4.0.5 - missing functions: none
symbol engine: initialized successfully - sym options: 0x614 - pdb path: .;C:\Program Files\Java\jdk-11.0.2\bin;C:\Windows\SYSTEM32;C:\Windows\WinSxS\amd64_microsoft.windows.common-controls_6595b64144ccf1df_6.0.17763.557_none_05b63f68071e5b9f;C:\Program Files\Java\jdk-11.0.2\bin\server;C:\Program Files\JetBrains\IntelliJ IDEA Community Edition 2019.1\bin

VM Arguments:
jvm_args: -javaagent:C:\Program Files\JetBrains\IntelliJ IDEA Community Edition 2019.1\lib\idea_rt.jar=61365:C:\Program Files\JetBrains\IntelliJ IDEA Community Edition 2019.1\bin -Dfile.encoding=UTF-8 
java_command: com.example.moviesservice.moviesservice.MoviesServiceApplication
java_class_path (initial): E:\new\movies-service\target\classes;C:\Users\novac.stoica\.m2\repository\org\springframework\boot\spring-boot-starter-data-jpa\2.1.6.RELEASE\spring-boot-starter-data-jpa-2.1.6.RELEASE.jar;C:\Users\novac.stoica\.m2\repository\org\springframework\boot\spring-boot-starter-aop\2.1.6.RELEASE\spring-boot-starter-aop-2.1.6.RELEASE.jar;C:\Users\novac.stoica\.m2\repository\org\springframework\spring-aop\5.1.8.RELEASE\spring-aop-5.1.8.RELEASE.jar;C:\Users\novac.stoica\.m2\repository\org\aspectj\aspectjweaver\1.9.4\aspectjweaver-1.9.4.jar;C:\Users\novac.stoica\.m2\repository\org\springframework\boot\spring-boot-starter-jdbc\2.1.6.RELEASE\spring-boot-starter-jdbc-2.1.6.RELEASE.jar;C:\Users\novac.stoica\.m2\repository\com\zaxxer\HikariCP\3.2.0\HikariCP-3.2.0.jar;C:\Users\novac.stoica\.m2\repository\org\springframework\spring-jdbc\5.1.8.RELEASE\spring-jdbc-5.1.8.RELEASE.jar;C:\Users\novac.stoica\.m2\repository\javax\transaction\javax.transaction-api\1.3\javax.transaction-api-1.3.jar;C:\Users\novac.stoica\.m2\repository\javax\xml\bind\jaxb-api\2.3.1\jaxb-api-2.3.1.jar;C:\Users\novac.stoica\.m2\repository\org\springframework\data\spring-data-jpa\2.1.9.RELEASE\spring-data-jpa-2.1.9.RELEASE.jar;C:\Users\novac.stoica\.m2\repository\org\springframework\data\spring-data-commons\2.1.9.RELEASE\spring-data-commons-2.1.9.RELEASE.jar;C:\Users\novac.stoica\.m2\repository\org\springframework\spring-orm\5.1.8.RELEASE\spring-orm-5.1.8.RELEASE.jar;C:\Users\novac.stoica\.m2\repository\org\springframework\spring-context\5.1.8.RELEASE\spring-context-5.1.8.RELEASE.jar;C:\Users\novac.stoica\.m2\repository\org\springframework\spring-tx\5.1.8.RELEASE\spring-tx-5.1.8.RELEASE.jar;C:\Users\novac.stoica\.m2\repository\org\springframework\spring-beans\5.1.8.RELEASE\spring-beans-5.1.8.RELEASE.jar;C:\Users\novac.stoica\.m2\repository\org\slf4j\slf4j-api\1.7.26\slf4j-api-1.7.26.jar;C:\Users\novac.stoica\.m2\repository\org\springframework\spring-aspects\5.1.8.RELEASE\spring-aspects-
Launcher Type: SUN_STANDARD

[Global flags]
     intx CICompilerCount                          = 4                                         {product} {ergonomic}
     uint ConcGCThreads                            = 2                                         {product} {ergonomic}
     uint G1ConcRefinementThreads                  = 8                                         {product} {ergonomic}
   size_t G1HeapRegionSize                         = 1048576                                   {product} {ergonomic}
    uintx GCDrainStackTargetSize                   = 64                                        {product} {ergonomic}
   size_t InitialHeapSize                          = 260046848                                 {product} {ergonomic}
   size_t MarkStackSize                            = 4194304                                   {product} {ergonomic}
   size_t MaxHeapSize                              = 4156555264                                {product} {ergonomic}
   size_t MaxNewSize                               = 2493513728                                {product} {ergonomic}
   size_t MinHeapDeltaBytes                        = 1048576                                   {product} {ergonomic}
    uintx NonNMethodCodeHeapSize                   = 5835340                                {pd product} {ergonomic}
    uintx NonProfiledCodeHeapSize                  = 122911450                              {pd product} {ergonomic}
    uintx ProfiledCodeHeapSize                     = 122911450                              {pd product} {ergonomic}
    uintx ReservedCodeCacheSize                    = 251658240                              {pd product} {ergonomic}
     bool SegmentedCodeCache                       = true                                      {product} {ergonomic}
     bool UseCompressedClassPointers               = true                                 {lp64_product} {ergonomic}
     bool UseCompressedOops                        = true                                 {lp64_product} {ergonomic}
     bool UseG1GC                                  = true                                      {product} {ergonomic}
     bool UseLargePagesIndividualAllocation        = false                                  {pd product} {ergonomic}

Logging:
Log output configuration:
 #0: stdout all=warning uptime,level,tags
 #1: stderr all=off uptime,level,tags

Environment Variables:
JAVA_HOME=C:\Program Files\Java\jdk-11.0.2
PATH=C:\Windows\system32;C:\Windows;C:\Windows\System32\Wbem;C:\Windows\System32\WindowsPowerShell\v1.0\;C:\Windows\System32\OpenSSH\;C:\Program Files\Git\cmd;C:\Program Files\nodejs\;E:\apache-maven-3.6.1\bin;C:\Users\novac.stoica\AppData\Local\Microsoft\WindowsApps;C:\Users\novac.stoica\AppData\Roaming\npm
USERNAME=novac.stoica
OS=Windows_NT
PROCESSOR_IDENTIFIER=AMD64 Family 21 Model 2 Stepping 0, AuthenticAMD



---------------  S Y S T E M  ---------------

OS: Windows 10 , 64 bit Build 17763 (10.0.17763.475)

CPU:total 8 (initial active 8) (8 cores per cpu, 1 threads per core) family 21 model 2 stepping 0, cmov, cx8, fxsr, mmx, sse, sse2, sse3, ssse3, sse4.1, sse4.2, popcnt, avx, aes, clmul, mmxext, 3dnowpref, lzcnt, sse4a, tsc, tscinvbit, tscinv, bmi1, fma

Memory: 4k page, system-wide physical 15853M (7638M free)
TotalPageFile size 18285M (AvailPageFile size 5580M)
current process WorkingSet (physical memory assigned to process): 119M, peak: 123M
current process commit charge ("private bytes"): 375M, peak: 379M

vm_info: Java HotSpot(TM) 64-Bit Server VM (11.0.2+9-LTS) for windows-amd64 JRE (11.0.2+9-LTS), built on Jan 18 2019 05:24:10 by "mach5one" with MS VC++ 15.5 (VS2017)

END.
