#
# A fatal error has been detected by the Java Runtime Environment:
#
#  EXCEPTION_ACCESS_VIOLATION (0xc0000005) at pc=0x00007ff96cc13193, pid=13984, tid=14280
#
# JRE version: Java(TM) SE Runtime Environment (11.0.2+9) (build 11.0.2+9-LTS)
# Java VM: Java HotSpot(TM) 64-Bit Server VM (11.0.2+9-LTS, mixed mode, tiered, compressed oops, g1 gc, windows-amd64)
# Problematic frame:
# V  [jvm.dll+0x553193]
#
# No core dump will be written. Minidumps are not enabled by default on client versions of Windows
#
# If you would like to submit a bug report, please visit:
#   http://bugreport.java.com/bugreport/crash.jsp
#

---------------  S U M M A R Y ------------

Command Line: -javaagent:C:\Program Files\JetBrains\IntelliJ IDEA Community Edition 2019.1\lib\idea_rt.jar=50789:C:\Program Files\JetBrains\IntelliJ IDEA Community Edition 2019.1\bin -Dfile.encoding=UTF-8 com.example.queueservice.queueservice.QueueServiceApplication

Host: AMD FX(tm)-8320 Eight-Core Processor           , 8 cores, 15G,  Windows 10 , 64 bit Build 17763 (10.0.17763.475)
Time: Thu Jul  4 12:04:26 2019 GTB Daylight Time elapsed time: 3 seconds (0d 0h 0m 3s)

---------------  T H R E A D  ---------------

Current thread (0x0000026760ef7000):  JavaThread "C2 CompilerThread1" daemon [_thread_in_native, id=14280, stack(0x0000008416f00000,0x0000008417000000)]


Current CompileTask:
C2:   3106 1993   !   4       jdk.internal.loader.BuiltinClassLoader::loadClassOrNull (143 bytes)

Stack: [0x0000008416f00000,0x0000008417000000],  sp=0x0000008416ffb020,  free space=1004k
Native frames: (J=compiled Java code, j=interpreted, Vv=VM code, C=native code)
V  [jvm.dll+0x553193]
V  [jvm.dll+0x5526de]
V  [jvm.dll+0x2199a5]
V  [jvm.dll+0x2172c6]
V  [jvm.dll+0x194200]
V  [jvm.dll+0x2263af]
V  [jvm.dll+0x2249b8]
V  [jvm.dll+0x738a9d]
V  [jvm.dll+0x6347f2]
C  [ucrtbase.dll+0x21ffa]
C  [KERNEL32.DLL+0x17974]
C  [ntdll.dll+0x6a271]


siginfo: EXCEPTION_ACCESS_VIOLATION (0xc0000005), reading address 0xffffffffffffffff


Register to memory mapping:

RIP=0x00007ff96cc13193 jvm.dll
RAX=0x0 is NULL
RBX=0x0020026762ff3968 is an unknown value
RCX=0x0000000000000001 is an unknown value
RDX=0x0000026761a27e24 points into unknown readable memory: 02 10 01 00
RSP=0x0000008416ffb020 is pointing into the stack for thread: 0x0000026760ef7000
RBP=0x0000008416ffb190 is pointing into the stack for thread: 0x0000026760ef7000
RSI=0x0000000000001ceb is an unknown value
RDI=0x0000008416ffb140 is pointing into the stack for thread: 0x0000026760ef7000
R8 =0x0000000000000002 is an unknown value
R9 =0x0000008416ffc0b0 is pointing into the stack for thread: 0x0000026760ef7000
R10=0x00000267632a4430 points into unknown readable memory: 98 f8 92 61 67 02 00 00
R11=0x00000267632a52d0 points into unknown readable memory: 70 fc 92 61 67 02 00 00
R12=0x0000008416ffb0d0 is pointing into the stack for thread: 0x0000026760ef7000
R13=0x0000008416ffb0b0 is pointing into the stack for thread: 0x0000026760ef7000
R14=0x0000000000000001 is an unknown value
R15=0x0000026762ff3908 points into unknown readable memory: 88 be e8 6c f9 7f 00 00


Registers:
RAX=0x0000000000000000, RBX=0x0020026762ff3968, RCX=0x0000000000000001, RDX=0x0000026761a27e24
RSP=0x0000008416ffb020, RBP=0x0000008416ffb190, RSI=0x0000000000001ceb, RDI=0x0000008416ffb140
R8 =0x0000000000000002, R9 =0x0000008416ffc0b0, R10=0x00000267632a4430, R11=0x00000267632a52d0
R12=0x0000008416ffb0d0, R13=0x0000008416ffb0b0, R14=0x0000000000000001, R15=0x0000026762ff3908
RIP=0x00007ff96cc13193, EFLAGS=0x0000000000010203

Top of Stack: (sp=0x0000008416ffb020)
0x0000008416ffb020:   0000026762ff3908 0000000000001cfd
0x0000008416ffb030:   0000000000001d51 0000000000000004
0x0000008416ffb040:   0000026760ea68e8 00007ff96cd22eff
0x0000008416ffb050:   0000000000000000 0000026760ea68e8
0x0000008416ffb060:   0000008416ffc0b0 0000008416ffb190
0x0000008416ffb070:   0000000000000004 0000000000000000
0x0000008416ffb080:   000002676043b1d8 00007ff96cc126de
0x0000008416ffb090:   0000008416ffc0b0 0000000000000001
0x0000008416ffb0a0:   0000008400000001 0000008416ffc0b0
0x0000008416ffb0b0:   0000026760ded0a0 0000000000002000
0x0000008416ffb0c0:   000002676344bb10 0000000000001ceb
0x0000008416ffb0d0:   00007ff96cf8af90 0000026760ded0a0
0x0000008416ffb0e0:   0000000000000200 0000026761a27dd0
0x0000008416ffb0f0:   0000026760ea68e8 0000026760ded0a0
0x0000008416ffb100:   00000267631acd50 00000000000b81f8
0x0000008416ffb110:   00000267631acda0 00000267631b4d38 

Instructions: (pc=0x00007ff96cc13193)
0x00007ff96cc13173:   f6 89 8c 24 80 00 00 00 0f 1f 44 00 00 44 3b f1
0x00007ff96cc13183:   0f 83 74 01 00 00 49 8b 5f 10 41 8b c6 41 ff c6
0x00007ff96cc13193:   48 8b 1c c3 8b 43 28 41 3b 41 28 73 0d 8b c8 49
0x00007ff96cc131a3:   8b 41 30 48 83 3c c8 00 75 3c 48 83 7b 10 00 74 


Stack slot to memory mapping:
stack at sp + 0 slots: 0x0000026762ff3908 points into unknown readable memory: 88 be e8 6c f9 7f 00 00
stack at sp + 1 slots: 0x0000000000001cfd is an unknown value
stack at sp + 2 slots: 0x0000000000001d51 is an unknown value
stack at sp + 3 slots: 0x0000000000000004 is an unknown value
stack at sp + 4 slots: 0x0000026760ea68e8 points into unknown readable memory: 00 70 ef 60 67 02 00 00
stack at sp + 5 slots: 0x00007ff96cd22eff jvm.dll
stack at sp + 6 slots: 0x0 is NULL
stack at sp + 7 slots: 0x0000026760ea68e8 points into unknown readable memory: 00 70 ef 60 67 02 00 00


---------------  P R O C E S S  ---------------

Threads class SMR info:
_java_thread_list=0x00000267616bd6e0, length=14, elements={
0x000002673a024000, 0x000002675f445800, 0x000002675f451000, 0x000002675fd07800,
0x000002675fd09800, 0x000002675fd0a800, 0x000002675fd0f800, 0x000002675fd14000,
0x000002675fce0800, 0x00000267603f0800, 0x00000267603f1000, 0x0000026760e65000,
0x0000026760ef7000, 0x000002676184f000
}

Java Threads: ( => current thread )
  0x000002673a024000 JavaThread "main" [_thread_in_vm, id=14156, stack(0x0000008415c00000,0x0000008415d00000)]
  0x000002675f445800 JavaThread "Reference Handler" daemon [_thread_blocked, id=14196, stack(0x0000008416300000,0x0000008416400000)]
  0x000002675f451000 JavaThread "Finalizer" daemon [_thread_blocked, id=14200, stack(0x0000008416400000,0x0000008416500000)]
  0x000002675fd07800 JavaThread "Signal Dispatcher" daemon [_thread_blocked, id=14204, stack(0x0000008416500000,0x0000008416600000)]
  0x000002675fd09800 JavaThread "Attach Listener" daemon [_thread_blocked, id=14208, stack(0x0000008416600000,0x0000008416700000)]
  0x000002675fd0a800 JavaThread "C2 CompilerThread0" daemon [_thread_in_native, id=14212, stack(0x0000008416700000,0x0000008416800000)]
  0x000002675fd0f800 JavaThread "C1 CompilerThread0" daemon [_thread_blocked, id=14216, stack(0x0000008416800000,0x0000008416900000)]
  0x000002675fd14000 JavaThread "Sweeper thread" daemon [_thread_blocked, id=14220, stack(0x0000008416900000,0x0000008416a00000)]
  0x000002675fce0800 JavaThread "Common-Cleaner" daemon [_thread_blocked, id=14236, stack(0x0000008416a00000,0x0000008416b00000)]
  0x00000267603f0800 JavaThread "Monitor Ctrl-Break" daemon [_thread_in_native, id=14244, stack(0x0000008416b00000,0x0000008416c00000)]
  0x00000267603f1000 JavaThread "Service Thread" daemon [_thread_blocked, id=14248, stack(0x0000008416c00000,0x0000008416d00000)]
  0x0000026760e65000 JavaThread "background-preinit" [_thread_in_vm, id=14276, stack(0x0000008416e00000,0x0000008416f00000)]
=>0x0000026760ef7000 JavaThread "C2 CompilerThread1" daemon [_thread_in_native, id=14280, stack(0x0000008416f00000,0x0000008417000000)]
  0x000002676184f000 JavaThread "C2 CompilerThread2" daemon [_thread_in_native, id=6860, stack(0x0000008417600000,0x0000008417700000)]

Other Threads:
  0x000002675f443800 VMThread "VM Thread" [stack: 0x0000008416200000,0x0000008416300000] [id=14192]
  0x0000026760400000 WatcherThread [stack: 0x0000008416d00000,0x0000008416e00000] [id=14252]
  0x000002673a03d800 GCTaskThread "GC Thread#0" [stack: 0x0000008415d00000,0x0000008415e00000] [id=14160]
  0x0000026760f3e000 GCTaskThread "GC Thread#1" [stack: 0x0000008417000000,0x0000008417100000] [id=14284]
  0x0000026760ef5800 GCTaskThread "GC Thread#2" [stack: 0x0000008417100000,0x0000008417200000] [id=14288]
  0x0000026760f16000 GCTaskThread "GC Thread#3" [stack: 0x0000008417200000,0x0000008417300000] [id=14292]
  0x0000026760f16800 GCTaskThread "GC Thread#4" [stack: 0x0000008417300000,0x0000008417400000] [id=14296]
  0x000002673a098800 ConcurrentGCThread "G1 Main Marker" [stack: 0x0000008415e00000,0x0000008415f00000] [id=14164]
  0x000002673a099800 ConcurrentGCThread "G1 Conc#0" [stack: 0x0000008415f00000,0x0000008416000000] [id=14168]
  0x0000026761311800 ConcurrentGCThread "G1 Conc#1" [stack: 0x0000008417500000,0x0000008417600000] [id=13352]
  0x000002675f32f800 ConcurrentGCThread "G1 Refine#0" [stack: 0x0000008416000000,0x0000008416100000] [id=14172]
  0x000002676002b800 ConcurrentGCThread "G1 Refine#1" [stack: 0x0000008417400000,0x0000008417500000] [id=14300]
  0x000002675f330800 ConcurrentGCThread "G1 Young RemSet Sampling" [stack: 0x0000008416100000,0x0000008416200000] [id=14176]

Threads with active compile tasks:
C2 CompilerThread02001   !   4       org.apache.tomcat.util.IntrospectionUtils::setProperty (736 bytes)
C2 CompilerThread11993   !   4       jdk.internal.loader.BuiltinClassLoader::loadClassOrNull (143 bytes)
C2 CompilerThread22089       4       com.sun.org.apache.xerces.internal.impl.XMLEntityScanner::scanName (305 bytes)

VM state:not at safepoint (normal execution)

VM Mutex/Monitor currently owned by a thread: None

Heap address: 0x0000000708400000, size: 3964 MB, Compressed Oops mode: Zero based, Oop shift amount: 3
Narrow klass base: 0x0000000800000000, Narrow klass shift: 0
Compressed class space size: 1073741824 Address: 0x0000000800000000

Heap:
 garbage-first heap   total 253952K, used 46237K [0x0000000708400000, 0x0000000800000000)
  region size 1024K, 41 young (41984K), 2 survivors (2048K)
 Metaspace       used 29049K, capacity 29605K, committed 29692K, reserved 1075200K
  class space    used 3334K, capacity 3537K, committed 3580K, reserved 1048576K
Heap Regions: E=young(eden), S=young(survivor), O=old, HS=humongous(starts), HC=humongous(continues), CS=collection set, F=free, A=archive, TAMS=top-at-mark-start (previous, next)
|   0|0x0000000708400000, 0x0000000708500000, 0x0000000708500000|100%| O|  |TAMS 0x0000000708500000, 0x0000000708400000| Untracked 
|   1|0x0000000708500000, 0x0000000708600000, 0x0000000708600000|100%| O|  |TAMS 0x0000000708600000, 0x0000000708500000| Untracked 
|   2|0x0000000708600000, 0x0000000708700000, 0x0000000708700000|100%| O|  |TAMS 0x0000000708700000, 0x0000000708600000| Untracked 
|   3|0x0000000708700000, 0x0000000708800000, 0x0000000708800000|100%| O|  |TAMS 0x0000000708800000, 0x0000000708700000| Untracked 
|   4|0x0000000708800000, 0x0000000708900000, 0x0000000708900000|100%| O|  |TAMS 0x0000000708900000, 0x0000000708800000| Untracked 
|   5|0x0000000708900000, 0x0000000708999200, 0x0000000708a00000| 59%| O|  |TAMS 0x0000000708999200, 0x0000000708900000| Untracked 
|   6|0x0000000708a00000, 0x0000000708a00000, 0x0000000708b00000|  0%| F|  |TAMS 0x0000000708a00000, 0x0000000708a00000| Untracked 
|   7|0x0000000708b00000, 0x0000000708b00000, 0x0000000708c00000|  0%| F|  |TAMS 0x0000000708b00000, 0x0000000708b00000| Untracked 
|   8|0x0000000708c00000, 0x0000000708c00000, 0x0000000708d00000|  0%| F|  |TAMS 0x0000000708c00000, 0x0000000708c00000| Untracked 
|   9|0x0000000708d00000, 0x0000000708d00000, 0x0000000708e00000|  0%| F|  |TAMS 0x0000000708d00000, 0x0000000708d00000| Untracked 
|  10|0x0000000708e00000, 0x0000000708e00000, 0x0000000708f00000|  0%| F|  |TAMS 0x0000000708e00000, 0x0000000708e00000| Untracked 
|  11|0x0000000708f00000, 0x0000000708f00000, 0x0000000709000000|  0%| F|  |TAMS 0x0000000708f00000, 0x0000000708f00000| Untracked 
|  12|0x0000000709000000, 0x0000000709000000, 0x0000000709100000|  0%| F|  |TAMS 0x0000000709000000, 0x0000000709000000| Untracked 
|  13|0x0000000709100000, 0x0000000709100000, 0x0000000709200000|  0%| F|  |TAMS 0x0000000709100000, 0x0000000709100000| Untracked 
|  14|0x0000000709200000, 0x0000000709200000, 0x0000000709300000|  0%| F|  |TAMS 0x0000000709200000, 0x0000000709200000| Untracked 
|  15|0x0000000709300000, 0x0000000709300000, 0x0000000709400000|  0%| F|  |TAMS 0x0000000709300000, 0x0000000709300000| Untracked 
|  16|0x0000000709400000, 0x0000000709400000, 0x0000000709500000|  0%| F|  |TAMS 0x0000000709400000, 0x0000000709400000| Untracked 
|  17|0x0000000709500000, 0x0000000709500000, 0x0000000709600000|  0%| F|  |TAMS 0x0000000709500000, 0x0000000709500000| Untracked 
|  18|0x0000000709600000, 0x0000000709600000, 0x0000000709700000|  0%| F|  |TAMS 0x0000000709600000, 0x0000000709600000| Untracked 
|  19|0x0000000709700000, 0x0000000709700000, 0x0000000709800000|  0%| F|  |TAMS 0x0000000709700000, 0x0000000709700000| Untracked 
|  20|0x0000000709800000, 0x0000000709800000, 0x0000000709900000|  0%| F|  |TAMS 0x0000000709800000, 0x0000000709800000| Untracked 
|  21|0x0000000709900000, 0x0000000709900000, 0x0000000709a00000|  0%| F|  |TAMS 0x0000000709900000, 0x0000000709900000| Untracked 
|  22|0x0000000709a00000, 0x0000000709a00000, 0x0000000709b00000|  0%| F|  |TAMS 0x0000000709a00000, 0x0000000709a00000| Untracked 
|  23|0x0000000709b00000, 0x0000000709b00000, 0x0000000709c00000|  0%| F|  |TAMS 0x0000000709b00000, 0x0000000709b00000| Untracked 
|  24|0x0000000709c00000, 0x0000000709c00000, 0x0000000709d00000|  0%| F|  |TAMS 0x0000000709c00000, 0x0000000709c00000| Untracked 
|  25|0x0000000709d00000, 0x0000000709d00000, 0x0000000709e00000|  0%| F|  |TAMS 0x0000000709d00000, 0x0000000709d00000| Untracked 
|  26|0x0000000709e00000, 0x0000000709e00000, 0x0000000709f00000|  0%| F|  |TAMS 0x0000000709e00000, 0x0000000709e00000| Untracked 
|  27|0x0000000709f00000, 0x0000000709f00000, 0x000000070a000000|  0%| F|  |TAMS 0x0000000709f00000, 0x0000000709f00000| Untracked 
|  28|0x000000070a000000, 0x000000070a000000, 0x000000070a100000|  0%| F|  |TAMS 0x000000070a000000, 0x000000070a000000| Untracked 
|  29|0x000000070a100000, 0x000000070a100000, 0x000000070a200000|  0%| F|  |TAMS 0x000000070a100000, 0x000000070a100000| Untracked 
|  30|0x000000070a200000, 0x000000070a200000, 0x000000070a300000|  0%| F|  |TAMS 0x000000070a200000, 0x000000070a200000| Untracked 
|  31|0x000000070a300000, 0x000000070a300000, 0x000000070a400000|  0%| F|  |TAMS 0x000000070a300000, 0x000000070a300000| Untracked 
|  32|0x000000070a400000, 0x000000070a400000, 0x000000070a500000|  0%| F|  |TAMS 0x000000070a400000, 0x000000070a400000| Untracked 
|  33|0x000000070a500000, 0x000000070a500000, 0x000000070a600000|  0%| F|  |TAMS 0x000000070a500000, 0x000000070a500000| Untracked 
|  34|0x000000070a600000, 0x000000070a600000, 0x000000070a700000|  0%| F|  |TAMS 0x000000070a600000, 0x000000070a600000| Untracked 
|  35|0x000000070a700000, 0x000000070a700000, 0x000000070a800000|  0%| F|  |TAMS 0x000000070a700000, 0x000000070a700000| Untracked 
|  36|0x000000070a800000, 0x000000070a800000, 0x000000070a900000|  0%| F|  |TAMS 0x000000070a800000, 0x000000070a800000| Untracked 
|  37|0x000000070a900000, 0x000000070a900000, 0x000000070aa00000|  0%| F|  |TAMS 0x000000070a900000, 0x000000070a900000| Untracked 
|  38|0x000000070aa00000, 0x000000070aa00000, 0x000000070ab00000|  0%| F|  |TAMS 0x000000070aa00000, 0x000000070aa00000| Untracked 
|  39|0x000000070ab00000, 0x000000070ab00000, 0x000000070ac00000|  0%| F|  |TAMS 0x000000070ab00000, 0x000000070ab00000| Untracked 
|  40|0x000000070ac00000, 0x000000070ac00000, 0x000000070ad00000|  0%| F|  |TAMS 0x000000070ac00000, 0x000000070ac00000| Untracked 
|  41|0x000000070ad00000, 0x000000070ad00000, 0x000000070ae00000|  0%| F|  |TAMS 0x000000070ad00000, 0x000000070ad00000| Untracked 
|  42|0x000000070ae00000, 0x000000070ae00000, 0x000000070af00000|  0%| F|  |TAMS 0x000000070ae00000, 0x000000070ae00000| Untracked 
|  43|0x000000070af00000, 0x000000070af00000, 0x000000070b000000|  0%| F|  |TAMS 0x000000070af00000, 0x000000070af00000| Untracked 
|  44|0x000000070b000000, 0x000000070b000000, 0x000000070b100000|  0%| F|  |TAMS 0x000000070b000000, 0x000000070b000000| Untracked 
|  45|0x000000070b100000, 0x000000070b100000, 0x000000070b200000|  0%| F|  |TAMS 0x000000070b100000, 0x000000070b100000| Untracked 
|  46|0x000000070b200000, 0x000000070b200000, 0x000000070b300000|  0%| F|  |TAMS 0x000000070b200000, 0x000000070b200000| Untracked 
|  47|0x000000070b300000, 0x000000070b300000, 0x000000070b400000|  0%| F|  |TAMS 0x000000070b300000, 0x000000070b300000| Untracked 
|  48|0x000000070b400000, 0x000000070b400000, 0x000000070b500000|  0%| F|  |TAMS 0x000000070b400000, 0x000000070b400000| Untracked 
|  49|0x000000070b500000, 0x000000070b500000, 0x000000070b600000|  0%| F|  |TAMS 0x000000070b500000, 0x000000070b500000| Untracked 
|  50|0x000000070b600000, 0x000000070b600000, 0x000000070b700000|  0%| F|  |TAMS 0x000000070b600000, 0x000000070b600000| Untracked 
|  51|0x000000070b700000, 0x000000070b700000, 0x000000070b800000|  0%| F|  |TAMS 0x000000070b700000, 0x000000070b700000| Untracked 
|  52|0x000000070b800000, 0x000000070b800000, 0x000000070b900000|  0%| F|  |TAMS 0x000000070b800000, 0x000000070b800000| Untracked 
|  53|0x000000070b900000, 0x000000070b900000, 0x000000070ba00000|  0%| F|  |TAMS 0x000000070b900000, 0x000000070b900000| Untracked 
|  54|0x000000070ba00000, 0x000000070ba00000, 0x000000070bb00000|  0%| F|  |TAMS 0x000000070ba00000, 0x000000070ba00000| Untracked 
|  55|0x000000070bb00000, 0x000000070bb00000, 0x000000070bc00000|  0%| F|  |TAMS 0x000000070bb00000, 0x000000070bb00000| Untracked 
|  56|0x000000070bc00000, 0x000000070bc00000, 0x000000070bd00000|  0%| F|  |TAMS 0x000000070bc00000, 0x000000070bc00000| Untracked 
|  57|0x000000070bd00000, 0x000000070bd00000, 0x000000070be00000|  0%| F|  |TAMS 0x000000070bd00000, 0x000000070bd00000| Untracked 
|  58|0x000000070be00000, 0x000000070be00000, 0x000000070bf00000|  0%| F|  |TAMS 0x000000070be00000, 0x000000070be00000| Untracked 
|  59|0x000000070bf00000, 0x000000070bf00000, 0x000000070c000000|  0%| F|  |TAMS 0x000000070bf00000, 0x000000070bf00000| Untracked 
|  60|0x000000070c000000, 0x000000070c000000, 0x000000070c100000|  0%| F|  |TAMS 0x000000070c000000, 0x000000070c000000| Untracked 
|  61|0x000000070c100000, 0x000000070c100000, 0x000000070c200000|  0%| F|  |TAMS 0x000000070c100000, 0x000000070c100000| Untracked 
|  62|0x000000070c200000, 0x000000070c200000, 0x000000070c300000|  0%| F|  |TAMS 0x000000070c200000, 0x000000070c200000| Untracked 
|  63|0x000000070c300000, 0x000000070c300000, 0x000000070c400000|  0%| F|  |TAMS 0x000000070c300000, 0x000000070c300000| Untracked 
|  64|0x000000070c400000, 0x000000070c400000, 0x000000070c500000|  0%| F|  |TAMS 0x000000070c400000, 0x000000070c400000| Untracked 
|  65|0x000000070c500000, 0x000000070c500000, 0x000000070c600000|  0%| F|  |TAMS 0x000000070c500000, 0x000000070c500000| Untracked 
|  66|0x000000070c600000, 0x000000070c600000, 0x000000070c700000|  0%| F|  |TAMS 0x000000070c600000, 0x000000070c600000| Untracked 
|  67|0x000000070c700000, 0x000000070c700000, 0x000000070c800000|  0%| F|  |TAMS 0x000000070c700000, 0x000000070c700000| Untracked 
|  68|0x000000070c800000, 0x000000070c800000, 0x000000070c900000|  0%| F|  |TAMS 0x000000070c800000, 0x000000070c800000| Untracked 
|  69|0x000000070c900000, 0x000000070c900000, 0x000000070ca00000|  0%| F|  |TAMS 0x000000070c900000, 0x000000070c900000| Untracked 
|  70|0x000000070ca00000, 0x000000070ca00000, 0x000000070cb00000|  0%| F|  |TAMS 0x000000070ca00000, 0x000000070ca00000| Untracked 
|  71|0x000000070cb00000, 0x000000070cb00000, 0x000000070cc00000|  0%| F|  |TAMS 0x000000070cb00000, 0x000000070cb00000| Untracked 
|  72|0x000000070cc00000, 0x000000070cc00000, 0x000000070cd00000|  0%| F|  |TAMS 0x000000070cc00000, 0x000000070cc00000| Untracked 
|  73|0x000000070cd00000, 0x000000070cd00000, 0x000000070ce00000|  0%| F|  |TAMS 0x000000070cd00000, 0x000000070cd00000| Untracked 
|  74|0x000000070ce00000, 0x000000070ce00000, 0x000000070cf00000|  0%| F|  |TAMS 0x000000070ce00000, 0x000000070ce00000| Untracked 
|  75|0x000000070cf00000, 0x000000070cf00000, 0x000000070d000000|  0%| F|  |TAMS 0x000000070cf00000, 0x000000070cf00000| Untracked 
|  76|0x000000070d000000, 0x000000070d000000, 0x000000070d100000|  0%| F|  |TAMS 0x000000070d000000, 0x000000070d000000| Untracked 
|  77|0x000000070d100000, 0x000000070d100000, 0x000000070d200000|  0%| F|  |TAMS 0x000000070d100000, 0x000000070d100000| Untracked 
|  78|0x000000070d200000, 0x000000070d200000, 0x000000070d300000|  0%| F|  |TAMS 0x000000070d200000, 0x000000070d200000| Untracked 
|  79|0x000000070d300000, 0x000000070d300000, 0x000000070d400000|  0%| F|  |TAMS 0x000000070d300000, 0x000000070d300000| Untracked 
|  80|0x000000070d400000, 0x000000070d400000, 0x000000070d500000|  0%| F|  |TAMS 0x000000070d400000, 0x000000070d400000| Untracked 
|  81|0x000000070d500000, 0x000000070d500000, 0x000000070d600000|  0%| F|  |TAMS 0x000000070d500000, 0x000000070d500000| Untracked 
|  82|0x000000070d600000, 0x000000070d600000, 0x000000070d700000|  0%| F|  |TAMS 0x000000070d600000, 0x000000070d600000| Untracked 
|  83|0x000000070d700000, 0x000000070d700000, 0x000000070d800000|  0%| F|  |TAMS 0x000000070d700000, 0x000000070d700000| Untracked 
|  84|0x000000070d800000, 0x000000070d800000, 0x000000070d900000|  0%| F|  |TAMS 0x000000070d800000, 0x000000070d800000| Untracked 
|  85|0x000000070d900000, 0x000000070d900000, 0x000000070da00000|  0%| F|  |TAMS 0x000000070d900000, 0x000000070d900000| Untracked 
|  86|0x000000070da00000, 0x000000070da00000, 0x000000070db00000|  0%| F|  |TAMS 0x000000070da00000, 0x000000070da00000| Untracked 
|  87|0x000000070db00000, 0x000000070db00000, 0x000000070dc00000|  0%| F|  |TAMS 0x000000070db00000, 0x000000070db00000| Untracked 
|  88|0x000000070dc00000, 0x000000070dc00000, 0x000000070dd00000|  0%| F|  |TAMS 0x000000070dc00000, 0x000000070dc00000| Untracked 
|  89|0x000000070dd00000, 0x000000070dd00000, 0x000000070de00000|  0%| F|  |TAMS 0x000000070dd00000, 0x000000070dd00000| Untracked 
|  90|0x000000070de00000, 0x000000070de00000, 0x000000070df00000|  0%| F|  |TAMS 0x000000070de00000, 0x000000070de00000| Untracked 
|  91|0x000000070df00000, 0x000000070df00000, 0x000000070e000000|  0%| F|  |TAMS 0x000000070df00000, 0x000000070df00000| Untracked 
|  92|0x000000070e000000, 0x000000070e000000, 0x000000070e100000|  0%| F|  |TAMS 0x000000070e000000, 0x000000070e000000| Untracked 
|  93|0x000000070e100000, 0x000000070e100000, 0x000000070e200000|  0%| F|  |TAMS 0x000000070e100000, 0x000000070e100000| Untracked 
|  94|0x000000070e200000, 0x000000070e200000, 0x000000070e300000|  0%| F|  |TAMS 0x000000070e200000, 0x000000070e200000| Untracked 
|  95|0x000000070e300000, 0x000000070e300000, 0x000000070e400000|  0%| F|  |TAMS 0x000000070e300000, 0x000000070e300000| Untracked 
|  96|0x000000070e400000, 0x000000070e400000, 0x000000070e500000|  0%| F|  |TAMS 0x000000070e400000, 0x000000070e400000| Untracked 
|  97|0x000000070e500000, 0x000000070e500000, 0x000000070e600000|  0%| F|  |TAMS 0x000000070e500000, 0x000000070e500000| Untracked 
|  98|0x000000070e600000, 0x000000070e600000, 0x000000070e700000|  0%| F|  |TAMS 0x000000070e600000, 0x000000070e600000| Untracked 
|  99|0x000000070e700000, 0x000000070e700000, 0x000000070e800000|  0%| F|  |TAMS 0x000000070e700000, 0x000000070e700000| Untracked 
| 100|0x000000070e800000, 0x000000070e800000, 0x000000070e900000|  0%| F|  |TAMS 0x000000070e800000, 0x000000070e800000| Untracked 
| 101|0x000000070e900000, 0x000000070e900000, 0x000000070ea00000|  0%| F|  |TAMS 0x000000070e900000, 0x000000070e900000| Untracked 
| 102|0x000000070ea00000, 0x000000070ea00000, 0x000000070eb00000|  0%| F|  |TAMS 0x000000070ea00000, 0x000000070ea00000| Untracked 
| 103|0x000000070eb00000, 0x000000070eb00000, 0x000000070ec00000|  0%| F|  |TAMS 0x000000070eb00000, 0x000000070eb00000| Untracked 
| 104|0x000000070ec00000, 0x000000070ec00000, 0x000000070ed00000|  0%| F|  |TAMS 0x000000070ec00000, 0x000000070ec00000| Untracked 
| 105|0x000000070ed00000, 0x000000070ed00000, 0x000000070ee00000|  0%| F|  |TAMS 0x000000070ed00000, 0x000000070ed00000| Untracked 
| 106|0x000000070ee00000, 0x000000070ee00000, 0x000000070ef00000|  0%| F|  |TAMS 0x000000070ee00000, 0x000000070ee00000| Untracked 
| 107|0x000000070ef00000, 0x000000070ef00000, 0x000000070f000000|  0%| F|  |TAMS 0x000000070ef00000, 0x000000070ef00000| Untracked 
| 108|0x000000070f000000, 0x000000070f000000, 0x000000070f100000|  0%| F|  |TAMS 0x000000070f000000, 0x000000070f000000| Untracked 
| 109|0x000000070f100000, 0x000000070f100000, 0x000000070f200000|  0%| F|  |TAMS 0x000000070f100000, 0x000000070f100000| Untracked 
| 110|0x000000070f200000, 0x000000070f200000, 0x000000070f300000|  0%| F|  |TAMS 0x000000070f200000, 0x000000070f200000| Untracked 
| 111|0x000000070f300000, 0x000000070f300000, 0x000000070f400000|  0%| F|  |TAMS 0x000000070f300000, 0x000000070f300000| Untracked 
| 112|0x000000070f400000, 0x000000070f400000, 0x000000070f500000|  0%| F|  |TAMS 0x000000070f400000, 0x000000070f400000| Untracked 
| 113|0x000000070f500000, 0x000000070f500000, 0x000000070f600000|  0%| F|  |TAMS 0x000000070f500000, 0x000000070f500000| Untracked 
| 114|0x000000070f600000, 0x000000070f600000, 0x000000070f700000|  0%| F|  |TAMS 0x000000070f600000, 0x000000070f600000| Untracked 
| 115|0x000000070f700000, 0x000000070f700000, 0x000000070f800000|  0%| F|  |TAMS 0x000000070f700000, 0x000000070f700000| Untracked 
| 116|0x000000070f800000, 0x000000070f800000, 0x000000070f900000|  0%| F|  |TAMS 0x000000070f800000, 0x000000070f800000| Untracked 
| 117|0x000000070f900000, 0x000000070f900000, 0x000000070fa00000|  0%| F|  |TAMS 0x000000070f900000, 0x000000070f900000| Untracked 
| 118|0x000000070fa00000, 0x000000070fa00000, 0x000000070fb00000|  0%| F|  |TAMS 0x000000070fa00000, 0x000000070fa00000| Untracked 
| 119|0x000000070fb00000, 0x000000070fb00000, 0x000000070fc00000|  0%| F|  |TAMS 0x000000070fb00000, 0x000000070fb00000| Untracked 
| 120|0x000000070fc00000, 0x000000070fc00000, 0x000000070fd00000|  0%| F|  |TAMS 0x000000070fc00000, 0x000000070fc00000| Untracked 
| 121|0x000000070fd00000, 0x000000070fd00000, 0x000000070fe00000|  0%| F|  |TAMS 0x000000070fd00000, 0x000000070fd00000| Untracked 
| 122|0x000000070fe00000, 0x000000070fe00000, 0x000000070ff00000|  0%| F|  |TAMS 0x000000070fe00000, 0x000000070fe00000| Untracked 
| 123|0x000000070ff00000, 0x000000070ff00000, 0x0000000710000000|  0%| F|  |TAMS 0x000000070ff00000, 0x000000070ff00000| Untracked 
| 124|0x0000000710000000, 0x0000000710000000, 0x0000000710100000|  0%| F|  |TAMS 0x0000000710000000, 0x0000000710000000| Untracked 
| 125|0x0000000710100000, 0x0000000710100000, 0x0000000710200000|  0%| F|  |TAMS 0x0000000710100000, 0x0000000710100000| Untracked 
| 126|0x0000000710200000, 0x0000000710200000, 0x0000000710300000|  0%| F|  |TAMS 0x0000000710200000, 0x0000000710200000| Untracked 
| 127|0x0000000710300000, 0x0000000710300000, 0x0000000710400000|  0%| F|  |TAMS 0x0000000710300000, 0x0000000710300000| Untracked 
| 128|0x0000000710400000, 0x0000000710400000, 0x0000000710500000|  0%| F|  |TAMS 0x0000000710400000, 0x0000000710400000| Untracked 
| 129|0x0000000710500000, 0x0000000710500000, 0x0000000710600000|  0%| F|  |TAMS 0x0000000710500000, 0x0000000710500000| Untracked 
| 130|0x0000000710600000, 0x0000000710600000, 0x0000000710700000|  0%| F|  |TAMS 0x0000000710600000, 0x0000000710600000| Untracked 
| 131|0x0000000710700000, 0x0000000710700000, 0x0000000710800000|  0%| F|  |TAMS 0x0000000710700000, 0x0000000710700000| Untracked 
| 132|0x0000000710800000, 0x0000000710800000, 0x0000000710900000|  0%| F|  |TAMS 0x0000000710800000, 0x0000000710800000| Untracked 
| 133|0x0000000710900000, 0x0000000710900000, 0x0000000710a00000|  0%| F|  |TAMS 0x0000000710900000, 0x0000000710900000| Untracked 
| 134|0x0000000710a00000, 0x0000000710a00000, 0x0000000710b00000|  0%| F|  |TAMS 0x0000000710a00000, 0x0000000710a00000| Untracked 
| 135|0x0000000710b00000, 0x0000000710b00000, 0x0000000710c00000|  0%| F|  |TAMS 0x0000000710b00000, 0x0000000710b00000| Untracked 
| 136|0x0000000710c00000, 0x0000000710c00000, 0x0000000710d00000|  0%| F|  |TAMS 0x0000000710c00000, 0x0000000710c00000| Untracked 
| 137|0x0000000710d00000, 0x0000000710d00000, 0x0000000710e00000|  0%| F|  |TAMS 0x0000000710d00000, 0x0000000710d00000| Untracked 
| 138|0x0000000710e00000, 0x0000000710e00000, 0x0000000710f00000|  0%| F|  |TAMS 0x0000000710e00000, 0x0000000710e00000| Untracked 
| 139|0x0000000710f00000, 0x0000000710f00000, 0x0000000711000000|  0%| F|  |TAMS 0x0000000710f00000, 0x0000000710f00000| Untracked 
| 140|0x0000000711000000, 0x0000000711000000, 0x0000000711100000|  0%| F|  |TAMS 0x0000000711000000, 0x0000000711000000| Untracked 
| 141|0x0000000711100000, 0x0000000711100000, 0x0000000711200000|  0%| F|  |TAMS 0x0000000711100000, 0x0000000711100000| Untracked 
| 142|0x0000000711200000, 0x0000000711200000, 0x0000000711300000|  0%| F|  |TAMS 0x0000000711200000, 0x0000000711200000| Untracked 
| 143|0x0000000711300000, 0x0000000711300000, 0x0000000711400000|  0%| F|  |TAMS 0x0000000711300000, 0x0000000711300000| Untracked 
| 144|0x0000000711400000, 0x0000000711400000, 0x0000000711500000|  0%| F|  |TAMS 0x0000000711400000, 0x0000000711400000| Untracked 
| 145|0x0000000711500000, 0x0000000711500000, 0x0000000711600000|  0%| F|  |TAMS 0x0000000711500000, 0x0000000711500000| Untracked 
| 146|0x0000000711600000, 0x0000000711600000, 0x0000000711700000|  0%| F|  |TAMS 0x0000000711600000, 0x0000000711600000| Untracked 
| 147|0x0000000711700000, 0x0000000711700000, 0x0000000711800000|  0%| F|  |TAMS 0x0000000711700000, 0x0000000711700000| Untracked 
| 148|0x0000000711800000, 0x0000000711800000, 0x0000000711900000|  0%| F|  |TAMS 0x0000000711800000, 0x0000000711800000| Untracked 
| 149|0x0000000711900000, 0x0000000711900000, 0x0000000711a00000|  0%| F|  |TAMS 0x0000000711900000, 0x0000000711900000| Untracked 
| 150|0x0000000711a00000, 0x0000000711a00000, 0x0000000711b00000|  0%| F|  |TAMS 0x0000000711a00000, 0x0000000711a00000| Untracked 
| 151|0x0000000711b00000, 0x0000000711b00000, 0x0000000711c00000|  0%| F|  |TAMS 0x0000000711b00000, 0x0000000711b00000| Untracked 
| 152|0x0000000711c00000, 0x0000000711c00000, 0x0000000711d00000|  0%| F|  |TAMS 0x0000000711c00000, 0x0000000711c00000| Untracked 
| 153|0x0000000711d00000, 0x0000000711d00000, 0x0000000711e00000|  0%| F|  |TAMS 0x0000000711d00000, 0x0000000711d00000| Untracked 
| 154|0x0000000711e00000, 0x0000000711e00000, 0x0000000711f00000|  0%| F|  |TAMS 0x0000000711e00000, 0x0000000711e00000| Untracked 
| 155|0x0000000711f00000, 0x0000000711f00000, 0x0000000712000000|  0%| F|  |TAMS 0x0000000711f00000, 0x0000000711f00000| Untracked 
| 156|0x0000000712000000, 0x0000000712000000, 0x0000000712100000|  0%| F|  |TAMS 0x0000000712000000, 0x0000000712000000| Untracked 
| 157|0x0000000712100000, 0x0000000712100000, 0x0000000712200000|  0%| F|  |TAMS 0x0000000712100000, 0x0000000712100000| Untracked 
| 158|0x0000000712200000, 0x0000000712200000, 0x0000000712300000|  0%| F|  |TAMS 0x0000000712200000, 0x0000000712200000| Untracked 
| 159|0x0000000712300000, 0x0000000712300000, 0x0000000712400000|  0%| F|  |TAMS 0x0000000712300000, 0x0000000712300000| Untracked 
| 160|0x0000000712400000, 0x0000000712400000, 0x0000000712500000|  0%| F|  |TAMS 0x0000000712400000, 0x0000000712400000| Untracked 
| 161|0x0000000712500000, 0x0000000712500000, 0x0000000712600000|  0%| F|  |TAMS 0x0000000712500000, 0x0000000712500000| Untracked 
| 162|0x0000000712600000, 0x0000000712600000, 0x0000000712700000|  0%| F|  |TAMS 0x0000000712600000, 0x0000000712600000| Untracked 
| 163|0x0000000712700000, 0x0000000712700000, 0x0000000712800000|  0%| F|  |TAMS 0x0000000712700000, 0x0000000712700000| Untracked 
| 164|0x0000000712800000, 0x0000000712800000, 0x0000000712900000|  0%| F|  |TAMS 0x0000000712800000, 0x0000000712800000| Untracked 
| 165|0x0000000712900000, 0x0000000712900000, 0x0000000712a00000|  0%| F|  |TAMS 0x0000000712900000, 0x0000000712900000| Untracked 
| 166|0x0000000712a00000, 0x0000000712a00000, 0x0000000712b00000|  0%| F|  |TAMS 0x0000000712a00000, 0x0000000712a00000| Untracked 
| 167|0x0000000712b00000, 0x0000000712b00000, 0x0000000712c00000|  0%| F|  |TAMS 0x0000000712b00000, 0x0000000712b00000| Untracked 
| 168|0x0000000712c00000, 0x0000000712c00000, 0x0000000712d00000|  0%| F|  |TAMS 0x0000000712c00000, 0x0000000712c00000| Untracked 
| 169|0x0000000712d00000, 0x0000000712d00000, 0x0000000712e00000|  0%| F|  |TAMS 0x0000000712d00000, 0x0000000712d00000| Untracked 
| 170|0x0000000712e00000, 0x0000000712e00000, 0x0000000712f00000|  0%| F|  |TAMS 0x0000000712e00000, 0x0000000712e00000| Untracked 
| 171|0x0000000712f00000, 0x0000000712f00000, 0x0000000713000000|  0%| F|  |TAMS 0x0000000712f00000, 0x0000000712f00000| Untracked 
| 172|0x0000000713000000, 0x0000000713000000, 0x0000000713100000|  0%| F|  |TAMS 0x0000000713000000, 0x0000000713000000| Untracked 
| 173|0x0000000713100000, 0x0000000713100000, 0x0000000713200000|  0%| F|  |TAMS 0x0000000713100000, 0x0000000713100000| Untracked 
| 174|0x0000000713200000, 0x0000000713200000, 0x0000000713300000|  0%| F|  |TAMS 0x0000000713200000, 0x0000000713200000| Untracked 
| 175|0x0000000713300000, 0x0000000713300000, 0x0000000713400000|  0%| F|  |TAMS 0x0000000713300000, 0x0000000713300000| Untracked 
| 176|0x0000000713400000, 0x0000000713400000, 0x0000000713500000|  0%| F|  |TAMS 0x0000000713400000, 0x0000000713400000| Untracked 
| 177|0x0000000713500000, 0x0000000713500000, 0x0000000713600000|  0%| F|  |TAMS 0x0000000713500000, 0x0000000713500000| Untracked 
| 178|0x0000000713600000, 0x0000000713600000, 0x0000000713700000|  0%| F|  |TAMS 0x0000000713600000, 0x0000000713600000| Untracked 
| 179|0x0000000713700000, 0x0000000713700000, 0x0000000713800000|  0%| F|  |TAMS 0x0000000713700000, 0x0000000713700000| Untracked 
| 180|0x0000000713800000, 0x0000000713800000, 0x0000000713900000|  0%| F|  |TAMS 0x0000000713800000, 0x0000000713800000| Untracked 
| 181|0x0000000713900000, 0x0000000713900000, 0x0000000713a00000|  0%| F|  |TAMS 0x0000000713900000, 0x0000000713900000| Untracked 
| 182|0x0000000713a00000, 0x0000000713a00000, 0x0000000713b00000|  0%| F|  |TAMS 0x0000000713a00000, 0x0000000713a00000| Untracked 
| 183|0x0000000713b00000, 0x0000000713b00000, 0x0000000713c00000|  0%| F|  |TAMS 0x0000000713b00000, 0x0000000713b00000| Untracked 
| 184|0x0000000713c00000, 0x0000000713c00000, 0x0000000713d00000|  0%| F|  |TAMS 0x0000000713c00000, 0x0000000713c00000| Untracked 
| 185|0x0000000713d00000, 0x0000000713d00000, 0x0000000713e00000|  0%| F|  |TAMS 0x0000000713d00000, 0x0000000713d00000| Untracked 
| 186|0x0000000713e00000, 0x0000000713e00000, 0x0000000713f00000|  0%| F|  |TAMS 0x0000000713e00000, 0x0000000713e00000| Untracked 
| 187|0x0000000713f00000, 0x0000000713f00000, 0x0000000714000000|  0%| F|  |TAMS 0x0000000713f00000, 0x0000000713f00000| Untracked 
| 188|0x0000000714000000, 0x0000000714000000, 0x0000000714100000|  0%| F|  |TAMS 0x0000000714000000, 0x0000000714000000| Untracked 
| 189|0x0000000714100000, 0x0000000714100000, 0x0000000714200000|  0%| F|  |TAMS 0x0000000714100000, 0x0000000714100000| Untracked 
| 190|0x0000000714200000, 0x0000000714200000, 0x0000000714300000|  0%| F|  |TAMS 0x0000000714200000, 0x0000000714200000| Untracked 
| 191|0x0000000714300000, 0x0000000714300000, 0x0000000714400000|  0%| F|  |TAMS 0x0000000714300000, 0x0000000714300000| Untracked 
| 192|0x0000000714400000, 0x0000000714400000, 0x0000000714500000|  0%| F|  |TAMS 0x0000000714400000, 0x0000000714400000| Untracked 
| 193|0x0000000714500000, 0x0000000714500000, 0x0000000714600000|  0%| F|  |TAMS 0x0000000714500000, 0x0000000714500000| Untracked 
| 194|0x0000000714600000, 0x0000000714600000, 0x0000000714700000|  0%| F|  |TAMS 0x0000000714600000, 0x0000000714600000| Untracked 
| 195|0x0000000714700000, 0x0000000714700000, 0x0000000714800000|  0%| F|  |TAMS 0x0000000714700000, 0x0000000714700000| Untracked 
| 196|0x0000000714800000, 0x0000000714800000, 0x0000000714900000|  0%| F|  |TAMS 0x0000000714800000, 0x0000000714800000| Untracked 
| 197|0x0000000714900000, 0x0000000714900000, 0x0000000714a00000|  0%| F|  |TAMS 0x0000000714900000, 0x0000000714900000| Untracked 
| 198|0x0000000714a00000, 0x0000000714a00000, 0x0000000714b00000|  0%| F|  |TAMS 0x0000000714a00000, 0x0000000714a00000| Untracked 
| 199|0x0000000714b00000, 0x0000000714b00000, 0x0000000714c00000|  0%| F|  |TAMS 0x0000000714b00000, 0x0000000714b00000| Untracked 
| 200|0x0000000714c00000, 0x0000000714c00000, 0x0000000714d00000|  0%| F|  |TAMS 0x0000000714c00000, 0x0000000714c00000| Untracked 
| 201|0x0000000714d00000, 0x0000000714d00000, 0x0000000714e00000|  0%| F|  |TAMS 0x0000000714d00000, 0x0000000714d00000| Untracked 
| 202|0x0000000714e00000, 0x0000000714e00000, 0x0000000714f00000|  0%| F|  |TAMS 0x0000000714e00000, 0x0000000714e00000| Untracked 
| 203|0x0000000714f00000, 0x0000000714f00000, 0x0000000715000000|  0%| F|  |TAMS 0x0000000714f00000, 0x0000000714f00000| Untracked 
| 204|0x0000000715000000, 0x0000000715000000, 0x0000000715100000|  0%| F|  |TAMS 0x0000000715000000, 0x0000000715000000| Untracked 
| 205|0x0000000715100000, 0x0000000715100000, 0x0000000715200000|  0%| F|  |TAMS 0x0000000715100000, 0x0000000715100000| Untracked 
| 206|0x0000000715200000, 0x0000000715200000, 0x0000000715300000|  0%| F|  |TAMS 0x0000000715200000, 0x0000000715200000| Untracked 
| 207|0x0000000715300000, 0x0000000715386910, 0x0000000715400000| 52%| E|  |TAMS 0x0000000715300000, 0x0000000715300000| Complete 
| 208|0x0000000715400000, 0x0000000715500000, 0x0000000715500000|100%| E|CS|TAMS 0x0000000715400000, 0x0000000715400000| Complete 
| 209|0x0000000715500000, 0x0000000715600000, 0x0000000715600000|100%| E|CS|TAMS 0x0000000715500000, 0x0000000715500000| Complete 
| 210|0x0000000715600000, 0x0000000715700000, 0x0000000715700000|100%| E|CS|TAMS 0x0000000715600000, 0x0000000715600000| Complete 
| 211|0x0000000715700000, 0x0000000715800000, 0x0000000715800000|100%| E|CS|TAMS 0x0000000715700000, 0x0000000715700000| Complete 
| 212|0x0000000715800000, 0x0000000715900000, 0x0000000715900000|100%| E|CS|TAMS 0x0000000715800000, 0x0000000715800000| Complete 
| 213|0x0000000715900000, 0x0000000715a00000, 0x0000000715a00000|100%| E|CS|TAMS 0x0000000715900000, 0x0000000715900000| Complete 
| 214|0x0000000715a00000, 0x0000000715b00000, 0x0000000715b00000|100%| E|CS|TAMS 0x0000000715a00000, 0x0000000715a00000| Complete 
| 215|0x0000000715b00000, 0x0000000715c00000, 0x0000000715c00000|100%| E|CS|TAMS 0x0000000715b00000, 0x0000000715b00000| Complete 
| 216|0x0000000715c00000, 0x0000000715d00000, 0x0000000715d00000|100%| E|CS|TAMS 0x0000000715c00000, 0x0000000715c00000| Complete 
| 217|0x0000000715d00000, 0x0000000715e00000, 0x0000000715e00000|100%| E|CS|TAMS 0x0000000715d00000, 0x0000000715d00000| Complete 
| 218|0x0000000715e00000, 0x0000000715f00000, 0x0000000715f00000|100%| E|CS|TAMS 0x0000000715e00000, 0x0000000715e00000| Complete 
| 219|0x0000000715f00000, 0x0000000716000000, 0x0000000716000000|100%| E|CS|TAMS 0x0000000715f00000, 0x0000000715f00000| Complete 
| 220|0x0000000716000000, 0x0000000716100000, 0x0000000716100000|100%| E|CS|TAMS 0x0000000716000000, 0x0000000716000000| Complete 
| 221|0x0000000716100000, 0x0000000716200000, 0x0000000716200000|100%| E|CS|TAMS 0x0000000716100000, 0x0000000716100000| Complete 
| 222|0x0000000716200000, 0x0000000716300000, 0x0000000716300000|100%| E|CS|TAMS 0x0000000716200000, 0x0000000716200000| Complete 
| 223|0x0000000716300000, 0x0000000716400000, 0x0000000716400000|100%| E|CS|TAMS 0x0000000716300000, 0x0000000716300000| Complete 
| 224|0x0000000716400000, 0x0000000716500000, 0x0000000716500000|100%| E|CS|TAMS 0x0000000716400000, 0x0000000716400000| Complete 
| 225|0x0000000716500000, 0x0000000716600000, 0x0000000716600000|100%| E|CS|TAMS 0x0000000716500000, 0x0000000716500000| Complete 
| 226|0x0000000716600000, 0x0000000716700000, 0x0000000716700000|100%| E|CS|TAMS 0x0000000716600000, 0x0000000716600000| Complete 
| 227|0x0000000716700000, 0x0000000716800000, 0x0000000716800000|100%| E|CS|TAMS 0x0000000716700000, 0x0000000716700000| Complete 
| 228|0x0000000716800000, 0x0000000716900000, 0x0000000716900000|100%| E|CS|TAMS 0x0000000716800000, 0x0000000716800000| Complete 
| 229|0x0000000716900000, 0x0000000716a00000, 0x0000000716a00000|100%| E|CS|TAMS 0x0000000716900000, 0x0000000716900000| Complete 
| 230|0x0000000716a00000, 0x0000000716b00000, 0x0000000716b00000|100%| E|CS|TAMS 0x0000000716a00000, 0x0000000716a00000| Complete 
| 231|0x0000000716b00000, 0x0000000716b8e4e8, 0x0000000716c00000| 55%| S|CS|TAMS 0x0000000716b00000, 0x0000000716b00000| Complete 
| 232|0x0000000716c00000, 0x0000000716d00000, 0x0000000716d00000|100%| S|CS|TAMS 0x0000000716c00000, 0x0000000716c00000| Complete 
| 233|0x0000000716d00000, 0x0000000716e00000, 0x0000000716e00000|100%| E|CS|TAMS 0x0000000716d00000, 0x0000000716d00000| Complete 
| 234|0x0000000716e00000, 0x0000000716f00000, 0x0000000716f00000|100%| E|CS|TAMS 0x0000000716e00000, 0x0000000716e00000| Complete 
| 235|0x0000000716f00000, 0x0000000717000000, 0x0000000717000000|100%| E|CS|TAMS 0x0000000716f00000, 0x0000000716f00000| Complete 
| 236|0x0000000717000000, 0x0000000717100000, 0x0000000717100000|100%| E|CS|TAMS 0x0000000717000000, 0x0000000717000000| Complete 
| 237|0x0000000717100000, 0x0000000717200000, 0x0000000717200000|100%| E|CS|TAMS 0x0000000717100000, 0x0000000717100000| Complete 
| 238|0x0000000717200000, 0x0000000717300000, 0x0000000717300000|100%| E|CS|TAMS 0x0000000717200000, 0x0000000717200000| Complete 
| 239|0x0000000717300000, 0x0000000717400000, 0x0000000717400000|100%| E|CS|TAMS 0x0000000717300000, 0x0000000717300000| Complete 
| 240|0x0000000717400000, 0x0000000717500000, 0x0000000717500000|100%| E|CS|TAMS 0x0000000717400000, 0x0000000717400000| Complete 
| 241|0x0000000717500000, 0x0000000717600000, 0x0000000717600000|100%| E|CS|TAMS 0x0000000717500000, 0x0000000717500000| Complete 
| 242|0x0000000717600000, 0x0000000717700000, 0x0000000717700000|100%| E|CS|TAMS 0x0000000717600000, 0x0000000717600000| Complete 
| 243|0x0000000717700000, 0x0000000717800000, 0x0000000717800000|100%| E|CS|TAMS 0x0000000717700000, 0x0000000717700000| Complete 
| 244|0x0000000717800000, 0x0000000717900000, 0x0000000717900000|100%| E|CS|TAMS 0x0000000717800000, 0x0000000717800000| Complete 
| 245|0x0000000717900000, 0x0000000717a00000, 0x0000000717a00000|100%| E|CS|TAMS 0x0000000717900000, 0x0000000717900000| Complete 
| 246|0x0000000717a00000, 0x0000000717b00000, 0x0000000717b00000|100%| E|CS|TAMS 0x0000000717a00000, 0x0000000717a00000| Complete 
| 247|0x0000000717b00000, 0x0000000717c00000, 0x0000000717c00000|100%| E|CS|TAMS 0x0000000717b00000, 0x0000000717b00000| Complete 

Card table byte_map: [0x0000026753d80000,0x0000026754540000] _byte_map_base: 0x000002675053e000

Marking Bits (Prev, Next): (CMBitMap*) 0x000002673a088170, (CMBitMap*) 0x000002673a088138
 Prev Bits: [0x0000026758af0000, 0x000002675c8e0000)
 Next Bits: [0x0000026754d00000, 0x0000026758af0000)

Polling page: 0x000002673a0f0000

Metaspace:

Usage:
  Non-class:     25.64 MB capacity,    25.25 MB ( 98%) used,   337.15 KB (  1%) free+waste,    63.25 KB ( <1%) overhead. 
      Class:      3.49 MB capacity,     3.27 MB ( 94%) used,   185.60 KB (  5%) free+waste,    29.81 KB ( <1%) overhead. 
       Both:     29.13 MB capacity,    28.53 MB ( 98%) used,   522.75 KB (  2%) free+waste,    93.06 KB ( <1%) overhead. 

Virtual space:
  Non-class space:       26.00 MB reserved,      25.75 MB (>99%) committed 
      Class space:        1.00 GB reserved,       3.62 MB ( <1%) committed 
             Both:        1.03 GB reserved,      29.37 MB (  3%) committed 

Chunk freelists:
   Non-Class:  5.50 KB
       Class:  1.88 KB
        Both:  7.38 KB

CodeHeap 'non-profiled nmethods': size=120000Kb used=794Kb max_used=794Kb free=119206Kb
 bounds [0x000002674b620000, 0x000002674b890000, 0x0000026752b50000]
CodeHeap 'profiled nmethods': size=120000Kb used=4360Kb max_used=4360Kb free=115639Kb
 bounds [0x00000267440f0000, 0x0000026744540000, 0x000002674b620000]
CodeHeap 'non-nmethods': size=5760Kb used=1138Kb max_used=1149Kb free=4621Kb
 bounds [0x0000026743b50000, 0x0000026743dc0000, 0x00000267440f0000]
 total_blobs=3029 nmethods=1986 adapters=366
 compilation: enabled
              stopped_count=0, restarted_count=0
 full_count=0

Compilation events (10 events):
Event: 3.091 Thread 0x000002675fd0f800 nmethod 2067 0x000002674450a590 code [0x000002674450a760, 0x000002674450aa80]
Event: 3.092 Thread 0x000002676184f000 nmethod 2048 0x000002674b6e2c90 code [0x000002674b6e2e40, 0x000002674b6e3358]
Event: 3.092 Thread 0x000002676184f000 2051 %     4       java.util.Properties::loadConvert @ 39 (505 bytes)
Event: 3.094 Thread 0x000002675fd0f800 2068       3       com.sun.org.apache.xerces.internal.util.ParserConfigurationSettings::getFeatureState (46 bytes)
Event: 3.095 Thread 0x000002675fd0f800 nmethod 2068 0x000002674450ab90 code [0x000002674450adc0, 0x000002674450b720]
Event: 3.096 Thread 0x000002675fd0f800 2069       3       java.util.ArrayDeque::add (7 bytes)
Event: 3.097 Thread 0x000002675fd0f800 nmethod 2069 0x000002674450ba10 code [0x000002674450bbc0, 0x000002674450bdf0]
Event: 3.097 Thread 0x000002675fd0f800 2070       3       org.xml.sax.helpers.AttributesImpl::clear (38 bytes)
Event: 3.097 Thread 0x000002675fd0f800 nmethod 2070 0x000002674450be90 code [0x000002674450c060, 0x000002674450c478]
Event: 3.097 Thread 0x000002675fd0f800 2074       3       org.apache.tomcat.util.digester.SetPropertiesRule::begin (360 bytes)

GC Heap History (6 events):
Event: 2.021 GC heap before
{Heap before GC invocations=0 (full 0):
 garbage-first heap   total 253952K, used 23552K [0x0000000708400000, 0x0000000800000000)
  region size 1024K, 24 young (24576K), 0 survivors (0K)
 Metaspace       used 13933K, capacity 14182K, committed 14336K, reserved 1062912K
  class space    used 1366K, capacity 1472K, committed 1536K, reserved 1048576K
}
Event: 2.030 GC heap after
{Heap after GC invocations=1 (full 0):
 garbage-first heap   total 253952K, used 5801K [0x0000000708400000, 0x0000000800000000)
  region size 1024K, 3 young (3072K), 3 survivors (3072K)
 Metaspace       used 13933K, capacity 14182K, committed 14336K, reserved 1062912K
  class space    used 1366K, capacity 1472K, committed 1536K, reserved 1048576K
}
Event: 2.266 GC heap before
{Heap before GC invocations=1 (full 0):
 garbage-first heap   total 253952K, used 23209K [0x0000000708400000, 0x0000000800000000)
  region size 1024K, 20 young (20480K), 3 survivors (3072K)
 Metaspace       used 17832K, capacity 18219K, committed 18304K, reserved 1064960K
  class space    used 1955K, capacity 2095K, committed 2176K, reserved 1048576K
}
Event: 2.271 GC heap after
{Heap after GC invocations=2 (full 0):
 garbage-first heap   total 253952K, used 6809K [0x0000000708400000, 0x0000000800000000)
  region size 1024K, 2 young (2048K), 2 survivors (2048K)
 Metaspace       used 17832K, capacity 18219K, committed 18304K, reserved 1064960K
  class space    used 1955K, capacity 2095K, committed 2176K, reserved 1048576K
}
Event: 2.474 GC heap before
{Heap before GC invocations=2 (full 0):
 garbage-first heap   total 253952K, used 21145K [0x0000000708400000, 0x0000000800000000)
  region size 1024K, 17 young (17408K), 2 survivors (2048K)
 Metaspace       used 20768K, capacity 21195K, committed 21248K, reserved 1069056K
  class space    used 2376K, capacity 2538K, committed 2560K, reserved 1048576K
}
Event: 2.477 GC heap after
{Heap after GC invocations=3 (full 0):
 garbage-first heap   total 253952K, used 7325K [0x0000000708400000, 0x0000000800000000)
  region size 1024K, 2 young (2048K), 2 survivors (2048K)
 Metaspace       used 20768K, capacity 21195K, committed 21248K, reserved 1069056K
  class space    used 2376K, capacity 2538K, committed 2560K, reserved 1048576K
}

Deoptimization events (10 events):
Event: 2.808 Thread 0x0000026760e65000 Uncommon trap: reason=unstable_if action=reinterpret pc=0x000002674b67e64c method=jdk.internal.org.objectweb.asm.Type.getArgumentsAndReturnSizes(Ljava/lang/String;)I @ 47 c2
Event: 2.808 Thread 0x0000026760e65000 Uncommon trap: reason=unstable_if action=reinterpret pc=0x000002674b6b35a8 method=jdk.internal.org.objectweb.asm.Frame.push(Ljdk/internal/org/objectweb/asm/ClassWriter;Ljava/lang/String;)V @ 18 c2
Event: 2.839 Thread 0x0000026760e65000 Uncommon trap: reason=unstable_if action=reinterpret pc=0x000002674b68f8c4 method=java.nio.Buffer.position(I)Ljava/nio/Buffer; @ 45 c2
Event: 2.842 Thread 0x000002673a024000 Uncommon trap: reason=unstable_if action=reinterpret pc=0x000002674b65c62c method=java.lang.String.startsWith(Ljava/lang/String;I)Z @ 1 c2
Event: 2.845 Thread 0x0000026760e65000 Uncommon trap: reason=unstable_if action=reinterpret pc=0x000002674b68af40 method=java.nio.Buffer.position(I)Ljava/nio/Buffer; @ 45 c2
Event: 2.931 Thread 0x000002673a024000 Uncommon trap: reason=unstable_if action=reinterpret pc=0x000002674b64953c method=java.util.zip.ZipFile$Source.getEntryPos([BZ)I @ 156 c2
Event: 2.942 Thread 0x0000026760e65000 Uncommon trap: reason=unstable_if action=reinterpret pc=0x000002674b6c756c method=java.util.concurrent.ConcurrentHashMap.putVal(Ljava/lang/Object;Ljava/lang/Object;Z)Ljava/lang/Object; @ 231 c2
Event: 2.999 Thread 0x0000026760e65000 Uncommon trap: reason=unstable_if action=reinterpret pc=0x000002674b6d9534 method=com.sun.org.apache.xerces.internal.impl.XMLEntityScanner.scanLiteral(ILcom/sun/org/apache/xerces/internal/xni/XMLString;Z)I @ 570 c2
Event: 3.018 Thread 0x0000026760e65000 Uncommon trap: reason=unstable_if action=reinterpret pc=0x000002674b6d7f98 method=com.sun.org.apache.xerces.internal.impl.XMLEntityScanner.checkBeforeLoad(Lcom/sun/xml/internal/stream/Entity$ScannedEntity;II)I @ 18 c2
Event: 3.053 Thread 0x0000026760e65000 Uncommon trap: reason=unstable_if action=reinterpret pc=0x000002674b6dc960 method=com.sun.org.apache.xerces.internal.impl.XMLEntityScanner.skipSpaces()Z @ 125 c2

Classes redefined (0 events):
No events

Internal exceptions (10 events):
Event: 2.858 Thread 0x000002673a024000 Exception <a 'java/lang/ClassNotFoundException'{0x0000000716107550}: org/springframework/beans/factory/support/BeanDefinitionRegistryPostProcessorCustomizer> (0x0000000716107550) thrown at [t:/workspace/open/src/hotspot/share/classfile/systemDictionary.cp
Event: 2.859 Thread 0x000002673a024000 Exception <a 'java/lang/ClassNotFoundException'{0x0000000716112e90}: org/springframework/beans/factory/config/BeanFactoryPostProcessorCustomizer> (0x0000000716112e90) thrown at [t:/workspace/open/src/hotspot/share/classfile/systemDictionary.cpp, line 231]
Event: 2.860 Thread 0x000002673a024000 Exception <a 'java/lang/ClassNotFoundException'{0x000000071611c910}: org/springframework/core/PriorityOrderedCustomizer> (0x000000071611c910) thrown at [t:/workspace/open/src/hotspot/share/classfile/systemDictionary.cpp, line 231]
Event: 2.860 Thread 0x000002673a024000 Exception <a 'java/lang/ClassNotFoundException'{0x00000007161248c8}: org/springframework/core/OrderedCustomizer> (0x00000007161248c8) thrown at [t:/workspace/open/src/hotspot/share/classfile/systemDictionary.cpp, line 231]
Event: 2.861 Thread 0x000002673a024000 Exception <a 'java/lang/ClassNotFoundException'{0x000000071612e700}: org/springframework/context/ResourceLoaderAwareCustomizer> (0x000000071612e700) thrown at [t:/workspace/open/src/hotspot/share/classfile/systemDictionary.cpp, line 231]
Event: 2.862 Thread 0x000002673a024000 Exception <a 'java/lang/ClassNotFoundException'{0x0000000716137e08}: org/springframework/beans/factory/AwareCustomizer> (0x0000000716137e08) thrown at [t:/workspace/open/src/hotspot/share/classfile/systemDictionary.cpp, line 231]
Event: 2.862 Thread 0x000002673a024000 Exception <a 'java/lang/ClassNotFoundException'{0x0000000716141668}: org/springframework/beans/factory/BeanClassLoaderAwareCustomizer> (0x0000000716141668) thrown at [t:/workspace/open/src/hotspot/share/classfile/systemDictionary.cpp, line 231]
Event: 2.862 Thread 0x000002673a024000 Exception <a 'java/lang/ClassNotFoundException'{0x000000071614ad88}: org/springframework/beans/factory/AwareCustomizer> (0x000000071614ad88) thrown at [t:/workspace/open/src/hotspot/share/classfile/systemDictionary.cpp, line 231]
Event: 2.863 Thread 0x000002673a024000 Exception <a 'java/lang/ClassNotFoundException'{0x0000000716153af8}: org/springframework/context/EnvironmentAwareCustomizer> (0x0000000716153af8) thrown at [t:/workspace/open/src/hotspot/share/classfile/systemDictionary.cpp, line 231]
Event: 2.863 Thread 0x000002673a024000 Exception <a 'java/lang/ClassNotFoundException'{0x000000071615d168}: org/springframework/beans/factory/AwareCustomizer> (0x000000071615d168) thrown at [t:/workspace/open/src/hotspot/share/classfile/systemDictionary.cpp, line 231]

Events (10 events):
Event: 3.098 loading class org/jooq/DSLContext
Event: 3.098 loading class org/jooq/DSLContext done
Event: 3.098 loading class com/rabbitmq/client/Channel
Event: 3.098 loading class com/rabbitmq/client/Channel done
Event: 3.098 loading class javax/json/bind/Jsonb
Event: 3.098 loading class javax/json/bind/Jsonb done
Event: 3.098 loading class org/springframework/kafka/core/KafkaTemplate
Event: 3.098 loading class org/springframework/kafka/core/KafkaTemplate done
Event: 3.098 loading class com/unboundid/ldap/listener/InMemoryDirectoryServer
Event: 3.098 loading class com/unboundid/ldap/listener/InMemoryDirectoryServer done


Dynamic libraries:
0x00007ff6438d0000 - 0x00007ff643917000 	C:\Program Files\Java\jdk-11.0.2\bin\java.exe
0x00007ff9ab490000 - 0x00007ff9ab67d000 	C:\Windows\SYSTEM32\ntdll.dll
0x00007ff9a8790000 - 0x00007ff9a8843000 	C:\Windows\System32\KERNEL32.DLL
0x00007ff9a8330000 - 0x00007ff9a85c3000 	C:\Windows\System32\KERNELBASE.dll
0x00007ff9aae60000 - 0x00007ff9aaf03000 	C:\Windows\System32\ADVAPI32.dll
0x00007ff9ab370000 - 0x00007ff9ab40e000 	C:\Windows\System32\msvcrt.dll
0x00007ff9aaaf0000 - 0x00007ff9aab8e000 	C:\Windows\System32\sechost.dll
0x00007ff9a93a0000 - 0x00007ff9a94c2000 	C:\Windows\System32\RPCRT4.dll
0x00007ff9aab90000 - 0x00007ff9aad27000 	C:\Windows\System32\USER32.dll
0x00007ff9a85d0000 - 0x00007ff9a85f0000 	C:\Windows\System32\win32u.dll
0x00007ff9a8700000 - 0x00007ff9a8729000 	C:\Windows\System32\GDI32.dll
0x00007ff9a7530000 - 0x00007ff9a76ca000 	C:\Windows\System32\gdi32full.dll
0x00007ff9a85f0000 - 0x00007ff9a8690000 	C:\Windows\System32\msvcp_win.dll
0x00007ff9a7f20000 - 0x00007ff9a801a000 	C:\Windows\System32\ucrtbase.dll
0x00007ff99a840000 - 0x00007ff99aab9000 	C:\Windows\WinSxS\amd64_microsoft.windows.common-controls_6595b64144ccf1df_6.0.17763.557_none_05b63f68071e5b9f\COMCTL32.dll
0x00007ff9aaf10000 - 0x00007ff9ab23c000 	C:\Windows\System32\combase.dll
0x00007ff9a76d0000 - 0x00007ff9a774e000 	C:\Windows\System32\bcryptPrimitives.dll
0x00007ff9a0e10000 - 0x00007ff9a0e1a000 	C:\Windows\SYSTEM32\VERSION.dll
0x00007ff9a8850000 - 0x00007ff9a887e000 	C:\Windows\System32\IMM32.DLL
0x00007ff994020000 - 0x00007ff994036000 	C:\Program Files\Java\jdk-11.0.2\bin\vcruntime140.dll
0x00007ff96d1f0000 - 0x00007ff96d29a000 	C:\Program Files\Java\jdk-11.0.2\bin\msvcp140.dll
0x00007ff96c6c0000 - 0x00007ff96d1e7000 	C:\Program Files\Java\jdk-11.0.2\bin\server\jvm.dll
0x00007ff9a8900000 - 0x00007ff9a8908000 	C:\Windows\System32\PSAPI.DLL
0x00007ff9a12e0000 - 0x00007ff9a12e9000 	C:\Windows\SYSTEM32\WSOCK32.dll
0x00007ff9a8690000 - 0x00007ff9a86fd000 	C:\Windows\System32\WS2_32.dll
0x00007ff9a56d0000 - 0x00007ff9a56f4000 	C:\Windows\SYSTEM32\WINMM.dll
0x00007ff9a56a0000 - 0x00007ff9a56cd000 	C:\Windows\SYSTEM32\winmmbase.dll
0x00007ff9a8020000 - 0x00007ff9a806a000 	C:\Windows\System32\cfgmgr32.dll
0x00007ff9a7510000 - 0x00007ff9a7521000 	C:\Windows\System32\kernel.appcore.dll
0x00007ff9775a0000 - 0x00007ff9775b1000 	C:\Program Files\Java\jdk-11.0.2\bin\verify.dll
0x00007ff99d020000 - 0x00007ff99d20d000 	C:\Windows\SYSTEM32\DBGHELP.DLL
0x00007ff99c7a0000 - 0x00007ff99c7ca000 	C:\Windows\SYSTEM32\dbgcore.DLL
0x00007ff96c690000 - 0x00007ff96c6b9000 	C:\Program Files\Java\jdk-11.0.2\bin\java.dll
0x00007ff995b10000 - 0x00007ff995b3f000 	C:\Program Files\Java\jdk-11.0.2\bin\instrument.dll
0x00007ff96c670000 - 0x00007ff96c686000 	C:\Program Files\Java\jdk-11.0.2\bin\zip.dll
0x00007ff997330000 - 0x00007ff99733a000 	C:\Program Files\Java\jdk-11.0.2\bin\jimage.dll
0x00007ff9a9600000 - 0x00007ff9aaaf0000 	C:\Windows\System32\SHELL32.dll
0x00007ff9a92f0000 - 0x00007ff9a9398000 	C:\Windows\System32\shcore.dll
0x00007ff9a77d0000 - 0x00007ff9a7f1a000 	C:\Windows\System32\windows.storage.dll
0x00007ff9a7460000 - 0x00007ff9a7484000 	C:\Windows\System32\profapi.dll
0x00007ff9a74b0000 - 0x00007ff9a750d000 	C:\Windows\System32\powrprof.dll
0x00007ff9a95a0000 - 0x00007ff9a95f2000 	C:\Windows\System32\shlwapi.dll
0x00007ff9a7750000 - 0x00007ff9a7767000 	C:\Windows\System32\cryptsp.dll
0x00007ff96c650000 - 0x00007ff96c669000 	C:\Program Files\Java\jdk-11.0.2\bin\net.dll
0x00007ff9a31b0000 - 0x00007ff9a32a1000 	C:\Windows\SYSTEM32\WINHTTP.dll
0x00007ff99f090000 - 0x00007ff99f267000 	C:\Windows\SYSTEM32\urlmon.dll
0x00007ff99bf60000 - 0x00007ff99c208000 	C:\Windows\SYSTEM32\iertutil.dll
0x00007ff9a6eb0000 - 0x00007ff9a6ebc000 	C:\Windows\SYSTEM32\CRYPTBASE.DLL
0x00007ff9a6ce0000 - 0x00007ff9a6d47000 	C:\Windows\system32\mswsock.dll
0x00007ff96c630000 - 0x00007ff96c643000 	C:\Program Files\Java\jdk-11.0.2\bin\nio.dll
0x00007ff9a53f0000 - 0x00007ff9a540a000 	C:\Program Files\JetBrains\IntelliJ IDEA Community Edition 2019.1\bin\breakgen64.dll
0x00007ff997040000 - 0x00007ff997049000 	C:\Program Files\Java\jdk-11.0.2\bin\management.dll
0x00007ff972160000 - 0x00007ff97216c000 	C:\Program Files\Java\jdk-11.0.2\bin\management_ext.dll
0x00007ff998370000 - 0x00007ff998386000 	C:\Windows\system32\napinsp.dll
0x00007ff998320000 - 0x00007ff99833a000 	C:\Windows\system32\pnrpnsp.dll
0x00007ff9a6a80000 - 0x00007ff9a6b46000 	C:\Windows\SYSTEM32\DNSAPI.dll
0x00007ff9a8970000 - 0x00007ff9a8978000 	C:\Windows\System32\NSI.dll
0x00007ff9a6a40000 - 0x00007ff9a6a7d000 	C:\Windows\SYSTEM32\IPHLPAPI.DLL
0x00007ff998310000 - 0x00007ff99831e000 	C:\Windows\System32\winrnr.dll
0x00007ff9a5230000 - 0x00007ff9a524b000 	C:\Windows\system32\NLAapi.dll
0x00007ff9982f0000 - 0x00007ff998305000 	C:\Windows\system32\wshbth.dll
0x00007ff99f990000 - 0x00007ff99f99a000 	C:\Windows\System32\rasadhlp.dll
0x00007ff9a3130000 - 0x00007ff9a31a9000 	C:\Windows\System32\fwpuclnt.dll
0x00007ff9a8120000 - 0x00007ff9a8146000 	C:\Windows\System32\bcrypt.dll

dbghelp: loaded successfully - version: 4.0.5 - missing functions: none
symbol engine: initialized successfully - sym options: 0x614 - pdb path: .;C:\Program Files\Java\jdk-11.0.2\bin;C:\Windows\SYSTEM32;C:\Windows\WinSxS\amd64_microsoft.windows.common-controls_6595b64144ccf1df_6.0.17763.557_none_05b63f68071e5b9f;C:\Program Files\Java\jdk-11.0.2\bin\server;C:\Program Files\JetBrains\IntelliJ IDEA Community Edition 2019.1\bin

VM Arguments:
jvm_args: -javaagent:C:\Program Files\JetBrains\IntelliJ IDEA Community Edition 2019.1\lib\idea_rt.jar=50789:C:\Program Files\JetBrains\IntelliJ IDEA Community Edition 2019.1\bin -Dfile.encoding=UTF-8 
java_command: com.example.queueservice.queueservice.QueueServiceApplication
java_class_path (initial): E:\new\queue-service\target\classes;C:\Users\novac.stoica\.m2\repository\org\springframework\boot\spring-boot-starter-web\2.1.6.RELEASE\spring-boot-starter-web-2.1.6.RELEASE.jar;C:\Users\novac.stoica\.m2\repository\org\springframework\boot\spring-boot-starter\2.1.6.RELEASE\spring-boot-starter-2.1.6.RELEASE.jar;C:\Users\novac.stoica\.m2\repository\org\springframework\boot\spring-boot\2.1.6.RELEASE\spring-boot-2.1.6.RELEASE.jar;C:\Users\novac.stoica\.m2\repository\org\springframework\boot\spring-boot-autoconfigure\2.1.6.RELEASE\spring-boot-autoconfigure-2.1.6.RELEASE.jar;C:\Users\novac.stoica\.m2\repository\org\springframework\boot\spring-boot-starter-logging\2.1.6.RELEASE\spring-boot-starter-logging-2.1.6.RELEASE.jar;C:\Users\novac.stoica\.m2\repository\ch\qos\logback\logback-classic\1.2.3\logback-classic-1.2.3.jar;C:\Users\novac.stoica\.m2\repository\ch\qos\logback\logback-core\1.2.3\logback-core-1.2.3.jar;C:\Users\novac.stoica\.m2\repository\org\apache\logging\log4j\log4j-to-slf4j\2.11.2\log4j-to-slf4j-2.11.2.jar;C:\Users\novac.stoica\.m2\repository\org\apache\logging\log4j\log4j-api\2.11.2\log4j-api-2.11.2.jar;C:\Users\novac.stoica\.m2\repository\org\slf4j\jul-to-slf4j\1.7.26\jul-to-slf4j-1.7.26.jar;C:\Users\novac.stoica\.m2\repository\javax\annotation\javax.annotation-api\1.3.2\javax.annotation-api-1.3.2.jar;C:\Users\novac.stoica\.m2\repository\org\yaml\snakeyaml\1.23\snakeyaml-1.23.jar;C:\Users\novac.stoica\.m2\repository\org\springframework\boot\spring-boot-starter-json\2.1.6.RELEASE\spring-boot-starter-json-2.1.6.RELEASE.jar;C:\Users\novac.stoica\.m2\repository\com\fasterxml\jackson\datatype\jackson-datatype-jdk8\2.9.9\jackson-datatype-jdk8-2.9.9.jar;C:\Users\novac.stoica\.m2\repository\com\fasterxml\jackson\datatype\jackson-datatype-jsr310\2.9.9\jackson-datatype-jsr310-2.9.9.jar;C:\Users\novac.stoica\.m2\repository\com\fasterxml\jackson\module\jackson-module-parameter-names\2.9.9\jackson-module-parameter-names-2.9.9.jar;C:\Users\n
Launcher Type: SUN_STANDARD

[Global flags]
     intx CICompilerCount                          = 4                                         {product} {ergonomic}
     uint ConcGCThreads                            = 2                                         {product} {ergonomic}
     uint G1ConcRefinementThreads                  = 8                                         {product} {ergonomic}
   size_t G1HeapRegionSize                         = 1048576                                   {product} {ergonomic}
    uintx GCDrainStackTargetSize                   = 64                                        {product} {ergonomic}
   size_t InitialHeapSize                          = 260046848                                 {product} {ergonomic}
   size_t MarkStackSize                            = 4194304                                   {product} {ergonomic}
   size_t MaxHeapSize                              = 4156555264                                {product} {ergonomic}
   size_t MaxNewSize                               = 2493513728                                {product} {ergonomic}
   size_t MinHeapDeltaBytes                        = 1048576                                   {product} {ergonomic}
    uintx NonNMethodCodeHeapSize                   = 5835340                                {pd product} {ergonomic}
    uintx NonProfiledCodeHeapSize                  = 122911450                              {pd product} {ergonomic}
    uintx ProfiledCodeHeapSize                     = 122911450                              {pd product} {ergonomic}
    uintx ReservedCodeCacheSize                    = 251658240                              {pd product} {ergonomic}
     bool SegmentedCodeCache                       = true                                      {product} {ergonomic}
     bool UseCompressedClassPointers               = true                                 {lp64_product} {ergonomic}
     bool UseCompressedOops                        = true                                 {lp64_product} {ergonomic}
     bool UseG1GC                                  = true                                      {product} {ergonomic}
     bool UseLargePagesIndividualAllocation        = false                                  {pd product} {ergonomic}

Logging:
Log output configuration:
 #0: stdout all=warning uptime,level,tags
 #1: stderr all=off uptime,level,tags

Environment Variables:
JAVA_HOME=C:\Program Files\Java\jdk-11.0.2
PATH=C:\Windows\system32;C:\Windows;C:\Windows\System32\Wbem;C:\Windows\System32\WindowsPowerShell\v1.0\;C:\Windows\System32\OpenSSH\;C:\Program Files\Git\cmd;C:\Program Files\nodejs\;E:\apache-maven-3.6.1\bin;C:\Users\novac.stoica\AppData\Local\Microsoft\WindowsApps;C:\Users\novac.stoica\AppData\Roaming\npm
USERNAME=novac.stoica
OS=Windows_NT
PROCESSOR_IDENTIFIER=AMD64 Family 21 Model 2 Stepping 0, AuthenticAMD



---------------  S Y S T E M  ---------------

OS: Windows 10 , 64 bit Build 17763 (10.0.17763.475)

CPU:total 8 (initial active 8) (8 cores per cpu, 1 threads per core) family 21 model 2 stepping 0, cmov, cx8, fxsr, mmx, sse, sse2, sse3, ssse3, sse4.1, sse4.2, popcnt, avx, aes, clmul, mmxext, 3dnowpref, lzcnt, sse4a, tsc, tscinvbit, tscinv, bmi1, fma

Memory: 4k page, system-wide physical 15853M (6895M free)
TotalPageFile size 18285M (AvailPageFile size 6532M)
current process WorkingSet (physical memory assigned to process): 147M, peak: 147M
current process commit charge ("private bytes"): 391M, peak: 391M

vm_info: Java HotSpot(TM) 64-Bit Server VM (11.0.2+9-LTS) for windows-amd64 JRE (11.0.2+9-LTS), built on Jan 18 2019 05:24:10 by "mach5one" with MS VC++ 15.5 (VS2017)

END.
